ERROR - 2023-09-12 22:23:37 --> Error connecting to the database: No connection could be made because the target machine actively refused it.

CRITICAL - 2023-09-12 22:23:37 --> Unable to connect to the database.
Main connection [MySQLi]: No connection could be made because the target machine actively refused it.

#0 C:\xampp\htdocs\manajemen-ekstrakulikuler\system\Database\BaseConnection.php(577): CodeIgniter\Database\BaseConnection->initialize()
#1 C:\xampp\htdocs\manajemen-ekstrakulikuler\system\Database\BaseBuilder.php(1455): CodeIgniter\Database\BaseConnection->query('SELECT `favicon...', Array, false)
#2 C:\xampp\htdocs\manajemen-ekstrakulikuler\app\Views\partial_login\header_login.php(14): CodeIgniter\Database\BaseBuilder->get()
#3 C:\xampp\htdocs\manajemen-ekstrakulikuler\system\View\View.php(210): include('C:\\xampp\\htdocs...')
#4 C:\xampp\htdocs\manajemen-ekstrakulikuler\system\View\View.php(213): CodeIgniter\View\View->CodeIgniter\View\{closure}()
#5 C:\xampp\htdocs\manajemen-ekstrakulikuler\system\Common.php(1089): CodeIgniter\View\View->render('partial_login/h...', Array, true)
#6 C:\xampp\htdocs\manajemen-ekstrakulikuler\app\Controllers\Login.php(21): view('partial_login/h...', Array)
#7 C:\xampp\htdocs\manajemen-ekstrakulikuler\system\CodeIgniter.php(832): App\Controllers\Login->index()
#8 C:\xampp\htdocs\manajemen-ekstrakulikuler\system\CodeIgniter.php(419): CodeIgniter\CodeIgniter->runController(Object(App\Controllers\Login))
#9 C:\xampp\htdocs\manajemen-ekstrakulikuler\system\CodeIgniter.php(326): CodeIgniter\CodeIgniter->handleRequest(NULL, Object(Config\Cache), false)
#10 C:\xampp\htdocs\manajemen-ekstrakulikuler\public\index.php(37): CodeIgniter\CodeIgniter->run()
#11 C:\xampp\htdocs\manajemen-ekstrakulikuler\system\Commands\Server\rewrite.php(43): require_once('C:\\xampp\\htdocs...')
#12 {main}
CRITICAL - 2023-09-12 22:30:30 --> Invalid argument supplied for foreach()
#0 C:\xampp\htdocs\manajemen-ekstrakulikuler\app\Views\data_siswa\view.php(113): CodeIgniter\Debug\Exceptions->errorHandler(2, 'Invalid argumen...', 'C:\\xampp\\htdocs...', 113, Array)
#1 C:\xampp\htdocs\manajemen-ekstrakulikuler\system\View\View.php(210): include('C:\\xampp\\htdocs...')
#2 C:\xampp\htdocs\manajemen-ekstrakulikuler\system\View\View.php(213): CodeIgniter\View\View->CodeIgniter\View\{closure}()
#3 C:\xampp\htdocs\manajemen-ekstrakulikuler\system\Common.php(1089): CodeIgniter\View\View->render('data_siswa/view', Array, true)
#4 C:\xampp\htdocs\manajemen-ekstrakulikuler\app\Controllers\Data_siswa.php(43): view('data_siswa/view', Array)
#5 C:\xampp\htdocs\manajemen-ekstrakulikuler\system\CodeIgniter.php(832): App\Controllers\Data_siswa->menu()
#6 C:\xampp\htdocs\manajemen-ekstrakulikuler\system\CodeIgniter.php(419): CodeIgniter\CodeIgniter->runController(Object(App\Controllers\Data_siswa))
#7 C:\xampp\htdocs\manajemen-ekstrakulikuler\system\CodeIgniter.php(326): CodeIgniter\CodeIgniter->handleRequest(NULL, Object(Config\Cache), false)
#8 C:\xampp\htdocs\manajemen-ekstrakulikuler\public\index.php(37): CodeIgniter\CodeIgniter->run()
#9 C:\xampp\htdocs\manajemen-ekstrakulikuler\system\Commands\Server\rewrite.php(43): require_once('C:\\xampp\\htdocs...')
#10 {main}
CRITICAL - 2023-09-12 22:30:35 --> Invalid argument supplied for foreach()
#0 C:\xampp\htdocs\manajemen-ekstrakulikuler\app\Views\data_siswa\menu.php(43): CodeIgniter\Debug\Exceptions->errorHandler(2, 'Invalid argumen...', 'C:\\xampp\\htdocs...', 43, Array)
#1 C:\xampp\htdocs\manajemen-ekstrakulikuler\system\View\View.php(210): include('C:\\xampp\\htdocs...')
#2 C:\xampp\htdocs\manajemen-ekstrakulikuler\system\View\View.php(213): CodeIgniter\View\View->CodeIgniter\View\{closure}()
#3 C:\xampp\htdocs\manajemen-ekstrakulikuler\system\Common.php(1089): CodeIgniter\View\View->render('data_siswa/menu', Array, true)
#4 C:\xampp\htdocs\manajemen-ekstrakulikuler\app\Controllers\Data_siswa.php(43): view('data_siswa/menu', Array)
#5 C:\xampp\htdocs\manajemen-ekstrakulikuler\system\CodeIgniter.php(832): App\Controllers\Data_siswa->menu()
#6 C:\xampp\htdocs\manajemen-ekstrakulikuler\system\CodeIgniter.php(419): CodeIgniter\CodeIgniter->runController(Object(App\Controllers\Data_siswa))
#7 C:\xampp\htdocs\manajemen-ekstrakulikuler\system\CodeIgniter.php(326): CodeIgniter\CodeIgniter->handleRequest(NULL, Object(Config\Cache), false)
#8 C:\xampp\htdocs\manajemen-ekstrakulikuler\public\index.php(37): CodeIgniter\CodeIgniter->run()
#9 C:\xampp\htdocs\manajemen-ekstrakulikuler\system\Commands\Server\rewrite.php(43): require_once('C:\\xampp\\htdocs...')
#10 {main}
CRITICAL - 2023-09-12 22:30:35 --> Invalid argument supplied for foreach()
#0 C:\xampp\htdocs\manajemen-ekstrakulikuler\app\Views\data_siswa\menu.php(43): CodeIgniter\Debug\Exceptions->errorHandler(2, 'Invalid argumen...', 'C:\\xampp\\htdocs...', 43, Array)
#1 C:\xampp\htdocs\manajemen-ekstrakulikuler\system\View\View.php(210): include('C:\\xampp\\htdocs...')
#2 C:\xampp\htdocs\manajemen-ekstrakulikuler\system\View\View.php(213): CodeIgniter\View\View->CodeIgniter\View\{closure}()
#3 C:\xampp\htdocs\manajemen-ekstrakulikuler\system\Common.php(1089): CodeIgniter\View\View->render('data_siswa/menu', Array, true)
#4 C:\xampp\htdocs\manajemen-ekstrakulikuler\app\Controllers\Data_siswa.php(43): view('data_siswa/menu', Array)
#5 C:\xampp\htdocs\manajemen-ekstrakulikuler\system\CodeIgniter.php(832): App\Controllers\Data_siswa->menu()
#6 C:\xampp\htdocs\manajemen-ekstrakulikuler\system\CodeIgniter.php(419): CodeIgniter\CodeIgniter->runController(Object(App\Controllers\Data_siswa))
#7 C:\xampp\htdocs\manajemen-ekstrakulikuler\system\CodeIgniter.php(326): CodeIgniter\CodeIgniter->handleRequest(NULL, Object(Config\Cache), false)
#8 C:\xampp\htdocs\manajemen-ekstrakulikuler\public\index.php(37): CodeIgniter\CodeIgniter->run()
#9 C:\xampp\htdocs\manajemen-ekstrakulikuler\system\Commands\Server\rewrite.php(43): require_once('C:\\xampp\\htdocs...')
#10 {main}
CRITICAL - 2023-09-12 22:30:36 --> Invalid argument supplied for foreach()
#0 C:\xampp\htdocs\manajemen-ekstrakulikuler\app\Views\data_siswa\menu.php(43): CodeIgniter\Debug\Exceptions->errorHandler(2, 'Invalid argumen...', 'C:\\xampp\\htdocs...', 43, Array)
#1 C:\xampp\htdocs\manajemen-ekstrakulikuler\system\View\View.php(210): include('C:\\xampp\\htdocs...')
#2 C:\xampp\htdocs\manajemen-ekstrakulikuler\system\View\View.php(213): CodeIgniter\View\View->CodeIgniter\View\{closure}()
#3 C:\xampp\htdocs\manajemen-ekstrakulikuler\system\Common.php(1089): CodeIgniter\View\View->render('data_siswa/menu', Array, true)
#4 C:\xampp\htdocs\manajemen-ekstrakulikuler\app\Controllers\Data_siswa.php(43): view('data_siswa/menu', Array)
#5 C:\xampp\htdocs\manajemen-ekstrakulikuler\system\CodeIgniter.php(832): App\Controllers\Data_siswa->menu()
#6 C:\xampp\htdocs\manajemen-ekstrakulikuler\system\CodeIgniter.php(419): CodeIgniter\CodeIgniter->runController(Object(App\Controllers\Data_siswa))
#7 C:\xampp\htdocs\manajemen-ekstrakulikuler\system\CodeIgniter.php(326): CodeIgniter\CodeIgniter->handleRequest(NULL, Object(Config\Cache), false)
#8 C:\xampp\htdocs\manajemen-ekstrakulikuler\public\index.php(37): CodeIgniter\CodeIgniter->run()
#9 C:\xampp\htdocs\manajemen-ekstrakulikuler\system\Commands\Server\rewrite.php(43): require_once('C:\\xampp\\htdocs...')
#10 {main}
CRITICAL - 2023-09-12 22:30:36 --> Invalid argument supplied for foreach()
#0 C:\xampp\htdocs\manajemen-ekstrakulikuler\app\Views\data_siswa\menu.php(43): CodeIgniter\Debug\Exceptions->errorHandler(2, 'Invalid argumen...', 'C:\\xampp\\htdocs...', 43, Array)
#1 C:\xampp\htdocs\manajemen-ekstrakulikuler\system\View\View.php(210): include('C:\\xampp\\htdocs...')
#2 C:\xampp\htdocs\manajemen-ekstrakulikuler\system\View\View.php(213): CodeIgniter\View\View->CodeIgniter\View\{closure}()
#3 C:\xampp\htdocs\manajemen-ekstrakulikuler\system\Common.php(1089): CodeIgniter\View\View->render('data_siswa/menu', Array, true)
#4 C:\xampp\htdocs\manajemen-ekstrakulikuler\app\Controllers\Data_siswa.php(43): view('data_siswa/menu', Array)
#5 C:\xampp\htdocs\manajemen-ekstrakulikuler\system\CodeIgniter.php(832): App\Controllers\Data_siswa->menu()
#6 C:\xampp\htdocs\manajemen-ekstrakulikuler\system\CodeIgniter.php(419): CodeIgniter\CodeIgniter->runController(Object(App\Controllers\Data_siswa))
#7 C:\xampp\htdocs\manajemen-ekstrakulikuler\system\CodeIgniter.php(326): CodeIgniter\CodeIgniter->handleRequest(NULL, Object(Config\Cache), false)
#8 C:\xampp\htdocs\manajemen-ekstrakulikuler\public\index.php(37): CodeIgniter\CodeIgniter->run()
#9 C:\xampp\htdocs\manajemen-ekstrakulikuler\system\Commands\Server\rewrite.php(43): require_once('C:\\xampp\\htdocs...')
#10 {main}
CRITICAL - 2023-09-12 22:30:36 --> Invalid argument supplied for foreach()
#0 C:\xampp\htdocs\manajemen-ekstrakulikuler\app\Views\data_siswa\menu.php(43): CodeIgniter\Debug\Exceptions->errorHandler(2, 'Invalid argumen...', 'C:\\xampp\\htdocs...', 43, Array)
#1 C:\xampp\htdocs\manajemen-ekstrakulikuler\system\View\View.php(210): include('C:\\xampp\\htdocs...')
#2 C:\xampp\htdocs\manajemen-ekstrakulikuler\system\View\View.php(213): CodeIgniter\View\View->CodeIgniter\View\{closure}()
#3 C:\xampp\htdocs\manajemen-ekstrakulikuler\system\Common.php(1089): CodeIgniter\View\View->render('data_siswa/menu', Array, true)
#4 C:\xampp\htdocs\manajemen-ekstrakulikuler\app\Controllers\Data_siswa.php(43): view('data_siswa/menu', Array)
#5 C:\xampp\htdocs\manajemen-ekstrakulikuler\system\CodeIgniter.php(832): App\Controllers\Data_siswa->menu()
#6 C:\xampp\htdocs\manajemen-ekstrakulikuler\system\CodeIgniter.php(419): CodeIgniter\CodeIgniter->runController(Object(App\Controllers\Data_siswa))
#7 C:\xampp\htdocs\manajemen-ekstrakulikuler\system\CodeIgniter.php(326): CodeIgniter\CodeIgniter->handleRequest(NULL, Object(Config\Cache), false)
#8 C:\xampp\htdocs\manajemen-ekstrakulikuler\public\index.php(37): CodeIgniter\CodeIgniter->run()
#9 C:\xampp\htdocs\manajemen-ekstrakulikuler\system\Commands\Server\rewrite.php(43): require_once('C:\\xampp\\htdocs...')
#10 {main}
CRITICAL - 2023-09-12 22:30:36 --> Invalid argument supplied for foreach()
#0 C:\xampp\htdocs\manajemen-ekstrakulikuler\app\Views\data_siswa\menu.php(43): CodeIgniter\Debug\Exceptions->errorHandler(2, 'Invalid argumen...', 'C:\\xampp\\htdocs...', 43, Array)
#1 C:\xampp\htdocs\manajemen-ekstrakulikuler\system\View\View.php(210): include('C:\\xampp\\htdocs...')
#2 C:\xampp\htdocs\manajemen-ekstrakulikuler\system\View\View.php(213): CodeIgniter\View\View->CodeIgniter\View\{closure}()
#3 C:\xampp\htdocs\manajemen-ekstrakulikuler\system\Common.php(1089): CodeIgniter\View\View->render('data_siswa/menu', Array, true)
#4 C:\xampp\htdocs\manajemen-ekstrakulikuler\app\Controllers\Data_siswa.php(43): view('data_siswa/menu', Array)
#5 C:\xampp\htdocs\manajemen-ekstrakulikuler\system\CodeIgniter.php(832): App\Controllers\Data_siswa->menu()
#6 C:\xampp\htdocs\manajemen-ekstrakulikuler\system\CodeIgniter.php(419): CodeIgniter\CodeIgniter->runController(Object(App\Controllers\Data_siswa))
#7 C:\xampp\htdocs\manajemen-ekstrakulikuler\system\CodeIgniter.php(326): CodeIgniter\CodeIgniter->handleRequest(NULL, Object(Config\Cache), false)
#8 C:\xampp\htdocs\manajemen-ekstrakulikuler\public\index.php(37): CodeIgniter\CodeIgniter->run()
#9 C:\xampp\htdocs\manajemen-ekstrakulikuler\system\Commands\Server\rewrite.php(43): require_once('C:\\xampp\\htdocs...')
#10 {main}
