ERROR - 2023-07-19 10:24:33 --> Column 'nik' cannot be null
ERROR - 2023-07-19 10:25:56 --> Column 'nik' cannot be null
CRITICAL - 2023-07-19 01:12:32 --> Too few arguments to function App\Controllers\Data_siswa::delete(), 0 passed in C:\xampp\htdocs\agendapkl-mazer\system\CodeIgniter.php on line 832 and exactly 1 expected
#0 C:\xampp\htdocs\agendapkl-mazer\system\CodeIgniter.php(832): App\Controllers\Data_siswa->delete()
#1 C:\xampp\htdocs\agendapkl-mazer\system\CodeIgniter.php(419): CodeIgniter\CodeIgniter->runController(Object(App\Controllers\Data_siswa))
#2 C:\xampp\htdocs\agendapkl-mazer\system\CodeIgniter.php(326): CodeIgniter\CodeIgniter->handleRequest(NULL, Object(Config\Cache), false)
#3 C:\xampp\htdocs\agendapkl-mazer\public\index.php(37): CodeIgniter\CodeIgniter->run()
#4 C:\xampp\htdocs\agendapkl-mazer\system\Commands\Server\rewrite.php(43): require_once('C:\\xampp\\htdocs...')
#5 {main}
CRITICAL - 2023-07-19 01:13:00 --> Too few arguments to function App\Controllers\Data_siswa::delete(), 0 passed in C:\xampp\htdocs\agendapkl-mazer\system\CodeIgniter.php on line 832 and exactly 1 expected
#0 C:\xampp\htdocs\agendapkl-mazer\system\CodeIgniter.php(832): App\Controllers\Data_siswa->delete()
#1 C:\xampp\htdocs\agendapkl-mazer\system\CodeIgniter.php(419): CodeIgniter\CodeIgniter->runController(Object(App\Controllers\Data_siswa))
#2 C:\xampp\htdocs\agendapkl-mazer\system\CodeIgniter.php(326): CodeIgniter\CodeIgniter->handleRequest(NULL, Object(Config\Cache), false)
#3 C:\xampp\htdocs\agendapkl-mazer\public\index.php(37): CodeIgniter\CodeIgniter->run()
#4 C:\xampp\htdocs\agendapkl-mazer\system\Commands\Server\rewrite.php(43): require_once('C:\\xampp\\htdocs...')
#5 {main}
ERROR - 2023-07-19 13:15:56 --> Operand should contain 1 column(s)
ERROR - 2023-07-19 13:17:39 --> Column 'jurusan' cannot be null
ERROR - 2023-07-19 13:17:50 --> Column 'jurusan' cannot be null
ERROR - 2023-07-19 13:19:17 --> Operand should contain 1 column(s)
ERROR - 2023-07-19 13:26:43 --> Operand should contain 1 column(s)
ERROR - 2023-07-19 13:29:04 --> Operand should contain 1 column(s)
ERROR - 2023-07-19 13:39:08 --> Column 'user' cannot be null
ERROR - 2023-07-19 13:39:17 --> Column 'user' cannot be null
ERROR - 2023-07-19 13:39:18 --> Column 'user' cannot be null
ERROR - 2023-07-19 13:42:12 --> Column 'user' cannot be null
ERROR - 2023-07-19 13:45:14 --> Column 'user' cannot be null
ERROR - 2023-07-19 13:48:01 --> Column 'user' cannot be null
ERROR - 2023-07-19 13:48:57 --> Column 'user' cannot be null
CRITICAL - 2023-07-19 02:55:08 --> Too few arguments to function App\Controllers\Data_instruktur::edit(), 0 passed in C:\xampp\htdocs\agendapkl-mazer\system\CodeIgniter.php on line 832 and exactly 1 expected
#0 C:\xampp\htdocs\agendapkl-mazer\system\CodeIgniter.php(832): App\Controllers\Data_instruktur->edit()
#1 C:\xampp\htdocs\agendapkl-mazer\system\CodeIgniter.php(419): CodeIgniter\CodeIgniter->runController(Object(App\Controllers\Data_instruktur))
#2 C:\xampp\htdocs\agendapkl-mazer\system\CodeIgniter.php(326): CodeIgniter\CodeIgniter->handleRequest(NULL, Object(Config\Cache), false)
#3 C:\xampp\htdocs\agendapkl-mazer\public\index.php(37): CodeIgniter\CodeIgniter->run()
#4 C:\xampp\htdocs\agendapkl-mazer\system\Commands\Server\rewrite.php(43): require_once('C:\\xampp\\htdocs...')
#5 {main}
CRITICAL - 2023-07-19 02:57:02 --> Too few arguments to function App\Controllers\Data_instruktur::edit(), 0 passed in C:\xampp\htdocs\agendapkl-mazer\system\CodeIgniter.php on line 832 and exactly 1 expected
#0 C:\xampp\htdocs\agendapkl-mazer\system\CodeIgniter.php(832): App\Controllers\Data_instruktur->edit()
#1 C:\xampp\htdocs\agendapkl-mazer\system\CodeIgniter.php(419): CodeIgniter\CodeIgniter->runController(Object(App\Controllers\Data_instruktur))
#2 C:\xampp\htdocs\agendapkl-mazer\system\CodeIgniter.php(326): CodeIgniter\CodeIgniter->handleRequest(NULL, Object(Config\Cache), false)
#3 C:\xampp\htdocs\agendapkl-mazer\public\index.php(37): CodeIgniter\CodeIgniter->run()
#4 C:\xampp\htdocs\agendapkl-mazer\system\Commands\Server\rewrite.php(43): require_once('C:\\xampp\\htdocs...')
#5 {main}
ERROR - 2023-07-19 02:57:07 --> Unknown column 'user_guru' in 'where clause'
CRITICAL - 2023-07-19 02:57:07 --> Call to a member function getRow() on bool
#0 C:\xampp\htdocs\agendapkl-mazer\app\Controllers\Data_instruktur.php(103): App\Models\M_instruktur->getWhere('data_instruktur', Array)
#1 C:\xampp\htdocs\agendapkl-mazer\system\CodeIgniter.php(832): App\Controllers\Data_instruktur->edit('12')
#2 C:\xampp\htdocs\agendapkl-mazer\system\CodeIgniter.php(419): CodeIgniter\CodeIgniter->runController(Object(App\Controllers\Data_instruktur))
#3 C:\xampp\htdocs\agendapkl-mazer\system\CodeIgniter.php(326): CodeIgniter\CodeIgniter->handleRequest(NULL, Object(Config\Cache), false)
#4 C:\xampp\htdocs\agendapkl-mazer\public\index.php(37): CodeIgniter\CodeIgniter->run()
#5 C:\xampp\htdocs\agendapkl-mazer\system\Commands\Server\rewrite.php(43): require_once('C:\\xampp\\htdocs...')
#6 {main}
ERROR - 2023-07-19 02:58:10 --> Unknown column 'user' in 'where clause'
ERROR - 2023-07-19 03:04:32 --> Unknown column 'data_guru.user' in 'on clause'
CRITICAL - 2023-07-19 03:04:32 --> Call to a member function getResult() on bool
#0 C:\xampp\htdocs\agendapkl-mazer\app\Controllers\Data_siswa.php(15): App\Models\M_siswa->join4('data_siswa', 'data_guru', 'data_instruktur', 'data_jurusan', 'data_siswa.guru...', 'data_siswa.inst...', 'data_siswa.juru...')
#1 C:\xampp\htdocs\agendapkl-mazer\system\CodeIgniter.php(832): App\Controllers\Data_siswa->index()
#2 C:\xampp\htdocs\agendapkl-mazer\system\CodeIgniter.php(419): CodeIgniter\CodeIgniter->runController(Object(App\Controllers\Data_siswa))
#3 C:\xampp\htdocs\agendapkl-mazer\system\CodeIgniter.php(326): CodeIgniter\CodeIgniter->handleRequest(NULL, Object(Config\Cache), false)
#4 C:\xampp\htdocs\agendapkl-mazer\public\index.php(37): CodeIgniter\CodeIgniter->run()
#5 C:\xampp\htdocs\agendapkl-mazer\system\Commands\Server\rewrite.php(43): require_once('C:\\xampp\\htdocs...')
#6 {main}
ERROR - 2023-07-19 03:05:39 --> Unknown column 'user' in 'where clause'
ERROR - 2023-07-19 03:15:52 --> Unknown column 'level' in 'where clause'
CRITICAL - 2023-07-19 03:15:52 --> Call to a member function getResult() on bool
#0 C:\xampp\htdocs\agendapkl-mazer\app\Controllers\Data_siswa.php(32): App\Models\M_siswa->tampil_guru('data_guru')
#1 C:\xampp\htdocs\agendapkl-mazer\system\CodeIgniter.php(832): App\Controllers\Data_siswa->create()
#2 C:\xampp\htdocs\agendapkl-mazer\system\CodeIgniter.php(419): CodeIgniter\CodeIgniter->runController(Object(App\Controllers\Data_siswa))
#3 C:\xampp\htdocs\agendapkl-mazer\system\CodeIgniter.php(326): CodeIgniter\CodeIgniter->handleRequest(NULL, Object(Config\Cache), false)
#4 C:\xampp\htdocs\agendapkl-mazer\public\index.php(37): CodeIgniter\CodeIgniter->run()
#5 C:\xampp\htdocs\agendapkl-mazer\system\Commands\Server\rewrite.php(43): require_once('C:\\xampp\\htdocs...')
#6 {main}
ERROR - 2023-07-19 03:16:48 --> Unknown column 'level' in 'where clause'
CRITICAL - 2023-07-19 03:16:48 --> Call to a member function getResult() on bool
#0 C:\xampp\htdocs\agendapkl-mazer\app\Controllers\Data_siswa.php(32): App\Models\M_siswa->tampil_guru('data_guru')
#1 C:\xampp\htdocs\agendapkl-mazer\system\CodeIgniter.php(832): App\Controllers\Data_siswa->create()
#2 C:\xampp\htdocs\agendapkl-mazer\system\CodeIgniter.php(419): CodeIgniter\CodeIgniter->runController(Object(App\Controllers\Data_siswa))
#3 C:\xampp\htdocs\agendapkl-mazer\system\CodeIgniter.php(326): CodeIgniter\CodeIgniter->handleRequest(NULL, Object(Config\Cache), false)
#4 C:\xampp\htdocs\agendapkl-mazer\public\index.php(37): CodeIgniter\CodeIgniter->run()
#5 C:\xampp\htdocs\agendapkl-mazer\system\Commands\Server\rewrite.php(43): require_once('C:\\xampp\\htdocs...')
#6 {main}
ERROR - 2023-07-19 15:19:18 --> Unknown column 'user' in 'where clause'
ERROR - 2023-07-19 15:19:47 --> Unknown column 'user' in 'where clause'
ERROR - 2023-07-19 15:21:49 --> Unknown column 'user' in 'where clause'
ERROR - 2023-07-19 15:23:35 --> Unknown column 'user' in 'field list'
ERROR - 2023-07-19 15:25:16 --> Unknown column 'user' in 'field list'
ERROR - 2023-07-19 05:51:02 --> Unknown column 'data_guru.deleted_at' in 'where clause'
CRITICAL - 2023-07-19 05:51:02 --> Call to a member function getResult() on bool
#0 C:\xampp\htdocs\agendapkl-mazer\app\Controllers\Data_agenda.php(13): App\Models\M_guru->join2('data_agenda', 'data_siswa', 'data_agenda.id_...')
#1 C:\xampp\htdocs\agendapkl-mazer\system\CodeIgniter.php(832): App\Controllers\Data_agenda->index()
#2 C:\xampp\htdocs\agendapkl-mazer\system\CodeIgniter.php(419): CodeIgniter\CodeIgniter->runController(Object(App\Controllers\Data_agenda))
#3 C:\xampp\htdocs\agendapkl-mazer\system\CodeIgniter.php(326): CodeIgniter\CodeIgniter->handleRequest(NULL, Object(Config\Cache), false)
#4 C:\xampp\htdocs\agendapkl-mazer\public\index.php(37): CodeIgniter\CodeIgniter->run()
#5 C:\xampp\htdocs\agendapkl-mazer\system\Commands\Server\rewrite.php(43): require_once('C:\\xampp\\htdocs...')
#6 {main}
ERROR - 2023-07-19 05:55:07 --> Unknown column 'data_agenda.id_siswa' in 'on clause'
CRITICAL - 2023-07-19 05:55:07 --> Call to a member function getResult() on bool
#0 C:\xampp\htdocs\agendapkl-mazer\app\Controllers\Data_agenda.php(13): App\Models\M_agenda->join2('data_agenda', 'data_siswa', 'data_agenda.id_...')
#1 C:\xampp\htdocs\agendapkl-mazer\system\CodeIgniter.php(832): App\Controllers\Data_agenda->index()
#2 C:\xampp\htdocs\agendapkl-mazer\system\CodeIgniter.php(419): CodeIgniter\CodeIgniter->runController(Object(App\Controllers\Data_agenda))
#3 C:\xampp\htdocs\agendapkl-mazer\system\CodeIgniter.php(326): CodeIgniter\CodeIgniter->handleRequest(NULL, Object(Config\Cache), false)
#4 C:\xampp\htdocs\agendapkl-mazer\public\index.php(37): CodeIgniter\CodeIgniter->run()
#5 C:\xampp\htdocs\agendapkl-mazer\system\Commands\Server\rewrite.php(43): require_once('C:\\xampp\\htdocs...')
#6 {main}
ERROR - 2023-07-19 05:55:07 --> Unknown column 'data_agenda.id_siswa' in 'on clause'
CRITICAL - 2023-07-19 05:55:07 --> Call to a member function getResult() on bool
#0 C:\xampp\htdocs\agendapkl-mazer\app\Controllers\Data_agenda.php(13): App\Models\M_agenda->join2('data_agenda', 'data_siswa', 'data_agenda.id_...')
#1 C:\xampp\htdocs\agendapkl-mazer\system\CodeIgniter.php(832): App\Controllers\Data_agenda->index()
#2 C:\xampp\htdocs\agendapkl-mazer\system\CodeIgniter.php(419): CodeIgniter\CodeIgniter->runController(Object(App\Controllers\Data_agenda))
#3 C:\xampp\htdocs\agendapkl-mazer\system\CodeIgniter.php(326): CodeIgniter\CodeIgniter->handleRequest(NULL, Object(Config\Cache), false)
#4 C:\xampp\htdocs\agendapkl-mazer\public\index.php(37): CodeIgniter\CodeIgniter->run()
#5 C:\xampp\htdocs\agendapkl-mazer\system\Commands\Server\rewrite.php(43): require_once('C:\\xampp\\htdocs...')
#6 {main}
ERROR - 2023-07-19 05:55:07 --> Unknown column 'data_agenda.id_siswa' in 'on clause'
CRITICAL - 2023-07-19 05:55:07 --> Call to a member function getResult() on bool
#0 C:\xampp\htdocs\agendapkl-mazer\app\Controllers\Data_agenda.php(13): App\Models\M_agenda->join2('data_agenda', 'data_siswa', 'data_agenda.id_...')
#1 C:\xampp\htdocs\agendapkl-mazer\system\CodeIgniter.php(832): App\Controllers\Data_agenda->index()
#2 C:\xampp\htdocs\agendapkl-mazer\system\CodeIgniter.php(419): CodeIgniter\CodeIgniter->runController(Object(App\Controllers\Data_agenda))
#3 C:\xampp\htdocs\agendapkl-mazer\system\CodeIgniter.php(326): CodeIgniter\CodeIgniter->handleRequest(NULL, Object(Config\Cache), false)
#4 C:\xampp\htdocs\agendapkl-mazer\public\index.php(37): CodeIgniter\CodeIgniter->run()
#5 C:\xampp\htdocs\agendapkl-mazer\system\Commands\Server\rewrite.php(43): require_once('C:\\xampp\\htdocs...')
#6 {main}
ERROR - 2023-07-19 05:55:08 --> Unknown column 'data_agenda.id_siswa' in 'on clause'
CRITICAL - 2023-07-19 05:55:08 --> Call to a member function getResult() on bool
#0 C:\xampp\htdocs\agendapkl-mazer\app\Controllers\Data_agenda.php(13): App\Models\M_agenda->join2('data_agenda', 'data_siswa', 'data_agenda.id_...')
#1 C:\xampp\htdocs\agendapkl-mazer\system\CodeIgniter.php(832): App\Controllers\Data_agenda->index()
#2 C:\xampp\htdocs\agendapkl-mazer\system\CodeIgniter.php(419): CodeIgniter\CodeIgniter->runController(Object(App\Controllers\Data_agenda))
#3 C:\xampp\htdocs\agendapkl-mazer\system\CodeIgniter.php(326): CodeIgniter\CodeIgniter->handleRequest(NULL, Object(Config\Cache), false)
#4 C:\xampp\htdocs\agendapkl-mazer\public\index.php(37): CodeIgniter\CodeIgniter->run()
#5 C:\xampp\htdocs\agendapkl-mazer\system\Commands\Server\rewrite.php(43): require_once('C:\\xampp\\htdocs...')
#6 {main}
ERROR - 2023-07-19 05:55:08 --> Unknown column 'data_agenda.id_siswa' in 'on clause'
CRITICAL - 2023-07-19 05:55:08 --> Call to a member function getResult() on bool
#0 C:\xampp\htdocs\agendapkl-mazer\app\Controllers\Data_agenda.php(13): App\Models\M_agenda->join2('data_agenda', 'data_siswa', 'data_agenda.id_...')
#1 C:\xampp\htdocs\agendapkl-mazer\system\CodeIgniter.php(832): App\Controllers\Data_agenda->index()
#2 C:\xampp\htdocs\agendapkl-mazer\system\CodeIgniter.php(419): CodeIgniter\CodeIgniter->runController(Object(App\Controllers\Data_agenda))
#3 C:\xampp\htdocs\agendapkl-mazer\system\CodeIgniter.php(326): CodeIgniter\CodeIgniter->handleRequest(NULL, Object(Config\Cache), false)
#4 C:\xampp\htdocs\agendapkl-mazer\public\index.php(37): CodeIgniter\CodeIgniter->run()
#5 C:\xampp\htdocs\agendapkl-mazer\system\Commands\Server\rewrite.php(43): require_once('C:\\xampp\\htdocs...')
#6 {main}
ERROR - 2023-07-19 05:55:08 --> Unknown column 'data_agenda.id_siswa' in 'on clause'
CRITICAL - 2023-07-19 05:55:08 --> Call to a member function getResult() on bool
#0 C:\xampp\htdocs\agendapkl-mazer\app\Controllers\Data_agenda.php(13): App\Models\M_agenda->join2('data_agenda', 'data_siswa', 'data_agenda.id_...')
#1 C:\xampp\htdocs\agendapkl-mazer\system\CodeIgniter.php(832): App\Controllers\Data_agenda->index()
#2 C:\xampp\htdocs\agendapkl-mazer\system\CodeIgniter.php(419): CodeIgniter\CodeIgniter->runController(Object(App\Controllers\Data_agenda))
#3 C:\xampp\htdocs\agendapkl-mazer\system\CodeIgniter.php(326): CodeIgniter\CodeIgniter->handleRequest(NULL, Object(Config\Cache), false)
#4 C:\xampp\htdocs\agendapkl-mazer\public\index.php(37): CodeIgniter\CodeIgniter->run()
#5 C:\xampp\htdocs\agendapkl-mazer\system\Commands\Server\rewrite.php(43): require_once('C:\\xampp\\htdocs...')
#6 {main}
ERROR - 2023-07-19 05:55:08 --> Unknown column 'data_agenda.id_siswa' in 'on clause'
CRITICAL - 2023-07-19 05:55:08 --> Call to a member function getResult() on bool
#0 C:\xampp\htdocs\agendapkl-mazer\app\Controllers\Data_agenda.php(13): App\Models\M_agenda->join2('data_agenda', 'data_siswa', 'data_agenda.id_...')
#1 C:\xampp\htdocs\agendapkl-mazer\system\CodeIgniter.php(832): App\Controllers\Data_agenda->index()
#2 C:\xampp\htdocs\agendapkl-mazer\system\CodeIgniter.php(419): CodeIgniter\CodeIgniter->runController(Object(App\Controllers\Data_agenda))
#3 C:\xampp\htdocs\agendapkl-mazer\system\CodeIgniter.php(326): CodeIgniter\CodeIgniter->handleRequest(NULL, Object(Config\Cache), false)
#4 C:\xampp\htdocs\agendapkl-mazer\public\index.php(37): CodeIgniter\CodeIgniter->run()
#5 C:\xampp\htdocs\agendapkl-mazer\system\Commands\Server\rewrite.php(43): require_once('C:\\xampp\\htdocs...')
#6 {main}
ERROR - 2023-07-19 05:55:08 --> Unknown column 'data_agenda.id_siswa' in 'on clause'
CRITICAL - 2023-07-19 05:55:08 --> Call to a member function getResult() on bool
#0 C:\xampp\htdocs\agendapkl-mazer\app\Controllers\Data_agenda.php(13): App\Models\M_agenda->join2('data_agenda', 'data_siswa', 'data_agenda.id_...')
#1 C:\xampp\htdocs\agendapkl-mazer\system\CodeIgniter.php(832): App\Controllers\Data_agenda->index()
#2 C:\xampp\htdocs\agendapkl-mazer\system\CodeIgniter.php(419): CodeIgniter\CodeIgniter->runController(Object(App\Controllers\Data_agenda))
#3 C:\xampp\htdocs\agendapkl-mazer\system\CodeIgniter.php(326): CodeIgniter\CodeIgniter->handleRequest(NULL, Object(Config\Cache), false)
#4 C:\xampp\htdocs\agendapkl-mazer\public\index.php(37): CodeIgniter\CodeIgniter->run()
#5 C:\xampp\htdocs\agendapkl-mazer\system\Commands\Server\rewrite.php(43): require_once('C:\\xampp\\htdocs...')
#6 {main}
ERROR - 2023-07-19 05:55:09 --> Unknown column 'data_agenda.id_siswa' in 'on clause'
CRITICAL - 2023-07-19 05:55:09 --> Call to a member function getResult() on bool
#0 C:\xampp\htdocs\agendapkl-mazer\app\Controllers\Data_agenda.php(13): App\Models\M_agenda->join2('data_agenda', 'data_siswa', 'data_agenda.id_...')
#1 C:\xampp\htdocs\agendapkl-mazer\system\CodeIgniter.php(832): App\Controllers\Data_agenda->index()
#2 C:\xampp\htdocs\agendapkl-mazer\system\CodeIgniter.php(419): CodeIgniter\CodeIgniter->runController(Object(App\Controllers\Data_agenda))
#3 C:\xampp\htdocs\agendapkl-mazer\system\CodeIgniter.php(326): CodeIgniter\CodeIgniter->handleRequest(NULL, Object(Config\Cache), false)
#4 C:\xampp\htdocs\agendapkl-mazer\public\index.php(37): CodeIgniter\CodeIgniter->run()
#5 C:\xampp\htdocs\agendapkl-mazer\system\Commands\Server\rewrite.php(43): require_once('C:\\xampp\\htdocs...')
#6 {main}
ERROR - 2023-07-19 05:55:09 --> Unknown column 'data_agenda.id_siswa' in 'on clause'
CRITICAL - 2023-07-19 05:55:09 --> Call to a member function getResult() on bool
#0 C:\xampp\htdocs\agendapkl-mazer\app\Controllers\Data_agenda.php(13): App\Models\M_agenda->join2('data_agenda', 'data_siswa', 'data_agenda.id_...')
#1 C:\xampp\htdocs\agendapkl-mazer\system\CodeIgniter.php(832): App\Controllers\Data_agenda->index()
#2 C:\xampp\htdocs\agendapkl-mazer\system\CodeIgniter.php(419): CodeIgniter\CodeIgniter->runController(Object(App\Controllers\Data_agenda))
#3 C:\xampp\htdocs\agendapkl-mazer\system\CodeIgniter.php(326): CodeIgniter\CodeIgniter->handleRequest(NULL, Object(Config\Cache), false)
#4 C:\xampp\htdocs\agendapkl-mazer\public\index.php(37): CodeIgniter\CodeIgniter->run()
#5 C:\xampp\htdocs\agendapkl-mazer\system\Commands\Server\rewrite.php(43): require_once('C:\\xampp\\htdocs...')
#6 {main}
ERROR - 2023-07-19 05:55:09 --> Unknown column 'data_agenda.id_siswa' in 'on clause'
CRITICAL - 2023-07-19 05:55:09 --> Call to a member function getResult() on bool
#0 C:\xampp\htdocs\agendapkl-mazer\app\Controllers\Data_agenda.php(13): App\Models\M_agenda->join2('data_agenda', 'data_siswa', 'data_agenda.id_...')
#1 C:\xampp\htdocs\agendapkl-mazer\system\CodeIgniter.php(832): App\Controllers\Data_agenda->index()
#2 C:\xampp\htdocs\agendapkl-mazer\system\CodeIgniter.php(419): CodeIgniter\CodeIgniter->runController(Object(App\Controllers\Data_agenda))
#3 C:\xampp\htdocs\agendapkl-mazer\system\CodeIgniter.php(326): CodeIgniter\CodeIgniter->handleRequest(NULL, Object(Config\Cache), false)
#4 C:\xampp\htdocs\agendapkl-mazer\public\index.php(37): CodeIgniter\CodeIgniter->run()
#5 C:\xampp\htdocs\agendapkl-mazer\system\Commands\Server\rewrite.php(43): require_once('C:\\xampp\\htdocs...')
#6 {main}
ERROR - 2023-07-19 05:55:09 --> Unknown column 'data_agenda.id_siswa' in 'on clause'
CRITICAL - 2023-07-19 05:55:09 --> Call to a member function getResult() on bool
#0 C:\xampp\htdocs\agendapkl-mazer\app\Controllers\Data_agenda.php(13): App\Models\M_agenda->join2('data_agenda', 'data_siswa', 'data_agenda.id_...')
#1 C:\xampp\htdocs\agendapkl-mazer\system\CodeIgniter.php(832): App\Controllers\Data_agenda->index()
#2 C:\xampp\htdocs\agendapkl-mazer\system\CodeIgniter.php(419): CodeIgniter\CodeIgniter->runController(Object(App\Controllers\Data_agenda))
#3 C:\xampp\htdocs\agendapkl-mazer\system\CodeIgniter.php(326): CodeIgniter\CodeIgniter->handleRequest(NULL, Object(Config\Cache), false)
#4 C:\xampp\htdocs\agendapkl-mazer\public\index.php(37): CodeIgniter\CodeIgniter->run()
#5 C:\xampp\htdocs\agendapkl-mazer\system\Commands\Server\rewrite.php(43): require_once('C:\\xampp\\htdocs...')
#6 {main}
ERROR - 2023-07-19 05:55:09 --> Unknown column 'data_agenda.id_siswa' in 'on clause'
CRITICAL - 2023-07-19 05:55:09 --> Call to a member function getResult() on bool
#0 C:\xampp\htdocs\agendapkl-mazer\app\Controllers\Data_agenda.php(13): App\Models\M_agenda->join2('data_agenda', 'data_siswa', 'data_agenda.id_...')
#1 C:\xampp\htdocs\agendapkl-mazer\system\CodeIgniter.php(832): App\Controllers\Data_agenda->index()
#2 C:\xampp\htdocs\agendapkl-mazer\system\CodeIgniter.php(419): CodeIgniter\CodeIgniter->runController(Object(App\Controllers\Data_agenda))
#3 C:\xampp\htdocs\agendapkl-mazer\system\CodeIgniter.php(326): CodeIgniter\CodeIgniter->handleRequest(NULL, Object(Config\Cache), false)
#4 C:\xampp\htdocs\agendapkl-mazer\public\index.php(37): CodeIgniter\CodeIgniter->run()
#5 C:\xampp\htdocs\agendapkl-mazer\system\Commands\Server\rewrite.php(43): require_once('C:\\xampp\\htdocs...')
#6 {main}
ERROR - 2023-07-19 05:55:52 --> Unknown column 'data_agenda.id_siswa' in 'on clause'
CRITICAL - 2023-07-19 05:55:52 --> Call to a member function getResult() on bool
#0 C:\xampp\htdocs\agendapkl-mazer\app\Controllers\Data_agenda.php(13): App\Models\M_agenda->join2('data_agenda', 'data_siswa', 'data_agenda.id_...')
#1 C:\xampp\htdocs\agendapkl-mazer\system\CodeIgniter.php(832): App\Controllers\Data_agenda->index()
#2 C:\xampp\htdocs\agendapkl-mazer\system\CodeIgniter.php(419): CodeIgniter\CodeIgniter->runController(Object(App\Controllers\Data_agenda))
#3 C:\xampp\htdocs\agendapkl-mazer\system\CodeIgniter.php(326): CodeIgniter\CodeIgniter->handleRequest(NULL, Object(Config\Cache), false)
#4 C:\xampp\htdocs\agendapkl-mazer\public\index.php(37): CodeIgniter\CodeIgniter->run()
#5 C:\xampp\htdocs\agendapkl-mazer\system\Commands\Server\rewrite.php(43): require_once('C:\\xampp\\htdocs...')
#6 {main}
CRITICAL - 2023-07-19 07:01:57 --> syntax error, unexpected ','
#0 C:\xampp\htdocs\agendapkl-mazer\system\Router\Router.php(175): CodeIgniter\Router\Router->autoRoute('data_agenda/cre...')
#1 C:\xampp\htdocs\agendapkl-mazer\system\CodeIgniter.php(726): CodeIgniter\Router\Router->handle('data_agenda/cre...')
#2 C:\xampp\htdocs\agendapkl-mazer\system\CodeIgniter.php(368): CodeIgniter\CodeIgniter->tryToRouteIt(Object(CodeIgniter\Router\RouteCollection))
#3 C:\xampp\htdocs\agendapkl-mazer\system\CodeIgniter.php(326): CodeIgniter\CodeIgniter->handleRequest(NULL, Object(Config\Cache), false)
#4 C:\xampp\htdocs\agendapkl-mazer\public\index.php(37): CodeIgniter\CodeIgniter->run()
#5 C:\xampp\htdocs\agendapkl-mazer\system\Commands\Server\rewrite.php(43): require_once('C:\\xampp\\htdocs...')
#6 {main}
ERROR - 2023-07-19 19:15:05 --> Column 'jam_masuk' cannot be null
CRITICAL - 2023-07-19 07:19:44 --> Too few arguments to function App\Controllers\Data_agenda::delete(), 0 passed in C:\xampp\htdocs\agendapkl-mazer\system\CodeIgniter.php on line 832 and exactly 1 expected
#0 C:\xampp\htdocs\agendapkl-mazer\system\CodeIgniter.php(832): App\Controllers\Data_agenda->delete()
#1 C:\xampp\htdocs\agendapkl-mazer\system\CodeIgniter.php(419): CodeIgniter\CodeIgniter->runController(Object(App\Controllers\Data_agenda))
#2 C:\xampp\htdocs\agendapkl-mazer\system\CodeIgniter.php(326): CodeIgniter\CodeIgniter->handleRequest(NULL, Object(Config\Cache), false)
#3 C:\xampp\htdocs\agendapkl-mazer\public\index.php(37): CodeIgniter\CodeIgniter->run()
#4 C:\xampp\htdocs\agendapkl-mazer\system\Commands\Server\rewrite.php(43): require_once('C:\\xampp\\htdocs...')
#5 {main}
ERROR - 2023-07-19 07:41:01 --> Unknown column 'id_agenda' in 'where clause'
CRITICAL - 2023-07-19 07:41:01 --> Call to a member function getRow() on bool
#0 C:\xampp\htdocs\agendapkl-mazer\app\Controllers\Data_agenda.php(100): App\Models\M_agenda->getWhere('data_guru', Array)
#1 C:\xampp\htdocs\agendapkl-mazer\system\CodeIgniter.php(832): App\Controllers\Data_agenda->edit('4')
#2 C:\xampp\htdocs\agendapkl-mazer\system\CodeIgniter.php(419): CodeIgniter\CodeIgniter->runController(Object(App\Controllers\Data_agenda))
#3 C:\xampp\htdocs\agendapkl-mazer\system\CodeIgniter.php(326): CodeIgniter\CodeIgniter->handleRequest(NULL, Object(Config\Cache), false)
#4 C:\xampp\htdocs\agendapkl-mazer\public\index.php(37): CodeIgniter\CodeIgniter->run()
#5 C:\xampp\htdocs\agendapkl-mazer\system\Commands\Server\rewrite.php(43): require_once('C:\\xampp\\htdocs...')
#6 {main}
ERROR - 2023-07-19 08:01:56 --> Unknown column 'siswa' in 'where clause'
CRITICAL - 2023-07-19 08:01:56 --> Call to a member function getRowArray() on bool
#0 C:\xampp\htdocs\agendapkl-mazer\app\Controllers\Data_agenda.php(14): App\Models\M_agenda->getWhere2('data_siswa', Array)
#1 C:\xampp\htdocs\agendapkl-mazer\system\CodeIgniter.php(832): App\Controllers\Data_agenda->index()
#2 C:\xampp\htdocs\agendapkl-mazer\system\CodeIgniter.php(419): CodeIgniter\CodeIgniter->runController(Object(App\Controllers\Data_agenda))
#3 C:\xampp\htdocs\agendapkl-mazer\system\CodeIgniter.php(326): CodeIgniter\CodeIgniter->handleRequest(NULL, Object(Config\Cache), false)
#4 C:\xampp\htdocs\agendapkl-mazer\public\index.php(37): CodeIgniter\CodeIgniter->run()
#5 C:\xampp\htdocs\agendapkl-mazer\system\Commands\Server\rewrite.php(43): require_once('C:\\xampp\\htdocs...')
#6 {main}
CRITICAL - 2023-07-19 08:02:07 --> Too few arguments to function App\Controllers\Data_agenda::index(), 0 passed in C:\xampp\htdocs\agendapkl-mazer\system\CodeIgniter.php on line 832 and exactly 1 expected
#0 C:\xampp\htdocs\agendapkl-mazer\system\CodeIgniter.php(832): App\Controllers\Data_agenda->index()
#1 C:\xampp\htdocs\agendapkl-mazer\system\CodeIgniter.php(419): CodeIgniter\CodeIgniter->runController(Object(App\Controllers\Data_agenda))
#2 C:\xampp\htdocs\agendapkl-mazer\system\CodeIgniter.php(326): CodeIgniter\CodeIgniter->handleRequest(NULL, Object(Config\Cache), false)
#3 C:\xampp\htdocs\agendapkl-mazer\public\index.php(37): CodeIgniter\CodeIgniter->run()
#4 C:\xampp\htdocs\agendapkl-mazer\system\Commands\Server\rewrite.php(43): require_once('C:\\xampp\\htdocs...')
#5 {main}
CRITICAL - 2023-07-19 08:03:33 --> Too few arguments to function App\Controllers\Data_agenda::index(), 0 passed in C:\xampp\htdocs\agendapkl-mazer\system\CodeIgniter.php on line 832 and exactly 1 expected
#0 C:\xampp\htdocs\agendapkl-mazer\system\CodeIgniter.php(832): App\Controllers\Data_agenda->index()
#1 C:\xampp\htdocs\agendapkl-mazer\system\CodeIgniter.php(419): CodeIgniter\CodeIgniter->runController(Object(App\Controllers\Data_agenda))
#2 C:\xampp\htdocs\agendapkl-mazer\system\CodeIgniter.php(326): CodeIgniter\CodeIgniter->handleRequest(NULL, Object(Config\Cache), false)
#3 C:\xampp\htdocs\agendapkl-mazer\public\index.php(37): CodeIgniter\CodeIgniter->run()
#4 C:\xampp\htdocs\agendapkl-mazer\system\Commands\Server\rewrite.php(43): require_once('C:\\xampp\\htdocs...')
#5 {main}
CRITICAL - 2023-07-19 08:03:33 --> Too few arguments to function App\Controllers\Data_agenda::index(), 0 passed in C:\xampp\htdocs\agendapkl-mazer\system\CodeIgniter.php on line 832 and exactly 1 expected
#0 C:\xampp\htdocs\agendapkl-mazer\system\CodeIgniter.php(832): App\Controllers\Data_agenda->index()
#1 C:\xampp\htdocs\agendapkl-mazer\system\CodeIgniter.php(419): CodeIgniter\CodeIgniter->runController(Object(App\Controllers\Data_agenda))
#2 C:\xampp\htdocs\agendapkl-mazer\system\CodeIgniter.php(326): CodeIgniter\CodeIgniter->handleRequest(NULL, Object(Config\Cache), false)
#3 C:\xampp\htdocs\agendapkl-mazer\public\index.php(37): CodeIgniter\CodeIgniter->run()
#4 C:\xampp\htdocs\agendapkl-mazer\system\Commands\Server\rewrite.php(43): require_once('C:\\xampp\\htdocs...')
#5 {main}
CRITICAL - 2023-07-19 08:03:33 --> Too few arguments to function App\Controllers\Data_agenda::index(), 0 passed in C:\xampp\htdocs\agendapkl-mazer\system\CodeIgniter.php on line 832 and exactly 1 expected
#0 C:\xampp\htdocs\agendapkl-mazer\system\CodeIgniter.php(832): App\Controllers\Data_agenda->index()
#1 C:\xampp\htdocs\agendapkl-mazer\system\CodeIgniter.php(419): CodeIgniter\CodeIgniter->runController(Object(App\Controllers\Data_agenda))
#2 C:\xampp\htdocs\agendapkl-mazer\system\CodeIgniter.php(326): CodeIgniter\CodeIgniter->handleRequest(NULL, Object(Config\Cache), false)
#3 C:\xampp\htdocs\agendapkl-mazer\public\index.php(37): CodeIgniter\CodeIgniter->run()
#4 C:\xampp\htdocs\agendapkl-mazer\system\Commands\Server\rewrite.php(43): require_once('C:\\xampp\\htdocs...')
#5 {main}
CRITICAL - 2023-07-19 08:03:33 --> Too few arguments to function App\Controllers\Data_agenda::index(), 0 passed in C:\xampp\htdocs\agendapkl-mazer\system\CodeIgniter.php on line 832 and exactly 1 expected
#0 C:\xampp\htdocs\agendapkl-mazer\system\CodeIgniter.php(832): App\Controllers\Data_agenda->index()
#1 C:\xampp\htdocs\agendapkl-mazer\system\CodeIgniter.php(419): CodeIgniter\CodeIgniter->runController(Object(App\Controllers\Data_agenda))
#2 C:\xampp\htdocs\agendapkl-mazer\system\CodeIgniter.php(326): CodeIgniter\CodeIgniter->handleRequest(NULL, Object(Config\Cache), false)
#3 C:\xampp\htdocs\agendapkl-mazer\public\index.php(37): CodeIgniter\CodeIgniter->run()
#4 C:\xampp\htdocs\agendapkl-mazer\system\Commands\Server\rewrite.php(43): require_once('C:\\xampp\\htdocs...')
#5 {main}
CRITICAL - 2023-07-19 08:03:33 --> Too few arguments to function App\Controllers\Data_agenda::index(), 0 passed in C:\xampp\htdocs\agendapkl-mazer\system\CodeIgniter.php on line 832 and exactly 1 expected
#0 C:\xampp\htdocs\agendapkl-mazer\system\CodeIgniter.php(832): App\Controllers\Data_agenda->index()
#1 C:\xampp\htdocs\agendapkl-mazer\system\CodeIgniter.php(419): CodeIgniter\CodeIgniter->runController(Object(App\Controllers\Data_agenda))
#2 C:\xampp\htdocs\agendapkl-mazer\system\CodeIgniter.php(326): CodeIgniter\CodeIgniter->handleRequest(NULL, Object(Config\Cache), false)
#3 C:\xampp\htdocs\agendapkl-mazer\public\index.php(37): CodeIgniter\CodeIgniter->run()
#4 C:\xampp\htdocs\agendapkl-mazer\system\Commands\Server\rewrite.php(43): require_once('C:\\xampp\\htdocs...')
#5 {main}
CRITICAL - 2023-07-19 08:03:52 --> Too few arguments to function App\Controllers\Data_agenda::index(), 0 passed in C:\xampp\htdocs\agendapkl-mazer\system\CodeIgniter.php on line 832 and exactly 1 expected
#0 C:\xampp\htdocs\agendapkl-mazer\system\CodeIgniter.php(832): App\Controllers\Data_agenda->index()
#1 C:\xampp\htdocs\agendapkl-mazer\system\CodeIgniter.php(419): CodeIgniter\CodeIgniter->runController(Object(App\Controllers\Data_agenda))
#2 C:\xampp\htdocs\agendapkl-mazer\system\CodeIgniter.php(326): CodeIgniter\CodeIgniter->handleRequest(NULL, Object(Config\Cache), false)
#3 C:\xampp\htdocs\agendapkl-mazer\public\index.php(37): CodeIgniter\CodeIgniter->run()
#4 C:\xampp\htdocs\agendapkl-mazer\system\Commands\Server\rewrite.php(43): require_once('C:\\xampp\\htdocs...')
#5 {main}
CRITICAL - 2023-07-19 08:03:52 --> Too few arguments to function App\Controllers\Data_agenda::index(), 0 passed in C:\xampp\htdocs\agendapkl-mazer\system\CodeIgniter.php on line 832 and exactly 1 expected
#0 C:\xampp\htdocs\agendapkl-mazer\system\CodeIgniter.php(832): App\Controllers\Data_agenda->index()
#1 C:\xampp\htdocs\agendapkl-mazer\system\CodeIgniter.php(419): CodeIgniter\CodeIgniter->runController(Object(App\Controllers\Data_agenda))
#2 C:\xampp\htdocs\agendapkl-mazer\system\CodeIgniter.php(326): CodeIgniter\CodeIgniter->handleRequest(NULL, Object(Config\Cache), false)
#3 C:\xampp\htdocs\agendapkl-mazer\public\index.php(37): CodeIgniter\CodeIgniter->run()
#4 C:\xampp\htdocs\agendapkl-mazer\system\Commands\Server\rewrite.php(43): require_once('C:\\xampp\\htdocs...')
#5 {main}
CRITICAL - 2023-07-19 08:03:53 --> syntax error, unexpected '?>', expecting ')'
#0 C:\xampp\htdocs\agendapkl-mazer\system\View\View.php(213): CodeIgniter\View\View->CodeIgniter\View\{closure}()
#1 C:\xampp\htdocs\agendapkl-mazer\system\Common.php(1089): CodeIgniter\View\View->render('partial/side_me...', Array, true)
#2 C:\xampp\htdocs\agendapkl-mazer\app\Controllers\Dashboard.php(20): view('partial/side_me...')
#3 C:\xampp\htdocs\agendapkl-mazer\system\CodeIgniter.php(832): App\Controllers\Dashboard->index()
#4 C:\xampp\htdocs\agendapkl-mazer\system\CodeIgniter.php(419): CodeIgniter\CodeIgniter->runController(Object(App\Controllers\Dashboard))
#5 C:\xampp\htdocs\agendapkl-mazer\system\CodeIgniter.php(326): CodeIgniter\CodeIgniter->handleRequest(NULL, Object(Config\Cache), false)
#6 C:\xampp\htdocs\agendapkl-mazer\public\index.php(37): CodeIgniter\CodeIgniter->run()
#7 C:\xampp\htdocs\agendapkl-mazer\system\Commands\Server\rewrite.php(43): require_once('C:\\xampp\\htdocs...')
#8 {main}
CRITICAL - 2023-07-19 08:04:13 --> syntax error, unexpected '?>', expecting ')'
#0 C:\xampp\htdocs\agendapkl-mazer\system\View\View.php(213): CodeIgniter\View\View->CodeIgniter\View\{closure}()
#1 C:\xampp\htdocs\agendapkl-mazer\system\Common.php(1089): CodeIgniter\View\View->render('partial/side_me...', Array, true)
#2 C:\xampp\htdocs\agendapkl-mazer\app\Controllers\Dashboard.php(20): view('partial/side_me...')
#3 C:\xampp\htdocs\agendapkl-mazer\system\CodeIgniter.php(832): App\Controllers\Dashboard->index()
#4 C:\xampp\htdocs\agendapkl-mazer\system\CodeIgniter.php(419): CodeIgniter\CodeIgniter->runController(Object(App\Controllers\Dashboard))
#5 C:\xampp\htdocs\agendapkl-mazer\system\CodeIgniter.php(326): CodeIgniter\CodeIgniter->handleRequest(NULL, Object(Config\Cache), false)
#6 C:\xampp\htdocs\agendapkl-mazer\public\index.php(37): CodeIgniter\CodeIgniter->run()
#7 C:\xampp\htdocs\agendapkl-mazer\system\Commands\Server\rewrite.php(43): require_once('C:\\xampp\\htdocs...')
#8 {main}
CRITICAL - 2023-07-19 08:05:07 --> Too few arguments to function App\Controllers\Data_agenda::index(), 0 passed in C:\xampp\htdocs\agendapkl-mazer\system\CodeIgniter.php on line 832 and exactly 1 expected
#0 C:\xampp\htdocs\agendapkl-mazer\system\CodeIgniter.php(832): App\Controllers\Data_agenda->index()
#1 C:\xampp\htdocs\agendapkl-mazer\system\CodeIgniter.php(419): CodeIgniter\CodeIgniter->runController(Object(App\Controllers\Data_agenda))
#2 C:\xampp\htdocs\agendapkl-mazer\system\CodeIgniter.php(326): CodeIgniter\CodeIgniter->handleRequest(NULL, Object(Config\Cache), false)
#3 C:\xampp\htdocs\agendapkl-mazer\public\index.php(37): CodeIgniter\CodeIgniter->run()
#4 C:\xampp\htdocs\agendapkl-mazer\system\Commands\Server\rewrite.php(43): require_once('C:\\xampp\\htdocs...')
#5 {main}
ERROR - 2023-07-19 08:06:16 --> Unknown column 'siswa' in 'where clause'
CRITICAL - 2023-07-19 08:06:16 --> Call to a member function getRowArray() on bool
#0 C:\xampp\htdocs\agendapkl-mazer\app\Controllers\Data_agenda.php(14): App\Models\M_agenda->getWhere2('data_siswa', Array)
#1 C:\xampp\htdocs\agendapkl-mazer\system\CodeIgniter.php(832): App\Controllers\Data_agenda->index()
#2 C:\xampp\htdocs\agendapkl-mazer\system\CodeIgniter.php(419): CodeIgniter\CodeIgniter->runController(Object(App\Controllers\Data_agenda))
#3 C:\xampp\htdocs\agendapkl-mazer\system\CodeIgniter.php(326): CodeIgniter\CodeIgniter->handleRequest(NULL, Object(Config\Cache), false)
#4 C:\xampp\htdocs\agendapkl-mazer\public\index.php(37): CodeIgniter\CodeIgniter->run()
#5 C:\xampp\htdocs\agendapkl-mazer\system\Commands\Server\rewrite.php(43): require_once('C:\\xampp\\htdocs...')
#6 {main}
CRITICAL - 2023-07-19 08:06:38 --> syntax error, unexpected '$wheree' (T_VARIABLE)
#0 C:\xampp\htdocs\agendapkl-mazer\system\Router\Router.php(175): CodeIgniter\Router\Router->autoRoute('data_agenda')
#1 C:\xampp\htdocs\agendapkl-mazer\system\CodeIgniter.php(726): CodeIgniter\Router\Router->handle('data_agenda')
#2 C:\xampp\htdocs\agendapkl-mazer\system\CodeIgniter.php(368): CodeIgniter\CodeIgniter->tryToRouteIt(Object(CodeIgniter\Router\RouteCollection))
#3 C:\xampp\htdocs\agendapkl-mazer\system\CodeIgniter.php(326): CodeIgniter\CodeIgniter->handleRequest(NULL, Object(Config\Cache), false)
#4 C:\xampp\htdocs\agendapkl-mazer\public\index.php(37): CodeIgniter\CodeIgniter->run()
#5 C:\xampp\htdocs\agendapkl-mazer\system\Commands\Server\rewrite.php(43): require_once('C:\\xampp\\htdocs...')
#6 {main}
ERROR - 2023-07-19 08:06:50 --> Unknown column 'siswa' in 'where clause'
CRITICAL - 2023-07-19 08:06:50 --> Call to a member function getRowArray() on bool
#0 C:\xampp\htdocs\agendapkl-mazer\app\Controllers\Data_agenda.php(15): App\Models\M_agenda->getWhere2('data_siswa', Array)
#1 C:\xampp\htdocs\agendapkl-mazer\system\CodeIgniter.php(832): App\Controllers\Data_agenda->index()
#2 C:\xampp\htdocs\agendapkl-mazer\system\CodeIgniter.php(419): CodeIgniter\CodeIgniter->runController(Object(App\Controllers\Data_agenda))
#3 C:\xampp\htdocs\agendapkl-mazer\system\CodeIgniter.php(326): CodeIgniter\CodeIgniter->handleRequest(NULL, Object(Config\Cache), false)
#4 C:\xampp\htdocs\agendapkl-mazer\public\index.php(37): CodeIgniter\CodeIgniter->run()
#5 C:\xampp\htdocs\agendapkl-mazer\system\Commands\Server\rewrite.php(43): require_once('C:\\xampp\\htdocs...')
#6 {main}
CRITICAL - 2023-07-19 08:07:39 --> Too few arguments to function App\Controllers\Data_agenda::index(), 0 passed in C:\xampp\htdocs\agendapkl-mazer\system\CodeIgniter.php on line 832 and exactly 1 expected
#0 C:\xampp\htdocs\agendapkl-mazer\system\CodeIgniter.php(832): App\Controllers\Data_agenda->index()
#1 C:\xampp\htdocs\agendapkl-mazer\system\CodeIgniter.php(419): CodeIgniter\CodeIgniter->runController(Object(App\Controllers\Data_agenda))
#2 C:\xampp\htdocs\agendapkl-mazer\system\CodeIgniter.php(326): CodeIgniter\CodeIgniter->handleRequest(NULL, Object(Config\Cache), false)
#3 C:\xampp\htdocs\agendapkl-mazer\public\index.php(37): CodeIgniter\CodeIgniter->run()
#4 C:\xampp\htdocs\agendapkl-mazer\system\Commands\Server\rewrite.php(43): require_once('C:\\xampp\\htdocs...')
#5 {main}
CRITICAL - 2023-07-19 08:12:06 --> Too few arguments to function App\Controllers\Data_agenda::index(), 0 passed in C:\xampp\htdocs\agendapkl-mazer\system\CodeIgniter.php on line 832 and exactly 1 expected
#0 C:\xampp\htdocs\agendapkl-mazer\system\CodeIgniter.php(832): App\Controllers\Data_agenda->index()
#1 C:\xampp\htdocs\agendapkl-mazer\system\CodeIgniter.php(419): CodeIgniter\CodeIgniter->runController(Object(App\Controllers\Data_agenda))
#2 C:\xampp\htdocs\agendapkl-mazer\system\CodeIgniter.php(326): CodeIgniter\CodeIgniter->handleRequest(NULL, Object(Config\Cache), false)
#3 C:\xampp\htdocs\agendapkl-mazer\public\index.php(37): CodeIgniter\CodeIgniter->run()
#4 C:\xampp\htdocs\agendapkl-mazer\system\Commands\Server\rewrite.php(43): require_once('C:\\xampp\\htdocs...')
#5 {main}
CRITICAL - 2023-07-19 08:12:24 --> Too few arguments to function App\Controllers\Data_agenda::index(), 0 passed in C:\xampp\htdocs\agendapkl-mazer\system\CodeIgniter.php on line 832 and exactly 1 expected
#0 C:\xampp\htdocs\agendapkl-mazer\system\CodeIgniter.php(832): App\Controllers\Data_agenda->index()
#1 C:\xampp\htdocs\agendapkl-mazer\system\CodeIgniter.php(419): CodeIgniter\CodeIgniter->runController(Object(App\Controllers\Data_agenda))
#2 C:\xampp\htdocs\agendapkl-mazer\system\CodeIgniter.php(326): CodeIgniter\CodeIgniter->handleRequest(NULL, Object(Config\Cache), false)
#3 C:\xampp\htdocs\agendapkl-mazer\public\index.php(37): CodeIgniter\CodeIgniter->run()
#4 C:\xampp\htdocs\agendapkl-mazer\system\Commands\Server\rewrite.php(43): require_once('C:\\xampp\\htdocs...')
#5 {main}
CRITICAL - 2023-07-19 08:12:26 --> Too few arguments to function App\Controllers\Data_agenda::index(), 0 passed in C:\xampp\htdocs\agendapkl-mazer\system\CodeIgniter.php on line 832 and exactly 1 expected
#0 C:\xampp\htdocs\agendapkl-mazer\system\CodeIgniter.php(832): App\Controllers\Data_agenda->index()
#1 C:\xampp\htdocs\agendapkl-mazer\system\CodeIgniter.php(419): CodeIgniter\CodeIgniter->runController(Object(App\Controllers\Data_agenda))
#2 C:\xampp\htdocs\agendapkl-mazer\system\CodeIgniter.php(326): CodeIgniter\CodeIgniter->handleRequest(NULL, Object(Config\Cache), false)
#3 C:\xampp\htdocs\agendapkl-mazer\public\index.php(37): CodeIgniter\CodeIgniter->run()
#4 C:\xampp\htdocs\agendapkl-mazer\system\Commands\Server\rewrite.php(43): require_once('C:\\xampp\\htdocs...')
#5 {main}
CRITICAL - 2023-07-19 08:12:37 --> Too few arguments to function App\Controllers\Data_agenda::index(), 0 passed in C:\xampp\htdocs\agendapkl-mazer\system\CodeIgniter.php on line 832 and exactly 1 expected
#0 C:\xampp\htdocs\agendapkl-mazer\system\CodeIgniter.php(832): App\Controllers\Data_agenda->index()
#1 C:\xampp\htdocs\agendapkl-mazer\system\CodeIgniter.php(419): CodeIgniter\CodeIgniter->runController(Object(App\Controllers\Data_agenda))
#2 C:\xampp\htdocs\agendapkl-mazer\system\CodeIgniter.php(326): CodeIgniter\CodeIgniter->handleRequest(NULL, Object(Config\Cache), false)
#3 C:\xampp\htdocs\agendapkl-mazer\public\index.php(37): CodeIgniter\CodeIgniter->run()
#4 C:\xampp\htdocs\agendapkl-mazer\system\Commands\Server\rewrite.php(43): require_once('C:\\xampp\\htdocs...')
#5 {main}
CRITICAL - 2023-07-19 08:14:41 --> Too few arguments to function App\Controllers\Data_agenda::index(), 0 passed in C:\xampp\htdocs\agendapkl-mazer\system\CodeIgniter.php on line 832 and exactly 1 expected
#0 C:\xampp\htdocs\agendapkl-mazer\system\CodeIgniter.php(832): App\Controllers\Data_agenda->index()
#1 C:\xampp\htdocs\agendapkl-mazer\system\CodeIgniter.php(419): CodeIgniter\CodeIgniter->runController(Object(App\Controllers\Data_agenda))
#2 C:\xampp\htdocs\agendapkl-mazer\system\CodeIgniter.php(326): CodeIgniter\CodeIgniter->handleRequest(NULL, Object(Config\Cache), false)
#3 C:\xampp\htdocs\agendapkl-mazer\public\index.php(37): CodeIgniter\CodeIgniter->run()
#4 C:\xampp\htdocs\agendapkl-mazer\system\Commands\Server\rewrite.php(43): require_once('C:\\xampp\\htdocs...')
#5 {main}
CRITICAL - 2023-07-19 08:50:21 --> Call to a member function distinct() on array
#0 C:\xampp\htdocs\agendapkl-mazer\system\CodeIgniter.php(832): App\Controllers\Data_agenda_instruktur->index()
#1 C:\xampp\htdocs\agendapkl-mazer\system\CodeIgniter.php(419): CodeIgniter\CodeIgniter->runController(Object(App\Controllers\Data_agenda_instruktur))
#2 C:\xampp\htdocs\agendapkl-mazer\system\CodeIgniter.php(326): CodeIgniter\CodeIgniter->handleRequest(NULL, Object(Config\Cache), false)
#3 C:\xampp\htdocs\agendapkl-mazer\public\index.php(37): CodeIgniter\CodeIgniter->run()
#4 C:\xampp\htdocs\agendapkl-mazer\system\Commands\Server\rewrite.php(43): require_once('C:\\xampp\\htdocs...')
#5 {main}
CRITICAL - 2023-07-19 08:50:51 --> Call to a member function distinct() on array
#0 C:\xampp\htdocs\agendapkl-mazer\system\CodeIgniter.php(832): App\Controllers\Data_agenda_instruktur->index()
#1 C:\xampp\htdocs\agendapkl-mazer\system\CodeIgniter.php(419): CodeIgniter\CodeIgniter->runController(Object(App\Controllers\Data_agenda_instruktur))
#2 C:\xampp\htdocs\agendapkl-mazer\system\CodeIgniter.php(326): CodeIgniter\CodeIgniter->handleRequest(NULL, Object(Config\Cache), false)
#3 C:\xampp\htdocs\agendapkl-mazer\public\index.php(37): CodeIgniter\CodeIgniter->run()
#4 C:\xampp\htdocs\agendapkl-mazer\system\Commands\Server\rewrite.php(43): require_once('C:\\xampp\\htdocs...')
#5 {main}
CRITICAL - 2023-07-19 08:51:13 --> Call to undefined function App\Controllers\collect()
#0 C:\xampp\htdocs\agendapkl-mazer\system\CodeIgniter.php(832): App\Controllers\Data_agenda_instruktur->index()
#1 C:\xampp\htdocs\agendapkl-mazer\system\CodeIgniter.php(419): CodeIgniter\CodeIgniter->runController(Object(App\Controllers\Data_agenda_instruktur))
#2 C:\xampp\htdocs\agendapkl-mazer\system\CodeIgniter.php(326): CodeIgniter\CodeIgniter->handleRequest(NULL, Object(Config\Cache), false)
#3 C:\xampp\htdocs\agendapkl-mazer\public\index.php(37): CodeIgniter\CodeIgniter->run()
#4 C:\xampp\htdocs\agendapkl-mazer\system\Commands\Server\rewrite.php(43): require_once('C:\\xampp\\htdocs...')
#5 {main}
CRITICAL - 2023-07-19 08:54:18 --> Call to a member function groupBy() on array
#0 C:\xampp\htdocs\agendapkl-mazer\system\CodeIgniter.php(832): App\Controllers\Data_agenda_instruktur->index()
#1 C:\xampp\htdocs\agendapkl-mazer\system\CodeIgniter.php(419): CodeIgniter\CodeIgniter->runController(Object(App\Controllers\Data_agenda_instruktur))
#2 C:\xampp\htdocs\agendapkl-mazer\system\CodeIgniter.php(326): CodeIgniter\CodeIgniter->handleRequest(NULL, Object(Config\Cache), false)
#3 C:\xampp\htdocs\agendapkl-mazer\public\index.php(37): CodeIgniter\CodeIgniter->run()
#4 C:\xampp\htdocs\agendapkl-mazer\system\Commands\Server\rewrite.php(43): require_once('C:\\xampp\\htdocs...')
#5 {main}
ERROR - 2023-07-19 09:01:34 --> Unknown column 'id_instruktur' in 'where clause'
CRITICAL - 2023-07-19 09:01:34 --> Call to a member function getResult() on bool
#0 C:\xampp\htdocs\agendapkl-mazer\app\Controllers\Data_agenda_instruktur.php(15): App\Models\M_agenda->tampil_siswa('data_siswa', '26')
#1 C:\xampp\htdocs\agendapkl-mazer\system\CodeIgniter.php(832): App\Controllers\Data_agenda_instruktur->index()
#2 C:\xampp\htdocs\agendapkl-mazer\system\CodeIgniter.php(419): CodeIgniter\CodeIgniter->runController(Object(App\Controllers\Data_agenda_instruktur))
#3 C:\xampp\htdocs\agendapkl-mazer\system\CodeIgniter.php(326): CodeIgniter\CodeIgniter->handleRequest(NULL, Object(Config\Cache), false)
#4 C:\xampp\htdocs\agendapkl-mazer\public\index.php(37): CodeIgniter\CodeIgniter->run()
#5 C:\xampp\htdocs\agendapkl-mazer\system\Commands\Server\rewrite.php(43): require_once('C:\\xampp\\htdocs...')
#6 {main}
CRITICAL - 2023-07-19 09:01:53 --> Too few arguments to function App\Controllers\Data_agenda_instruktur::detail(), 0 passed in C:\xampp\htdocs\agendapkl-mazer\system\CodeIgniter.php on line 832 and exactly 1 expected
#0 C:\xampp\htdocs\agendapkl-mazer\system\CodeIgniter.php(832): App\Controllers\Data_agenda_instruktur->detail()
#1 C:\xampp\htdocs\agendapkl-mazer\system\CodeIgniter.php(419): CodeIgniter\CodeIgniter->runController(Object(App\Controllers\Data_agenda_instruktur))
#2 C:\xampp\htdocs\agendapkl-mazer\system\CodeIgniter.php(326): CodeIgniter\CodeIgniter->handleRequest(NULL, Object(Config\Cache), false)
#3 C:\xampp\htdocs\agendapkl-mazer\public\index.php(37): CodeIgniter\CodeIgniter->run()
#4 C:\xampp\htdocs\agendapkl-mazer\system\Commands\Server\rewrite.php(43): require_once('C:\\xampp\\htdocs...')
#5 {main}
CRITICAL - 2023-07-19 09:06:12 --> Too few arguments to function App\Controllers\Data_agenda_instruktur::detail(), 0 passed in C:\xampp\htdocs\agendapkl-mazer\system\CodeIgniter.php on line 832 and exactly 1 expected
#0 C:\xampp\htdocs\agendapkl-mazer\system\CodeIgniter.php(832): App\Controllers\Data_agenda_instruktur->detail()
#1 C:\xampp\htdocs\agendapkl-mazer\system\CodeIgniter.php(419): CodeIgniter\CodeIgniter->runController(Object(App\Controllers\Data_agenda_instruktur))
#2 C:\xampp\htdocs\agendapkl-mazer\system\CodeIgniter.php(326): CodeIgniter\CodeIgniter->handleRequest(NULL, Object(Config\Cache), false)
#3 C:\xampp\htdocs\agendapkl-mazer\public\index.php(37): CodeIgniter\CodeIgniter->run()
#4 C:\xampp\htdocs\agendapkl-mazer\system\Commands\Server\rewrite.php(43): require_once('C:\\xampp\\htdocs...')
#5 {main}
ERROR - 2023-07-19 21:58:56 --> Column 'siswa' cannot be null
CRITICAL - 2023-07-19 09:58:56 --> Too few arguments to function App\Controllers\Data_agenda_instruktur::detail(), 0 passed in C:\xampp\htdocs\agendapkl-mazer\system\CodeIgniter.php on line 832 and exactly 1 expected
#0 C:\xampp\htdocs\agendapkl-mazer\system\CodeIgniter.php(832): App\Controllers\Data_agenda_instruktur->detail()
#1 C:\xampp\htdocs\agendapkl-mazer\system\CodeIgniter.php(419): CodeIgniter\CodeIgniter->runController(Object(App\Controllers\Data_agenda_instruktur))
#2 C:\xampp\htdocs\agendapkl-mazer\system\CodeIgniter.php(326): CodeIgniter\CodeIgniter->handleRequest(NULL, Object(Config\Cache), false)
#3 C:\xampp\htdocs\agendapkl-mazer\public\index.php(37): CodeIgniter\CodeIgniter->run()
#4 C:\xampp\htdocs\agendapkl-mazer\system\Commands\Server\rewrite.php(43): require_once('C:\\xampp\\htdocs...')
#5 {main}
CRITICAL - 2023-07-19 10:25:42 --> Class 'App\Models\M_absensi_sekolah' not found
#0 C:\xampp\htdocs\agendapkl-mazer\system\CodeIgniter.php(832): App\Controllers\Data_absensi_sekolah->index()
#1 C:\xampp\htdocs\agendapkl-mazer\system\CodeIgniter.php(419): CodeIgniter\CodeIgniter->runController(Object(App\Controllers\Data_absensi_sekolah))
#2 C:\xampp\htdocs\agendapkl-mazer\system\CodeIgniter.php(326): CodeIgniter\CodeIgniter->handleRequest(NULL, Object(Config\Cache), false)
#3 C:\xampp\htdocs\agendapkl-mazer\public\index.php(37): CodeIgniter\CodeIgniter->run()
#4 C:\xampp\htdocs\agendapkl-mazer\system\Commands\Server\rewrite.php(43): require_once('C:\\xampp\\htdocs...')
#5 {main}
ERROR - 2023-07-19 10:25:55 --> Unknown column 'data_guru.deleted_at' in 'where clause'
CRITICAL - 2023-07-19 10:25:55 --> Call to a member function getResult() on bool
#0 C:\xampp\htdocs\agendapkl-mazer\app\Controllers\Data_absensi_sekolah.php(15): App\Models\M_absensi_sekolah->join2('data_absensi_se...', 'data_siswa', 'data_absensi_se...')
#1 C:\xampp\htdocs\agendapkl-mazer\system\CodeIgniter.php(832): App\Controllers\Data_absensi_sekolah->index()
#2 C:\xampp\htdocs\agendapkl-mazer\system\CodeIgniter.php(419): CodeIgniter\CodeIgniter->runController(Object(App\Controllers\Data_absensi_sekolah))
#3 C:\xampp\htdocs\agendapkl-mazer\system\CodeIgniter.php(326): CodeIgniter\CodeIgniter->handleRequest(NULL, Object(Config\Cache), false)
#4 C:\xampp\htdocs\agendapkl-mazer\public\index.php(37): CodeIgniter\CodeIgniter->run()
#5 C:\xampp\htdocs\agendapkl-mazer\system\Commands\Server\rewrite.php(43): require_once('C:\\xampp\\htdocs...')
#6 {main}
ERROR - 2023-07-19 10:26:09 --> Unknown column 'jabatan' in 'where clause'
CRITICAL - 2023-07-19 10:26:09 --> Call to a member function getResult() on bool
#0 C:\xampp\htdocs\agendapkl-mazer\app\Controllers\Data_absensi_sekolah.php(15): App\Models\M_absensi_sekolah->join2('data_absensi_se...', 'data_siswa', 'data_absensi_se...')
#1 C:\xampp\htdocs\agendapkl-mazer\system\CodeIgniter.php(832): App\Controllers\Data_absensi_sekolah->index()
#2 C:\xampp\htdocs\agendapkl-mazer\system\CodeIgniter.php(419): CodeIgniter\CodeIgniter->runController(Object(App\Controllers\Data_absensi_sekolah))
#3 C:\xampp\htdocs\agendapkl-mazer\system\CodeIgniter.php(326): CodeIgniter\CodeIgniter->handleRequest(NULL, Object(Config\Cache), false)
#4 C:\xampp\htdocs\agendapkl-mazer\public\index.php(37): CodeIgniter\CodeIgniter->run()
#5 C:\xampp\htdocs\agendapkl-mazer\system\Commands\Server\rewrite.php(43): require_once('C:\\xampp\\htdocs...')
#6 {main}
CRITICAL - 2023-07-19 11:01:00 --> Invalid file: data_absensi_sekolah/create.php
#0 C:\xampp\htdocs\agendapkl-mazer\system\View\View.php(198): CodeIgniter\Exceptions\FrameworkException::forInvalidFile('data_absensi_se...')
#1 C:\xampp\htdocs\agendapkl-mazer\system\Common.php(1089): CodeIgniter\View\View->render('data_absensi_se...', Array, true)
#2 C:\xampp\htdocs\agendapkl-mazer\app\Controllers\Data_absensi_sekolah.php(55): view('data_absensi_se...', Array)
#3 C:\xampp\htdocs\agendapkl-mazer\system\CodeIgniter.php(832): App\Controllers\Data_absensi_sekolah->create()
#4 C:\xampp\htdocs\agendapkl-mazer\system\CodeIgniter.php(419): CodeIgniter\CodeIgniter->runController(Object(App\Controllers\Data_absensi_sekolah))
#5 C:\xampp\htdocs\agendapkl-mazer\system\CodeIgniter.php(326): CodeIgniter\CodeIgniter->handleRequest(NULL, Object(Config\Cache), false)
#6 C:\xampp\htdocs\agendapkl-mazer\public\index.php(37): CodeIgniter\CodeIgniter->run()
#7 C:\xampp\htdocs\agendapkl-mazer\system\Commands\Server\rewrite.php(43): require_once('C:\\xampp\\htdocs...')
#8 {main}
CRITICAL - 2023-07-19 11:17:02 --> syntax error, unexpected '?>', expecting ')'
#0 C:\xampp\htdocs\agendapkl-mazer\system\View\View.php(213): CodeIgniter\View\View->CodeIgniter\View\{closure}()
#1 C:\xampp\htdocs\agendapkl-mazer\system\Common.php(1089): CodeIgniter\View\View->render('data_absensi_se...', Array, true)
#2 C:\xampp\htdocs\agendapkl-mazer\app\Controllers\Data_absensi_sekolah.php(37): view('data_absensi_se...', Array)
#3 C:\xampp\htdocs\agendapkl-mazer\system\CodeIgniter.php(832): App\Controllers\Data_absensi_sekolah->rpl()
#4 C:\xampp\htdocs\agendapkl-mazer\system\CodeIgniter.php(419): CodeIgniter\CodeIgniter->runController(Object(App\Controllers\Data_absensi_sekolah))
#5 C:\xampp\htdocs\agendapkl-mazer\system\CodeIgniter.php(326): CodeIgniter\CodeIgniter->handleRequest(NULL, Object(Config\Cache), false)
#6 C:\xampp\htdocs\agendapkl-mazer\public\index.php(37): CodeIgniter\CodeIgniter->run()
#7 C:\xampp\htdocs\agendapkl-mazer\system\Commands\Server\rewrite.php(43): require_once('C:\\xampp\\htdocs...')
#8 {main}
CRITICAL - 2023-07-19 11:17:11 --> Call to undefined method stdClass::date()
#0 C:\xampp\htdocs\agendapkl-mazer\system\View\View.php(210): include()
#1 C:\xampp\htdocs\agendapkl-mazer\system\View\View.php(213): CodeIgniter\View\View->CodeIgniter\View\{closure}()
#2 C:\xampp\htdocs\agendapkl-mazer\system\Common.php(1089): CodeIgniter\View\View->render('data_absensi_se...', Array, true)
#3 C:\xampp\htdocs\agendapkl-mazer\app\Controllers\Data_absensi_sekolah.php(37): view('data_absensi_se...', Array)
#4 C:\xampp\htdocs\agendapkl-mazer\system\CodeIgniter.php(832): App\Controllers\Data_absensi_sekolah->rpl()
#5 C:\xampp\htdocs\agendapkl-mazer\system\CodeIgniter.php(419): CodeIgniter\CodeIgniter->runController(Object(App\Controllers\Data_absensi_sekolah))
#6 C:\xampp\htdocs\agendapkl-mazer\system\CodeIgniter.php(326): CodeIgniter\CodeIgniter->handleRequest(NULL, Object(Config\Cache), false)
#7 C:\xampp\htdocs\agendapkl-mazer\public\index.php(37): CodeIgniter\CodeIgniter->run()
#8 C:\xampp\htdocs\agendapkl-mazer\system\Commands\Server\rewrite.php(43): require_once('C:\\xampp\\htdocs...')
#9 {main}
CRITICAL - 2023-07-19 11:20:23 --> Too few arguments to function App\Models\M_absensi_sekolah::join3(), 4 passed in C:\xampp\htdocs\agendapkl-mazer\app\Controllers\Data_absensi_sekolah.php on line 32 and exactly 5 expected
#0 C:\xampp\htdocs\agendapkl-mazer\app\Controllers\Data_absensi_sekolah.php(32): App\Models\M_absensi_sekolah->join3('data_absensi_se...', 'data_siswa', 'data_absensi_se...', NULL)
#1 C:\xampp\htdocs\agendapkl-mazer\system\CodeIgniter.php(832): App\Controllers\Data_absensi_sekolah->rpl()
#2 C:\xampp\htdocs\agendapkl-mazer\system\CodeIgniter.php(419): CodeIgniter\CodeIgniter->runController(Object(App\Controllers\Data_absensi_sekolah))
#3 C:\xampp\htdocs\agendapkl-mazer\system\CodeIgniter.php(326): CodeIgniter\CodeIgniter->handleRequest(NULL, Object(Config\Cache), false)
#4 C:\xampp\htdocs\agendapkl-mazer\public\index.php(37): CodeIgniter\CodeIgniter->run()
#5 C:\xampp\htdocs\agendapkl-mazer\system\Commands\Server\rewrite.php(43): require_once('C:\\xampp\\htdocs...')
#6 {main}
CRITICAL - 2023-07-19 11:20:50 --> syntax error, unexpected '$on' (T_VARIABLE), expecting ')'
#0 C:\xampp\htdocs\agendapkl-mazer\system\Router\Router.php(175): CodeIgniter\Router\Router->autoRoute('data_absensi_se...')
#1 C:\xampp\htdocs\agendapkl-mazer\system\CodeIgniter.php(726): CodeIgniter\Router\Router->handle('data_absensi_se...')
#2 C:\xampp\htdocs\agendapkl-mazer\system\CodeIgniter.php(368): CodeIgniter\CodeIgniter->tryToRouteIt(Object(CodeIgniter\Router\RouteCollection))
#3 C:\xampp\htdocs\agendapkl-mazer\system\CodeIgniter.php(326): CodeIgniter\CodeIgniter->handleRequest(NULL, Object(Config\Cache), false)
#4 C:\xampp\htdocs\agendapkl-mazer\public\index.php(37): CodeIgniter\CodeIgniter->run()
#5 C:\xampp\htdocs\agendapkl-mazer\system\Commands\Server\rewrite.php(43): require_once('C:\\xampp\\htdocs...')
#6 {main}
CRITICAL - 2023-07-19 11:20:58 --> syntax error, unexpected '$on' (T_VARIABLE), expecting ')'
#0 C:\xampp\htdocs\agendapkl-mazer\system\Router\Router.php(175): CodeIgniter\Router\Router->autoRoute('data_absensi_se...')
#1 C:\xampp\htdocs\agendapkl-mazer\system\CodeIgniter.php(726): CodeIgniter\Router\Router->handle('data_absensi_se...')
#2 C:\xampp\htdocs\agendapkl-mazer\system\CodeIgniter.php(368): CodeIgniter\CodeIgniter->tryToRouteIt(Object(CodeIgniter\Router\RouteCollection))
#3 C:\xampp\htdocs\agendapkl-mazer\system\CodeIgniter.php(326): CodeIgniter\CodeIgniter->handleRequest(NULL, Object(Config\Cache), false)
#4 C:\xampp\htdocs\agendapkl-mazer\public\index.php(37): CodeIgniter\CodeIgniter->run()
#5 C:\xampp\htdocs\agendapkl-mazer\system\Commands\Server\rewrite.php(43): require_once('C:\\xampp\\htdocs...')
#6 {main}
CRITICAL - 2023-07-19 11:25:06 --> Call to undefined method stdClass::nama_jurusan()
#0 C:\xampp\htdocs\agendapkl-mazer\system\View\View.php(210): include()
#1 C:\xampp\htdocs\agendapkl-mazer\system\View\View.php(213): CodeIgniter\View\View->CodeIgniter\View\{closure}()
#2 C:\xampp\htdocs\agendapkl-mazer\system\Common.php(1089): CodeIgniter\View\View->render('data_absensi_se...', Array, true)
#3 C:\xampp\htdocs\agendapkl-mazer\app\Controllers\Data_absensi_sekolah.php(56): view('data_absensi_se...', Array)
#4 C:\xampp\htdocs\agendapkl-mazer\system\CodeIgniter.php(832): App\Controllers\Data_absensi_sekolah->create()
#5 C:\xampp\htdocs\agendapkl-mazer\system\CodeIgniter.php(419): CodeIgniter\CodeIgniter->runController(Object(App\Controllers\Data_absensi_sekolah))
#6 C:\xampp\htdocs\agendapkl-mazer\system\CodeIgniter.php(326): CodeIgniter\CodeIgniter->handleRequest(NULL, Object(Config\Cache), false)
#7 C:\xampp\htdocs\agendapkl-mazer\public\index.php(37): CodeIgniter\CodeIgniter->run()
#8 C:\xampp\htdocs\agendapkl-mazer\system\Commands\Server\rewrite.php(43): require_once('C:\\xampp\\htdocs...')
#9 {main}
CRITICAL - 2023-07-19 11:32:54 --> Invalid file: data_absensi_sekolah/edit.php
#0 C:\xampp\htdocs\agendapkl-mazer\system\View\View.php(198): CodeIgniter\Exceptions\FrameworkException::forInvalidFile('data_absensi_se...')
#1 C:\xampp\htdocs\agendapkl-mazer\system\Common.php(1089): CodeIgniter\View\View->render('data_absensi_se...', Array, true)
#2 C:\xampp\htdocs\agendapkl-mazer\app\Controllers\Data_absensi_sekolah.php(105): view('data_absensi_se...', Array)
#3 C:\xampp\htdocs\agendapkl-mazer\system\CodeIgniter.php(832): App\Controllers\Data_absensi_sekolah->edit('1')
#4 C:\xampp\htdocs\agendapkl-mazer\system\CodeIgniter.php(419): CodeIgniter\CodeIgniter->runController(Object(App\Controllers\Data_absensi_sekolah))
#5 C:\xampp\htdocs\agendapkl-mazer\system\CodeIgniter.php(326): CodeIgniter\CodeIgniter->handleRequest(NULL, Object(Config\Cache), false)
#6 C:\xampp\htdocs\agendapkl-mazer\public\index.php(37): CodeIgniter\CodeIgniter->run()
#7 C:\xampp\htdocs\agendapkl-mazer\system\Commands\Server\rewrite.php(43): require_once('C:\\xampp\\htdocs...')
#8 {main}
CRITICAL - 2023-07-19 11:33:01 --> Invalid file: data_absensi_sekolah/edit.php
#0 C:\xampp\htdocs\agendapkl-mazer\system\View\View.php(198): CodeIgniter\Exceptions\FrameworkException::forInvalidFile('data_absensi_se...')
#1 C:\xampp\htdocs\agendapkl-mazer\system\Common.php(1089): CodeIgniter\View\View->render('data_absensi_se...', Array, true)
#2 C:\xampp\htdocs\agendapkl-mazer\app\Controllers\Data_absensi_sekolah.php(105): view('data_absensi_se...', Array)
#3 C:\xampp\htdocs\agendapkl-mazer\system\CodeIgniter.php(832): App\Controllers\Data_absensi_sekolah->edit('1')
#4 C:\xampp\htdocs\agendapkl-mazer\system\CodeIgniter.php(419): CodeIgniter\CodeIgniter->runController(Object(App\Controllers\Data_absensi_sekolah))
#5 C:\xampp\htdocs\agendapkl-mazer\system\CodeIgniter.php(326): CodeIgniter\CodeIgniter->handleRequest(NULL, Object(Config\Cache), false)
#6 C:\xampp\htdocs\agendapkl-mazer\public\index.php(37): CodeIgniter\CodeIgniter->run()
#7 C:\xampp\htdocs\agendapkl-mazer\system\Commands\Server\rewrite.php(43): require_once('C:\\xampp\\htdocs...')
#8 {main}
ERROR - 2023-07-19 23:34:06 --> Unknown column 'user_create' in 'field list'
CRITICAL - 2023-07-19 11:51:04 --> Call to undefined method App\Models\M_agenda::join3
#0 C:\xampp\htdocs\agendapkl-mazer\app\Controllers\Data_agenda_all.php(32): CodeIgniter\Model->__call('join3', Array)
#1 C:\xampp\htdocs\agendapkl-mazer\system\CodeIgniter.php(832): App\Controllers\Data_agenda_all->rpl()
#2 C:\xampp\htdocs\agendapkl-mazer\system\CodeIgniter.php(419): CodeIgniter\CodeIgniter->runController(Object(App\Controllers\Data_agenda_all))
#3 C:\xampp\htdocs\agendapkl-mazer\system\CodeIgniter.php(326): CodeIgniter\CodeIgniter->handleRequest(NULL, Object(Config\Cache), false)
#4 C:\xampp\htdocs\agendapkl-mazer\public\index.php(37): CodeIgniter\CodeIgniter->run()
#5 C:\xampp\htdocs\agendapkl-mazer\system\Commands\Server\rewrite.php(43): require_once('C:\\xampp\\htdocs...')
#6 {main}
ERROR - 2023-07-19 12:37:48 --> Unknown column 'guru' in 'where clause'
CRITICAL - 2023-07-19 12:37:48 --> Call to a member function getResult() on bool
#0 C:\xampp\htdocs\agendapkl-mazer\app\Controllers\Data_agenda_guru.php(15): App\Models\M_agenda->tampil_siswa('data_siswa', '2')
#1 C:\xampp\htdocs\agendapkl-mazer\system\CodeIgniter.php(832): App\Controllers\Data_agenda_guru->index()
#2 C:\xampp\htdocs\agendapkl-mazer\system\CodeIgniter.php(419): CodeIgniter\CodeIgniter->runController(Object(App\Controllers\Data_agenda_guru))
#3 C:\xampp\htdocs\agendapkl-mazer\system\CodeIgniter.php(326): CodeIgniter\CodeIgniter->handleRequest(NULL, Object(Config\Cache), false)
#4 C:\xampp\htdocs\agendapkl-mazer\public\index.php(37): CodeIgniter\CodeIgniter->run()
#5 C:\xampp\htdocs\agendapkl-mazer\system\Commands\Server\rewrite.php(43): require_once('C:\\xampp\\htdocs...')
#6 {main}
CRITICAL - 2023-07-19 12:39:32 --> Invalid file: data_agenda_guru/view.php
#0 C:\xampp\htdocs\agendapkl-mazer\system\View\View.php(198): CodeIgniter\Exceptions\FrameworkException::forInvalidFile('data_agenda_gur...')
#1 C:\xampp\htdocs\agendapkl-mazer\system\Common.php(1089): CodeIgniter\View\View->render('data_agenda_gur...', Array, true)
#2 C:\xampp\htdocs\agendapkl-mazer\app\Controllers\Data_agenda_guru.php(21): view('data_agenda_gur...', Array)
#3 C:\xampp\htdocs\agendapkl-mazer\system\CodeIgniter.php(832): App\Controllers\Data_agenda_guru->index()
#4 C:\xampp\htdocs\agendapkl-mazer\system\CodeIgniter.php(419): CodeIgniter\CodeIgniter->runController(Object(App\Controllers\Data_agenda_guru))
#5 C:\xampp\htdocs\agendapkl-mazer\system\CodeIgniter.php(326): CodeIgniter\CodeIgniter->handleRequest(NULL, Object(Config\Cache), false)
#6 C:\xampp\htdocs\agendapkl-mazer\public\index.php(37): CodeIgniter\CodeIgniter->run()
#7 C:\xampp\htdocs\agendapkl-mazer\system\Commands\Server\rewrite.php(43): require_once('C:\\xampp\\htdocs...')
#8 {main}
CRITICAL - 2023-07-19 12:40:55 --> Class 'App\Controllers\M_agenda_guru' not found
#0 C:\xampp\htdocs\agendapkl-mazer\system\CodeIgniter.php(832): App\Controllers\Data_agenda_guru->index()
#1 C:\xampp\htdocs\agendapkl-mazer\system\CodeIgniter.php(419): CodeIgniter\CodeIgniter->runController(Object(App\Controllers\Data_agenda_guru))
#2 C:\xampp\htdocs\agendapkl-mazer\system\CodeIgniter.php(326): CodeIgniter\CodeIgniter->handleRequest(NULL, Object(Config\Cache), false)
#3 C:\xampp\htdocs\agendapkl-mazer\public\index.php(37): CodeIgniter\CodeIgniter->run()
#4 C:\xampp\htdocs\agendapkl-mazer\system\Commands\Server\rewrite.php(43): require_once('C:\\xampp\\htdocs...')
#5 {main}
CRITICAL - 2023-07-19 12:43:35 --> Invalid file: data_agenda_guru/.php
#0 C:\xampp\htdocs\agendapkl-mazer\system\View\View.php(198): CodeIgniter\Exceptions\FrameworkException::forInvalidFile('data_agenda_gur...')
#1 C:\xampp\htdocs\agendapkl-mazer\system\Common.php(1089): CodeIgniter\View\View->render('data_agenda_gur...', Array, true)
#2 C:\xampp\htdocs\agendapkl-mazer\app\Controllers\Data_agenda_guru.php(21): view('data_agenda_gur...', Array)
#3 C:\xampp\htdocs\agendapkl-mazer\system\CodeIgniter.php(832): App\Controllers\Data_agenda_guru->index()
#4 C:\xampp\htdocs\agendapkl-mazer\system\CodeIgniter.php(419): CodeIgniter\CodeIgniter->runController(Object(App\Controllers\Data_agenda_guru))
#5 C:\xampp\htdocs\agendapkl-mazer\system\CodeIgniter.php(326): CodeIgniter\CodeIgniter->handleRequest(NULL, Object(Config\Cache), false)
#6 C:\xampp\htdocs\agendapkl-mazer\public\index.php(37): CodeIgniter\CodeIgniter->run()
#7 C:\xampp\htdocs\agendapkl-mazer\system\Commands\Server\rewrite.php(43): require_once('C:\\xampp\\htdocs...')
#8 {main}
CRITICAL - 2023-07-19 12:46:43 --> Class 'App\Models\M_agenda_guru_guru' not found
#0 C:\xampp\htdocs\agendapkl-mazer\system\CodeIgniter.php(832): App\Controllers\Data_agenda_guru->index()
#1 C:\xampp\htdocs\agendapkl-mazer\system\CodeIgniter.php(419): CodeIgniter\CodeIgniter->runController(Object(App\Controllers\Data_agenda_guru))
#2 C:\xampp\htdocs\agendapkl-mazer\system\CodeIgniter.php(326): CodeIgniter\CodeIgniter->handleRequest(NULL, Object(Config\Cache), false)
#3 C:\xampp\htdocs\agendapkl-mazer\public\index.php(37): CodeIgniter\CodeIgniter->run()
#4 C:\xampp\htdocs\agendapkl-mazer\system\Commands\Server\rewrite.php(43): require_once('C:\\xampp\\htdocs...')
#5 {main}
CRITICAL - 2023-07-19 12:46:47 --> Class 'App\Models\M_agenda_guru_guru' not found
#0 C:\xampp\htdocs\agendapkl-mazer\system\CodeIgniter.php(832): App\Controllers\Data_agenda_guru->index()
#1 C:\xampp\htdocs\agendapkl-mazer\system\CodeIgniter.php(419): CodeIgniter\CodeIgniter->runController(Object(App\Controllers\Data_agenda_guru))
#2 C:\xampp\htdocs\agendapkl-mazer\system\CodeIgniter.php(326): CodeIgniter\CodeIgniter->handleRequest(NULL, Object(Config\Cache), false)
#3 C:\xampp\htdocs\agendapkl-mazer\public\index.php(37): CodeIgniter\CodeIgniter->run()
#4 C:\xampp\htdocs\agendapkl-mazer\system\Commands\Server\rewrite.php(43): require_once('C:\\xampp\\htdocs...')
#5 {main}
CRITICAL - 2023-07-19 12:46:49 --> Class 'App\Models\M_agenda_guru_guru' not found
#0 C:\xampp\htdocs\agendapkl-mazer\system\CodeIgniter.php(832): App\Controllers\Data_agenda_guru->index()
#1 C:\xampp\htdocs\agendapkl-mazer\system\CodeIgniter.php(419): CodeIgniter\CodeIgniter->runController(Object(App\Controllers\Data_agenda_guru))
#2 C:\xampp\htdocs\agendapkl-mazer\system\CodeIgniter.php(326): CodeIgniter\CodeIgniter->handleRequest(NULL, Object(Config\Cache), false)
#3 C:\xampp\htdocs\agendapkl-mazer\public\index.php(37): CodeIgniter\CodeIgniter->run()
#4 C:\xampp\htdocs\agendapkl-mazer\system\Commands\Server\rewrite.php(43): require_once('C:\\xampp\\htdocs...')
#5 {main}
CRITICAL - 2023-07-19 12:57:27 --> Class 'App\Models\M_absensi_kantor' not found
#0 C:\xampp\htdocs\agendapkl-mazer\system\CodeIgniter.php(832): App\Controllers\Data_absensi_kantor->index()
#1 C:\xampp\htdocs\agendapkl-mazer\system\CodeIgniter.php(419): CodeIgniter\CodeIgniter->runController(Object(App\Controllers\Data_absensi_kantor))
#2 C:\xampp\htdocs\agendapkl-mazer\system\CodeIgniter.php(326): CodeIgniter\CodeIgniter->handleRequest(NULL, Object(Config\Cache), false)
#3 C:\xampp\htdocs\agendapkl-mazer\public\index.php(37): CodeIgniter\CodeIgniter->run()
#4 C:\xampp\htdocs\agendapkl-mazer\system\Commands\Server\rewrite.php(43): require_once('C:\\xampp\\htdocs...')
#5 {main}
CRITICAL - 2023-07-19 12:58:27 --> Class 'App\Models\M_absensi_kantor' not found
#0 C:\xampp\htdocs\agendapkl-mazer\system\CodeIgniter.php(832): App\Controllers\Data_absensi_kantor->index()
#1 C:\xampp\htdocs\agendapkl-mazer\system\CodeIgniter.php(419): CodeIgniter\CodeIgniter->runController(Object(App\Controllers\Data_absensi_kantor))
#2 C:\xampp\htdocs\agendapkl-mazer\system\CodeIgniter.php(326): CodeIgniter\CodeIgniter->handleRequest(NULL, Object(Config\Cache), false)
#3 C:\xampp\htdocs\agendapkl-mazer\public\index.php(37): CodeIgniter\CodeIgniter->run()
#4 C:\xampp\htdocs\agendapkl-mazer\system\Commands\Server\rewrite.php(43): require_once('C:\\xampp\\htdocs...')
#5 {main}
