ERROR - 2023-09-13 08:07:13 --> Error connecting to the database: Connection refused
CRITICAL - 2023-09-13 08:07:13 --> Unable to connect to the database.
Main connection [MySQLi]: Connection refused
#0 /Applications/XAMPP/xamppfiles/htdocs/manajemen-ekstrakulikuler/system/Database/BaseConnection.php(577): CodeIgniter\Database\BaseConnection->initialize()
#1 /Applications/XAMPP/xamppfiles/htdocs/manajemen-ekstrakulikuler/system/Database/BaseBuilder.php(1455): CodeIgniter\Database\BaseConnection->query('SELECT `favicon...', Array, false)
#2 /Applications/XAMPP/xamppfiles/htdocs/manajemen-ekstrakulikuler/app/Views/partial_login/header_login.php(14): CodeIgniter\Database\BaseBuilder->get()
#3 /Applications/XAMPP/xamppfiles/htdocs/manajemen-ekstrakulikuler/system/View/View.php(210): include('/Applications/X...')
#4 /Applications/XAMPP/xamppfiles/htdocs/manajemen-ekstrakulikuler/system/View/View.php(213): CodeIgniter\View\View->CodeIgniter\View\{closure}()
#5 /Applications/XAMPP/xamppfiles/htdocs/manajemen-ekstrakulikuler/system/Common.php(1089): CodeIgniter\View\View->render('partial_login/h...', Array, true)
#6 /Applications/XAMPP/xamppfiles/htdocs/manajemen-ekstrakulikuler/app/Controllers/login.php(21): view('partial_login/h...', Array)
#7 /Applications/XAMPP/xamppfiles/htdocs/manajemen-ekstrakulikuler/system/CodeIgniter.php(832): App\Controllers\Login->index()
#8 /Applications/XAMPP/xamppfiles/htdocs/manajemen-ekstrakulikuler/system/CodeIgniter.php(419): CodeIgniter\CodeIgniter->runController(Object(App\Controllers\Login))
#9 /Applications/XAMPP/xamppfiles/htdocs/manajemen-ekstrakulikuler/system/CodeIgniter.php(326): CodeIgniter\CodeIgniter->handleRequest(NULL, Object(Config\Cache), false)
#10 /Applications/XAMPP/xamppfiles/htdocs/manajemen-ekstrakulikuler/public/index.php(37): CodeIgniter\CodeIgniter->run()
#11 /Applications/XAMPP/xamppfiles/htdocs/manajemen-ekstrakulikuler/system/Commands/Server/rewrite.php(43): require_once('/Applications/X...')
#12 {main}
CRITICAL - 2023-09-13 08:10:43 --> Invalid argument supplied for foreach()
#0 /Applications/XAMPP/xamppfiles/htdocs/manajemen-ekstrakulikuler/app/Views/data_siswa/menu.php(43): CodeIgniter\Debug\Exceptions->errorHandler(2, 'Invalid argumen...', '/Applications/X...', 43, Array)
#1 /Applications/XAMPP/xamppfiles/htdocs/manajemen-ekstrakulikuler/system/View/View.php(210): include('/Applications/X...')
#2 /Applications/XAMPP/xamppfiles/htdocs/manajemen-ekstrakulikuler/system/View/View.php(213): CodeIgniter\View\View->CodeIgniter\View\{closure}()
#3 /Applications/XAMPP/xamppfiles/htdocs/manajemen-ekstrakulikuler/system/Common.php(1089): CodeIgniter\View\View->render('data_siswa/menu', Array, true)
#4 /Applications/XAMPP/xamppfiles/htdocs/manajemen-ekstrakulikuler/app/Controllers/Data_siswa.php(43): view('data_siswa/menu', Array)
#5 /Applications/XAMPP/xamppfiles/htdocs/manajemen-ekstrakulikuler/system/CodeIgniter.php(832): App\Controllers\Data_siswa->menu()
#6 /Applications/XAMPP/xamppfiles/htdocs/manajemen-ekstrakulikuler/system/CodeIgniter.php(419): CodeIgniter\CodeIgniter->runController(Object(App\Controllers\Data_siswa))
#7 /Applications/XAMPP/xamppfiles/htdocs/manajemen-ekstrakulikuler/system/CodeIgniter.php(326): CodeIgniter\CodeIgniter->handleRequest(NULL, Object(Config\Cache), false)
#8 /Applications/XAMPP/xamppfiles/htdocs/manajemen-ekstrakulikuler/public/index.php(37): CodeIgniter\CodeIgniter->run()
#9 /Applications/XAMPP/xamppfiles/htdocs/manajemen-ekstrakulikuler/system/Commands/Server/rewrite.php(43): require_once('/Applications/X...')
#10 {main}
CRITICAL - 2023-09-13 08:11:05 --> Invalid argument supplied for foreach()
#0 /Applications/XAMPP/xamppfiles/htdocs/manajemen-ekstrakulikuler/app/Views/data_siswa/menu.php(43): CodeIgniter\Debug\Exceptions->errorHandler(2, 'Invalid argumen...', '/Applications/X...', 43, Array)
#1 /Applications/XAMPP/xamppfiles/htdocs/manajemen-ekstrakulikuler/system/View/View.php(210): include('/Applications/X...')
#2 /Applications/XAMPP/xamppfiles/htdocs/manajemen-ekstrakulikuler/system/View/View.php(213): CodeIgniter\View\View->CodeIgniter\View\{closure}()
#3 /Applications/XAMPP/xamppfiles/htdocs/manajemen-ekstrakulikuler/system/Common.php(1089): CodeIgniter\View\View->render('data_siswa/menu', Array, true)
#4 /Applications/XAMPP/xamppfiles/htdocs/manajemen-ekstrakulikuler/app/Controllers/Data_siswa.php(43): view('data_siswa/menu', Array)
#5 /Applications/XAMPP/xamppfiles/htdocs/manajemen-ekstrakulikuler/system/CodeIgniter.php(832): App\Controllers\Data_siswa->menu()
#6 /Applications/XAMPP/xamppfiles/htdocs/manajemen-ekstrakulikuler/system/CodeIgniter.php(419): CodeIgniter\CodeIgniter->runController(Object(App\Controllers\Data_siswa))
#7 /Applications/XAMPP/xamppfiles/htdocs/manajemen-ekstrakulikuler/system/CodeIgniter.php(326): CodeIgniter\CodeIgniter->handleRequest(NULL, Object(Config\Cache), false)
#8 /Applications/XAMPP/xamppfiles/htdocs/manajemen-ekstrakulikuler/public/index.php(37): CodeIgniter\CodeIgniter->run()
#9 /Applications/XAMPP/xamppfiles/htdocs/manajemen-ekstrakulikuler/system/Commands/Server/rewrite.php(43): require_once('/Applications/X...')
#10 {main}
CRITICAL - 2023-09-13 08:12:54 --> Invalid argument supplied for foreach()
#0 /Applications/XAMPP/xamppfiles/htdocs/manajemen-ekstrakulikuler/app/Views/data_siswa/menu.php(43): CodeIgniter\Debug\Exceptions->errorHandler(2, 'Invalid argumen...', '/Applications/X...', 43, Array)
#1 /Applications/XAMPP/xamppfiles/htdocs/manajemen-ekstrakulikuler/system/View/View.php(210): include('/Applications/X...')
#2 /Applications/XAMPP/xamppfiles/htdocs/manajemen-ekstrakulikuler/system/View/View.php(213): CodeIgniter\View\View->CodeIgniter\View\{closure}()
#3 /Applications/XAMPP/xamppfiles/htdocs/manajemen-ekstrakulikuler/system/Common.php(1089): CodeIgniter\View\View->render('data_siswa/menu', Array, true)
#4 /Applications/XAMPP/xamppfiles/htdocs/manajemen-ekstrakulikuler/app/Controllers/Data_siswa.php(45): view('data_siswa/menu', Array)
#5 /Applications/XAMPP/xamppfiles/htdocs/manajemen-ekstrakulikuler/system/CodeIgniter.php(832): App\Controllers\Data_siswa->menu()
#6 /Applications/XAMPP/xamppfiles/htdocs/manajemen-ekstrakulikuler/system/CodeIgniter.php(419): CodeIgniter\CodeIgniter->runController(Object(App\Controllers\Data_siswa))
#7 /Applications/XAMPP/xamppfiles/htdocs/manajemen-ekstrakulikuler/system/CodeIgniter.php(326): CodeIgniter\CodeIgniter->handleRequest(NULL, Object(Config\Cache), false)
#8 /Applications/XAMPP/xamppfiles/htdocs/manajemen-ekstrakulikuler/public/index.php(37): CodeIgniter\CodeIgniter->run()
#9 /Applications/XAMPP/xamppfiles/htdocs/manajemen-ekstrakulikuler/system/Commands/Server/rewrite.php(43): require_once('/Applications/X...')
#10 {main}
CRITICAL - 2023-09-13 08:46:03 --> syntax error, unexpected '||' (T_BOOLEAN_OR)
#0 /Applications/XAMPP/xamppfiles/htdocs/manajemen-ekstrakulikuler/system/View/View.php(213): CodeIgniter\View\View->CodeIgniter\View\{closure}()
#1 /Applications/XAMPP/xamppfiles/htdocs/manajemen-ekstrakulikuler/system/Common.php(1089): CodeIgniter\View\View->render('partial/side_me...', Array, true)
#2 /Applications/XAMPP/xamppfiles/htdocs/manajemen-ekstrakulikuler/app/Controllers/Data_siswa.php(60): view('partial/side_me...')
#3 /Applications/XAMPP/xamppfiles/htdocs/manajemen-ekstrakulikuler/system/CodeIgniter.php(832): App\Controllers\Data_siswa->menu()
#4 /Applications/XAMPP/xamppfiles/htdocs/manajemen-ekstrakulikuler/system/CodeIgniter.php(419): CodeIgniter\CodeIgniter->runController(Object(App\Controllers\Data_siswa))
#5 /Applications/XAMPP/xamppfiles/htdocs/manajemen-ekstrakulikuler/system/CodeIgniter.php(326): CodeIgniter\CodeIgniter->handleRequest(NULL, Object(Config\Cache), false)
#6 /Applications/XAMPP/xamppfiles/htdocs/manajemen-ekstrakulikuler/public/index.php(37): CodeIgniter\CodeIgniter->run()
#7 /Applications/XAMPP/xamppfiles/htdocs/manajemen-ekstrakulikuler/system/Commands/Server/rewrite.php(43): require_once('/Applications/X...')
#8 {main}
CRITICAL - 2023-09-13 09:07:18 --> Object of class stdClass could not be converted to string
#0 /Applications/XAMPP/xamppfiles/htdocs/manajemen-ekstrakulikuler/system/View/View.php(210): include()
#1 /Applications/XAMPP/xamppfiles/htdocs/manajemen-ekstrakulikuler/system/View/View.php(213): CodeIgniter\View\View->CodeIgniter\View\{closure}()
#2 /Applications/XAMPP/xamppfiles/htdocs/manajemen-ekstrakulikuler/system/Common.php(1089): CodeIgniter\View\View->render('login/dashboard', Array, true)
#3 /Applications/XAMPP/xamppfiles/htdocs/manajemen-ekstrakulikuler/app/Controllers/Dashboard.php(22): view('login/dashboard', Array)
#4 /Applications/XAMPP/xamppfiles/htdocs/manajemen-ekstrakulikuler/system/CodeIgniter.php(832): App\Controllers\Dashboard->index()
#5 /Applications/XAMPP/xamppfiles/htdocs/manajemen-ekstrakulikuler/system/CodeIgniter.php(419): CodeIgniter\CodeIgniter->runController(Object(App\Controllers\Dashboard))
#6 /Applications/XAMPP/xamppfiles/htdocs/manajemen-ekstrakulikuler/system/CodeIgniter.php(326): CodeIgniter\CodeIgniter->handleRequest(NULL, Object(Config\Cache), false)
#7 /Applications/XAMPP/xamppfiles/htdocs/manajemen-ekstrakulikuler/public/index.php(37): CodeIgniter\CodeIgniter->run()
#8 /Applications/XAMPP/xamppfiles/htdocs/manajemen-ekstrakulikuler/system/Commands/Server/rewrite.php(43): require_once('/Applications/X...')
#9 {main}
CRITICAL - 2023-09-13 09:08:04 --> Object of class stdClass could not be converted to string
#0 /Applications/XAMPP/xamppfiles/htdocs/manajemen-ekstrakulikuler/system/View/View.php(210): include()
#1 /Applications/XAMPP/xamppfiles/htdocs/manajemen-ekstrakulikuler/system/View/View.php(213): CodeIgniter\View\View->CodeIgniter\View\{closure}()
#2 /Applications/XAMPP/xamppfiles/htdocs/manajemen-ekstrakulikuler/system/Common.php(1089): CodeIgniter\View\View->render('login/dashboard', Array, true)
#3 /Applications/XAMPP/xamppfiles/htdocs/manajemen-ekstrakulikuler/app/Controllers/Dashboard.php(22): view('login/dashboard', Array)
#4 /Applications/XAMPP/xamppfiles/htdocs/manajemen-ekstrakulikuler/system/CodeIgniter.php(832): App\Controllers\Dashboard->index()
#5 /Applications/XAMPP/xamppfiles/htdocs/manajemen-ekstrakulikuler/system/CodeIgniter.php(419): CodeIgniter\CodeIgniter->runController(Object(App\Controllers\Dashboard))
#6 /Applications/XAMPP/xamppfiles/htdocs/manajemen-ekstrakulikuler/system/CodeIgniter.php(326): CodeIgniter\CodeIgniter->handleRequest(NULL, Object(Config\Cache), false)
#7 /Applications/XAMPP/xamppfiles/htdocs/manajemen-ekstrakulikuler/public/index.php(37): CodeIgniter\CodeIgniter->run()
#8 /Applications/XAMPP/xamppfiles/htdocs/manajemen-ekstrakulikuler/system/Commands/Server/rewrite.php(43): require_once('/Applications/X...')
#9 {main}
CRITICAL - 2023-09-13 09:13:59 --> Too few arguments to function App\Models\M_siswa::getSiswaByEkskul(), 1 passed in /Applications/XAMPP/xamppfiles/htdocs/manajemen-ekstrakulikuler/app/Controllers/Data_siswa.php on line 31 and exactly 8 expected
#0 /Applications/XAMPP/xamppfiles/htdocs/manajemen-ekstrakulikuler/app/Controllers/Data_siswa.php(31): App\Models\M_siswa->getSiswaByEkskul('1')
#1 /Applications/XAMPP/xamppfiles/htdocs/manajemen-ekstrakulikuler/system/CodeIgniter.php(832): App\Controllers\Data_siswa->index()
#2 /Applications/XAMPP/xamppfiles/htdocs/manajemen-ekstrakulikuler/system/CodeIgniter.php(419): CodeIgniter\CodeIgniter->runController(Object(App\Controllers\Data_siswa))
#3 /Applications/XAMPP/xamppfiles/htdocs/manajemen-ekstrakulikuler/system/CodeIgniter.php(326): CodeIgniter\CodeIgniter->handleRequest(NULL, Object(Config\Cache), false)
#4 /Applications/XAMPP/xamppfiles/htdocs/manajemen-ekstrakulikuler/public/index.php(37): CodeIgniter\CodeIgniter->run()
#5 /Applications/XAMPP/xamppfiles/htdocs/manajemen-ekstrakulikuler/system/Commands/Server/rewrite.php(43): require_once('/Applications/X...')
#6 {main}
CRITICAL - 2023-09-13 09:14:17 --> Too few arguments to function App\Models\M_siswa::getSiswaByKelas(), 1 passed in /Applications/XAMPP/xamppfiles/htdocs/manajemen-ekstrakulikuler/app/Controllers/Data_siswa.php on line 29 and exactly 8 expected
#0 /Applications/XAMPP/xamppfiles/htdocs/manajemen-ekstrakulikuler/app/Controllers/Data_siswa.php(29): App\Models\M_siswa->getSiswaByKelas('1')
#1 /Applications/XAMPP/xamppfiles/htdocs/manajemen-ekstrakulikuler/system/CodeIgniter.php(832): App\Controllers\Data_siswa->index()
#2 /Applications/XAMPP/xamppfiles/htdocs/manajemen-ekstrakulikuler/system/CodeIgniter.php(419): CodeIgniter\CodeIgniter->runController(Object(App\Controllers\Data_siswa))
#3 /Applications/XAMPP/xamppfiles/htdocs/manajemen-ekstrakulikuler/system/CodeIgniter.php(326): CodeIgniter\CodeIgniter->handleRequest(NULL, Object(Config\Cache), false)
#4 /Applications/XAMPP/xamppfiles/htdocs/manajemen-ekstrakulikuler/public/index.php(37): CodeIgniter\CodeIgniter->run()
#5 /Applications/XAMPP/xamppfiles/htdocs/manajemen-ekstrakulikuler/system/Commands/Server/rewrite.php(43): require_once('/Applications/X...')
#6 {main}
CRITICAL - 2023-09-13 09:15:02 --> Too few arguments to function App\Models\M_siswa::getSiswaByKelas(), 1 passed in /Applications/XAMPP/xamppfiles/htdocs/manajemen-ekstrakulikuler/app/Controllers/Data_siswa.php on line 28 and exactly 8 expected
#0 /Applications/XAMPP/xamppfiles/htdocs/manajemen-ekstrakulikuler/app/Controllers/Data_siswa.php(28): App\Models\M_siswa->getSiswaByKelas('1')
#1 /Applications/XAMPP/xamppfiles/htdocs/manajemen-ekstrakulikuler/system/CodeIgniter.php(832): App\Controllers\Data_siswa->index()
#2 /Applications/XAMPP/xamppfiles/htdocs/manajemen-ekstrakulikuler/system/CodeIgniter.php(419): CodeIgniter\CodeIgniter->runController(Object(App\Controllers\Data_siswa))
#3 /Applications/XAMPP/xamppfiles/htdocs/manajemen-ekstrakulikuler/system/CodeIgniter.php(326): CodeIgniter\CodeIgniter->handleRequest(NULL, Object(Config\Cache), false)
#4 /Applications/XAMPP/xamppfiles/htdocs/manajemen-ekstrakulikuler/public/index.php(37): CodeIgniter\CodeIgniter->run()
#5 /Applications/XAMPP/xamppfiles/htdocs/manajemen-ekstrakulikuler/system/Commands/Server/rewrite.php(43): require_once('/Applications/X...')
#6 {main}
CRITICAL - 2023-09-13 19:13:37 --> Class 'App\Controllers\M_siswa' not found
#0 C:\xampp\htdocs\manajemen-ekstrakulikuler\system\CodeIgniter.php(832): App\Controllers\Data_absensi->menu()
#1 C:\xampp\htdocs\manajemen-ekstrakulikuler\system\CodeIgniter.php(419): CodeIgniter\CodeIgniter->runController(Object(App\Controllers\Data_absensi))
#2 C:\xampp\htdocs\manajemen-ekstrakulikuler\system\CodeIgniter.php(326): CodeIgniter\CodeIgniter->handleRequest(NULL, Object(Config\Cache), false)
#3 C:\xampp\htdocs\manajemen-ekstrakulikuler\public\index.php(37): CodeIgniter\CodeIgniter->run()
#4 C:\xampp\htdocs\manajemen-ekstrakulikuler\system\Commands\Server\rewrite.php(43): require_once('C:\\xampp\\htdocs...')
#5 {main}
CRITICAL - 2023-09-13 19:18:48 --> Invalid argument supplied for foreach()
#0 C:\xampp\htdocs\manajemen-ekstrakulikuler\app\Views\data_absensi\menu.php(43): CodeIgniter\Debug\Exceptions->errorHandler(2, 'Invalid argumen...', 'C:\\xampp\\htdocs...', 43, Array)
#1 C:\xampp\htdocs\manajemen-ekstrakulikuler\system\View\View.php(210): include('C:\\xampp\\htdocs...')
#2 C:\xampp\htdocs\manajemen-ekstrakulikuler\system\View\View.php(213): CodeIgniter\View\View->CodeIgniter\View\{closure}()
#3 C:\xampp\htdocs\manajemen-ekstrakulikuler\system\Common.php(1089): CodeIgniter\View\View->render('data_absensi/me...', Array, true)
#4 C:\xampp\htdocs\manajemen-ekstrakulikuler\app\Controllers\Data_absensi.php(45): view('data_absensi/me...', Array)
#5 C:\xampp\htdocs\manajemen-ekstrakulikuler\system\CodeIgniter.php(832): App\Controllers\Data_absensi->menu()
#6 C:\xampp\htdocs\manajemen-ekstrakulikuler\system\CodeIgniter.php(419): CodeIgniter\CodeIgniter->runController(Object(App\Controllers\Data_absensi))
#7 C:\xampp\htdocs\manajemen-ekstrakulikuler\system\CodeIgniter.php(326): CodeIgniter\CodeIgniter->handleRequest(NULL, Object(Config\Cache), false)
#8 C:\xampp\htdocs\manajemen-ekstrakulikuler\public\index.php(37): CodeIgniter\CodeIgniter->run()
#9 C:\xampp\htdocs\manajemen-ekstrakulikuler\system\Commands\Server\rewrite.php(43): require_once('C:\\xampp\\htdocs...')
#10 {main}
CRITICAL - 2023-09-13 19:51:32 --> syntax error, unexpected end of file, expecting function (T_FUNCTION) or const (T_CONST)
#0 C:\xampp\htdocs\manajemen-ekstrakulikuler\system\Router\Router.php(175): CodeIgniter\Router\Router->autoRoute('data_absensi')
#1 C:\xampp\htdocs\manajemen-ekstrakulikuler\system\CodeIgniter.php(726): CodeIgniter\Router\Router->handle('data_absensi')
#2 C:\xampp\htdocs\manajemen-ekstrakulikuler\system\CodeIgniter.php(368): CodeIgniter\CodeIgniter->tryToRouteIt(Object(CodeIgniter\Router\RouteCollection))
#3 C:\xampp\htdocs\manajemen-ekstrakulikuler\system\CodeIgniter.php(326): CodeIgniter\CodeIgniter->handleRequest(NULL, Object(Config\Cache), false)
#4 C:\xampp\htdocs\manajemen-ekstrakulikuler\public\index.php(37): CodeIgniter\CodeIgniter->run()
#5 C:\xampp\htdocs\manajemen-ekstrakulikuler\system\Commands\Server\rewrite.php(43): require_once('C:\\xampp\\htdocs...')
#6 {main}
CRITICAL - 2023-09-13 19:51:59 --> Invalid argument supplied for foreach()
#0 C:\xampp\htdocs\manajemen-ekstrakulikuler\app\Views\data_absensi\create.php(52): CodeIgniter\Debug\Exceptions->errorHandler(2, 'Invalid argumen...', 'C:\\xampp\\htdocs...', 52, Array)
#1 C:\xampp\htdocs\manajemen-ekstrakulikuler\system\View\View.php(210): include('C:\\xampp\\htdocs...')
#2 C:\xampp\htdocs\manajemen-ekstrakulikuler\system\View\View.php(213): CodeIgniter\View\View->CodeIgniter\View\{closure}()
#3 C:\xampp\htdocs\manajemen-ekstrakulikuler\system\Common.php(1089): CodeIgniter\View\View->render('data_absensi/cr...', Array, true)
#4 C:\xampp\htdocs\manajemen-ekstrakulikuler\app\Controllers\Data_absensi.php(65): view('data_absensi/cr...', Array)
#5 C:\xampp\htdocs\manajemen-ekstrakulikuler\system\CodeIgniter.php(832): App\Controllers\Data_absensi->create()
#6 C:\xampp\htdocs\manajemen-ekstrakulikuler\system\CodeIgniter.php(419): CodeIgniter\CodeIgniter->runController(Object(App\Controllers\Data_absensi))
#7 C:\xampp\htdocs\manajemen-ekstrakulikuler\system\CodeIgniter.php(326): CodeIgniter\CodeIgniter->handleRequest(NULL, Object(Config\Cache), false)
#8 C:\xampp\htdocs\manajemen-ekstrakulikuler\public\index.php(37): CodeIgniter\CodeIgniter->run()
#9 C:\xampp\htdocs\manajemen-ekstrakulikuler\system\Commands\Server\rewrite.php(43): require_once('C:\\xampp\\htdocs...')
#10 {main}
CRITICAL - 2023-09-13 19:53:25 --> Invalid argument supplied for foreach()
#0 C:\xampp\htdocs\manajemen-ekstrakulikuler\app\Views\data_absensi\create.php(52): CodeIgniter\Debug\Exceptions->errorHandler(2, 'Invalid argumen...', 'C:\\xampp\\htdocs...', 52, Array)
#1 C:\xampp\htdocs\manajemen-ekstrakulikuler\system\View\View.php(210): include('C:\\xampp\\htdocs...')
#2 C:\xampp\htdocs\manajemen-ekstrakulikuler\system\View\View.php(213): CodeIgniter\View\View->CodeIgniter\View\{closure}()
#3 C:\xampp\htdocs\manajemen-ekstrakulikuler\system\Common.php(1089): CodeIgniter\View\View->render('data_absensi/cr...', Array, true)
#4 C:\xampp\htdocs\manajemen-ekstrakulikuler\app\Controllers\Data_absensi.php(65): view('data_absensi/cr...', Array)
#5 C:\xampp\htdocs\manajemen-ekstrakulikuler\system\CodeIgniter.php(832): App\Controllers\Data_absensi->create()
#6 C:\xampp\htdocs\manajemen-ekstrakulikuler\system\CodeIgniter.php(419): CodeIgniter\CodeIgniter->runController(Object(App\Controllers\Data_absensi))
#7 C:\xampp\htdocs\manajemen-ekstrakulikuler\system\CodeIgniter.php(326): CodeIgniter\CodeIgniter->handleRequest(NULL, Object(Config\Cache), false)
#8 C:\xampp\htdocs\manajemen-ekstrakulikuler\public\index.php(37): CodeIgniter\CodeIgniter->run()
#9 C:\xampp\htdocs\manajemen-ekstrakulikuler\system\Commands\Server\rewrite.php(43): require_once('C:\\xampp\\htdocs...')
#10 {main}
CRITICAL - 2023-09-13 19:53:25 --> Invalid argument supplied for foreach()
#0 C:\xampp\htdocs\manajemen-ekstrakulikuler\app\Views\data_absensi\create.php(52): CodeIgniter\Debug\Exceptions->errorHandler(2, 'Invalid argumen...', 'C:\\xampp\\htdocs...', 52, Array)
#1 C:\xampp\htdocs\manajemen-ekstrakulikuler\system\View\View.php(210): include('C:\\xampp\\htdocs...')
#2 C:\xampp\htdocs\manajemen-ekstrakulikuler\system\View\View.php(213): CodeIgniter\View\View->CodeIgniter\View\{closure}()
#3 C:\xampp\htdocs\manajemen-ekstrakulikuler\system\Common.php(1089): CodeIgniter\View\View->render('data_absensi/cr...', Array, true)
#4 C:\xampp\htdocs\manajemen-ekstrakulikuler\app\Controllers\Data_absensi.php(65): view('data_absensi/cr...', Array)
#5 C:\xampp\htdocs\manajemen-ekstrakulikuler\system\CodeIgniter.php(832): App\Controllers\Data_absensi->create()
#6 C:\xampp\htdocs\manajemen-ekstrakulikuler\system\CodeIgniter.php(419): CodeIgniter\CodeIgniter->runController(Object(App\Controllers\Data_absensi))
#7 C:\xampp\htdocs\manajemen-ekstrakulikuler\system\CodeIgniter.php(326): CodeIgniter\CodeIgniter->handleRequest(NULL, Object(Config\Cache), false)
#8 C:\xampp\htdocs\manajemen-ekstrakulikuler\public\index.php(37): CodeIgniter\CodeIgniter->run()
#9 C:\xampp\htdocs\manajemen-ekstrakulikuler\system\Commands\Server\rewrite.php(43): require_once('C:\\xampp\\htdocs...')
#10 {main}
CRITICAL - 2023-09-13 19:53:25 --> Invalid argument supplied for foreach()
#0 C:\xampp\htdocs\manajemen-ekstrakulikuler\app\Views\data_absensi\create.php(52): CodeIgniter\Debug\Exceptions->errorHandler(2, 'Invalid argumen...', 'C:\\xampp\\htdocs...', 52, Array)
#1 C:\xampp\htdocs\manajemen-ekstrakulikuler\system\View\View.php(210): include('C:\\xampp\\htdocs...')
#2 C:\xampp\htdocs\manajemen-ekstrakulikuler\system\View\View.php(213): CodeIgniter\View\View->CodeIgniter\View\{closure}()
#3 C:\xampp\htdocs\manajemen-ekstrakulikuler\system\Common.php(1089): CodeIgniter\View\View->render('data_absensi/cr...', Array, true)
#4 C:\xampp\htdocs\manajemen-ekstrakulikuler\app\Controllers\Data_absensi.php(65): view('data_absensi/cr...', Array)
#5 C:\xampp\htdocs\manajemen-ekstrakulikuler\system\CodeIgniter.php(832): App\Controllers\Data_absensi->create()
#6 C:\xampp\htdocs\manajemen-ekstrakulikuler\system\CodeIgniter.php(419): CodeIgniter\CodeIgniter->runController(Object(App\Controllers\Data_absensi))
#7 C:\xampp\htdocs\manajemen-ekstrakulikuler\system\CodeIgniter.php(326): CodeIgniter\CodeIgniter->handleRequest(NULL, Object(Config\Cache), false)
#8 C:\xampp\htdocs\manajemen-ekstrakulikuler\public\index.php(37): CodeIgniter\CodeIgniter->run()
#9 C:\xampp\htdocs\manajemen-ekstrakulikuler\system\Commands\Server\rewrite.php(43): require_once('C:\\xampp\\htdocs...')
#10 {main}
CRITICAL - 2023-09-13 19:53:25 --> Invalid argument supplied for foreach()
#0 C:\xampp\htdocs\manajemen-ekstrakulikuler\app\Views\data_absensi\create.php(52): CodeIgniter\Debug\Exceptions->errorHandler(2, 'Invalid argumen...', 'C:\\xampp\\htdocs...', 52, Array)
#1 C:\xampp\htdocs\manajemen-ekstrakulikuler\system\View\View.php(210): include('C:\\xampp\\htdocs...')
#2 C:\xampp\htdocs\manajemen-ekstrakulikuler\system\View\View.php(213): CodeIgniter\View\View->CodeIgniter\View\{closure}()
#3 C:\xampp\htdocs\manajemen-ekstrakulikuler\system\Common.php(1089): CodeIgniter\View\View->render('data_absensi/cr...', Array, true)
#4 C:\xampp\htdocs\manajemen-ekstrakulikuler\app\Controllers\Data_absensi.php(65): view('data_absensi/cr...', Array)
#5 C:\xampp\htdocs\manajemen-ekstrakulikuler\system\CodeIgniter.php(832): App\Controllers\Data_absensi->create()
#6 C:\xampp\htdocs\manajemen-ekstrakulikuler\system\CodeIgniter.php(419): CodeIgniter\CodeIgniter->runController(Object(App\Controllers\Data_absensi))
#7 C:\xampp\htdocs\manajemen-ekstrakulikuler\system\CodeIgniter.php(326): CodeIgniter\CodeIgniter->handleRequest(NULL, Object(Config\Cache), false)
#8 C:\xampp\htdocs\manajemen-ekstrakulikuler\public\index.php(37): CodeIgniter\CodeIgniter->run()
#9 C:\xampp\htdocs\manajemen-ekstrakulikuler\system\Commands\Server\rewrite.php(43): require_once('C:\\xampp\\htdocs...')
#10 {main}
CRITICAL - 2023-09-13 22:03:23 --> syntax error, unexpected end of file
#0 C:\xampp\htdocs\manajemen-ekstrakulikuler\system\View\View.php(213): CodeIgniter\View\View->CodeIgniter\View\{closure}()
#1 C:\xampp\htdocs\manajemen-ekstrakulikuler\system\Common.php(1089): CodeIgniter\View\View->render('partial/side_me...', Array, true)
#2 C:\xampp\htdocs\manajemen-ekstrakulikuler\app\Controllers\Dashboard.php(20): view('partial/side_me...')
#3 C:\xampp\htdocs\manajemen-ekstrakulikuler\system\CodeIgniter.php(832): App\Controllers\Dashboard->index()
#4 C:\xampp\htdocs\manajemen-ekstrakulikuler\system\CodeIgniter.php(419): CodeIgniter\CodeIgniter->runController(Object(App\Controllers\Dashboard))
#5 C:\xampp\htdocs\manajemen-ekstrakulikuler\system\CodeIgniter.php(326): CodeIgniter\CodeIgniter->handleRequest(NULL, Object(Config\Cache), false)
#6 C:\xampp\htdocs\manajemen-ekstrakulikuler\public\index.php(37): CodeIgniter\CodeIgniter->run()
#7 C:\xampp\htdocs\manajemen-ekstrakulikuler\system\Commands\Server\rewrite.php(43): require_once('C:\\xampp\\htdocs...')
#8 {main}
CRITICAL - 2023-09-13 22:06:43 --> syntax error, unexpected '}', expecting end of file
#0 C:\xampp\htdocs\manajemen-ekstrakulikuler\system\View\View.php(213): CodeIgniter\View\View->CodeIgniter\View\{closure}()
#1 C:\xampp\htdocs\manajemen-ekstrakulikuler\system\Common.php(1089): CodeIgniter\View\View->render('partial/side_me...', Array, true)
#2 C:\xampp\htdocs\manajemen-ekstrakulikuler\app\Controllers\Dashboard.php(20): view('partial/side_me...')
#3 C:\xampp\htdocs\manajemen-ekstrakulikuler\system\CodeIgniter.php(832): App\Controllers\Dashboard->index()
#4 C:\xampp\htdocs\manajemen-ekstrakulikuler\system\CodeIgniter.php(419): CodeIgniter\CodeIgniter->runController(Object(App\Controllers\Dashboard))
#5 C:\xampp\htdocs\manajemen-ekstrakulikuler\system\CodeIgniter.php(326): CodeIgniter\CodeIgniter->handleRequest(NULL, Object(Config\Cache), false)
#6 C:\xampp\htdocs\manajemen-ekstrakulikuler\public\index.php(37): CodeIgniter\CodeIgniter->run()
#7 C:\xampp\htdocs\manajemen-ekstrakulikuler\system\Commands\Server\rewrite.php(43): require_once('C:\\xampp\\htdocs...')
#8 {main}
CRITICAL - 2023-09-13 22:18:08 --> Invalid argument supplied for foreach()
#0 C:\xampp\htdocs\manajemen-ekstrakulikuler\app\Views\pemilihan_ekskul\view.php(64): CodeIgniter\Debug\Exceptions->errorHandler(2, 'Invalid argumen...', 'C:\\xampp\\htdocs...', 64, Array)
#1 C:\xampp\htdocs\manajemen-ekstrakulikuler\system\View\View.php(210): include('C:\\xampp\\htdocs...')
#2 C:\xampp\htdocs\manajemen-ekstrakulikuler\system\View\View.php(213): CodeIgniter\View\View->CodeIgniter\View\{closure}()
#3 C:\xampp\htdocs\manajemen-ekstrakulikuler\system\Common.php(1089): CodeIgniter\View\View->render('pemilihan_eksku...', Array, true)
#4 C:\xampp\htdocs\manajemen-ekstrakulikuler\app\Controllers\Pemilihan_ekskul.php(20): view('pemilihan_eksku...', Array)
#5 C:\xampp\htdocs\manajemen-ekstrakulikuler\system\CodeIgniter.php(832): App\Controllers\Pemilihan_ekskul->index()
#6 C:\xampp\htdocs\manajemen-ekstrakulikuler\system\CodeIgniter.php(419): CodeIgniter\CodeIgniter->runController(Object(App\Controllers\Pemilihan_ekskul))
#7 C:\xampp\htdocs\manajemen-ekstrakulikuler\system\CodeIgniter.php(326): CodeIgniter\CodeIgniter->handleRequest(NULL, Object(Config\Cache), false)
#8 C:\xampp\htdocs\manajemen-ekstrakulikuler\public\index.php(37): CodeIgniter\CodeIgniter->run()
#9 C:\xampp\htdocs\manajemen-ekstrakulikuler\system\Commands\Server\rewrite.php(43): require_once('C:\\xampp\\htdocs...')
#10 {main}
CRITICAL - 2023-09-13 22:33:22 --> syntax error, unexpected end of file
#0 C:\xampp\htdocs\manajemen-ekstrakulikuler\system\View\View.php(213): CodeIgniter\View\View->CodeIgniter\View\{closure}()
#1 C:\xampp\htdocs\manajemen-ekstrakulikuler\system\Common.php(1089): CodeIgniter\View\View->render('data_ekstrakuli...', Array, true)
#2 C:\xampp\htdocs\manajemen-ekstrakulikuler\app\Controllers\Data_ekstrakulikuler_siswa.php(20): view('data_ekstrakuli...', Array)
#3 C:\xampp\htdocs\manajemen-ekstrakulikuler\system\CodeIgniter.php(832): App\Controllers\Data_ekstrakulikuler_siswa->index()
#4 C:\xampp\htdocs\manajemen-ekstrakulikuler\system\CodeIgniter.php(419): CodeIgniter\CodeIgniter->runController(Object(App\Controllers\Data_ekstrakulikuler_siswa))
#5 C:\xampp\htdocs\manajemen-ekstrakulikuler\system\CodeIgniter.php(326): CodeIgniter\CodeIgniter->handleRequest(NULL, Object(Config\Cache), false)
#6 C:\xampp\htdocs\manajemen-ekstrakulikuler\public\index.php(37): CodeIgniter\CodeIgniter->run()
#7 C:\xampp\htdocs\manajemen-ekstrakulikuler\system\Commands\Server\rewrite.php(43): require_once('C:\\xampp\\htdocs...')
#8 {main}
CRITICAL - 2023-09-13 22:39:01 --> Too few arguments to function App\Models\M_ekstrakulikuler::getDataByEkskul(), 3 passed in C:\xampp\htdocs\manajemen-ekstrakulikuler\app\Controllers\Data_ekstrakulikuler_siswa.php on line 22 and exactly 4 expected
#0 C:\xampp\htdocs\manajemen-ekstrakulikuler\app\Controllers\Data_ekstrakulikuler_siswa.php(22): App\Models\M_ekstrakulikuler->getDataByEkskul('data_ekstrakuli...', 'data_instruktur', 'data_ekstrakuli...')
#1 C:\xampp\htdocs\manajemen-ekstrakulikuler\system\CodeIgniter.php(832): App\Controllers\Data_ekstrakulikuler_siswa->index()
#2 C:\xampp\htdocs\manajemen-ekstrakulikuler\system\CodeIgniter.php(419): CodeIgniter\CodeIgniter->runController(Object(App\Controllers\Data_ekstrakulikuler_siswa))
#3 C:\xampp\htdocs\manajemen-ekstrakulikuler\system\CodeIgniter.php(326): CodeIgniter\CodeIgniter->handleRequest(NULL, Object(Config\Cache), false)
#4 C:\xampp\htdocs\manajemen-ekstrakulikuler\public\index.php(37): CodeIgniter\CodeIgniter->run()
#5 C:\xampp\htdocs\manajemen-ekstrakulikuler\system\Commands\Server\rewrite.php(43): require_once('C:\\xampp\\htdocs...')
#6 {main}
CRITICAL - 2023-09-13 22:50:57 --> syntax error, unexpected end of file, expecting function (T_FUNCTION) or const (T_CONST)
#0 C:\xampp\htdocs\manajemen-ekstrakulikuler\system\Autoloader\Autoloader.php(241): CodeIgniter\Autoloader\Autoloader->includeFile('C:\\xampp\\htdocs...')
#1 C:\xampp\htdocs\manajemen-ekstrakulikuler\system\Autoloader\Autoloader.php(219): CodeIgniter\Autoloader\Autoloader->loadInNamespace('App\\Controllers...')
#2 [internal function]: CodeIgniter\Autoloader\Autoloader->loadClass('App\\Controllers...')
#3 [internal function]: spl_autoload_call('App\\Controllers...')
#4 C:\xampp\htdocs\manajemen-ekstrakulikuler\system\CodeIgniter.php(797): class_exists('\\App\\Controller...', true)
#5 C:\xampp\htdocs\manajemen-ekstrakulikuler\system\CodeIgniter.php(406): CodeIgniter\CodeIgniter->startController()
#6 C:\xampp\htdocs\manajemen-ekstrakulikuler\system\CodeIgniter.php(326): CodeIgniter\CodeIgniter->handleRequest(NULL, Object(Config\Cache), false)
#7 C:\xampp\htdocs\manajemen-ekstrakulikuler\public\index.php(37): CodeIgniter\CodeIgniter->run()
#8 C:\xampp\htdocs\manajemen-ekstrakulikuler\system\Commands\Server\rewrite.php(43): require_once('C:\\xampp\\htdocs...')
#9 {main}
CRITICAL - 2023-09-13 22:56:16 --> syntax error, unexpected end of file, expecting function (T_FUNCTION) or const (T_CONST)
#0 C:\xampp\htdocs\manajemen-ekstrakulikuler\system\Autoloader\Autoloader.php(241): CodeIgniter\Autoloader\Autoloader->includeFile('C:\\xampp\\htdocs...')
#1 C:\xampp\htdocs\manajemen-ekstrakulikuler\system\Autoloader\Autoloader.php(219): CodeIgniter\Autoloader\Autoloader->loadInNamespace('App\\Controllers...')
#2 [internal function]: CodeIgniter\Autoloader\Autoloader->loadClass('App\\Controllers...')
#3 [internal function]: spl_autoload_call('App\\Controllers...')
#4 C:\xampp\htdocs\manajemen-ekstrakulikuler\system\CodeIgniter.php(797): class_exists('\\App\\Controller...', true)
#5 C:\xampp\htdocs\manajemen-ekstrakulikuler\system\CodeIgniter.php(406): CodeIgniter\CodeIgniter->startController()
#6 C:\xampp\htdocs\manajemen-ekstrakulikuler\system\CodeIgniter.php(326): CodeIgniter\CodeIgniter->handleRequest(NULL, Object(Config\Cache), false)
#7 C:\xampp\htdocs\manajemen-ekstrakulikuler\public\index.php(37): CodeIgniter\CodeIgniter->run()
#8 C:\xampp\htdocs\manajemen-ekstrakulikuler\system\Commands\Server\rewrite.php(43): require_once('C:\\xampp\\htdocs...')
#9 {main}
ERROR - 2023-09-13 22:56:33 --> Unknown column 'user' in 'where clause'
CRITICAL - 2023-09-13 22:56:33 --> Call to a member function getFirstRow() on bool
#0 C:\xampp\htdocs\manajemen-ekstrakulikuler\system\BaseModel.php(622): CodeIgniter\Model->doFirst()
#1 C:\xampp\htdocs\manajemen-ekstrakulikuler\app\Models\M_absensi.php(82): CodeIgniter\BaseModel->first()
#2 C:\xampp\htdocs\manajemen-ekstrakulikuler\app\Controllers\Data_absensi_siswa.php(17): App\Models\M_absensi->getSiswaDataByUserId('5')
#3 C:\xampp\htdocs\manajemen-ekstrakulikuler\system\CodeIgniter.php(832): App\Controllers\Data_absensi_siswa->index('5')
#4 C:\xampp\htdocs\manajemen-ekstrakulikuler\system\CodeIgniter.php(419): CodeIgniter\CodeIgniter->runController(Object(App\Controllers\Data_absensi_siswa))
#5 C:\xampp\htdocs\manajemen-ekstrakulikuler\system\CodeIgniter.php(326): CodeIgniter\CodeIgniter->handleRequest(NULL, Object(Config\Cache), false)
#6 C:\xampp\htdocs\manajemen-ekstrakulikuler\public\index.php(37): CodeIgniter\CodeIgniter->run()
#7 C:\xampp\htdocs\manajemen-ekstrakulikuler\system\Commands\Server\rewrite.php(43): require_once('C:\\xampp\\htdocs...')
#8 {main}
CRITICAL - 2023-09-13 23:06:54 --> Too few arguments to function App\Controllers\Data_absensi_siswa::index(), 0 passed in C:\xampp\htdocs\manajemen-ekstrakulikuler\system\CodeIgniter.php on line 832 and exactly 1 expected
#0 C:\xampp\htdocs\manajemen-ekstrakulikuler\system\CodeIgniter.php(832): App\Controllers\Data_absensi_siswa->index()
#1 C:\xampp\htdocs\manajemen-ekstrakulikuler\system\CodeIgniter.php(419): CodeIgniter\CodeIgniter->runController(Object(App\Controllers\Data_absensi_siswa))
#2 C:\xampp\htdocs\manajemen-ekstrakulikuler\system\CodeIgniter.php(326): CodeIgniter\CodeIgniter->handleRequest(NULL, Object(Config\Cache), false)
#3 C:\xampp\htdocs\manajemen-ekstrakulikuler\public\index.php(37): CodeIgniter\CodeIgniter->run()
#4 C:\xampp\htdocs\manajemen-ekstrakulikuler\system\Commands\Server\rewrite.php(43): require_once('C:\\xampp\\htdocs...')
#5 {main}
CRITICAL - 2023-09-13 23:12:36 --> Invalid argument supplied for foreach()
#0 C:\xampp\htdocs\manajemen-ekstrakulikuler\app\Views\data_absensi\create_admin.php(52): CodeIgniter\Debug\Exceptions->errorHandler(2, 'Invalid argumen...', 'C:\\xampp\\htdocs...', 52, Array)
#1 C:\xampp\htdocs\manajemen-ekstrakulikuler\system\View\View.php(210): include('C:\\xampp\\htdocs...')
#2 C:\xampp\htdocs\manajemen-ekstrakulikuler\system\View\View.php(213): CodeIgniter\View\View->CodeIgniter\View\{closure}()
#3 C:\xampp\htdocs\manajemen-ekstrakulikuler\system\Common.php(1089): CodeIgniter\View\View->render('data_absensi/cr...', Array, true)
#4 C:\xampp\htdocs\manajemen-ekstrakulikuler\app\Controllers\Data_absensi_siswa.php(52): view('data_absensi/cr...', Array)
#5 C:\xampp\htdocs\manajemen-ekstrakulikuler\system\CodeIgniter.php(832): App\Controllers\Data_absensi_siswa->create()
#6 C:\xampp\htdocs\manajemen-ekstrakulikuler\system\CodeIgniter.php(419): CodeIgniter\CodeIgniter->runController(Object(App\Controllers\Data_absensi_siswa))
#7 C:\xampp\htdocs\manajemen-ekstrakulikuler\system\CodeIgniter.php(326): CodeIgniter\CodeIgniter->handleRequest(NULL, Object(Config\Cache), false)
#8 C:\xampp\htdocs\manajemen-ekstrakulikuler\public\index.php(37): CodeIgniter\CodeIgniter->run()
#9 C:\xampp\htdocs\manajemen-ekstrakulikuler\system\Commands\Server\rewrite.php(43): require_once('C:\\xampp\\htdocs...')
#10 {main}
CRITICAL - 2023-09-13 23:13:05 --> Invalid argument supplied for foreach()
#0 C:\xampp\htdocs\manajemen-ekstrakulikuler\app\Views\data_absensi\create_admin.php(52): CodeIgniter\Debug\Exceptions->errorHandler(2, 'Invalid argumen...', 'C:\\xampp\\htdocs...', 52, Array)
#1 C:\xampp\htdocs\manajemen-ekstrakulikuler\system\View\View.php(210): include('C:\\xampp\\htdocs...')
#2 C:\xampp\htdocs\manajemen-ekstrakulikuler\system\View\View.php(213): CodeIgniter\View\View->CodeIgniter\View\{closure}()
#3 C:\xampp\htdocs\manajemen-ekstrakulikuler\system\Common.php(1089): CodeIgniter\View\View->render('data_absensi/cr...', Array, true)
#4 C:\xampp\htdocs\manajemen-ekstrakulikuler\app\Controllers\Data_absensi_siswa.php(52): view('data_absensi/cr...', Array)
#5 C:\xampp\htdocs\manajemen-ekstrakulikuler\system\CodeIgniter.php(832): App\Controllers\Data_absensi_siswa->create()
#6 C:\xampp\htdocs\manajemen-ekstrakulikuler\system\CodeIgniter.php(419): CodeIgniter\CodeIgniter->runController(Object(App\Controllers\Data_absensi_siswa))
#7 C:\xampp\htdocs\manajemen-ekstrakulikuler\system\CodeIgniter.php(326): CodeIgniter\CodeIgniter->handleRequest(NULL, Object(Config\Cache), false)
#8 C:\xampp\htdocs\manajemen-ekstrakulikuler\public\index.php(37): CodeIgniter\CodeIgniter->run()
#9 C:\xampp\htdocs\manajemen-ekstrakulikuler\system\Commands\Server\rewrite.php(43): require_once('C:\\xampp\\htdocs...')
#10 {main}
CRITICAL - 2023-09-13 23:13:06 --> Invalid argument supplied for foreach()
#0 C:\xampp\htdocs\manajemen-ekstrakulikuler\app\Views\data_absensi\create_admin.php(52): CodeIgniter\Debug\Exceptions->errorHandler(2, 'Invalid argumen...', 'C:\\xampp\\htdocs...', 52, Array)
#1 C:\xampp\htdocs\manajemen-ekstrakulikuler\system\View\View.php(210): include('C:\\xampp\\htdocs...')
#2 C:\xampp\htdocs\manajemen-ekstrakulikuler\system\View\View.php(213): CodeIgniter\View\View->CodeIgniter\View\{closure}()
#3 C:\xampp\htdocs\manajemen-ekstrakulikuler\system\Common.php(1089): CodeIgniter\View\View->render('data_absensi/cr...', Array, true)
#4 C:\xampp\htdocs\manajemen-ekstrakulikuler\app\Controllers\Data_absensi_siswa.php(52): view('data_absensi/cr...', Array)
#5 C:\xampp\htdocs\manajemen-ekstrakulikuler\system\CodeIgniter.php(832): App\Controllers\Data_absensi_siswa->create()
#6 C:\xampp\htdocs\manajemen-ekstrakulikuler\system\CodeIgniter.php(419): CodeIgniter\CodeIgniter->runController(Object(App\Controllers\Data_absensi_siswa))
#7 C:\xampp\htdocs\manajemen-ekstrakulikuler\system\CodeIgniter.php(326): CodeIgniter\CodeIgniter->handleRequest(NULL, Object(Config\Cache), false)
#8 C:\xampp\htdocs\manajemen-ekstrakulikuler\public\index.php(37): CodeIgniter\CodeIgniter->run()
#9 C:\xampp\htdocs\manajemen-ekstrakulikuler\system\Commands\Server\rewrite.php(43): require_once('C:\\xampp\\htdocs...')
#10 {main}
ERROR - 2023-09-13 23:19:45 --> Unknown column 'data_absensi.ekskul' in 'on clause'
CRITICAL - 2023-09-13 23:19:45 --> Call to a member function getResult() on bool
#0 C:\xampp\htdocs\manajemen-ekstrakulikuler\app\Controllers\Data_absensi_siswa.php(27): App\Models\M_absensi->getAbsensibySiswa('data_absensi', 'data_ekstrakuli...', 'data_siswa', 'data_keterangan', 'data_absensi.ek...', 'data_absensi.si...', 'data_absensi.ke...', '1')
#1 C:\xampp\htdocs\manajemen-ekstrakulikuler\system\CodeIgniter.php(832): App\Controllers\Data_absensi_siswa->index()
#2 C:\xampp\htdocs\manajemen-ekstrakulikuler\system\CodeIgniter.php(419): CodeIgniter\CodeIgniter->runController(Object(App\Controllers\Data_absensi_siswa))
#3 C:\xampp\htdocs\manajemen-ekstrakulikuler\system\CodeIgniter.php(326): CodeIgniter\CodeIgniter->handleRequest(NULL, Object(Config\Cache), false)
#4 C:\xampp\htdocs\manajemen-ekstrakulikuler\public\index.php(37): CodeIgniter\CodeIgniter->run()
#5 C:\xampp\htdocs\manajemen-ekstrakulikuler\system\Commands\Server\rewrite.php(43): require_once('C:\\xampp\\htdocs...')
#6 {main}
ERROR - 2023-09-13 23:20:16 --> Unknown column 'data_siswa.ekskul' in 'on clause'
CRITICAL - 2023-09-13 23:20:16 --> Call to a member function getResult() on bool
#0 C:\xampp\htdocs\manajemen-ekstrakulikuler\app\Controllers\Data_absensi_siswa.php(27): App\Models\M_absensi->getAbsensibySiswa('data_absensi', 'data_ekstrakuli...', 'data_siswa', 'data_keterangan', 'data_siswa.eksk...', 'data_absensi.si...', 'data_absensi.ke...', '1')
#1 C:\xampp\htdocs\manajemen-ekstrakulikuler\system\CodeIgniter.php(832): App\Controllers\Data_absensi_siswa->index()
#2 C:\xampp\htdocs\manajemen-ekstrakulikuler\system\CodeIgniter.php(419): CodeIgniter\CodeIgniter->runController(Object(App\Controllers\Data_absensi_siswa))
#3 C:\xampp\htdocs\manajemen-ekstrakulikuler\system\CodeIgniter.php(326): CodeIgniter\CodeIgniter->handleRequest(NULL, Object(Config\Cache), false)
#4 C:\xampp\htdocs\manajemen-ekstrakulikuler\public\index.php(37): CodeIgniter\CodeIgniter->run()
#5 C:\xampp\htdocs\manajemen-ekstrakulikuler\system\Commands\Server\rewrite.php(43): require_once('C:\\xampp\\htdocs...')
#6 {main}
ERROR - 2023-09-13 23:20:17 --> Unknown column 'data_siswa.ekskul' in 'on clause'
CRITICAL - 2023-09-13 23:20:17 --> Call to a member function getResult() on bool
#0 C:\xampp\htdocs\manajemen-ekstrakulikuler\app\Controllers\Data_absensi_siswa.php(27): App\Models\M_absensi->getAbsensibySiswa('data_absensi', 'data_ekstrakuli...', 'data_siswa', 'data_keterangan', 'data_siswa.eksk...', 'data_absensi.si...', 'data_absensi.ke...', '1')
#1 C:\xampp\htdocs\manajemen-ekstrakulikuler\system\CodeIgniter.php(832): App\Controllers\Data_absensi_siswa->index()
#2 C:\xampp\htdocs\manajemen-ekstrakulikuler\system\CodeIgniter.php(419): CodeIgniter\CodeIgniter->runController(Object(App\Controllers\Data_absensi_siswa))
#3 C:\xampp\htdocs\manajemen-ekstrakulikuler\system\CodeIgniter.php(326): CodeIgniter\CodeIgniter->handleRequest(NULL, Object(Config\Cache), false)
#4 C:\xampp\htdocs\manajemen-ekstrakulikuler\public\index.php(37): CodeIgniter\CodeIgniter->run()
#5 C:\xampp\htdocs\manajemen-ekstrakulikuler\system\Commands\Server\rewrite.php(43): require_once('C:\\xampp\\htdocs...')
#6 {main}
ERROR - 2023-09-13 23:20:17 --> Unknown column 'data_siswa.ekskul' in 'on clause'
CRITICAL - 2023-09-13 23:20:17 --> Call to a member function getResult() on bool
#0 C:\xampp\htdocs\manajemen-ekstrakulikuler\app\Controllers\Data_absensi_siswa.php(27): App\Models\M_absensi->getAbsensibySiswa('data_absensi', 'data_ekstrakuli...', 'data_siswa', 'data_keterangan', 'data_siswa.eksk...', 'data_absensi.si...', 'data_absensi.ke...', '1')
#1 C:\xampp\htdocs\manajemen-ekstrakulikuler\system\CodeIgniter.php(832): App\Controllers\Data_absensi_siswa->index()
#2 C:\xampp\htdocs\manajemen-ekstrakulikuler\system\CodeIgniter.php(419): CodeIgniter\CodeIgniter->runController(Object(App\Controllers\Data_absensi_siswa))
#3 C:\xampp\htdocs\manajemen-ekstrakulikuler\system\CodeIgniter.php(326): CodeIgniter\CodeIgniter->handleRequest(NULL, Object(Config\Cache), false)
#4 C:\xampp\htdocs\manajemen-ekstrakulikuler\public\index.php(37): CodeIgniter\CodeIgniter->run()
#5 C:\xampp\htdocs\manajemen-ekstrakulikuler\system\Commands\Server\rewrite.php(43): require_once('C:\\xampp\\htdocs...')
#6 {main}
ERROR - 2023-09-13 23:20:46 --> Unknown column 'data_siswa.ekskul' in 'on clause'
CRITICAL - 2023-09-13 23:20:46 --> Call to a member function getResult() on bool
#0 C:\xampp\htdocs\manajemen-ekstrakulikuler\app\Controllers\Data_absensi_siswa.php(27): App\Models\M_absensi->getAbsensibySiswa('data_absensi', 'data_ekstrakuli...', 'data_siswa', 'data_keterangan', 'data_siswa.eksk...', 'data_absensi.si...', 'data_absensi.ke...', '1')
#1 C:\xampp\htdocs\manajemen-ekstrakulikuler\system\CodeIgniter.php(832): App\Controllers\Data_absensi_siswa->index()
#2 C:\xampp\htdocs\manajemen-ekstrakulikuler\system\CodeIgniter.php(419): CodeIgniter\CodeIgniter->runController(Object(App\Controllers\Data_absensi_siswa))
#3 C:\xampp\htdocs\manajemen-ekstrakulikuler\system\CodeIgniter.php(326): CodeIgniter\CodeIgniter->handleRequest(NULL, Object(Config\Cache), false)
#4 C:\xampp\htdocs\manajemen-ekstrakulikuler\public\index.php(37): CodeIgniter\CodeIgniter->run()
#5 C:\xampp\htdocs\manajemen-ekstrakulikuler\system\Commands\Server\rewrite.php(43): require_once('C:\\xampp\\htdocs...')
#6 {main}
ERROR - 2023-09-13 23:20:47 --> Unknown column 'data_siswa.ekskul' in 'on clause'
CRITICAL - 2023-09-13 23:20:47 --> Call to a member function getResult() on bool
#0 C:\xampp\htdocs\manajemen-ekstrakulikuler\app\Controllers\Data_absensi_siswa.php(27): App\Models\M_absensi->getAbsensibySiswa('data_absensi', 'data_ekstrakuli...', 'data_siswa', 'data_keterangan', 'data_siswa.eksk...', 'data_absensi.si...', 'data_absensi.ke...', '1')
#1 C:\xampp\htdocs\manajemen-ekstrakulikuler\system\CodeIgniter.php(832): App\Controllers\Data_absensi_siswa->index()
#2 C:\xampp\htdocs\manajemen-ekstrakulikuler\system\CodeIgniter.php(419): CodeIgniter\CodeIgniter->runController(Object(App\Controllers\Data_absensi_siswa))
#3 C:\xampp\htdocs\manajemen-ekstrakulikuler\system\CodeIgniter.php(326): CodeIgniter\CodeIgniter->handleRequest(NULL, Object(Config\Cache), false)
#4 C:\xampp\htdocs\manajemen-ekstrakulikuler\public\index.php(37): CodeIgniter\CodeIgniter->run()
#5 C:\xampp\htdocs\manajemen-ekstrakulikuler\system\Commands\Server\rewrite.php(43): require_once('C:\\xampp\\htdocs...')
#6 {main}
ERROR - 2023-09-13 23:20:47 --> Unknown column 'data_siswa.ekskul' in 'on clause'
CRITICAL - 2023-09-13 23:20:47 --> Call to a member function getResult() on bool
#0 C:\xampp\htdocs\manajemen-ekstrakulikuler\app\Controllers\Data_absensi_siswa.php(27): App\Models\M_absensi->getAbsensibySiswa('data_absensi', 'data_ekstrakuli...', 'data_siswa', 'data_keterangan', 'data_siswa.eksk...', 'data_absensi.si...', 'data_absensi.ke...', '1')
#1 C:\xampp\htdocs\manajemen-ekstrakulikuler\system\CodeIgniter.php(832): App\Controllers\Data_absensi_siswa->index()
#2 C:\xampp\htdocs\manajemen-ekstrakulikuler\system\CodeIgniter.php(419): CodeIgniter\CodeIgniter->runController(Object(App\Controllers\Data_absensi_siswa))
#3 C:\xampp\htdocs\manajemen-ekstrakulikuler\system\CodeIgniter.php(326): CodeIgniter\CodeIgniter->handleRequest(NULL, Object(Config\Cache), false)
#4 C:\xampp\htdocs\manajemen-ekstrakulikuler\public\index.php(37): CodeIgniter\CodeIgniter->run()
#5 C:\xampp\htdocs\manajemen-ekstrakulikuler\system\Commands\Server\rewrite.php(43): require_once('C:\\xampp\\htdocs...')
#6 {main}
ERROR - 2023-09-13 23:20:47 --> Unknown column 'data_siswa.ekskul' in 'on clause'
CRITICAL - 2023-09-13 23:20:47 --> Call to a member function getResult() on bool
#0 C:\xampp\htdocs\manajemen-ekstrakulikuler\app\Controllers\Data_absensi_siswa.php(27): App\Models\M_absensi->getAbsensibySiswa('data_absensi', 'data_ekstrakuli...', 'data_siswa', 'data_keterangan', 'data_siswa.eksk...', 'data_absensi.si...', 'data_absensi.ke...', '1')
#1 C:\xampp\htdocs\manajemen-ekstrakulikuler\system\CodeIgniter.php(832): App\Controllers\Data_absensi_siswa->index()
#2 C:\xampp\htdocs\manajemen-ekstrakulikuler\system\CodeIgniter.php(419): CodeIgniter\CodeIgniter->runController(Object(App\Controllers\Data_absensi_siswa))
#3 C:\xampp\htdocs\manajemen-ekstrakulikuler\system\CodeIgniter.php(326): CodeIgniter\CodeIgniter->handleRequest(NULL, Object(Config\Cache), false)
#4 C:\xampp\htdocs\manajemen-ekstrakulikuler\public\index.php(37): CodeIgniter\CodeIgniter->run()
#5 C:\xampp\htdocs\manajemen-ekstrakulikuler\system\Commands\Server\rewrite.php(43): require_once('C:\\xampp\\htdocs...')
#6 {main}
ERROR - 2023-09-13 23:20:52 --> Unknown column 'data_siswa.ekskul' in 'on clause'
CRITICAL - 2023-09-13 23:20:52 --> Call to a member function getResult() on bool
#0 C:\xampp\htdocs\manajemen-ekstrakulikuler\app\Controllers\Data_absensi_siswa.php(27): App\Models\M_absensi->getAbsensibySiswa('data_absensi', 'data_ekstrakuli...', 'data_siswa', 'data_keterangan', 'data_siswa.eksk...', 'data_absensi.si...', 'data_absensi.ke...', '1')
#1 C:\xampp\htdocs\manajemen-ekstrakulikuler\system\CodeIgniter.php(832): App\Controllers\Data_absensi_siswa->index()
#2 C:\xampp\htdocs\manajemen-ekstrakulikuler\system\CodeIgniter.php(419): CodeIgniter\CodeIgniter->runController(Object(App\Controllers\Data_absensi_siswa))
#3 C:\xampp\htdocs\manajemen-ekstrakulikuler\system\CodeIgniter.php(326): CodeIgniter\CodeIgniter->handleRequest(NULL, Object(Config\Cache), false)
#4 C:\xampp\htdocs\manajemen-ekstrakulikuler\public\index.php(37): CodeIgniter\CodeIgniter->run()
#5 C:\xampp\htdocs\manajemen-ekstrakulikuler\system\Commands\Server\rewrite.php(43): require_once('C:\\xampp\\htdocs...')
#6 {main}
ERROR - 2023-09-13 23:26:34 --> Unknown column 'data_absensi.ekskul' in 'where clause'
CRITICAL - 2023-09-13 23:26:34 --> Call to a member function getResult() on bool
#0 C:\xampp\htdocs\manajemen-ekstrakulikuler\app\Controllers\Data_absensi_instruktur.php(29): App\Models\M_absensi->getAbsensiByEkskul('data_absensi', 'data_ekstrakuli...', 'data_siswa', 'data_keterangan', 'data_absensi.ek...', 'data_absensi.si...', 'data_absensi.ke...', '2')
#1 C:\xampp\htdocs\manajemen-ekstrakulikuler\system\CodeIgniter.php(832): App\Controllers\Data_absensi_instruktur->index()
#2 C:\xampp\htdocs\manajemen-ekstrakulikuler\system\CodeIgniter.php(419): CodeIgniter\CodeIgniter->runController(Object(App\Controllers\Data_absensi_instruktur))
#3 C:\xampp\htdocs\manajemen-ekstrakulikuler\system\CodeIgniter.php(326): CodeIgniter\CodeIgniter->handleRequest(NULL, Object(Config\Cache), false)
#4 C:\xampp\htdocs\manajemen-ekstrakulikuler\public\index.php(37): CodeIgniter\CodeIgniter->run()
#5 C:\xampp\htdocs\manajemen-ekstrakulikuler\system\Commands\Server\rewrite.php(43): require_once('C:\\xampp\\htdocs...')
#6 {main}
ERROR - 2023-09-13 23:26:49 --> Unknown column 'data_absensi.ekskul' in 'where clause'
CRITICAL - 2023-09-13 23:26:49 --> Call to a member function getResult() on bool
#0 C:\xampp\htdocs\manajemen-ekstrakulikuler\app\Controllers\Data_absensi_instruktur.php(29): App\Models\M_absensi->getAbsensiByEkskul('data_absensi', 'data_ekstrakuli...', 'data_siswa', 'data_keterangan', 'data_absensi.ek...', 'data_absensi.si...', 'data_absensi.ke...', '2')
#1 C:\xampp\htdocs\manajemen-ekstrakulikuler\system\CodeIgniter.php(832): App\Controllers\Data_absensi_instruktur->index()
#2 C:\xampp\htdocs\manajemen-ekstrakulikuler\system\CodeIgniter.php(419): CodeIgniter\CodeIgniter->runController(Object(App\Controllers\Data_absensi_instruktur))
#3 C:\xampp\htdocs\manajemen-ekstrakulikuler\system\CodeIgniter.php(326): CodeIgniter\CodeIgniter->handleRequest(NULL, Object(Config\Cache), false)
#4 C:\xampp\htdocs\manajemen-ekstrakulikuler\public\index.php(37): CodeIgniter\CodeIgniter->run()
#5 C:\xampp\htdocs\manajemen-ekstrakulikuler\system\Commands\Server\rewrite.php(43): require_once('C:\\xampp\\htdocs...')
#6 {main}
ERROR - 2023-09-13 23:27:13 --> Unknown column 'data_absensi.ekskul' in 'where clause'
CRITICAL - 2023-09-13 23:27:13 --> Call to a member function getResult() on bool
#0 C:\xampp\htdocs\manajemen-ekstrakulikuler\app\Controllers\Data_absensi_instruktur.php(29): App\Models\M_absensi->getAbsensiByEkskul('data_absensi', 'data_ekstrakuli...', 'data_siswa', 'data_keterangan', 'data_absensi.ek...', 'data_absensi.si...', 'data_absensi.ke...', '2')
#1 C:\xampp\htdocs\manajemen-ekstrakulikuler\system\CodeIgniter.php(832): App\Controllers\Data_absensi_instruktur->index()
#2 C:\xampp\htdocs\manajemen-ekstrakulikuler\system\CodeIgniter.php(419): CodeIgniter\CodeIgniter->runController(Object(App\Controllers\Data_absensi_instruktur))
#3 C:\xampp\htdocs\manajemen-ekstrakulikuler\system\CodeIgniter.php(326): CodeIgniter\CodeIgniter->handleRequest(NULL, Object(Config\Cache), false)
#4 C:\xampp\htdocs\manajemen-ekstrakulikuler\public\index.php(37): CodeIgniter\CodeIgniter->run()
#5 C:\xampp\htdocs\manajemen-ekstrakulikuler\system\Commands\Server\rewrite.php(43): require_once('C:\\xampp\\htdocs...')
#6 {main}
ERROR - 2023-09-13 23:27:13 --> Unknown column 'data_absensi.ekskul' in 'where clause'
CRITICAL - 2023-09-13 23:27:13 --> Call to a member function getResult() on bool
#0 C:\xampp\htdocs\manajemen-ekstrakulikuler\app\Controllers\Data_absensi_instruktur.php(29): App\Models\M_absensi->getAbsensiByEkskul('data_absensi', 'data_ekstrakuli...', 'data_siswa', 'data_keterangan', 'data_absensi.ek...', 'data_absensi.si...', 'data_absensi.ke...', '2')
#1 C:\xampp\htdocs\manajemen-ekstrakulikuler\system\CodeIgniter.php(832): App\Controllers\Data_absensi_instruktur->index()
#2 C:\xampp\htdocs\manajemen-ekstrakulikuler\system\CodeIgniter.php(419): CodeIgniter\CodeIgniter->runController(Object(App\Controllers\Data_absensi_instruktur))
#3 C:\xampp\htdocs\manajemen-ekstrakulikuler\system\CodeIgniter.php(326): CodeIgniter\CodeIgniter->handleRequest(NULL, Object(Config\Cache), false)
#4 C:\xampp\htdocs\manajemen-ekstrakulikuler\public\index.php(37): CodeIgniter\CodeIgniter->run()
#5 C:\xampp\htdocs\manajemen-ekstrakulikuler\system\Commands\Server\rewrite.php(43): require_once('C:\\xampp\\htdocs...')
#6 {main}
ERROR - 2023-09-13 23:27:13 --> Unknown column 'data_absensi.ekskul' in 'where clause'
CRITICAL - 2023-09-13 23:27:13 --> Call to a member function getResult() on bool
#0 C:\xampp\htdocs\manajemen-ekstrakulikuler\app\Controllers\Data_absensi_instruktur.php(29): App\Models\M_absensi->getAbsensiByEkskul('data_absensi', 'data_ekstrakuli...', 'data_siswa', 'data_keterangan', 'data_absensi.ek...', 'data_absensi.si...', 'data_absensi.ke...', '2')
#1 C:\xampp\htdocs\manajemen-ekstrakulikuler\system\CodeIgniter.php(832): App\Controllers\Data_absensi_instruktur->index()
#2 C:\xampp\htdocs\manajemen-ekstrakulikuler\system\CodeIgniter.php(419): CodeIgniter\CodeIgniter->runController(Object(App\Controllers\Data_absensi_instruktur))
#3 C:\xampp\htdocs\manajemen-ekstrakulikuler\system\CodeIgniter.php(326): CodeIgniter\CodeIgniter->handleRequest(NULL, Object(Config\Cache), false)
#4 C:\xampp\htdocs\manajemen-ekstrakulikuler\public\index.php(37): CodeIgniter\CodeIgniter->run()
#5 C:\xampp\htdocs\manajemen-ekstrakulikuler\system\Commands\Server\rewrite.php(43): require_once('C:\\xampp\\htdocs...')
#6 {main}
ERROR - 2023-09-13 23:27:14 --> Unknown column 'data_absensi.ekskul' in 'where clause'
CRITICAL - 2023-09-13 23:27:14 --> Call to a member function getResult() on bool
#0 C:\xampp\htdocs\manajemen-ekstrakulikuler\app\Controllers\Data_absensi_instruktur.php(29): App\Models\M_absensi->getAbsensiByEkskul('data_absensi', 'data_ekstrakuli...', 'data_siswa', 'data_keterangan', 'data_absensi.ek...', 'data_absensi.si...', 'data_absensi.ke...', '2')
#1 C:\xampp\htdocs\manajemen-ekstrakulikuler\system\CodeIgniter.php(832): App\Controllers\Data_absensi_instruktur->index()
#2 C:\xampp\htdocs\manajemen-ekstrakulikuler\system\CodeIgniter.php(419): CodeIgniter\CodeIgniter->runController(Object(App\Controllers\Data_absensi_instruktur))
#3 C:\xampp\htdocs\manajemen-ekstrakulikuler\system\CodeIgniter.php(326): CodeIgniter\CodeIgniter->handleRequest(NULL, Object(Config\Cache), false)
#4 C:\xampp\htdocs\manajemen-ekstrakulikuler\public\index.php(37): CodeIgniter\CodeIgniter->run()
#5 C:\xampp\htdocs\manajemen-ekstrakulikuler\system\Commands\Server\rewrite.php(43): require_once('C:\\xampp\\htdocs...')
#6 {main}
ERROR - 2023-09-13 23:27:14 --> Unknown column 'data_absensi.ekskul' in 'where clause'
CRITICAL - 2023-09-13 23:27:14 --> Call to a member function getResult() on bool
#0 C:\xampp\htdocs\manajemen-ekstrakulikuler\app\Controllers\Data_absensi_instruktur.php(29): App\Models\M_absensi->getAbsensiByEkskul('data_absensi', 'data_ekstrakuli...', 'data_siswa', 'data_keterangan', 'data_absensi.ek...', 'data_absensi.si...', 'data_absensi.ke...', '2')
#1 C:\xampp\htdocs\manajemen-ekstrakulikuler\system\CodeIgniter.php(832): App\Controllers\Data_absensi_instruktur->index()
#2 C:\xampp\htdocs\manajemen-ekstrakulikuler\system\CodeIgniter.php(419): CodeIgniter\CodeIgniter->runController(Object(App\Controllers\Data_absensi_instruktur))
#3 C:\xampp\htdocs\manajemen-ekstrakulikuler\system\CodeIgniter.php(326): CodeIgniter\CodeIgniter->handleRequest(NULL, Object(Config\Cache), false)
#4 C:\xampp\htdocs\manajemen-ekstrakulikuler\public\index.php(37): CodeIgniter\CodeIgniter->run()
#5 C:\xampp\htdocs\manajemen-ekstrakulikuler\system\Commands\Server\rewrite.php(43): require_once('C:\\xampp\\htdocs...')
#6 {main}
ERROR - 2023-09-13 23:27:14 --> Unknown column 'data_absensi.ekskul' in 'where clause'
CRITICAL - 2023-09-13 23:27:14 --> Call to a member function getResult() on bool
#0 C:\xampp\htdocs\manajemen-ekstrakulikuler\app\Controllers\Data_absensi_instruktur.php(29): App\Models\M_absensi->getAbsensiByEkskul('data_absensi', 'data_ekstrakuli...', 'data_siswa', 'data_keterangan', 'data_absensi.ek...', 'data_absensi.si...', 'data_absensi.ke...', '2')
#1 C:\xampp\htdocs\manajemen-ekstrakulikuler\system\CodeIgniter.php(832): App\Controllers\Data_absensi_instruktur->index()
#2 C:\xampp\htdocs\manajemen-ekstrakulikuler\system\CodeIgniter.php(419): CodeIgniter\CodeIgniter->runController(Object(App\Controllers\Data_absensi_instruktur))
#3 C:\xampp\htdocs\manajemen-ekstrakulikuler\system\CodeIgniter.php(326): CodeIgniter\CodeIgniter->handleRequest(NULL, Object(Config\Cache), false)
#4 C:\xampp\htdocs\manajemen-ekstrakulikuler\public\index.php(37): CodeIgniter\CodeIgniter->run()
#5 C:\xampp\htdocs\manajemen-ekstrakulikuler\system\Commands\Server\rewrite.php(43): require_once('C:\\xampp\\htdocs...')
#6 {main}
ERROR - 2023-09-13 23:27:41 --> Unknown column 'data_absensi.ekskul' in 'where clause'
CRITICAL - 2023-09-13 23:27:41 --> Call to a member function getResult() on bool
#0 C:\xampp\htdocs\manajemen-ekstrakulikuler\app\Controllers\Data_absensi_instruktur.php(29): App\Models\M_absensi->getAbsensiByEkskul('data_absensi', 'data_siswa', 'data_ekstrakuli...', 'data_keterangan', 'data_absensi.si...', 'data_siswa.eksk...', 'data_absensi.ke...', '2')
#1 C:\xampp\htdocs\manajemen-ekstrakulikuler\system\CodeIgniter.php(832): App\Controllers\Data_absensi_instruktur->index()
#2 C:\xampp\htdocs\manajemen-ekstrakulikuler\system\CodeIgniter.php(419): CodeIgniter\CodeIgniter->runController(Object(App\Controllers\Data_absensi_instruktur))
#3 C:\xampp\htdocs\manajemen-ekstrakulikuler\system\CodeIgniter.php(326): CodeIgniter\CodeIgniter->handleRequest(NULL, Object(Config\Cache), false)
#4 C:\xampp\htdocs\manajemen-ekstrakulikuler\public\index.php(37): CodeIgniter\CodeIgniter->run()
#5 C:\xampp\htdocs\manajemen-ekstrakulikuler\system\Commands\Server\rewrite.php(43): require_once('C:\\xampp\\htdocs...')
#6 {main}
ERROR - 2023-09-13 23:27:42 --> Unknown column 'data_absensi.ekskul' in 'where clause'
CRITICAL - 2023-09-13 23:27:42 --> Call to a member function getResult() on bool
#0 C:\xampp\htdocs\manajemen-ekstrakulikuler\app\Controllers\Data_absensi_instruktur.php(29): App\Models\M_absensi->getAbsensiByEkskul('data_absensi', 'data_siswa', 'data_ekstrakuli...', 'data_keterangan', 'data_absensi.si...', 'data_siswa.eksk...', 'data_absensi.ke...', '2')
#1 C:\xampp\htdocs\manajemen-ekstrakulikuler\system\CodeIgniter.php(832): App\Controllers\Data_absensi_instruktur->index()
#2 C:\xampp\htdocs\manajemen-ekstrakulikuler\system\CodeIgniter.php(419): CodeIgniter\CodeIgniter->runController(Object(App\Controllers\Data_absensi_instruktur))
#3 C:\xampp\htdocs\manajemen-ekstrakulikuler\system\CodeIgniter.php(326): CodeIgniter\CodeIgniter->handleRequest(NULL, Object(Config\Cache), false)
#4 C:\xampp\htdocs\manajemen-ekstrakulikuler\public\index.php(37): CodeIgniter\CodeIgniter->run()
#5 C:\xampp\htdocs\manajemen-ekstrakulikuler\system\Commands\Server\rewrite.php(43): require_once('C:\\xampp\\htdocs...')
#6 {main}
ERROR - 2023-09-13 23:27:42 --> Unknown column 'data_absensi.ekskul' in 'where clause'
CRITICAL - 2023-09-13 23:27:42 --> Call to a member function getResult() on bool
#0 C:\xampp\htdocs\manajemen-ekstrakulikuler\app\Controllers\Data_absensi_instruktur.php(29): App\Models\M_absensi->getAbsensiByEkskul('data_absensi', 'data_siswa', 'data_ekstrakuli...', 'data_keterangan', 'data_absensi.si...', 'data_siswa.eksk...', 'data_absensi.ke...', '2')
#1 C:\xampp\htdocs\manajemen-ekstrakulikuler\system\CodeIgniter.php(832): App\Controllers\Data_absensi_instruktur->index()
#2 C:\xampp\htdocs\manajemen-ekstrakulikuler\system\CodeIgniter.php(419): CodeIgniter\CodeIgniter->runController(Object(App\Controllers\Data_absensi_instruktur))
#3 C:\xampp\htdocs\manajemen-ekstrakulikuler\system\CodeIgniter.php(326): CodeIgniter\CodeIgniter->handleRequest(NULL, Object(Config\Cache), false)
#4 C:\xampp\htdocs\manajemen-ekstrakulikuler\public\index.php(37): CodeIgniter\CodeIgniter->run()
#5 C:\xampp\htdocs\manajemen-ekstrakulikuler\system\Commands\Server\rewrite.php(43): require_once('C:\\xampp\\htdocs...')
#6 {main}
ERROR - 2023-09-13 23:27:42 --> Unknown column 'data_absensi.ekskul' in 'where clause'
CRITICAL - 2023-09-13 23:27:42 --> Call to a member function getResult() on bool
#0 C:\xampp\htdocs\manajemen-ekstrakulikuler\app\Controllers\Data_absensi_instruktur.php(29): App\Models\M_absensi->getAbsensiByEkskul('data_absensi', 'data_siswa', 'data_ekstrakuli...', 'data_keterangan', 'data_absensi.si...', 'data_siswa.eksk...', 'data_absensi.ke...', '2')
#1 C:\xampp\htdocs\manajemen-ekstrakulikuler\system\CodeIgniter.php(832): App\Controllers\Data_absensi_instruktur->index()
#2 C:\xampp\htdocs\manajemen-ekstrakulikuler\system\CodeIgniter.php(419): CodeIgniter\CodeIgniter->runController(Object(App\Controllers\Data_absensi_instruktur))
#3 C:\xampp\htdocs\manajemen-ekstrakulikuler\system\CodeIgniter.php(326): CodeIgniter\CodeIgniter->handleRequest(NULL, Object(Config\Cache), false)
#4 C:\xampp\htdocs\manajemen-ekstrakulikuler\public\index.php(37): CodeIgniter\CodeIgniter->run()
#5 C:\xampp\htdocs\manajemen-ekstrakulikuler\system\Commands\Server\rewrite.php(43): require_once('C:\\xampp\\htdocs...')
#6 {main}
ERROR - 2023-09-13 23:27:59 --> Unknown column 'data_absensi.ekskul' in 'where clause'
CRITICAL - 2023-09-13 23:27:59 --> Call to a member function getResult() on bool
#0 C:\xampp\htdocs\manajemen-ekstrakulikuler\app\Controllers\Data_absensi_instruktur.php(29): App\Models\M_absensi->getAbsensiByEkskul('data_absensi', 'data_siswa', 'data_ekstrakuli...', 'data_keterangan', 'data_absensi.si...', 'data_siswa.eksk...', 'data_absensi.ke...', '2')
#1 C:\xampp\htdocs\manajemen-ekstrakulikuler\system\CodeIgniter.php(832): App\Controllers\Data_absensi_instruktur->index()
#2 C:\xampp\htdocs\manajemen-ekstrakulikuler\system\CodeIgniter.php(419): CodeIgniter\CodeIgniter->runController(Object(App\Controllers\Data_absensi_instruktur))
#3 C:\xampp\htdocs\manajemen-ekstrakulikuler\system\CodeIgniter.php(326): CodeIgniter\CodeIgniter->handleRequest(NULL, Object(Config\Cache), false)
#4 C:\xampp\htdocs\manajemen-ekstrakulikuler\public\index.php(37): CodeIgniter\CodeIgniter->run()
#5 C:\xampp\htdocs\manajemen-ekstrakulikuler\system\Commands\Server\rewrite.php(43): require_once('C:\\xampp\\htdocs...')
#6 {main}
ERROR - 2023-09-13 23:27:59 --> Unknown column 'data_absensi.ekskul' in 'where clause'
CRITICAL - 2023-09-13 23:27:59 --> Call to a member function getResult() on bool
#0 C:\xampp\htdocs\manajemen-ekstrakulikuler\app\Controllers\Data_absensi_instruktur.php(29): App\Models\M_absensi->getAbsensiByEkskul('data_absensi', 'data_siswa', 'data_ekstrakuli...', 'data_keterangan', 'data_absensi.si...', 'data_siswa.eksk...', 'data_absensi.ke...', '2')
#1 C:\xampp\htdocs\manajemen-ekstrakulikuler\system\CodeIgniter.php(832): App\Controllers\Data_absensi_instruktur->index()
#2 C:\xampp\htdocs\manajemen-ekstrakulikuler\system\CodeIgniter.php(419): CodeIgniter\CodeIgniter->runController(Object(App\Controllers\Data_absensi_instruktur))
#3 C:\xampp\htdocs\manajemen-ekstrakulikuler\system\CodeIgniter.php(326): CodeIgniter\CodeIgniter->handleRequest(NULL, Object(Config\Cache), false)
#4 C:\xampp\htdocs\manajemen-ekstrakulikuler\public\index.php(37): CodeIgniter\CodeIgniter->run()
#5 C:\xampp\htdocs\manajemen-ekstrakulikuler\system\Commands\Server\rewrite.php(43): require_once('C:\\xampp\\htdocs...')
#6 {main}
ERROR - 2023-09-13 23:27:59 --> Unknown column 'data_absensi.ekskul' in 'where clause'
CRITICAL - 2023-09-13 23:27:59 --> Call to a member function getResult() on bool
#0 C:\xampp\htdocs\manajemen-ekstrakulikuler\app\Controllers\Data_absensi_instruktur.php(29): App\Models\M_absensi->getAbsensiByEkskul('data_absensi', 'data_siswa', 'data_ekstrakuli...', 'data_keterangan', 'data_absensi.si...', 'data_siswa.eksk...', 'data_absensi.ke...', '2')
#1 C:\xampp\htdocs\manajemen-ekstrakulikuler\system\CodeIgniter.php(832): App\Controllers\Data_absensi_instruktur->index()
#2 C:\xampp\htdocs\manajemen-ekstrakulikuler\system\CodeIgniter.php(419): CodeIgniter\CodeIgniter->runController(Object(App\Controllers\Data_absensi_instruktur))
#3 C:\xampp\htdocs\manajemen-ekstrakulikuler\system\CodeIgniter.php(326): CodeIgniter\CodeIgniter->handleRequest(NULL, Object(Config\Cache), false)
#4 C:\xampp\htdocs\manajemen-ekstrakulikuler\public\index.php(37): CodeIgniter\CodeIgniter->run()
#5 C:\xampp\htdocs\manajemen-ekstrakulikuler\system\Commands\Server\rewrite.php(43): require_once('C:\\xampp\\htdocs...')
#6 {main}
ERROR - 2023-09-13 23:27:59 --> Unknown column 'data_absensi.ekskul' in 'where clause'
CRITICAL - 2023-09-13 23:27:59 --> Call to a member function getResult() on bool
#0 C:\xampp\htdocs\manajemen-ekstrakulikuler\app\Controllers\Data_absensi_instruktur.php(29): App\Models\M_absensi->getAbsensiByEkskul('data_absensi', 'data_siswa', 'data_ekstrakuli...', 'data_keterangan', 'data_absensi.si...', 'data_siswa.eksk...', 'data_absensi.ke...', '2')
#1 C:\xampp\htdocs\manajemen-ekstrakulikuler\system\CodeIgniter.php(832): App\Controllers\Data_absensi_instruktur->index()
#2 C:\xampp\htdocs\manajemen-ekstrakulikuler\system\CodeIgniter.php(419): CodeIgniter\CodeIgniter->runController(Object(App\Controllers\Data_absensi_instruktur))
#3 C:\xampp\htdocs\manajemen-ekstrakulikuler\system\CodeIgniter.php(326): CodeIgniter\CodeIgniter->handleRequest(NULL, Object(Config\Cache), false)
#4 C:\xampp\htdocs\manajemen-ekstrakulikuler\public\index.php(37): CodeIgniter\CodeIgniter->run()
#5 C:\xampp\htdocs\manajemen-ekstrakulikuler\system\Commands\Server\rewrite.php(43): require_once('C:\\xampp\\htdocs...')
#6 {main}
CRITICAL - 2023-09-13 23:45:25 --> syntax error, unexpected 'public' (T_PUBLIC)
#0 C:\xampp\htdocs\manajemen-ekstrakulikuler\system\Router\Router.php(175): CodeIgniter\Router\Router->autoRoute('data_absensi_in...')
#1 C:\xampp\htdocs\manajemen-ekstrakulikuler\system\CodeIgniter.php(726): CodeIgniter\Router\Router->handle('data_absensi_in...')
#2 C:\xampp\htdocs\manajemen-ekstrakulikuler\system\CodeIgniter.php(368): CodeIgniter\CodeIgniter->tryToRouteIt(Object(CodeIgniter\Router\RouteCollection))
#3 C:\xampp\htdocs\manajemen-ekstrakulikuler\system\CodeIgniter.php(326): CodeIgniter\CodeIgniter->handleRequest(NULL, Object(Config\Cache), false)
#4 C:\xampp\htdocs\manajemen-ekstrakulikuler\public\index.php(37): CodeIgniter\CodeIgniter->run()
#5 C:\xampp\htdocs\manajemen-ekstrakulikuler\system\Commands\Server\rewrite.php(43): require_once('C:\\xampp\\htdocs...')
#6 {main}
CRITICAL - 2023-09-13 23:45:50 --> syntax error, unexpected 'public' (T_PUBLIC)
#0 C:\xampp\htdocs\manajemen-ekstrakulikuler\system\Router\Router.php(175): CodeIgniter\Router\Router->autoRoute('data_absensi_in...')
#1 C:\xampp\htdocs\manajemen-ekstrakulikuler\system\CodeIgniter.php(726): CodeIgniter\Router\Router->handle('data_absensi_in...')
#2 C:\xampp\htdocs\manajemen-ekstrakulikuler\system\CodeIgniter.php(368): CodeIgniter\CodeIgniter->tryToRouteIt(Object(CodeIgniter\Router\RouteCollection))
#3 C:\xampp\htdocs\manajemen-ekstrakulikuler\system\CodeIgniter.php(326): CodeIgniter\CodeIgniter->handleRequest(NULL, Object(Config\Cache), false)
#4 C:\xampp\htdocs\manajemen-ekstrakulikuler\public\index.php(37): CodeIgniter\CodeIgniter->run()
#5 C:\xampp\htdocs\manajemen-ekstrakulikuler\system\Commands\Server\rewrite.php(43): require_once('C:\\xampp\\htdocs...')
#6 {main}
CRITICAL - 2023-09-13 23:45:51 --> syntax error, unexpected 'public' (T_PUBLIC)
#0 C:\xampp\htdocs\manajemen-ekstrakulikuler\system\Router\Router.php(175): CodeIgniter\Router\Router->autoRoute('data_absensi_in...')
#1 C:\xampp\htdocs\manajemen-ekstrakulikuler\system\CodeIgniter.php(726): CodeIgniter\Router\Router->handle('data_absensi_in...')
#2 C:\xampp\htdocs\manajemen-ekstrakulikuler\system\CodeIgniter.php(368): CodeIgniter\CodeIgniter->tryToRouteIt(Object(CodeIgniter\Router\RouteCollection))
#3 C:\xampp\htdocs\manajemen-ekstrakulikuler\system\CodeIgniter.php(326): CodeIgniter\CodeIgniter->handleRequest(NULL, Object(Config\Cache), false)
#4 C:\xampp\htdocs\manajemen-ekstrakulikuler\public\index.php(37): CodeIgniter\CodeIgniter->run()
#5 C:\xampp\htdocs\manajemen-ekstrakulikuler\system\Commands\Server\rewrite.php(43): require_once('C:\\xampp\\htdocs...')
#6 {main}
CRITICAL - 2023-09-13 23:45:51 --> syntax error, unexpected 'public' (T_PUBLIC)
#0 C:\xampp\htdocs\manajemen-ekstrakulikuler\system\Router\Router.php(175): CodeIgniter\Router\Router->autoRoute('data_absensi_in...')
#1 C:\xampp\htdocs\manajemen-ekstrakulikuler\system\CodeIgniter.php(726): CodeIgniter\Router\Router->handle('data_absensi_in...')
#2 C:\xampp\htdocs\manajemen-ekstrakulikuler\system\CodeIgniter.php(368): CodeIgniter\CodeIgniter->tryToRouteIt(Object(CodeIgniter\Router\RouteCollection))
#3 C:\xampp\htdocs\manajemen-ekstrakulikuler\system\CodeIgniter.php(326): CodeIgniter\CodeIgniter->handleRequest(NULL, Object(Config\Cache), false)
#4 C:\xampp\htdocs\manajemen-ekstrakulikuler\public\index.php(37): CodeIgniter\CodeIgniter->run()
#5 C:\xampp\htdocs\manajemen-ekstrakulikuler\system\Commands\Server\rewrite.php(43): require_once('C:\\xampp\\htdocs...')
#6 {main}
CRITICAL - 2023-09-13 23:45:51 --> syntax error, unexpected 'public' (T_PUBLIC)
#0 C:\xampp\htdocs\manajemen-ekstrakulikuler\system\Router\Router.php(175): CodeIgniter\Router\Router->autoRoute('data_absensi_in...')
#1 C:\xampp\htdocs\manajemen-ekstrakulikuler\system\CodeIgniter.php(726): CodeIgniter\Router\Router->handle('data_absensi_in...')
#2 C:\xampp\htdocs\manajemen-ekstrakulikuler\system\CodeIgniter.php(368): CodeIgniter\CodeIgniter->tryToRouteIt(Object(CodeIgniter\Router\RouteCollection))
#3 C:\xampp\htdocs\manajemen-ekstrakulikuler\system\CodeIgniter.php(326): CodeIgniter\CodeIgniter->handleRequest(NULL, Object(Config\Cache), false)
#4 C:\xampp\htdocs\manajemen-ekstrakulikuler\public\index.php(37): CodeIgniter\CodeIgniter->run()
#5 C:\xampp\htdocs\manajemen-ekstrakulikuler\system\Commands\Server\rewrite.php(43): require_once('C:\\xampp\\htdocs...')
#6 {main}
CRITICAL - 2023-09-13 23:45:52 --> syntax error, unexpected 'public' (T_PUBLIC)
#0 C:\xampp\htdocs\manajemen-ekstrakulikuler\system\Router\Router.php(175): CodeIgniter\Router\Router->autoRoute('data_absensi_in...')
#1 C:\xampp\htdocs\manajemen-ekstrakulikuler\system\CodeIgniter.php(726): CodeIgniter\Router\Router->handle('data_absensi_in...')
#2 C:\xampp\htdocs\manajemen-ekstrakulikuler\system\CodeIgniter.php(368): CodeIgniter\CodeIgniter->tryToRouteIt(Object(CodeIgniter\Router\RouteCollection))
#3 C:\xampp\htdocs\manajemen-ekstrakulikuler\system\CodeIgniter.php(326): CodeIgniter\CodeIgniter->handleRequest(NULL, Object(Config\Cache), false)
#4 C:\xampp\htdocs\manajemen-ekstrakulikuler\public\index.php(37): CodeIgniter\CodeIgniter->run()
#5 C:\xampp\htdocs\manajemen-ekstrakulikuler\system\Commands\Server\rewrite.php(43): require_once('C:\\xampp\\htdocs...')
#6 {main}
CRITICAL - 2023-09-13 23:46:14 --> syntax error, unexpected 'public' (T_PUBLIC)
#0 C:\xampp\htdocs\manajemen-ekstrakulikuler\system\Router\Router.php(175): CodeIgniter\Router\Router->autoRoute('data_absensi_in...')
#1 C:\xampp\htdocs\manajemen-ekstrakulikuler\system\CodeIgniter.php(726): CodeIgniter\Router\Router->handle('data_absensi_in...')
#2 C:\xampp\htdocs\manajemen-ekstrakulikuler\system\CodeIgniter.php(368): CodeIgniter\CodeIgniter->tryToRouteIt(Object(CodeIgniter\Router\RouteCollection))
#3 C:\xampp\htdocs\manajemen-ekstrakulikuler\system\CodeIgniter.php(326): CodeIgniter\CodeIgniter->handleRequest(NULL, Object(Config\Cache), false)
#4 C:\xampp\htdocs\manajemen-ekstrakulikuler\public\index.php(37): CodeIgniter\CodeIgniter->run()
#5 C:\xampp\htdocs\manajemen-ekstrakulikuler\system\Commands\Server\rewrite.php(43): require_once('C:\\xampp\\htdocs...')
#6 {main}
CRITICAL - 2023-09-13 23:46:14 --> syntax error, unexpected 'public' (T_PUBLIC)
#0 C:\xampp\htdocs\manajemen-ekstrakulikuler\system\Router\Router.php(175): CodeIgniter\Router\Router->autoRoute('data_absensi_in...')
#1 C:\xampp\htdocs\manajemen-ekstrakulikuler\system\CodeIgniter.php(726): CodeIgniter\Router\Router->handle('data_absensi_in...')
#2 C:\xampp\htdocs\manajemen-ekstrakulikuler\system\CodeIgniter.php(368): CodeIgniter\CodeIgniter->tryToRouteIt(Object(CodeIgniter\Router\RouteCollection))
#3 C:\xampp\htdocs\manajemen-ekstrakulikuler\system\CodeIgniter.php(326): CodeIgniter\CodeIgniter->handleRequest(NULL, Object(Config\Cache), false)
#4 C:\xampp\htdocs\manajemen-ekstrakulikuler\public\index.php(37): CodeIgniter\CodeIgniter->run()
#5 C:\xampp\htdocs\manajemen-ekstrakulikuler\system\Commands\Server\rewrite.php(43): require_once('C:\\xampp\\htdocs...')
#6 {main}
CRITICAL - 2023-09-13 23:46:15 --> syntax error, unexpected 'public' (T_PUBLIC)
#0 C:\xampp\htdocs\manajemen-ekstrakulikuler\system\Router\Router.php(175): CodeIgniter\Router\Router->autoRoute('data_absensi_in...')
#1 C:\xampp\htdocs\manajemen-ekstrakulikuler\system\CodeIgniter.php(726): CodeIgniter\Router\Router->handle('data_absensi_in...')
#2 C:\xampp\htdocs\manajemen-ekstrakulikuler\system\CodeIgniter.php(368): CodeIgniter\CodeIgniter->tryToRouteIt(Object(CodeIgniter\Router\RouteCollection))
#3 C:\xampp\htdocs\manajemen-ekstrakulikuler\system\CodeIgniter.php(326): CodeIgniter\CodeIgniter->handleRequest(NULL, Object(Config\Cache), false)
#4 C:\xampp\htdocs\manajemen-ekstrakulikuler\public\index.php(37): CodeIgniter\CodeIgniter->run()
#5 C:\xampp\htdocs\manajemen-ekstrakulikuler\system\Commands\Server\rewrite.php(43): require_once('C:\\xampp\\htdocs...')
#6 {main}
CRITICAL - 2023-09-13 23:49:44 --> Invalid file: data_absensi_kantor/menu_print.php
#0 C:\xampp\htdocs\manajemen-ekstrakulikuler\system\View\View.php(198): CodeIgniter\Exceptions\FrameworkException::forInvalidFile('data_absensi_ka...')
#1 C:\xampp\htdocs\manajemen-ekstrakulikuler\system\Common.php(1089): CodeIgniter\View\View->render('data_absensi_ka...', Array, true)
#2 C:\xampp\htdocs\manajemen-ekstrakulikuler\app\Controllers\Data_absensi_instruktur.php(59): view('data_absensi_ka...', Array)
#3 C:\xampp\htdocs\manajemen-ekstrakulikuler\system\CodeIgniter.php(832): App\Controllers\Data_absensi_instruktur->menu_print()
#4 C:\xampp\htdocs\manajemen-ekstrakulikuler\system\CodeIgniter.php(419): CodeIgniter\CodeIgniter->runController(Object(App\Controllers\Data_absensi_instruktur))
#5 C:\xampp\htdocs\manajemen-ekstrakulikuler\system\CodeIgniter.php(326): CodeIgniter\CodeIgniter->handleRequest(NULL, Object(Config\Cache), false)
#6 C:\xampp\htdocs\manajemen-ekstrakulikuler\public\index.php(37): CodeIgniter\CodeIgniter->run()
#7 C:\xampp\htdocs\manajemen-ekstrakulikuler\system\Commands\Server\rewrite.php(43): require_once('C:\\xampp\\htdocs...')
#8 {main}
CRITICAL - 2023-09-13 23:52:13 --> Invalid file: data_absensi/print_windows_view.php
#0 C:\xampp\htdocs\manajemen-ekstrakulikuler\system\View\View.php(198): CodeIgniter\Exceptions\FrameworkException::forInvalidFile('data_absensi/pr...')
#1 C:\xampp\htdocs\manajemen-ekstrakulikuler\system\Common.php(1089): CodeIgniter\View\View->render('data_absensi/pr...', Array, true)
#2 C:\xampp\htdocs\manajemen-ekstrakulikuler\app\Controllers\Data_absensi_instruktur.php(80): view('data_absensi/pr...', Array)
#3 C:\xampp\htdocs\manajemen-ekstrakulikuler\system\CodeIgniter.php(832): App\Controllers\Data_absensi_instruktur->export_windows()
#4 C:\xampp\htdocs\manajemen-ekstrakulikuler\system\CodeIgniter.php(419): CodeIgniter\CodeIgniter->runController(Object(App\Controllers\Data_absensi_instruktur))
#5 C:\xampp\htdocs\manajemen-ekstrakulikuler\system\CodeIgniter.php(326): CodeIgniter\CodeIgniter->handleRequest(NULL, Object(Config\Cache), false)
#6 C:\xampp\htdocs\manajemen-ekstrakulikuler\public\index.php(37): CodeIgniter\CodeIgniter->run()
#7 C:\xampp\htdocs\manajemen-ekstrakulikuler\system\Commands\Server\rewrite.php(43): require_once('C:\\xampp\\htdocs...')
#8 {main}
CRITICAL - 2023-09-13 23:58:15 --> Class 'App\Controllers\M_absensi_kantor' not found
#0 C:\xampp\htdocs\manajemen-ekstrakulikuler\system\CodeIgniter.php(832): App\Controllers\Data_absensi_instruktur->export_pdf()
#1 C:\xampp\htdocs\manajemen-ekstrakulikuler\system\CodeIgniter.php(419): CodeIgniter\CodeIgniter->runController(Object(App\Controllers\Data_absensi_instruktur))
#2 C:\xampp\htdocs\manajemen-ekstrakulikuler\system\CodeIgniter.php(326): CodeIgniter\CodeIgniter->handleRequest(NULL, Object(Config\Cache), false)
#3 C:\xampp\htdocs\manajemen-ekstrakulikuler\public\index.php(37): CodeIgniter\CodeIgniter->run()
#4 C:\xampp\htdocs\manajemen-ekstrakulikuler\system\Commands\Server\rewrite.php(43): require_once('C:\\xampp\\htdocs...')
#5 {main}
CRITICAL - 2023-09-13 23:58:25 --> Invalid file: data_absensi/print_pdf_view.php
#0 C:\xampp\htdocs\manajemen-ekstrakulikuler\system\View\View.php(198): CodeIgniter\Exceptions\FrameworkException::forInvalidFile('data_absensi/pr...')
#1 C:\xampp\htdocs\manajemen-ekstrakulikuler\system\Common.php(1089): CodeIgniter\View\View->render('data_absensi/pr...', Array, true)
#2 C:\xampp\htdocs\manajemen-ekstrakulikuler\app\Controllers\Data_absensi_instruktur.php(104): view('data_absensi/pr...', Array)
#3 C:\xampp\htdocs\manajemen-ekstrakulikuler\system\CodeIgniter.php(832): App\Controllers\Data_absensi_instruktur->export_pdf()
#4 C:\xampp\htdocs\manajemen-ekstrakulikuler\system\CodeIgniter.php(419): CodeIgniter\CodeIgniter->runController(Object(App\Controllers\Data_absensi_instruktur))
#5 C:\xampp\htdocs\manajemen-ekstrakulikuler\system\CodeIgniter.php(326): CodeIgniter\CodeIgniter->handleRequest(NULL, Object(Config\Cache), false)
#6 C:\xampp\htdocs\manajemen-ekstrakulikuler\public\index.php(37): CodeIgniter\CodeIgniter->run()
#7 C:\xampp\htdocs\manajemen-ekstrakulikuler\system\Commands\Server\rewrite.php(43): require_once('C:\\xampp\\htdocs...')
#8 {main}
