ERROR - 2023-08-07 16:59:10 --> Unknown column 'user' in 'where clause'
CRITICAL - 2023-08-07 17:41:02 --> Cannot redeclare App\Controllers\Login::index()
#0 [internal function]: CodeIgniter\Debug\Exceptions->shutdownHandler()
#1 {main}
CRITICAL - 2023-08-07 20:20:39 --> syntax error, unexpected '{', expecting '('
#0 C:\xampp\htdocs\agendapkl-mazer\system\View\View.php(213): CodeIgniter\View\View->CodeIgniter\View\{closure}()
#1 C:\xampp\htdocs\agendapkl-mazer\system\Common.php(1089): CodeIgniter\View\View->render('data_agenda_gur...', Array, true)
#2 C:\xampp\htdocs\agendapkl-mazer\app\Controllers\Data_agenda_guru.php(50): view('data_agenda_gur...', Array)
#3 C:\xampp\htdocs\agendapkl-mazer\system\CodeIgniter.php(832): App\Controllers\Data_agenda_guru->view('12')
#4 C:\xampp\htdocs\agendapkl-mazer\system\CodeIgniter.php(419): CodeIgniter\CodeIgniter->runController(Object(App\Controllers\Data_agenda_guru))
#5 C:\xampp\htdocs\agendapkl-mazer\system\CodeIgniter.php(326): CodeIgniter\CodeIgniter->handleRequest(NULL, Object(Config\Cache), false)
#6 C:\xampp\htdocs\agendapkl-mazer\public\index.php(37): CodeIgniter\CodeIgniter->run()
#7 C:\xampp\htdocs\agendapkl-mazer\system\Commands\Server\rewrite.php(43): require_once('C:\\xampp\\htdocs...')
#8 {main}
CRITICAL - 2023-08-07 20:20:48 --> syntax error, unexpected '||' (T_BOOLEAN_OR)
#0 C:\xampp\htdocs\agendapkl-mazer\system\View\View.php(213): CodeIgniter\View\View->CodeIgniter\View\{closure}()
#1 C:\xampp\htdocs\agendapkl-mazer\system\Common.php(1089): CodeIgniter\View\View->render('data_agenda_gur...', Array, true)
#2 C:\xampp\htdocs\agendapkl-mazer\app\Controllers\Data_agenda_guru.php(50): view('data_agenda_gur...', Array)
#3 C:\xampp\htdocs\agendapkl-mazer\system\CodeIgniter.php(832): App\Controllers\Data_agenda_guru->view('12')
#4 C:\xampp\htdocs\agendapkl-mazer\system\CodeIgniter.php(419): CodeIgniter\CodeIgniter->runController(Object(App\Controllers\Data_agenda_guru))
#5 C:\xampp\htdocs\agendapkl-mazer\system\CodeIgniter.php(326): CodeIgniter\CodeIgniter->handleRequest(NULL, Object(Config\Cache), false)
#6 C:\xampp\htdocs\agendapkl-mazer\public\index.php(37): CodeIgniter\CodeIgniter->run()
#7 C:\xampp\htdocs\agendapkl-mazer\system\Commands\Server\rewrite.php(43): require_once('C:\\xampp\\htdocs...')
#8 {main}
CRITICAL - 2023-08-07 20:20:56 --> syntax error, unexpected '||' (T_BOOLEAN_OR)
#0 C:\xampp\htdocs\agendapkl-mazer\system\View\View.php(213): CodeIgniter\View\View->CodeIgniter\View\{closure}()
#1 C:\xampp\htdocs\agendapkl-mazer\system\Common.php(1089): CodeIgniter\View\View->render('data_agenda_gur...', Array, true)
#2 C:\xampp\htdocs\agendapkl-mazer\app\Controllers\Data_agenda_guru.php(50): view('data_agenda_gur...', Array)
#3 C:\xampp\htdocs\agendapkl-mazer\system\CodeIgniter.php(832): App\Controllers\Data_agenda_guru->view('12')
#4 C:\xampp\htdocs\agendapkl-mazer\system\CodeIgniter.php(419): CodeIgniter\CodeIgniter->runController(Object(App\Controllers\Data_agenda_guru))
#5 C:\xampp\htdocs\agendapkl-mazer\system\CodeIgniter.php(326): CodeIgniter\CodeIgniter->handleRequest(NULL, Object(Config\Cache), false)
#6 C:\xampp\htdocs\agendapkl-mazer\public\index.php(37): CodeIgniter\CodeIgniter->run()
#7 C:\xampp\htdocs\agendapkl-mazer\system\Commands\Server\rewrite.php(43): require_once('C:\\xampp\\htdocs...')
#8 {main}
CRITICAL - 2023-08-07 20:21:02 --> syntax error, unexpected '{', expecting '('
#0 C:\xampp\htdocs\agendapkl-mazer\system\View\View.php(213): CodeIgniter\View\View->CodeIgniter\View\{closure}()
#1 C:\xampp\htdocs\agendapkl-mazer\system\Common.php(1089): CodeIgniter\View\View->render('data_agenda_gur...', Array, true)
#2 C:\xampp\htdocs\agendapkl-mazer\app\Controllers\Data_agenda_guru.php(50): view('data_agenda_gur...', Array)
#3 C:\xampp\htdocs\agendapkl-mazer\system\CodeIgniter.php(832): App\Controllers\Data_agenda_guru->view('12')
#4 C:\xampp\htdocs\agendapkl-mazer\system\CodeIgniter.php(419): CodeIgniter\CodeIgniter->runController(Object(App\Controllers\Data_agenda_guru))
#5 C:\xampp\htdocs\agendapkl-mazer\system\CodeIgniter.php(326): CodeIgniter\CodeIgniter->handleRequest(NULL, Object(Config\Cache), false)
#6 C:\xampp\htdocs\agendapkl-mazer\public\index.php(37): CodeIgniter\CodeIgniter->run()
#7 C:\xampp\htdocs\agendapkl-mazer\system\Commands\Server\rewrite.php(43): require_once('C:\\xampp\\htdocs...')
#8 {main}
CRITICAL - 2023-08-07 20:21:16 --> syntax error, unexpected '{', expecting '('
#0 C:\xampp\htdocs\agendapkl-mazer\system\View\View.php(213): CodeIgniter\View\View->CodeIgniter\View\{closure}()
#1 C:\xampp\htdocs\agendapkl-mazer\system\Common.php(1089): CodeIgniter\View\View->render('data_agenda_gur...', Array, true)
#2 C:\xampp\htdocs\agendapkl-mazer\app\Controllers\Data_agenda_guru.php(50): view('data_agenda_gur...', Array)
#3 C:\xampp\htdocs\agendapkl-mazer\system\CodeIgniter.php(832): App\Controllers\Data_agenda_guru->view('12')
#4 C:\xampp\htdocs\agendapkl-mazer\system\CodeIgniter.php(419): CodeIgniter\CodeIgniter->runController(Object(App\Controllers\Data_agenda_guru))
#5 C:\xampp\htdocs\agendapkl-mazer\system\CodeIgniter.php(326): CodeIgniter\CodeIgniter->handleRequest(NULL, Object(Config\Cache), false)
#6 C:\xampp\htdocs\agendapkl-mazer\public\index.php(37): CodeIgniter\CodeIgniter->run()
#7 C:\xampp\htdocs\agendapkl-mazer\system\Commands\Server\rewrite.php(43): require_once('C:\\xampp\\htdocs...')
#8 {main}
CRITICAL - 2023-08-07 20:22:34 --> syntax error, unexpected '{', expecting '('
#0 C:\xampp\htdocs\agendapkl-mazer\system\View\View.php(213): CodeIgniter\View\View->CodeIgniter\View\{closure}()
#1 C:\xampp\htdocs\agendapkl-mazer\system\Common.php(1089): CodeIgniter\View\View->render('data_agenda_gur...', Array, true)
#2 C:\xampp\htdocs\agendapkl-mazer\app\Controllers\Data_agenda_guru.php(50): view('data_agenda_gur...', Array)
#3 C:\xampp\htdocs\agendapkl-mazer\system\CodeIgniter.php(832): App\Controllers\Data_agenda_guru->view('12')
#4 C:\xampp\htdocs\agendapkl-mazer\system\CodeIgniter.php(419): CodeIgniter\CodeIgniter->runController(Object(App\Controllers\Data_agenda_guru))
#5 C:\xampp\htdocs\agendapkl-mazer\system\CodeIgniter.php(326): CodeIgniter\CodeIgniter->handleRequest(NULL, Object(Config\Cache), false)
#6 C:\xampp\htdocs\agendapkl-mazer\public\index.php(37): CodeIgniter\CodeIgniter->run()
#7 C:\xampp\htdocs\agendapkl-mazer\system\Commands\Server\rewrite.php(43): require_once('C:\\xampp\\htdocs...')
#8 {main}
CRITICAL - 2023-08-07 20:27:27 --> Cannot redeclare App\Controllers\Data_agenda_guru::aksi_edit()
#0 [internal function]: CodeIgniter\Debug\Exceptions->shutdownHandler()
#1 {main}
CRITICAL - 2023-08-07 20:29:45 --> syntax error, unexpected '=>' (T_DOUBLE_ARROW), expecting ')'
#0 C:\xampp\htdocs\agendapkl-mazer\system\Router\Router.php(175): CodeIgniter\Router\Router->autoRoute('data_agenda_gur...')
#1 C:\xampp\htdocs\agendapkl-mazer\system\CodeIgniter.php(726): CodeIgniter\Router\Router->handle('data_agenda_gur...')
#2 C:\xampp\htdocs\agendapkl-mazer\system\CodeIgniter.php(368): CodeIgniter\CodeIgniter->tryToRouteIt(Object(CodeIgniter\Router\RouteCollection))
#3 C:\xampp\htdocs\agendapkl-mazer\system\CodeIgniter.php(326): CodeIgniter\CodeIgniter->handleRequest(NULL, Object(Config\Cache), false)
#4 C:\xampp\htdocs\agendapkl-mazer\public\index.php(37): CodeIgniter\CodeIgniter->run()
#5 C:\xampp\htdocs\agendapkl-mazer\system\Commands\Server\rewrite.php(43): require_once('C:\\xampp\\htdocs...')
#6 {main}
CRITICAL - 2023-08-07 20:32:06 --> Too few arguments to function App\Controllers\Data_agenda_guru::detail(), 0 passed in C:\xampp\htdocs\agendapkl-mazer\system\CodeIgniter.php on line 832 and exactly 1 expected
#0 C:\xampp\htdocs\agendapkl-mazer\system\CodeIgniter.php(832): App\Controllers\Data_agenda_guru->detail()
#1 C:\xampp\htdocs\agendapkl-mazer\system\CodeIgniter.php(419): CodeIgniter\CodeIgniter->runController(Object(App\Controllers\Data_agenda_guru))
#2 C:\xampp\htdocs\agendapkl-mazer\system\CodeIgniter.php(326): CodeIgniter\CodeIgniter->handleRequest(NULL, Object(Config\Cache), false)
#3 C:\xampp\htdocs\agendapkl-mazer\public\index.php(37): CodeIgniter\CodeIgniter->run()
#4 C:\xampp\htdocs\agendapkl-mazer\system\Commands\Server\rewrite.php(43): require_once('C:\\xampp\\htdocs...')
#5 {main}
CRITICAL - 2023-08-07 20:43:38 --> syntax error, unexpected '||' (T_BOOLEAN_OR)
#0 C:\xampp\htdocs\agendapkl-mazer\system\View\View.php(213): CodeIgniter\View\View->CodeIgniter\View\{closure}()
#1 C:\xampp\htdocs\agendapkl-mazer\system\Common.php(1089): CodeIgniter\View\View->render('data_agenda/vie...', Array, true)
#2 C:\xampp\htdocs\agendapkl-mazer\app\Controllers\Data_agenda.php(26): view('data_agenda/vie...', Array)
#3 C:\xampp\htdocs\agendapkl-mazer\system\CodeIgniter.php(832): App\Controllers\Data_agenda->index('12')
#4 C:\xampp\htdocs\agendapkl-mazer\system\CodeIgniter.php(419): CodeIgniter\CodeIgniter->runController(Object(App\Controllers\Data_agenda))
#5 C:\xampp\htdocs\agendapkl-mazer\system\CodeIgniter.php(326): CodeIgniter\CodeIgniter->handleRequest(NULL, Object(Config\Cache), false)
#6 C:\xampp\htdocs\agendapkl-mazer\public\index.php(37): CodeIgniter\CodeIgniter->run()
#7 C:\xampp\htdocs\agendapkl-mazer\system\Commands\Server\rewrite.php(43): require_once('C:\\xampp\\htdocs...')
#8 {main}
ERROR - 2023-08-07 21:28:38 --> Unknown column 'data_instruktur.tanggal_lahir' in 'field list'
CRITICAL - 2023-08-07 21:28:38 --> Call to a member function getResult() on bool
#0 C:\xampp\htdocs\agendapkl-mazer\app\Controllers\Data_siswa_all.php(27): App\Models\M_siswa->join4w('data_siswa', 'data_guru', 'data_instruktur', 'data_jurusan', 'data_siswa.guru...', 'data_siswa.inst...', 'data_siswa.juru...', '1')
#1 C:\xampp\htdocs\agendapkl-mazer\system\CodeIgniter.php(832): App\Controllers\Data_siswa_all->index()
#2 C:\xampp\htdocs\agendapkl-mazer\system\CodeIgniter.php(419): CodeIgniter\CodeIgniter->runController(Object(App\Controllers\Data_siswa_all))
#3 C:\xampp\htdocs\agendapkl-mazer\system\CodeIgniter.php(326): CodeIgniter\CodeIgniter->handleRequest(NULL, Object(Config\Cache), false)
#4 C:\xampp\htdocs\agendapkl-mazer\public\index.php(37): CodeIgniter\CodeIgniter->run()
#5 C:\xampp\htdocs\agendapkl-mazer\system\Commands\Server\rewrite.php(43): require_once('C:\\xampp\\htdocs...')
#6 {main}
ERROR - 2023-08-07 21:29:53 --> Unknown column 'data_siswa.nama' in 'field list'
CRITICAL - 2023-08-07 21:29:53 --> Call to a member function getResult() on bool
#0 C:\xampp\htdocs\agendapkl-mazer\app\Controllers\Data_siswa_all.php(27): App\Models\M_siswa->join4w('data_siswa', 'data_guru', 'data_instruktur', 'data_jurusan', 'data_siswa.guru...', 'data_siswa.inst...', 'data_siswa.juru...', '1')
#1 C:\xampp\htdocs\agendapkl-mazer\system\CodeIgniter.php(832): App\Controllers\Data_siswa_all->index()
#2 C:\xampp\htdocs\agendapkl-mazer\system\CodeIgniter.php(419): CodeIgniter\CodeIgniter->runController(Object(App\Controllers\Data_siswa_all))
#3 C:\xampp\htdocs\agendapkl-mazer\system\CodeIgniter.php(326): CodeIgniter\CodeIgniter->handleRequest(NULL, Object(Config\Cache), false)
#4 C:\xampp\htdocs\agendapkl-mazer\public\index.php(37): CodeIgniter\CodeIgniter->run()
#5 C:\xampp\htdocs\agendapkl-mazer\system\Commands\Server\rewrite.php(43): require_once('C:\\xampp\\htdocs...')
#6 {main}
ERROR - 2023-08-07 21:29:54 --> Unknown column 'data_siswa.nama' in 'field list'
CRITICAL - 2023-08-07 21:29:54 --> Call to a member function getResult() on bool
#0 C:\xampp\htdocs\agendapkl-mazer\app\Controllers\Data_siswa_all.php(27): App\Models\M_siswa->join4w('data_siswa', 'data_guru', 'data_instruktur', 'data_jurusan', 'data_siswa.guru...', 'data_siswa.inst...', 'data_siswa.juru...', '1')
#1 C:\xampp\htdocs\agendapkl-mazer\system\CodeIgniter.php(832): App\Controllers\Data_siswa_all->index()
#2 C:\xampp\htdocs\agendapkl-mazer\system\CodeIgniter.php(419): CodeIgniter\CodeIgniter->runController(Object(App\Controllers\Data_siswa_all))
#3 C:\xampp\htdocs\agendapkl-mazer\system\CodeIgniter.php(326): CodeIgniter\CodeIgniter->handleRequest(NULL, Object(Config\Cache), false)
#4 C:\xampp\htdocs\agendapkl-mazer\public\index.php(37): CodeIgniter\CodeIgniter->run()
#5 C:\xampp\htdocs\agendapkl-mazer\system\Commands\Server\rewrite.php(43): require_once('C:\\xampp\\htdocs...')
#6 {main}
ERROR - 2023-08-07 21:29:54 --> Unknown column 'data_siswa.nama' in 'field list'
CRITICAL - 2023-08-07 21:29:54 --> Call to a member function getResult() on bool
#0 C:\xampp\htdocs\agendapkl-mazer\app\Controllers\Data_siswa_all.php(27): App\Models\M_siswa->join4w('data_siswa', 'data_guru', 'data_instruktur', 'data_jurusan', 'data_siswa.guru...', 'data_siswa.inst...', 'data_siswa.juru...', '1')
#1 C:\xampp\htdocs\agendapkl-mazer\system\CodeIgniter.php(832): App\Controllers\Data_siswa_all->index()
#2 C:\xampp\htdocs\agendapkl-mazer\system\CodeIgniter.php(419): CodeIgniter\CodeIgniter->runController(Object(App\Controllers\Data_siswa_all))
#3 C:\xampp\htdocs\agendapkl-mazer\system\CodeIgniter.php(326): CodeIgniter\CodeIgniter->handleRequest(NULL, Object(Config\Cache), false)
#4 C:\xampp\htdocs\agendapkl-mazer\public\index.php(37): CodeIgniter\CodeIgniter->run()
#5 C:\xampp\htdocs\agendapkl-mazer\system\Commands\Server\rewrite.php(43): require_once('C:\\xampp\\htdocs...')
#6 {main}
ERROR - 2023-08-07 21:30:21 --> Unknown column 'data_instruktur.tanggal_lahir' in 'field list'
CRITICAL - 2023-08-07 21:30:21 --> Call to a member function getResult() on bool
#0 C:\xampp\htdocs\agendapkl-mazer\app\Controllers\Data_siswa_all.php(27): App\Models\M_siswa->join4w('data_siswa', 'data_guru', 'data_instruktur', 'data_jurusan', 'data_siswa.guru...', 'data_siswa.inst...', 'data_siswa.juru...', '1')
#1 C:\xampp\htdocs\agendapkl-mazer\system\CodeIgniter.php(832): App\Controllers\Data_siswa_all->index()
#2 C:\xampp\htdocs\agendapkl-mazer\system\CodeIgniter.php(419): CodeIgniter\CodeIgniter->runController(Object(App\Controllers\Data_siswa_all))
#3 C:\xampp\htdocs\agendapkl-mazer\system\CodeIgniter.php(326): CodeIgniter\CodeIgniter->handleRequest(NULL, Object(Config\Cache), false)
#4 C:\xampp\htdocs\agendapkl-mazer\public\index.php(37): CodeIgniter\CodeIgniter->run()
#5 C:\xampp\htdocs\agendapkl-mazer\system\Commands\Server\rewrite.php(43): require_once('C:\\xampp\\htdocs...')
#6 {main}
CRITICAL - 2023-08-07 21:31:47 --> syntax error, unexpected 'if' (T_IF)
#0 C:\xampp\htdocs\agendapkl-mazer\system\Autoloader\Autoloader.php(241): CodeIgniter\Autoloader\Autoloader->includeFile('C:\\xampp\\htdocs...')
#1 C:\xampp\htdocs\agendapkl-mazer\system\Autoloader\Autoloader.php(219): CodeIgniter\Autoloader\Autoloader->loadInNamespace('App\\Models\\M_si...')
#2 [internal function]: CodeIgniter\Autoloader\Autoloader->loadClass('App\\Models\\M_si...')
#3 C:\xampp\htdocs\agendapkl-mazer\app\Controllers\Data_siswa_all.php(11): spl_autoload_call('App\\Models\\M_si...')
#4 C:\xampp\htdocs\agendapkl-mazer\system\CodeIgniter.php(832): App\Controllers\Data_siswa_all->index()
#5 C:\xampp\htdocs\agendapkl-mazer\system\CodeIgniter.php(419): CodeIgniter\CodeIgniter->runController(Object(App\Controllers\Data_siswa_all))
#6 C:\xampp\htdocs\agendapkl-mazer\system\CodeIgniter.php(326): CodeIgniter\CodeIgniter->handleRequest(NULL, Object(Config\Cache), false)
#7 C:\xampp\htdocs\agendapkl-mazer\public\index.php(37): CodeIgniter\CodeIgniter->run()
#8 C:\xampp\htdocs\agendapkl-mazer\system\Commands\Server\rewrite.php(43): require_once('C:\\xampp\\htdocs...')
#9 {main}
CRITICAL - 2023-08-07 21:31:48 --> syntax error, unexpected 'if' (T_IF)
#0 C:\xampp\htdocs\agendapkl-mazer\system\Autoloader\Autoloader.php(241): CodeIgniter\Autoloader\Autoloader->includeFile('C:\\xampp\\htdocs...')
#1 C:\xampp\htdocs\agendapkl-mazer\system\Autoloader\Autoloader.php(219): CodeIgniter\Autoloader\Autoloader->loadInNamespace('App\\Models\\M_si...')
#2 [internal function]: CodeIgniter\Autoloader\Autoloader->loadClass('App\\Models\\M_si...')
#3 C:\xampp\htdocs\agendapkl-mazer\app\Controllers\Data_siswa_all.php(11): spl_autoload_call('App\\Models\\M_si...')
#4 C:\xampp\htdocs\agendapkl-mazer\system\CodeIgniter.php(832): App\Controllers\Data_siswa_all->index()
#5 C:\xampp\htdocs\agendapkl-mazer\system\CodeIgniter.php(419): CodeIgniter\CodeIgniter->runController(Object(App\Controllers\Data_siswa_all))
#6 C:\xampp\htdocs\agendapkl-mazer\system\CodeIgniter.php(326): CodeIgniter\CodeIgniter->handleRequest(NULL, Object(Config\Cache), false)
#7 C:\xampp\htdocs\agendapkl-mazer\public\index.php(37): CodeIgniter\CodeIgniter->run()
#8 C:\xampp\htdocs\agendapkl-mazer\system\Commands\Server\rewrite.php(43): require_once('C:\\xampp\\htdocs...')
#9 {main}
CRITICAL - 2023-08-07 21:31:48 --> syntax error, unexpected 'if' (T_IF)
#0 C:\xampp\htdocs\agendapkl-mazer\system\Autoloader\Autoloader.php(241): CodeIgniter\Autoloader\Autoloader->includeFile('C:\\xampp\\htdocs...')
#1 C:\xampp\htdocs\agendapkl-mazer\system\Autoloader\Autoloader.php(219): CodeIgniter\Autoloader\Autoloader->loadInNamespace('App\\Models\\M_si...')
#2 [internal function]: CodeIgniter\Autoloader\Autoloader->loadClass('App\\Models\\M_si...')
#3 C:\xampp\htdocs\agendapkl-mazer\app\Controllers\Data_siswa_all.php(11): spl_autoload_call('App\\Models\\M_si...')
#4 C:\xampp\htdocs\agendapkl-mazer\system\CodeIgniter.php(832): App\Controllers\Data_siswa_all->index()
#5 C:\xampp\htdocs\agendapkl-mazer\system\CodeIgniter.php(419): CodeIgniter\CodeIgniter->runController(Object(App\Controllers\Data_siswa_all))
#6 C:\xampp\htdocs\agendapkl-mazer\system\CodeIgniter.php(326): CodeIgniter\CodeIgniter->handleRequest(NULL, Object(Config\Cache), false)
#7 C:\xampp\htdocs\agendapkl-mazer\public\index.php(37): CodeIgniter\CodeIgniter->run()
#8 C:\xampp\htdocs\agendapkl-mazer\system\Commands\Server\rewrite.php(43): require_once('C:\\xampp\\htdocs...')
#9 {main}
CRITICAL - 2023-08-07 21:31:48 --> syntax error, unexpected 'if' (T_IF)
#0 C:\xampp\htdocs\agendapkl-mazer\system\Autoloader\Autoloader.php(241): CodeIgniter\Autoloader\Autoloader->includeFile('C:\\xampp\\htdocs...')
#1 C:\xampp\htdocs\agendapkl-mazer\system\Autoloader\Autoloader.php(219): CodeIgniter\Autoloader\Autoloader->loadInNamespace('App\\Models\\M_si...')
#2 [internal function]: CodeIgniter\Autoloader\Autoloader->loadClass('App\\Models\\M_si...')
#3 C:\xampp\htdocs\agendapkl-mazer\app\Controllers\Data_siswa_all.php(11): spl_autoload_call('App\\Models\\M_si...')
#4 C:\xampp\htdocs\agendapkl-mazer\system\CodeIgniter.php(832): App\Controllers\Data_siswa_all->index()
#5 C:\xampp\htdocs\agendapkl-mazer\system\CodeIgniter.php(419): CodeIgniter\CodeIgniter->runController(Object(App\Controllers\Data_siswa_all))
#6 C:\xampp\htdocs\agendapkl-mazer\system\CodeIgniter.php(326): CodeIgniter\CodeIgniter->handleRequest(NULL, Object(Config\Cache), false)
#7 C:\xampp\htdocs\agendapkl-mazer\public\index.php(37): CodeIgniter\CodeIgniter->run()
#8 C:\xampp\htdocs\agendapkl-mazer\system\Commands\Server\rewrite.php(43): require_once('C:\\xampp\\htdocs...')
#9 {main}
CRITICAL - 2023-08-07 21:31:48 --> syntax error, unexpected 'if' (T_IF)
#0 C:\xampp\htdocs\agendapkl-mazer\system\Autoloader\Autoloader.php(241): CodeIgniter\Autoloader\Autoloader->includeFile('C:\\xampp\\htdocs...')
#1 C:\xampp\htdocs\agendapkl-mazer\system\Autoloader\Autoloader.php(219): CodeIgniter\Autoloader\Autoloader->loadInNamespace('App\\Models\\M_si...')
#2 [internal function]: CodeIgniter\Autoloader\Autoloader->loadClass('App\\Models\\M_si...')
#3 C:\xampp\htdocs\agendapkl-mazer\app\Controllers\Data_siswa_all.php(11): spl_autoload_call('App\\Models\\M_si...')
#4 C:\xampp\htdocs\agendapkl-mazer\system\CodeIgniter.php(832): App\Controllers\Data_siswa_all->index()
#5 C:\xampp\htdocs\agendapkl-mazer\system\CodeIgniter.php(419): CodeIgniter\CodeIgniter->runController(Object(App\Controllers\Data_siswa_all))
#6 C:\xampp\htdocs\agendapkl-mazer\system\CodeIgniter.php(326): CodeIgniter\CodeIgniter->handleRequest(NULL, Object(Config\Cache), false)
#7 C:\xampp\htdocs\agendapkl-mazer\public\index.php(37): CodeIgniter\CodeIgniter->run()
#8 C:\xampp\htdocs\agendapkl-mazer\system\Commands\Server\rewrite.php(43): require_once('C:\\xampp\\htdocs...')
#9 {main}
CRITICAL - 2023-08-07 21:31:49 --> syntax error, unexpected 'if' (T_IF)
#0 C:\xampp\htdocs\agendapkl-mazer\system\Autoloader\Autoloader.php(241): CodeIgniter\Autoloader\Autoloader->includeFile('C:\\xampp\\htdocs...')
#1 C:\xampp\htdocs\agendapkl-mazer\system\Autoloader\Autoloader.php(219): CodeIgniter\Autoloader\Autoloader->loadInNamespace('App\\Models\\M_si...')
#2 [internal function]: CodeIgniter\Autoloader\Autoloader->loadClass('App\\Models\\M_si...')
#3 C:\xampp\htdocs\agendapkl-mazer\app\Controllers\Data_siswa_all.php(11): spl_autoload_call('App\\Models\\M_si...')
#4 C:\xampp\htdocs\agendapkl-mazer\system\CodeIgniter.php(832): App\Controllers\Data_siswa_all->index()
#5 C:\xampp\htdocs\agendapkl-mazer\system\CodeIgniter.php(419): CodeIgniter\CodeIgniter->runController(Object(App\Controllers\Data_siswa_all))
#6 C:\xampp\htdocs\agendapkl-mazer\system\CodeIgniter.php(326): CodeIgniter\CodeIgniter->handleRequest(NULL, Object(Config\Cache), false)
#7 C:\xampp\htdocs\agendapkl-mazer\public\index.php(37): CodeIgniter\CodeIgniter->run()
#8 C:\xampp\htdocs\agendapkl-mazer\system\Commands\Server\rewrite.php(43): require_once('C:\\xampp\\htdocs...')
#9 {main}
CRITICAL - 2023-08-07 21:31:49 --> syntax error, unexpected 'if' (T_IF)
#0 C:\xampp\htdocs\agendapkl-mazer\system\Autoloader\Autoloader.php(241): CodeIgniter\Autoloader\Autoloader->includeFile('C:\\xampp\\htdocs...')
#1 C:\xampp\htdocs\agendapkl-mazer\system\Autoloader\Autoloader.php(219): CodeIgniter\Autoloader\Autoloader->loadInNamespace('App\\Models\\M_si...')
#2 [internal function]: CodeIgniter\Autoloader\Autoloader->loadClass('App\\Models\\M_si...')
#3 C:\xampp\htdocs\agendapkl-mazer\app\Controllers\Data_siswa_all.php(11): spl_autoload_call('App\\Models\\M_si...')
#4 C:\xampp\htdocs\agendapkl-mazer\system\CodeIgniter.php(832): App\Controllers\Data_siswa_all->index()
#5 C:\xampp\htdocs\agendapkl-mazer\system\CodeIgniter.php(419): CodeIgniter\CodeIgniter->runController(Object(App\Controllers\Data_siswa_all))
#6 C:\xampp\htdocs\agendapkl-mazer\system\CodeIgniter.php(326): CodeIgniter\CodeIgniter->handleRequest(NULL, Object(Config\Cache), false)
#7 C:\xampp\htdocs\agendapkl-mazer\public\index.php(37): CodeIgniter\CodeIgniter->run()
#8 C:\xampp\htdocs\agendapkl-mazer\system\Commands\Server\rewrite.php(43): require_once('C:\\xampp\\htdocs...')
#9 {main}
ERROR - 2023-08-07 21:31:54 --> Unknown column 'data_instruktur.tanggal_lahir' in 'field list'
CRITICAL - 2023-08-07 21:31:54 --> Invalid argument supplied for foreach()
#0 C:\xampp\htdocs\agendapkl-mazer\app\Views\data_siswa_all\view.php(42): CodeIgniter\Debug\Exceptions->errorHandler(2, 'Invalid argumen...', 'C:\\xampp\\htdocs...', 42, Array)
#1 C:\xampp\htdocs\agendapkl-mazer\system\View\View.php(210): include('C:\\xampp\\htdocs...')
#2 C:\xampp\htdocs\agendapkl-mazer\system\View\View.php(213): CodeIgniter\View\View->CodeIgniter\View\{closure}()
#3 C:\xampp\htdocs\agendapkl-mazer\system\Common.php(1089): CodeIgniter\View\View->render('data_siswa_all/...', Array, true)
#4 C:\xampp\htdocs\agendapkl-mazer\app\Controllers\Data_siswa_all.php(33): view('data_siswa_all/...', Array)
#5 C:\xampp\htdocs\agendapkl-mazer\system\CodeIgniter.php(832): App\Controllers\Data_siswa_all->index()
#6 C:\xampp\htdocs\agendapkl-mazer\system\CodeIgniter.php(419): CodeIgniter\CodeIgniter->runController(Object(App\Controllers\Data_siswa_all))
#7 C:\xampp\htdocs\agendapkl-mazer\system\CodeIgniter.php(326): CodeIgniter\CodeIgniter->handleRequest(NULL, Object(Config\Cache), false)
#8 C:\xampp\htdocs\agendapkl-mazer\public\index.php(37): CodeIgniter\CodeIgniter->run()
#9 C:\xampp\htdocs\agendapkl-mazer\system\Commands\Server\rewrite.php(43): require_once('C:\\xampp\\htdocs...')
#10 {main}
ERROR - 2023-08-07 21:32:39 --> Unknown column 'data_instruktur.tanggal_lahir' in 'field list'
CRITICAL - 2023-08-07 21:32:39 --> Invalid argument supplied for foreach()
#0 C:\xampp\htdocs\agendapkl-mazer\app\Views\data_siswa_all\view.php(42): CodeIgniter\Debug\Exceptions->errorHandler(2, 'Invalid argumen...', 'C:\\xampp\\htdocs...', 42, Array)
#1 C:\xampp\htdocs\agendapkl-mazer\system\View\View.php(210): include('C:\\xampp\\htdocs...')
#2 C:\xampp\htdocs\agendapkl-mazer\system\View\View.php(213): CodeIgniter\View\View->CodeIgniter\View\{closure}()
#3 C:\xampp\htdocs\agendapkl-mazer\system\Common.php(1089): CodeIgniter\View\View->render('data_siswa_all/...', Array, true)
#4 C:\xampp\htdocs\agendapkl-mazer\app\Controllers\Data_siswa_all.php(33): view('data_siswa_all/...', Array)
#5 C:\xampp\htdocs\agendapkl-mazer\system\CodeIgniter.php(832): App\Controllers\Data_siswa_all->index()
#6 C:\xampp\htdocs\agendapkl-mazer\system\CodeIgniter.php(419): CodeIgniter\CodeIgniter->runController(Object(App\Controllers\Data_siswa_all))
#7 C:\xampp\htdocs\agendapkl-mazer\system\CodeIgniter.php(326): CodeIgniter\CodeIgniter->handleRequest(NULL, Object(Config\Cache), false)
#8 C:\xampp\htdocs\agendapkl-mazer\public\index.php(37): CodeIgniter\CodeIgniter->run()
#9 C:\xampp\htdocs\agendapkl-mazer\system\Commands\Server\rewrite.php(43): require_once('C:\\xampp\\htdocs...')
#10 {main}
ERROR - 2023-08-07 21:32:40 --> Unknown column 'data_instruktur.tanggal_lahir' in 'field list'
CRITICAL - 2023-08-07 21:32:40 --> Invalid argument supplied for foreach()
#0 C:\xampp\htdocs\agendapkl-mazer\app\Views\data_siswa_all\view.php(42): CodeIgniter\Debug\Exceptions->errorHandler(2, 'Invalid argumen...', 'C:\\xampp\\htdocs...', 42, Array)
#1 C:\xampp\htdocs\agendapkl-mazer\system\View\View.php(210): include('C:\\xampp\\htdocs...')
#2 C:\xampp\htdocs\agendapkl-mazer\system\View\View.php(213): CodeIgniter\View\View->CodeIgniter\View\{closure}()
#3 C:\xampp\htdocs\agendapkl-mazer\system\Common.php(1089): CodeIgniter\View\View->render('data_siswa_all/...', Array, true)
#4 C:\xampp\htdocs\agendapkl-mazer\app\Controllers\Data_siswa_all.php(33): view('data_siswa_all/...', Array)
#5 C:\xampp\htdocs\agendapkl-mazer\system\CodeIgniter.php(832): App\Controllers\Data_siswa_all->index()
#6 C:\xampp\htdocs\agendapkl-mazer\system\CodeIgniter.php(419): CodeIgniter\CodeIgniter->runController(Object(App\Controllers\Data_siswa_all))
#7 C:\xampp\htdocs\agendapkl-mazer\system\CodeIgniter.php(326): CodeIgniter\CodeIgniter->handleRequest(NULL, Object(Config\Cache), false)
#8 C:\xampp\htdocs\agendapkl-mazer\public\index.php(37): CodeIgniter\CodeIgniter->run()
#9 C:\xampp\htdocs\agendapkl-mazer\system\Commands\Server\rewrite.php(43): require_once('C:\\xampp\\htdocs...')
#10 {main}
ERROR - 2023-08-07 21:32:41 --> Unknown column 'data_instruktur.tanggal_lahir' in 'field list'
CRITICAL - 2023-08-07 21:32:41 --> Invalid argument supplied for foreach()
#0 C:\xampp\htdocs\agendapkl-mazer\app\Views\data_siswa_all\view.php(42): CodeIgniter\Debug\Exceptions->errorHandler(2, 'Invalid argumen...', 'C:\\xampp\\htdocs...', 42, Array)
#1 C:\xampp\htdocs\agendapkl-mazer\system\View\View.php(210): include('C:\\xampp\\htdocs...')
#2 C:\xampp\htdocs\agendapkl-mazer\system\View\View.php(213): CodeIgniter\View\View->CodeIgniter\View\{closure}()
#3 C:\xampp\htdocs\agendapkl-mazer\system\Common.php(1089): CodeIgniter\View\View->render('data_siswa_all/...', Array, true)
#4 C:\xampp\htdocs\agendapkl-mazer\app\Controllers\Data_siswa_all.php(33): view('data_siswa_all/...', Array)
#5 C:\xampp\htdocs\agendapkl-mazer\system\CodeIgniter.php(832): App\Controllers\Data_siswa_all->index()
#6 C:\xampp\htdocs\agendapkl-mazer\system\CodeIgniter.php(419): CodeIgniter\CodeIgniter->runController(Object(App\Controllers\Data_siswa_all))
#7 C:\xampp\htdocs\agendapkl-mazer\system\CodeIgniter.php(326): CodeIgniter\CodeIgniter->handleRequest(NULL, Object(Config\Cache), false)
#8 C:\xampp\htdocs\agendapkl-mazer\public\index.php(37): CodeIgniter\CodeIgniter->run()
#9 C:\xampp\htdocs\agendapkl-mazer\system\Commands\Server\rewrite.php(43): require_once('C:\\xampp\\htdocs...')
#10 {main}
ERROR - 2023-08-07 21:32:41 --> Unknown column 'data_instruktur.tanggal_lahir' in 'field list'
CRITICAL - 2023-08-07 21:32:41 --> Invalid argument supplied for foreach()
#0 C:\xampp\htdocs\agendapkl-mazer\app\Views\data_siswa_all\view.php(42): CodeIgniter\Debug\Exceptions->errorHandler(2, 'Invalid argumen...', 'C:\\xampp\\htdocs...', 42, Array)
#1 C:\xampp\htdocs\agendapkl-mazer\system\View\View.php(210): include('C:\\xampp\\htdocs...')
#2 C:\xampp\htdocs\agendapkl-mazer\system\View\View.php(213): CodeIgniter\View\View->CodeIgniter\View\{closure}()
#3 C:\xampp\htdocs\agendapkl-mazer\system\Common.php(1089): CodeIgniter\View\View->render('data_siswa_all/...', Array, true)
#4 C:\xampp\htdocs\agendapkl-mazer\app\Controllers\Data_siswa_all.php(33): view('data_siswa_all/...', Array)
#5 C:\xampp\htdocs\agendapkl-mazer\system\CodeIgniter.php(832): App\Controllers\Data_siswa_all->index()
#6 C:\xampp\htdocs\agendapkl-mazer\system\CodeIgniter.php(419): CodeIgniter\CodeIgniter->runController(Object(App\Controllers\Data_siswa_all))
#7 C:\xampp\htdocs\agendapkl-mazer\system\CodeIgniter.php(326): CodeIgniter\CodeIgniter->handleRequest(NULL, Object(Config\Cache), false)
#8 C:\xampp\htdocs\agendapkl-mazer\public\index.php(37): CodeIgniter\CodeIgniter->run()
#9 C:\xampp\htdocs\agendapkl-mazer\system\Commands\Server\rewrite.php(43): require_once('C:\\xampp\\htdocs...')
#10 {main}
ERROR - 2023-08-07 21:32:41 --> Unknown column 'data_instruktur.tanggal_lahir' in 'field list'
CRITICAL - 2023-08-07 21:32:41 --> Invalid argument supplied for foreach()
#0 C:\xampp\htdocs\agendapkl-mazer\app\Views\data_siswa_all\view.php(42): CodeIgniter\Debug\Exceptions->errorHandler(2, 'Invalid argumen...', 'C:\\xampp\\htdocs...', 42, Array)
#1 C:\xampp\htdocs\agendapkl-mazer\system\View\View.php(210): include('C:\\xampp\\htdocs...')
#2 C:\xampp\htdocs\agendapkl-mazer\system\View\View.php(213): CodeIgniter\View\View->CodeIgniter\View\{closure}()
#3 C:\xampp\htdocs\agendapkl-mazer\system\Common.php(1089): CodeIgniter\View\View->render('data_siswa_all/...', Array, true)
#4 C:\xampp\htdocs\agendapkl-mazer\app\Controllers\Data_siswa_all.php(33): view('data_siswa_all/...', Array)
#5 C:\xampp\htdocs\agendapkl-mazer\system\CodeIgniter.php(832): App\Controllers\Data_siswa_all->index()
#6 C:\xampp\htdocs\agendapkl-mazer\system\CodeIgniter.php(419): CodeIgniter\CodeIgniter->runController(Object(App\Controllers\Data_siswa_all))
#7 C:\xampp\htdocs\agendapkl-mazer\system\CodeIgniter.php(326): CodeIgniter\CodeIgniter->handleRequest(NULL, Object(Config\Cache), false)
#8 C:\xampp\htdocs\agendapkl-mazer\public\index.php(37): CodeIgniter\CodeIgniter->run()
#9 C:\xampp\htdocs\agendapkl-mazer\system\Commands\Server\rewrite.php(43): require_once('C:\\xampp\\htdocs...')
#10 {main}
ERROR - 2023-08-07 21:32:42 --> Unknown column 'data_instruktur.tanggal_lahir' in 'field list'
CRITICAL - 2023-08-07 21:32:42 --> Invalid argument supplied for foreach()
#0 C:\xampp\htdocs\agendapkl-mazer\app\Views\data_siswa_all\view.php(42): CodeIgniter\Debug\Exceptions->errorHandler(2, 'Invalid argumen...', 'C:\\xampp\\htdocs...', 42, Array)
#1 C:\xampp\htdocs\agendapkl-mazer\system\View\View.php(210): include('C:\\xampp\\htdocs...')
#2 C:\xampp\htdocs\agendapkl-mazer\system\View\View.php(213): CodeIgniter\View\View->CodeIgniter\View\{closure}()
#3 C:\xampp\htdocs\agendapkl-mazer\system\Common.php(1089): CodeIgniter\View\View->render('data_siswa_all/...', Array, true)
#4 C:\xampp\htdocs\agendapkl-mazer\app\Controllers\Data_siswa_all.php(33): view('data_siswa_all/...', Array)
#5 C:\xampp\htdocs\agendapkl-mazer\system\CodeIgniter.php(832): App\Controllers\Data_siswa_all->index()
#6 C:\xampp\htdocs\agendapkl-mazer\system\CodeIgniter.php(419): CodeIgniter\CodeIgniter->runController(Object(App\Controllers\Data_siswa_all))
#7 C:\xampp\htdocs\agendapkl-mazer\system\CodeIgniter.php(326): CodeIgniter\CodeIgniter->handleRequest(NULL, Object(Config\Cache), false)
#8 C:\xampp\htdocs\agendapkl-mazer\public\index.php(37): CodeIgniter\CodeIgniter->run()
#9 C:\xampp\htdocs\agendapkl-mazer\system\Commands\Server\rewrite.php(43): require_once('C:\\xampp\\htdocs...')
#10 {main}
ERROR - 2023-08-07 21:32:42 --> Unknown column 'data_instruktur.tanggal_lahir' in 'field list'
CRITICAL - 2023-08-07 21:32:42 --> Invalid argument supplied for foreach()
#0 C:\xampp\htdocs\agendapkl-mazer\app\Views\data_siswa_all\view.php(42): CodeIgniter\Debug\Exceptions->errorHandler(2, 'Invalid argumen...', 'C:\\xampp\\htdocs...', 42, Array)
#1 C:\xampp\htdocs\agendapkl-mazer\system\View\View.php(210): include('C:\\xampp\\htdocs...')
#2 C:\xampp\htdocs\agendapkl-mazer\system\View\View.php(213): CodeIgniter\View\View->CodeIgniter\View\{closure}()
#3 C:\xampp\htdocs\agendapkl-mazer\system\Common.php(1089): CodeIgniter\View\View->render('data_siswa_all/...', Array, true)
#4 C:\xampp\htdocs\agendapkl-mazer\app\Controllers\Data_siswa_all.php(33): view('data_siswa_all/...', Array)
#5 C:\xampp\htdocs\agendapkl-mazer\system\CodeIgniter.php(832): App\Controllers\Data_siswa_all->index()
#6 C:\xampp\htdocs\agendapkl-mazer\system\CodeIgniter.php(419): CodeIgniter\CodeIgniter->runController(Object(App\Controllers\Data_siswa_all))
#7 C:\xampp\htdocs\agendapkl-mazer\system\CodeIgniter.php(326): CodeIgniter\CodeIgniter->handleRequest(NULL, Object(Config\Cache), false)
#8 C:\xampp\htdocs\agendapkl-mazer\public\index.php(37): CodeIgniter\CodeIgniter->run()
#9 C:\xampp\htdocs\agendapkl-mazer\system\Commands\Server\rewrite.php(43): require_once('C:\\xampp\\htdocs...')
#10 {main}
ERROR - 2023-08-07 21:32:42 --> Unknown column 'data_instruktur.tanggal_lahir' in 'field list'
CRITICAL - 2023-08-07 21:32:42 --> Invalid argument supplied for foreach()
#0 C:\xampp\htdocs\agendapkl-mazer\app\Views\data_siswa_all\view.php(42): CodeIgniter\Debug\Exceptions->errorHandler(2, 'Invalid argumen...', 'C:\\xampp\\htdocs...', 42, Array)
#1 C:\xampp\htdocs\agendapkl-mazer\system\View\View.php(210): include('C:\\xampp\\htdocs...')
#2 C:\xampp\htdocs\agendapkl-mazer\system\View\View.php(213): CodeIgniter\View\View->CodeIgniter\View\{closure}()
#3 C:\xampp\htdocs\agendapkl-mazer\system\Common.php(1089): CodeIgniter\View\View->render('data_siswa_all/...', Array, true)
#4 C:\xampp\htdocs\agendapkl-mazer\app\Controllers\Data_siswa_all.php(33): view('data_siswa_all/...', Array)
#5 C:\xampp\htdocs\agendapkl-mazer\system\CodeIgniter.php(832): App\Controllers\Data_siswa_all->index()
#6 C:\xampp\htdocs\agendapkl-mazer\system\CodeIgniter.php(419): CodeIgniter\CodeIgniter->runController(Object(App\Controllers\Data_siswa_all))
#7 C:\xampp\htdocs\agendapkl-mazer\system\CodeIgniter.php(326): CodeIgniter\CodeIgniter->handleRequest(NULL, Object(Config\Cache), false)
#8 C:\xampp\htdocs\agendapkl-mazer\public\index.php(37): CodeIgniter\CodeIgniter->run()
#9 C:\xampp\htdocs\agendapkl-mazer\system\Commands\Server\rewrite.php(43): require_once('C:\\xampp\\htdocs...')
#10 {main}
ERROR - 2023-08-07 21:32:43 --> Unknown column 'data_instruktur.tanggal_lahir' in 'field list'
CRITICAL - 2023-08-07 21:32:43 --> Invalid argument supplied for foreach()
#0 C:\xampp\htdocs\agendapkl-mazer\app\Views\data_siswa_all\view.php(42): CodeIgniter\Debug\Exceptions->errorHandler(2, 'Invalid argumen...', 'C:\\xampp\\htdocs...', 42, Array)
#1 C:\xampp\htdocs\agendapkl-mazer\system\View\View.php(210): include('C:\\xampp\\htdocs...')
#2 C:\xampp\htdocs\agendapkl-mazer\system\View\View.php(213): CodeIgniter\View\View->CodeIgniter\View\{closure}()
#3 C:\xampp\htdocs\agendapkl-mazer\system\Common.php(1089): CodeIgniter\View\View->render('data_siswa_all/...', Array, true)
#4 C:\xampp\htdocs\agendapkl-mazer\app\Controllers\Data_siswa_all.php(33): view('data_siswa_all/...', Array)
#5 C:\xampp\htdocs\agendapkl-mazer\system\CodeIgniter.php(832): App\Controllers\Data_siswa_all->index()
#6 C:\xampp\htdocs\agendapkl-mazer\system\CodeIgniter.php(419): CodeIgniter\CodeIgniter->runController(Object(App\Controllers\Data_siswa_all))
#7 C:\xampp\htdocs\agendapkl-mazer\system\CodeIgniter.php(326): CodeIgniter\CodeIgniter->handleRequest(NULL, Object(Config\Cache), false)
#8 C:\xampp\htdocs\agendapkl-mazer\public\index.php(37): CodeIgniter\CodeIgniter->run()
#9 C:\xampp\htdocs\agendapkl-mazer\system\Commands\Server\rewrite.php(43): require_once('C:\\xampp\\htdocs...')
#10 {main}
ERROR - 2023-08-07 21:32:43 --> Unknown column 'data_instruktur.tanggal_lahir' in 'field list'
CRITICAL - 2023-08-07 21:32:43 --> Invalid argument supplied for foreach()
#0 C:\xampp\htdocs\agendapkl-mazer\app\Views\data_siswa_all\view.php(42): CodeIgniter\Debug\Exceptions->errorHandler(2, 'Invalid argumen...', 'C:\\xampp\\htdocs...', 42, Array)
#1 C:\xampp\htdocs\agendapkl-mazer\system\View\View.php(210): include('C:\\xampp\\htdocs...')
#2 C:\xampp\htdocs\agendapkl-mazer\system\View\View.php(213): CodeIgniter\View\View->CodeIgniter\View\{closure}()
#3 C:\xampp\htdocs\agendapkl-mazer\system\Common.php(1089): CodeIgniter\View\View->render('data_siswa_all/...', Array, true)
#4 C:\xampp\htdocs\agendapkl-mazer\app\Controllers\Data_siswa_all.php(33): view('data_siswa_all/...', Array)
#5 C:\xampp\htdocs\agendapkl-mazer\system\CodeIgniter.php(832): App\Controllers\Data_siswa_all->index()
#6 C:\xampp\htdocs\agendapkl-mazer\system\CodeIgniter.php(419): CodeIgniter\CodeIgniter->runController(Object(App\Controllers\Data_siswa_all))
#7 C:\xampp\htdocs\agendapkl-mazer\system\CodeIgniter.php(326): CodeIgniter\CodeIgniter->handleRequest(NULL, Object(Config\Cache), false)
#8 C:\xampp\htdocs\agendapkl-mazer\public\index.php(37): CodeIgniter\CodeIgniter->run()
#9 C:\xampp\htdocs\agendapkl-mazer\system\Commands\Server\rewrite.php(43): require_once('C:\\xampp\\htdocs...')
#10 {main}
ERROR - 2023-08-07 21:32:43 --> Unknown column 'data_instruktur.tanggal_lahir' in 'field list'
CRITICAL - 2023-08-07 21:32:43 --> Invalid argument supplied for foreach()
#0 C:\xampp\htdocs\agendapkl-mazer\app\Views\data_siswa_all\view.php(42): CodeIgniter\Debug\Exceptions->errorHandler(2, 'Invalid argumen...', 'C:\\xampp\\htdocs...', 42, Array)
#1 C:\xampp\htdocs\agendapkl-mazer\system\View\View.php(210): include('C:\\xampp\\htdocs...')
#2 C:\xampp\htdocs\agendapkl-mazer\system\View\View.php(213): CodeIgniter\View\View->CodeIgniter\View\{closure}()
#3 C:\xampp\htdocs\agendapkl-mazer\system\Common.php(1089): CodeIgniter\View\View->render('data_siswa_all/...', Array, true)
#4 C:\xampp\htdocs\agendapkl-mazer\app\Controllers\Data_siswa_all.php(33): view('data_siswa_all/...', Array)
#5 C:\xampp\htdocs\agendapkl-mazer\system\CodeIgniter.php(832): App\Controllers\Data_siswa_all->index()
#6 C:\xampp\htdocs\agendapkl-mazer\system\CodeIgniter.php(419): CodeIgniter\CodeIgniter->runController(Object(App\Controllers\Data_siswa_all))
#7 C:\xampp\htdocs\agendapkl-mazer\system\CodeIgniter.php(326): CodeIgniter\CodeIgniter->handleRequest(NULL, Object(Config\Cache), false)
#8 C:\xampp\htdocs\agendapkl-mazer\public\index.php(37): CodeIgniter\CodeIgniter->run()
#9 C:\xampp\htdocs\agendapkl-mazer\system\Commands\Server\rewrite.php(43): require_once('C:\\xampp\\htdocs...')
#10 {main}
ERROR - 2023-08-07 21:32:43 --> Unknown column 'data_instruktur.tanggal_lahir' in 'field list'
CRITICAL - 2023-08-07 21:32:43 --> Invalid argument supplied for foreach()
#0 C:\xampp\htdocs\agendapkl-mazer\app\Views\data_siswa_all\view.php(42): CodeIgniter\Debug\Exceptions->errorHandler(2, 'Invalid argumen...', 'C:\\xampp\\htdocs...', 42, Array)
#1 C:\xampp\htdocs\agendapkl-mazer\system\View\View.php(210): include('C:\\xampp\\htdocs...')
#2 C:\xampp\htdocs\agendapkl-mazer\system\View\View.php(213): CodeIgniter\View\View->CodeIgniter\View\{closure}()
#3 C:\xampp\htdocs\agendapkl-mazer\system\Common.php(1089): CodeIgniter\View\View->render('data_siswa_all/...', Array, true)
#4 C:\xampp\htdocs\agendapkl-mazer\app\Controllers\Data_siswa_all.php(33): view('data_siswa_all/...', Array)
#5 C:\xampp\htdocs\agendapkl-mazer\system\CodeIgniter.php(832): App\Controllers\Data_siswa_all->index()
#6 C:\xampp\htdocs\agendapkl-mazer\system\CodeIgniter.php(419): CodeIgniter\CodeIgniter->runController(Object(App\Controllers\Data_siswa_all))
#7 C:\xampp\htdocs\agendapkl-mazer\system\CodeIgniter.php(326): CodeIgniter\CodeIgniter->handleRequest(NULL, Object(Config\Cache), false)
#8 C:\xampp\htdocs\agendapkl-mazer\public\index.php(37): CodeIgniter\CodeIgniter->run()
#9 C:\xampp\htdocs\agendapkl-mazer\system\Commands\Server\rewrite.php(43): require_once('C:\\xampp\\htdocs...')
#10 {main}
ERROR - 2023-08-07 21:34:23 --> Unknown column 'data_instruktur.tanggal_lahir' in 'field list'
CRITICAL - 2023-08-07 21:34:23 --> Call to a member function getResult() on bool
#0 C:\xampp\htdocs\agendapkl-mazer\app\Controllers\Data_siswa_all.php(27): App\Models\M_siswa->join4w('data_siswa', 'data_guru', 'data_instruktur', 'data_jurusan', 'data_siswa.guru...', 'data_siswa.inst...', 'data_siswa.juru...', '1')
#1 C:\xampp\htdocs\agendapkl-mazer\system\CodeIgniter.php(832): App\Controllers\Data_siswa_all->index()
#2 C:\xampp\htdocs\agendapkl-mazer\system\CodeIgniter.php(419): CodeIgniter\CodeIgniter->runController(Object(App\Controllers\Data_siswa_all))
#3 C:\xampp\htdocs\agendapkl-mazer\system\CodeIgniter.php(326): CodeIgniter\CodeIgniter->handleRequest(NULL, Object(Config\Cache), false)
#4 C:\xampp\htdocs\agendapkl-mazer\public\index.php(37): CodeIgniter\CodeIgniter->run()
#5 C:\xampp\htdocs\agendapkl-mazer\system\Commands\Server\rewrite.php(43): require_once('C:\\xampp\\htdocs...')
#6 {main}
CRITICAL - 2023-08-07 21:46:23 --> syntax error, unexpected ';', expecting ')'
#0 C:\xampp\htdocs\agendapkl-mazer\system\Autoloader\Autoloader.php(241): CodeIgniter\Autoloader\Autoloader->includeFile('C:\\xampp\\htdocs...')
#1 C:\xampp\htdocs\agendapkl-mazer\system\Autoloader\Autoloader.php(219): CodeIgniter\Autoloader\Autoloader->loadInNamespace('App\\Models\\M_si...')
#2 [internal function]: CodeIgniter\Autoloader\Autoloader->loadClass('App\\Models\\M_si...')
#3 C:\xampp\htdocs\agendapkl-mazer\app\Controllers\Data_siswa_all.php(11): spl_autoload_call('App\\Models\\M_si...')
#4 C:\xampp\htdocs\agendapkl-mazer\system\CodeIgniter.php(832): App\Controllers\Data_siswa_all->index()
#5 C:\xampp\htdocs\agendapkl-mazer\system\CodeIgniter.php(419): CodeIgniter\CodeIgniter->runController(Object(App\Controllers\Data_siswa_all))
#6 C:\xampp\htdocs\agendapkl-mazer\system\CodeIgniter.php(326): CodeIgniter\CodeIgniter->handleRequest(NULL, Object(Config\Cache), false)
#7 C:\xampp\htdocs\agendapkl-mazer\public\index.php(37): CodeIgniter\CodeIgniter->run()
#8 C:\xampp\htdocs\agendapkl-mazer\system\Commands\Server\rewrite.php(43): require_once('C:\\xampp\\htdocs...')
#9 {main}
CRITICAL - 2023-08-07 21:48:36 --> syntax error, unexpected ';', expecting ')'
#0 C:\xampp\htdocs\agendapkl-mazer\system\Autoloader\Autoloader.php(241): CodeIgniter\Autoloader\Autoloader->includeFile('C:\\xampp\\htdocs...')
#1 C:\xampp\htdocs\agendapkl-mazer\system\Autoloader\Autoloader.php(219): CodeIgniter\Autoloader\Autoloader->loadInNamespace('App\\Models\\M_si...')
#2 [internal function]: CodeIgniter\Autoloader\Autoloader->loadClass('App\\Models\\M_si...')
#3 C:\xampp\htdocs\agendapkl-mazer\app\Controllers\Data_siswa_all.php(11): spl_autoload_call('App\\Models\\M_si...')
#4 C:\xampp\htdocs\agendapkl-mazer\system\CodeIgniter.php(832): App\Controllers\Data_siswa_all->index()
#5 C:\xampp\htdocs\agendapkl-mazer\system\CodeIgniter.php(419): CodeIgniter\CodeIgniter->runController(Object(App\Controllers\Data_siswa_all))
#6 C:\xampp\htdocs\agendapkl-mazer\system\CodeIgniter.php(326): CodeIgniter\CodeIgniter->handleRequest(NULL, Object(Config\Cache), false)
#7 C:\xampp\htdocs\agendapkl-mazer\public\index.php(37): CodeIgniter\CodeIgniter->run()
#8 C:\xampp\htdocs\agendapkl-mazer\system\Commands\Server\rewrite.php(43): require_once('C:\\xampp\\htdocs...')
#9 {main}
CRITICAL - 2023-08-07 22:45:38 --> syntax error, unexpected 'session' (T_STRING), expecting '('
#0 C:\xampp\htdocs\agendapkl-mazer\system\View\View.php(213): CodeIgniter\View\View->CodeIgniter\View\{closure}()
#1 C:\xampp\htdocs\agendapkl-mazer\system\Common.php(1089): CodeIgniter\View\View->render('data_siswa/view', Array, true)
#2 C:\xampp\htdocs\agendapkl-mazer\app\Controllers\Data_siswa.php(19): view('data_siswa/view', Array)
#3 C:\xampp\htdocs\agendapkl-mazer\system\CodeIgniter.php(832): App\Controllers\Data_siswa->index()
#4 C:\xampp\htdocs\agendapkl-mazer\system\CodeIgniter.php(419): CodeIgniter\CodeIgniter->runController(Object(App\Controllers\Data_siswa))
#5 C:\xampp\htdocs\agendapkl-mazer\system\CodeIgniter.php(326): CodeIgniter\CodeIgniter->handleRequest(NULL, Object(Config\Cache), false)
#6 C:\xampp\htdocs\agendapkl-mazer\public\index.php(37): CodeIgniter\CodeIgniter->run()
#7 C:\xampp\htdocs\agendapkl-mazer\system\Commands\Server\rewrite.php(43): require_once('C:\\xampp\\htdocs...')
#8 {main}
CRITICAL - 2023-08-07 23:05:15 --> syntax error, unexpected '}', expecting ';'
#0 C:\xampp\htdocs\agendapkl-mazer\system\Router\Router.php(175): CodeIgniter\Router\Router->autoRoute('data_siswa')
#1 C:\xampp\htdocs\agendapkl-mazer\system\CodeIgniter.php(726): CodeIgniter\Router\Router->handle('data_siswa')
#2 C:\xampp\htdocs\agendapkl-mazer\system\CodeIgniter.php(368): CodeIgniter\CodeIgniter->tryToRouteIt(Object(CodeIgniter\Router\RouteCollection))
#3 C:\xampp\htdocs\agendapkl-mazer\system\CodeIgniter.php(326): CodeIgniter\CodeIgniter->handleRequest(NULL, Object(Config\Cache), false)
#4 C:\xampp\htdocs\agendapkl-mazer\public\index.php(37): CodeIgniter\CodeIgniter->run()
#5 C:\xampp\htdocs\agendapkl-mazer\system\Commands\Server\rewrite.php(43): require_once('C:\\xampp\\htdocs...')
#6 {main}
CRITICAL - 2023-08-07 23:12:29 --> syntax error, unexpected '$contacts' (T_VARIABLE)
#0 C:\xampp\htdocs\agendapkl-mazer\system\Router\Router.php(175): CodeIgniter\Router\Router->autoRoute('data_siswa')
#1 C:\xampp\htdocs\agendapkl-mazer\system\CodeIgniter.php(726): CodeIgniter\Router\Router->handle('data_siswa')
#2 C:\xampp\htdocs\agendapkl-mazer\system\CodeIgniter.php(368): CodeIgniter\CodeIgniter->tryToRouteIt(Object(CodeIgniter\Router\RouteCollection))
#3 C:\xampp\htdocs\agendapkl-mazer\system\CodeIgniter.php(326): CodeIgniter\CodeIgniter->handleRequest(NULL, Object(Config\Cache), false)
#4 C:\xampp\htdocs\agendapkl-mazer\public\index.php(37): CodeIgniter\CodeIgniter->run()
#5 C:\xampp\htdocs\agendapkl-mazer\system\Commands\Server\rewrite.php(43): require_once('C:\\xampp\\htdocs...')
#6 {main}
CRITICAL - 2023-08-07 23:22:41 --> syntax error, unexpected '}'
#0 C:\xampp\htdocs\agendapkl-mazer\system\Router\Router.php(175): CodeIgniter\Router\Router->autoRoute('data_siswa')
#1 C:\xampp\htdocs\agendapkl-mazer\system\CodeIgniter.php(726): CodeIgniter\Router\Router->handle('data_siswa')
#2 C:\xampp\htdocs\agendapkl-mazer\system\CodeIgniter.php(368): CodeIgniter\CodeIgniter->tryToRouteIt(Object(CodeIgniter\Router\RouteCollection))
#3 C:\xampp\htdocs\agendapkl-mazer\system\CodeIgniter.php(326): CodeIgniter\CodeIgniter->handleRequest(NULL, Object(Config\Cache), false)
#4 C:\xampp\htdocs\agendapkl-mazer\public\index.php(37): CodeIgniter\CodeIgniter->run()
#5 C:\xampp\htdocs\agendapkl-mazer\system\Commands\Server\rewrite.php(43): require_once('C:\\xampp\\htdocs...')
#6 {main}
CRITICAL - 2023-08-07 23:22:55 --> syntax error, unexpected '}'
#0 C:\xampp\htdocs\agendapkl-mazer\system\Router\Router.php(175): CodeIgniter\Router\Router->autoRoute('data_siswa')
#1 C:\xampp\htdocs\agendapkl-mazer\system\CodeIgniter.php(726): CodeIgniter\Router\Router->handle('data_siswa')
#2 C:\xampp\htdocs\agendapkl-mazer\system\CodeIgniter.php(368): CodeIgniter\CodeIgniter->tryToRouteIt(Object(CodeIgniter\Router\RouteCollection))
#3 C:\xampp\htdocs\agendapkl-mazer\system\CodeIgniter.php(326): CodeIgniter\CodeIgniter->handleRequest(NULL, Object(Config\Cache), false)
#4 C:\xampp\htdocs\agendapkl-mazer\public\index.php(37): CodeIgniter\CodeIgniter->run()
#5 C:\xampp\htdocs\agendapkl-mazer\system\Commands\Server\rewrite.php(43): require_once('C:\\xampp\\htdocs...')
#6 {main}
CRITICAL - 2023-08-07 23:33:24 --> Class 'App\Models\M_tes' not found
#0 C:\xampp\htdocs\agendapkl-mazer\system\CodeIgniter.php(832): App\Controllers\Data_siswa->import_excel()
#1 C:\xampp\htdocs\agendapkl-mazer\system\CodeIgniter.php(419): CodeIgniter\CodeIgniter->runController(Object(App\Controllers\Data_siswa))
#2 C:\xampp\htdocs\agendapkl-mazer\system\CodeIgniter.php(326): CodeIgniter\CodeIgniter->handleRequest(NULL, Object(Config\Cache), false)
#3 C:\xampp\htdocs\agendapkl-mazer\public\index.php(37): CodeIgniter\CodeIgniter->run()
#4 C:\xampp\htdocs\agendapkl-mazer\system\Commands\Server\rewrite.php(43): require_once('C:\\xampp\\htdocs...')
#5 {main}
ERROR - 2023-08-07 23:33:52 --> Unknown column 'created_at' in 'field list'
ERROR - 2023-08-07 23:33:52 --> Unknown column 'created_at' in 'field list'
ERROR - 2023-08-07 23:33:52 --> Unknown column 'created_at' in 'field list'
