ERROR - 2023-10-15 14:02:23 --> Column 'tanggal' cannot be null
ERROR - 2023-10-15 14:02:23 --> Column 'tanggal' cannot be null
ERROR - 2023-10-15 14:02:23 --> Column 'tanggal' cannot be null
CRITICAL - 2023-10-15 14:18:25 --> Class 'App\Controllers\BlokModel' not found
#0 C:\xampp\htdocs\perizinan-siswa\system\CodeIgniter.php(832): App\Controllers\Blok->index()
#1 C:\xampp\htdocs\perizinan-siswa\system\CodeIgniter.php(419): CodeIgniter\CodeIgniter->runController(Object(App\Controllers\Blok))
#2 C:\xampp\htdocs\perizinan-siswa\system\CodeIgniter.php(326): CodeIgniter\CodeIgniter->handleRequest(NULL, Object(Config\Cache), false)
#3 C:\xampp\htdocs\perizinan-siswa\public\index.php(37): CodeIgniter\CodeIgniter->run()
#4 C:\xampp\htdocs\perizinan-siswa\system\Commands\Server\rewrite.php(43): require_once('C:\\xampp\\htdocs...')
#5 {main}
CRITICAL - 2023-10-15 14:25:11 --> syntax error, unexpected '<'
#0 C:\xampp\htdocs\perizinan-siswa\system\View\View.php(213): CodeIgniter\View\View->CodeIgniter\View\{closure}()
#1 C:\xampp\htdocs\perizinan-siswa\system\Common.php(1089): CodeIgniter\View\View->render('partial/side_me...', Array, true)
#2 C:\xampp\htdocs\perizinan-siswa\app\Controllers\Absen.php(68): view('partial/side_me...')
#3 C:\xampp\htdocs\perizinan-siswa\system\CodeIgniter.php(832): App\Controllers\Absen->index()
#4 C:\xampp\htdocs\perizinan-siswa\system\CodeIgniter.php(419): CodeIgniter\CodeIgniter->runController(Object(App\Controllers\Absen))
#5 C:\xampp\htdocs\perizinan-siswa\system\CodeIgniter.php(326): CodeIgniter\CodeIgniter->handleRequest(NULL, Object(Config\Cache), false)
#6 C:\xampp\htdocs\perizinan-siswa\public\index.php(37): CodeIgniter\CodeIgniter->run()
#7 C:\xampp\htdocs\perizinan-siswa\system\Commands\Server\rewrite.php(43): require_once('C:\\xampp\\htdocs...')
#8 {main}
CRITICAL - 2023-10-15 14:40:47 --> Invalid file: header.php
#0 C:\xampp\htdocs\perizinan-siswa\system\View\View.php(198): CodeIgniter\Exceptions\FrameworkException::forInvalidFile('header.php')
#1 C:\xampp\htdocs\perizinan-siswa\system\Common.php(1089): CodeIgniter\View\View->render('header', Array, true)
#2 C:\xampp\htdocs\perizinan-siswa\app\Controllers\Laporan.php(20): view('header')
#3 C:\xampp\htdocs\perizinan-siswa\system\CodeIgniter.php(832): App\Controllers\Laporan->index()
#4 C:\xampp\htdocs\perizinan-siswa\system\CodeIgniter.php(419): CodeIgniter\CodeIgniter->runController(Object(App\Controllers\Laporan))
#5 C:\xampp\htdocs\perizinan-siswa\system\CodeIgniter.php(326): CodeIgniter\CodeIgniter->handleRequest(NULL, Object(Config\Cache), false)
#6 C:\xampp\htdocs\perizinan-siswa\public\index.php(37): CodeIgniter\CodeIgniter->run()
#7 C:\xampp\htdocs\perizinan-siswa\system\Commands\Server\rewrite.php(43): require_once('C:\\xampp\\htdocs...')
#8 {main}
CRITICAL - 2023-10-15 14:44:17 --> Argument 2 passed to view() must be of the type array, null given, called in C:\xampp\htdocs\perizinan-siswa\app\Controllers\Laporan.php on line 20
#0 C:\xampp\htdocs\perizinan-siswa\app\Controllers\Laporan.php(20): view('partial/header_...', NULL)
#1 C:\xampp\htdocs\perizinan-siswa\system\CodeIgniter.php(832): App\Controllers\Laporan->index()
#2 C:\xampp\htdocs\perizinan-siswa\system\CodeIgniter.php(419): CodeIgniter\CodeIgniter->runController(Object(App\Controllers\Laporan))
#3 C:\xampp\htdocs\perizinan-siswa\system\CodeIgniter.php(326): CodeIgniter\CodeIgniter->handleRequest(NULL, Object(Config\Cache), false)
#4 C:\xampp\htdocs\perizinan-siswa\public\index.php(37): CodeIgniter\CodeIgniter->run()
#5 C:\xampp\htdocs\perizinan-siswa\system\Commands\Server\rewrite.php(43): require_once('C:\\xampp\\htdocs...')
#6 {main}
CRITICAL - 2023-10-15 14:46:42 --> Argument 2 passed to view() must be of the type array, null given, called in C:\xampp\htdocs\perizinan-siswa\app\Controllers\Laporan.php on line 20
#0 C:\xampp\htdocs\perizinan-siswa\app\Controllers\Laporan.php(20): view('partial/header_...', NULL)
#1 C:\xampp\htdocs\perizinan-siswa\system\CodeIgniter.php(832): App\Controllers\Laporan->index()
#2 C:\xampp\htdocs\perizinan-siswa\system\CodeIgniter.php(419): CodeIgniter\CodeIgniter->runController(Object(App\Controllers\Laporan))
#3 C:\xampp\htdocs\perizinan-siswa\system\CodeIgniter.php(326): CodeIgniter\CodeIgniter->handleRequest(NULL, Object(Config\Cache), false)
#4 C:\xampp\htdocs\perizinan-siswa\public\index.php(37): CodeIgniter\CodeIgniter->run()
#5 C:\xampp\htdocs\perizinan-siswa\system\Commands\Server\rewrite.php(43): require_once('C:\\xampp\\htdocs...')
#6 {main}
CRITICAL - 2023-10-15 14:47:37 --> Argument 2 passed to view() must be of the type array, null given, called in C:\xampp\htdocs\perizinan-siswa\app\Controllers\semester.php on line 19
#0 C:\xampp\htdocs\perizinan-siswa\app\Controllers\semester.php(19): view('partial/header_...', NULL)
#1 C:\xampp\htdocs\perizinan-siswa\system\CodeIgniter.php(832): App\Controllers\Semester->index()
#2 C:\xampp\htdocs\perizinan-siswa\system\CodeIgniter.php(419): CodeIgniter\CodeIgniter->runController(Object(App\Controllers\Semester))
#3 C:\xampp\htdocs\perizinan-siswa\system\CodeIgniter.php(326): CodeIgniter\CodeIgniter->handleRequest(NULL, Object(Config\Cache), false)
#4 C:\xampp\htdocs\perizinan-siswa\public\index.php(37): CodeIgniter\CodeIgniter->run()
#5 C:\xampp\htdocs\perizinan-siswa\system\Commands\Server\rewrite.php(43): require_once('C:\\xampp\\htdocs...')
#6 {main}
CRITICAL - 2023-10-15 14:47:40 --> Argument 2 passed to view() must be of the type array, null given, called in C:\xampp\htdocs\perizinan-siswa\app\Controllers\Laporan.php on line 20
#0 C:\xampp\htdocs\perizinan-siswa\app\Controllers\Laporan.php(20): view('partial/header_...', NULL)
#1 C:\xampp\htdocs\perizinan-siswa\system\CodeIgniter.php(832): App\Controllers\Laporan->index()
#2 C:\xampp\htdocs\perizinan-siswa\system\CodeIgniter.php(419): CodeIgniter\CodeIgniter->runController(Object(App\Controllers\Laporan))
#3 C:\xampp\htdocs\perizinan-siswa\system\CodeIgniter.php(326): CodeIgniter\CodeIgniter->handleRequest(NULL, Object(Config\Cache), false)
#4 C:\xampp\htdocs\perizinan-siswa\public\index.php(37): CodeIgniter\CodeIgniter->run()
#5 C:\xampp\htdocs\perizinan-siswa\system\Commands\Server\rewrite.php(43): require_once('C:\\xampp\\htdocs...')
#6 {main}
CRITICAL - 2023-10-15 14:48:09 --> Argument 2 passed to view() must be of the type array, null given, called in C:\xampp\htdocs\perizinan-siswa\app\Controllers\Laporan.php on line 20
#0 C:\xampp\htdocs\perizinan-siswa\app\Controllers\Laporan.php(20): view('partial/header_...', NULL)
#1 C:\xampp\htdocs\perizinan-siswa\system\CodeIgniter.php(832): App\Controllers\Laporan->index()
#2 C:\xampp\htdocs\perizinan-siswa\system\CodeIgniter.php(419): CodeIgniter\CodeIgniter->runController(Object(App\Controllers\Laporan))
#3 C:\xampp\htdocs\perizinan-siswa\system\CodeIgniter.php(326): CodeIgniter\CodeIgniter->handleRequest(NULL, Object(Config\Cache), false)
#4 C:\xampp\htdocs\perizinan-siswa\public\index.php(37): CodeIgniter\CodeIgniter->run()
#5 C:\xampp\htdocs\perizinan-siswa\system\Commands\Server\rewrite.php(43): require_once('C:\\xampp\\htdocs...')
#6 {main}
CRITICAL - 2023-10-15 14:49:46 --> You must set the database table to be used with your query.
#0 C:\xampp\htdocs\perizinan-siswa\system\Model.php(545): CodeIgniter\Database\BaseConnection->table(NULL)
#1 C:\xampp\htdocs\perizinan-siswa\system\Model.php(722): CodeIgniter\Model->builder()
#2 C:\xampp\htdocs\perizinan-siswa\app\Controllers\Laporan.php(39): CodeIgniter\Model->__call('getDataByFilter...', Array)
#3 C:\xampp\htdocs\perizinan-siswa\system\CodeIgniter.php(832): App\Controllers\Laporan->print_in()
#4 C:\xampp\htdocs\perizinan-siswa\system\CodeIgniter.php(419): CodeIgniter\CodeIgniter->runController(Object(App\Controllers\Laporan))
#5 C:\xampp\htdocs\perizinan-siswa\system\CodeIgniter.php(326): CodeIgniter\CodeIgniter->handleRequest(NULL, Object(Config\Cache), false)
#6 C:\xampp\htdocs\perizinan-siswa\public\index.php(37): CodeIgniter\CodeIgniter->run()
#7 C:\xampp\htdocs\perizinan-siswa\system\Commands\Server\rewrite.php(43): require_once('C:\\xampp\\htdocs...')
#8 {main}
CRITICAL - 2023-10-15 14:56:07 --> Argument 2 passed to view() must be of the type array, null given, called in C:\xampp\htdocs\perizinan-siswa\app\Controllers\semester.php on line 19
#0 C:\xampp\htdocs\perizinan-siswa\app\Controllers\semester.php(19): view('partial/header_...', NULL)
#1 C:\xampp\htdocs\perizinan-siswa\system\CodeIgniter.php(832): App\Controllers\Semester->index()
#2 C:\xampp\htdocs\perizinan-siswa\system\CodeIgniter.php(419): CodeIgniter\CodeIgniter->runController(Object(App\Controllers\Semester))
#3 C:\xampp\htdocs\perizinan-siswa\system\CodeIgniter.php(326): CodeIgniter\CodeIgniter->handleRequest(NULL, Object(Config\Cache), false)
#4 C:\xampp\htdocs\perizinan-siswa\public\index.php(37): CodeIgniter\CodeIgniter->run()
#5 C:\xampp\htdocs\perizinan-siswa\system\Commands\Server\rewrite.php(43): require_once('C:\\xampp\\htdocs...')
#6 {main}
CRITICAL - 2023-10-15 15:12:42 --> Argument 2 passed to view() must be of the type array, null given, called in C:\xampp\htdocs\perizinan-siswa\app\Controllers\semester.php on line 19
#0 C:\xampp\htdocs\perizinan-siswa\app\Controllers\semester.php(19): view('partial/header_...', NULL)
#1 C:\xampp\htdocs\perizinan-siswa\system\CodeIgniter.php(832): App\Controllers\Semester->index()
#2 C:\xampp\htdocs\perizinan-siswa\system\CodeIgniter.php(419): CodeIgniter\CodeIgniter->runController(Object(App\Controllers\Semester))
#3 C:\xampp\htdocs\perizinan-siswa\system\CodeIgniter.php(326): CodeIgniter\CodeIgniter->handleRequest(NULL, Object(Config\Cache), false)
#4 C:\xampp\htdocs\perizinan-siswa\public\index.php(37): CodeIgniter\CodeIgniter->run()
#5 C:\xampp\htdocs\perizinan-siswa\system\Commands\Server\rewrite.php(43): require_once('C:\\xampp\\htdocs...')
#6 {main}
CRITICAL - 2023-10-15 15:13:55 --> Class 'App\Controllers\M_model' not found
#0 C:\xampp\htdocs\perizinan-siswa\system\CodeIgniter.php(832): App\Controllers\User->sekre()
#1 C:\xampp\htdocs\perizinan-siswa\system\CodeIgniter.php(419): CodeIgniter\CodeIgniter->runController(Object(App\Controllers\User))
#2 C:\xampp\htdocs\perizinan-siswa\system\CodeIgniter.php(326): CodeIgniter\CodeIgniter->handleRequest(NULL, Object(Config\Cache), false)
#3 C:\xampp\htdocs\perizinan-siswa\public\index.php(37): CodeIgniter\CodeIgniter->run()
#4 C:\xampp\htdocs\perizinan-siswa\system\Commands\Server\rewrite.php(43): require_once('C:\\xampp\\htdocs...')
#5 {main}
CRITICAL - 2023-10-15 15:14:04 --> Invalid file: header.php
#0 C:\xampp\htdocs\perizinan-siswa\system\View\View.php(198): CodeIgniter\Exceptions\FrameworkException::forInvalidFile('header.php')
#1 C:\xampp\htdocs\perizinan-siswa\system\Common.php(1089): CodeIgniter\View\View->render('header', Array, true)
#2 C:\xampp\htdocs\perizinan-siswa\app\Controllers\User.php(64): view('header')
#3 C:\xampp\htdocs\perizinan-siswa\system\CodeIgniter.php(832): App\Controllers\User->sekre()
#4 C:\xampp\htdocs\perizinan-siswa\system\CodeIgniter.php(419): CodeIgniter\CodeIgniter->runController(Object(App\Controllers\User))
#5 C:\xampp\htdocs\perizinan-siswa\system\CodeIgniter.php(326): CodeIgniter\CodeIgniter->handleRequest(NULL, Object(Config\Cache), false)
#6 C:\xampp\htdocs\perizinan-siswa\public\index.php(37): CodeIgniter\CodeIgniter->run()
#7 C:\xampp\htdocs\perizinan-siswa\system\Commands\Server\rewrite.php(43): require_once('C:\\xampp\\htdocs...')
#8 {main}
CRITICAL - 2023-10-15 16:08:13 --> Invalid argument supplied for foreach()
#0 C:\xampp\htdocs\perizinan-siswa\app\Views\data_perizinan\view.php(44): CodeIgniter\Debug\Exceptions->errorHandler(2, 'Invalid argumen...', 'C:\\xampp\\htdocs...', 44, Array)
#1 C:\xampp\htdocs\perizinan-siswa\system\View\View.php(210): include('C:\\xampp\\htdocs...')
#2 C:\xampp\htdocs\perizinan-siswa\system\View\View.php(213): CodeIgniter\View\View->CodeIgniter\View\{closure}()
#3 C:\xampp\htdocs\perizinan-siswa\system\Common.php(1089): CodeIgniter\View\View->render('data_perizinan/...', Array, true)
#4 C:\xampp\htdocs\perizinan-siswa\app\Controllers\Data_absensi_siswa.php(23): view('data_perizinan/...', Array)
#5 C:\xampp\htdocs\perizinan-siswa\system\CodeIgniter.php(832): App\Controllers\Data_absensi_siswa->index()
#6 C:\xampp\htdocs\perizinan-siswa\system\CodeIgniter.php(419): CodeIgniter\CodeIgniter->runController(Object(App\Controllers\Data_absensi_siswa))
#7 C:\xampp\htdocs\perizinan-siswa\system\CodeIgniter.php(326): CodeIgniter\CodeIgniter->handleRequest(NULL, Object(Config\Cache), false)
#8 C:\xampp\htdocs\perizinan-siswa\public\index.php(37): CodeIgniter\CodeIgniter->run()
#9 C:\xampp\htdocs\perizinan-siswa\system\Commands\Server\rewrite.php(43): require_once('C:\\xampp\\htdocs...')
#10 {main}
CRITICAL - 2023-10-15 16:16:23 --> You must set the database table to be used with your query.
#0 C:\xampp\htdocs\perizinan-siswa\system\Model.php(545): CodeIgniter\Database\BaseConnection->table(NULL)
#1 C:\xampp\htdocs\perizinan-siswa\system\Model.php(722): CodeIgniter\Model->builder()
#2 C:\xampp\htdocs\perizinan-siswa\app\Controllers\Data_absensi_siswa.php(19): CodeIgniter\Model->__call('getSiswaData', Array)
#3 C:\xampp\htdocs\perizinan-siswa\system\CodeIgniter.php(832): App\Controllers\Data_absensi_siswa->index()
#4 C:\xampp\htdocs\perizinan-siswa\system\CodeIgniter.php(419): CodeIgniter\CodeIgniter->runController(Object(App\Controllers\Data_absensi_siswa))
#5 C:\xampp\htdocs\perizinan-siswa\system\CodeIgniter.php(326): CodeIgniter\CodeIgniter->handleRequest(NULL, Object(Config\Cache), false)
#6 C:\xampp\htdocs\perizinan-siswa\public\index.php(37): CodeIgniter\CodeIgniter->run()
#7 C:\xampp\htdocs\perizinan-siswa\system\Commands\Server\rewrite.php(43): require_once('C:\\xampp\\htdocs...')
#8 {main}
CRITICAL - 2023-10-15 16:17:55 --> You must set the database table to be used with your query.
#0 C:\xampp\htdocs\perizinan-siswa\system\Model.php(545): CodeIgniter\Database\BaseConnection->table(NULL)
#1 C:\xampp\htdocs\perizinan-siswa\system\Model.php(722): CodeIgniter\Model->builder()
#2 C:\xampp\htdocs\perizinan-siswa\app\Controllers\Data_absensi_siswa.php(19): CodeIgniter\Model->__call('getSiswaData', Array)
#3 C:\xampp\htdocs\perizinan-siswa\system\CodeIgniter.php(832): App\Controllers\Data_absensi_siswa->index()
#4 C:\xampp\htdocs\perizinan-siswa\system\CodeIgniter.php(419): CodeIgniter\CodeIgniter->runController(Object(App\Controllers\Data_absensi_siswa))
#5 C:\xampp\htdocs\perizinan-siswa\system\CodeIgniter.php(326): CodeIgniter\CodeIgniter->handleRequest(NULL, Object(Config\Cache), false)
#6 C:\xampp\htdocs\perizinan-siswa\public\index.php(37): CodeIgniter\CodeIgniter->run()
#7 C:\xampp\htdocs\perizinan-siswa\system\Commands\Server\rewrite.php(43): require_once('C:\\xampp\\htdocs...')
#8 {main}
CRITICAL - 2023-10-15 16:19:22 --> You must set the database table to be used with your query.
#0 C:\xampp\htdocs\perizinan-siswa\system\Model.php(545): CodeIgniter\Database\BaseConnection->table(NULL)
#1 C:\xampp\htdocs\perizinan-siswa\system\Model.php(722): CodeIgniter\Model->builder()
#2 C:\xampp\htdocs\perizinan-siswa\app\Controllers\Data_absensi_siswa.php(19): CodeIgniter\Model->__call('getSiswaData', Array)
#3 C:\xampp\htdocs\perizinan-siswa\system\CodeIgniter.php(832): App\Controllers\Data_absensi_siswa->index()
#4 C:\xampp\htdocs\perizinan-siswa\system\CodeIgniter.php(419): CodeIgniter\CodeIgniter->runController(Object(App\Controllers\Data_absensi_siswa))
#5 C:\xampp\htdocs\perizinan-siswa\system\CodeIgniter.php(326): CodeIgniter\CodeIgniter->handleRequest(NULL, Object(Config\Cache), false)
#6 C:\xampp\htdocs\perizinan-siswa\public\index.php(37): CodeIgniter\CodeIgniter->run()
#7 C:\xampp\htdocs\perizinan-siswa\system\Commands\Server\rewrite.php(43): require_once('C:\\xampp\\htdocs...')
#8 {main}
CRITICAL - 2023-10-15 16:19:27 --> You must set the database table to be used with your query.
#0 C:\xampp\htdocs\perizinan-siswa\system\Model.php(545): CodeIgniter\Database\BaseConnection->table(NULL)
#1 C:\xampp\htdocs\perizinan-siswa\system\Model.php(722): CodeIgniter\Model->builder()
#2 C:\xampp\htdocs\perizinan-siswa\app\Controllers\Data_absensi_siswa.php(19): CodeIgniter\Model->__call('getSiswaData', Array)
#3 C:\xampp\htdocs\perizinan-siswa\system\CodeIgniter.php(832): App\Controllers\Data_absensi_siswa->index()
#4 C:\xampp\htdocs\perizinan-siswa\system\CodeIgniter.php(419): CodeIgniter\CodeIgniter->runController(Object(App\Controllers\Data_absensi_siswa))
#5 C:\xampp\htdocs\perizinan-siswa\system\CodeIgniter.php(326): CodeIgniter\CodeIgniter->handleRequest(NULL, Object(Config\Cache), false)
#6 C:\xampp\htdocs\perizinan-siswa\public\index.php(37): CodeIgniter\CodeIgniter->run()
#7 C:\xampp\htdocs\perizinan-siswa\system\Commands\Server\rewrite.php(43): require_once('C:\\xampp\\htdocs...')
#8 {main}
ERROR - 2023-10-15 16:54:56 --> Illegal parameter data types int and row for operation '='
CRITICAL - 2023-10-15 16:54:56 --> Call to a member function getResultArray() on bool
#0 C:\xampp\htdocs\perizinan-siswa\app\Controllers\Data_absensi_guru.php(120): App\Models\PerizinanModel->getStatusPerizinanByDateAndIdSiswa('2023-10-15', Array)
#1 C:\xampp\htdocs\perizinan-siswa\system\CodeIgniter.php(832): App\Controllers\Data_absensi_guru->get_status_by_date()
#2 C:\xampp\htdocs\perizinan-siswa\system\CodeIgniter.php(419): CodeIgniter\CodeIgniter->runController(Object(App\Controllers\Data_absensi_guru))
#3 C:\xampp\htdocs\perizinan-siswa\system\CodeIgniter.php(326): CodeIgniter\CodeIgniter->handleRequest(NULL, Object(Config\Cache), false)
#4 C:\xampp\htdocs\perizinan-siswa\public\index.php(37): CodeIgniter\CodeIgniter->run()
#5 C:\xampp\htdocs\perizinan-siswa\system\Commands\Server\rewrite.php(43): require_once('C:\\xampp\\htdocs...')
#6 {main}
ERROR - 2023-10-15 16:56:22 --> Illegal parameter data types int and row for operation '='
CRITICAL - 2023-10-15 16:56:22 --> Call to a member function getResultArray() on bool
#0 C:\xampp\htdocs\perizinan-siswa\app\Controllers\Data_absensi_guru.php(120): App\Models\PerizinanModel->getStatusPerizinanByDateAndIdSiswa('2023-10-15', Array)
#1 C:\xampp\htdocs\perizinan-siswa\system\CodeIgniter.php(832): App\Controllers\Data_absensi_guru->get_status_by_date()
#2 C:\xampp\htdocs\perizinan-siswa\system\CodeIgniter.php(419): CodeIgniter\CodeIgniter->runController(Object(App\Controllers\Data_absensi_guru))
#3 C:\xampp\htdocs\perizinan-siswa\system\CodeIgniter.php(326): CodeIgniter\CodeIgniter->handleRequest(NULL, Object(Config\Cache), false)
#4 C:\xampp\htdocs\perizinan-siswa\public\index.php(37): CodeIgniter\CodeIgniter->run()
#5 C:\xampp\htdocs\perizinan-siswa\system\Commands\Server\rewrite.php(43): require_once('C:\\xampp\\htdocs...')
#6 {main}
ERROR - 2023-10-15 16:57:33 --> Illegal parameter data types int and row for operation '='
CRITICAL - 2023-10-15 16:57:33 --> Call to a member function getResultArray() on bool
#0 C:\xampp\htdocs\perizinan-siswa\app\Controllers\Data_absensi_guru.php(120): App\Models\PerizinanModel->getStatusPerizinanByDateAndIdSiswa('2023-10-15', Array)
#1 C:\xampp\htdocs\perizinan-siswa\system\CodeIgniter.php(832): App\Controllers\Data_absensi_guru->get_status_by_date()
#2 C:\xampp\htdocs\perizinan-siswa\system\CodeIgniter.php(419): CodeIgniter\CodeIgniter->runController(Object(App\Controllers\Data_absensi_guru))
#3 C:\xampp\htdocs\perizinan-siswa\system\CodeIgniter.php(326): CodeIgniter\CodeIgniter->handleRequest(NULL, Object(Config\Cache), false)
#4 C:\xampp\htdocs\perizinan-siswa\public\index.php(37): CodeIgniter\CodeIgniter->run()
#5 C:\xampp\htdocs\perizinan-siswa\system\Commands\Server\rewrite.php(43): require_once('C:\\xampp\\htdocs...')
#6 {main}
CRITICAL - 2023-10-15 16:59:56 --> Class 'App\Controllers\PerizinanModel' not found
#0 C:\xampp\htdocs\perizinan-siswa\system\CodeIgniter.php(832): App\Controllers\Absen->get_status_by_date()
#1 C:\xampp\htdocs\perizinan-siswa\system\CodeIgniter.php(419): CodeIgniter\CodeIgniter->runController(Object(App\Controllers\Absen))
#2 C:\xampp\htdocs\perizinan-siswa\system\CodeIgniter.php(326): CodeIgniter\CodeIgniter->handleRequest(NULL, Object(Config\Cache), false)
#3 C:\xampp\htdocs\perizinan-siswa\public\index.php(37): CodeIgniter\CodeIgniter->run()
#4 C:\xampp\htdocs\perizinan-siswa\system\Commands\Server\rewrite.php(43): require_once('C:\\xampp\\htdocs...')
#5 {main}
CRITICAL - 2023-10-15 16:59:56 --> Class 'App\Controllers\PerizinanModel' not found
#0 C:\xampp\htdocs\perizinan-siswa\system\CodeIgniter.php(832): App\Controllers\Absen->get_status_by_date()
#1 C:\xampp\htdocs\perizinan-siswa\system\CodeIgniter.php(419): CodeIgniter\CodeIgniter->runController(Object(App\Controllers\Absen))
#2 C:\xampp\htdocs\perizinan-siswa\system\CodeIgniter.php(326): CodeIgniter\CodeIgniter->handleRequest(NULL, Object(Config\Cache), false)
#3 C:\xampp\htdocs\perizinan-siswa\public\index.php(37): CodeIgniter\CodeIgniter->run()
#4 C:\xampp\htdocs\perizinan-siswa\system\Commands\Server\rewrite.php(43): require_once('C:\\xampp\\htdocs...')
#5 {main}
CRITICAL - 2023-10-15 16:59:56 --> Class 'App\Controllers\PerizinanModel' not found
#0 C:\xampp\htdocs\perizinan-siswa\system\CodeIgniter.php(832): App\Controllers\Absen->get_status_by_date()
#1 C:\xampp\htdocs\perizinan-siswa\system\CodeIgniter.php(419): CodeIgniter\CodeIgniter->runController(Object(App\Controllers\Absen))
#2 C:\xampp\htdocs\perizinan-siswa\system\CodeIgniter.php(326): CodeIgniter\CodeIgniter->handleRequest(NULL, Object(Config\Cache), false)
#3 C:\xampp\htdocs\perizinan-siswa\public\index.php(37): CodeIgniter\CodeIgniter->run()
#4 C:\xampp\htdocs\perizinan-siswa\system\Commands\Server\rewrite.php(43): require_once('C:\\xampp\\htdocs...')
#5 {main}
CRITICAL - 2023-10-15 16:59:58 --> Class 'App\Controllers\PerizinanModel' not found
#0 C:\xampp\htdocs\perizinan-siswa\system\CodeIgniter.php(832): App\Controllers\Absen->get_status_by_date()
#1 C:\xampp\htdocs\perizinan-siswa\system\CodeIgniter.php(419): CodeIgniter\CodeIgniter->runController(Object(App\Controllers\Absen))
#2 C:\xampp\htdocs\perizinan-siswa\system\CodeIgniter.php(326): CodeIgniter\CodeIgniter->handleRequest(NULL, Object(Config\Cache), false)
#3 C:\xampp\htdocs\perizinan-siswa\public\index.php(37): CodeIgniter\CodeIgniter->run()
#4 C:\xampp\htdocs\perizinan-siswa\system\Commands\Server\rewrite.php(43): require_once('C:\\xampp\\htdocs...')
#5 {main}
CRITICAL - 2023-10-15 16:59:58 --> Class 'App\Controllers\PerizinanModel' not found
#0 C:\xampp\htdocs\perizinan-siswa\system\CodeIgniter.php(832): App\Controllers\Absen->get_status_by_date()
#1 C:\xampp\htdocs\perizinan-siswa\system\CodeIgniter.php(419): CodeIgniter\CodeIgniter->runController(Object(App\Controllers\Absen))
#2 C:\xampp\htdocs\perizinan-siswa\system\CodeIgniter.php(326): CodeIgniter\CodeIgniter->handleRequest(NULL, Object(Config\Cache), false)
#3 C:\xampp\htdocs\perizinan-siswa\public\index.php(37): CodeIgniter\CodeIgniter->run()
#4 C:\xampp\htdocs\perizinan-siswa\system\Commands\Server\rewrite.php(43): require_once('C:\\xampp\\htdocs...')
#5 {main}
CRITICAL - 2023-10-15 16:59:58 --> Class 'App\Controllers\PerizinanModel' not found
#0 C:\xampp\htdocs\perizinan-siswa\system\CodeIgniter.php(832): App\Controllers\Absen->get_status_by_date()
#1 C:\xampp\htdocs\perizinan-siswa\system\CodeIgniter.php(419): CodeIgniter\CodeIgniter->runController(Object(App\Controllers\Absen))
#2 C:\xampp\htdocs\perizinan-siswa\system\CodeIgniter.php(326): CodeIgniter\CodeIgniter->handleRequest(NULL, Object(Config\Cache), false)
#3 C:\xampp\htdocs\perizinan-siswa\public\index.php(37): CodeIgniter\CodeIgniter->run()
#4 C:\xampp\htdocs\perizinan-siswa\system\Commands\Server\rewrite.php(43): require_once('C:\\xampp\\htdocs...')
#5 {main}
CRITICAL - 2023-10-15 17:00:09 --> Class 'App\Controllers\PerizinanModel' not found
#0 C:\xampp\htdocs\perizinan-siswa\system\CodeIgniter.php(832): App\Controllers\Absen->get_status_by_date()
#1 C:\xampp\htdocs\perizinan-siswa\system\CodeIgniter.php(419): CodeIgniter\CodeIgniter->runController(Object(App\Controllers\Absen))
#2 C:\xampp\htdocs\perizinan-siswa\system\CodeIgniter.php(326): CodeIgniter\CodeIgniter->handleRequest(NULL, Object(Config\Cache), false)
#3 C:\xampp\htdocs\perizinan-siswa\public\index.php(37): CodeIgniter\CodeIgniter->run()
#4 C:\xampp\htdocs\perizinan-siswa\system\Commands\Server\rewrite.php(43): require_once('C:\\xampp\\htdocs...')
#5 {main}
CRITICAL - 2023-10-15 17:00:09 --> Class 'App\Controllers\PerizinanModel' not found
#0 C:\xampp\htdocs\perizinan-siswa\system\CodeIgniter.php(832): App\Controllers\Absen->get_status_by_date()
#1 C:\xampp\htdocs\perizinan-siswa\system\CodeIgniter.php(419): CodeIgniter\CodeIgniter->runController(Object(App\Controllers\Absen))
#2 C:\xampp\htdocs\perizinan-siswa\system\CodeIgniter.php(326): CodeIgniter\CodeIgniter->handleRequest(NULL, Object(Config\Cache), false)
#3 C:\xampp\htdocs\perizinan-siswa\public\index.php(37): CodeIgniter\CodeIgniter->run()
#4 C:\xampp\htdocs\perizinan-siswa\system\Commands\Server\rewrite.php(43): require_once('C:\\xampp\\htdocs...')
#5 {main}
CRITICAL - 2023-10-15 17:00:09 --> Class 'App\Controllers\PerizinanModel' not found
#0 C:\xampp\htdocs\perizinan-siswa\system\CodeIgniter.php(832): App\Controllers\Absen->get_status_by_date()
#1 C:\xampp\htdocs\perizinan-siswa\system\CodeIgniter.php(419): CodeIgniter\CodeIgniter->runController(Object(App\Controllers\Absen))
#2 C:\xampp\htdocs\perizinan-siswa\system\CodeIgniter.php(326): CodeIgniter\CodeIgniter->handleRequest(NULL, Object(Config\Cache), false)
#3 C:\xampp\htdocs\perizinan-siswa\public\index.php(37): CodeIgniter\CodeIgniter->run()
#4 C:\xampp\htdocs\perizinan-siswa\system\Commands\Server\rewrite.php(43): require_once('C:\\xampp\\htdocs...')
#5 {main}
CRITICAL - 2023-10-15 17:21:37 --> syntax error, unexpected end of file
#0 C:\xampp\htdocs\perizinan-siswa\system\View\View.php(213): CodeIgniter\View\View->CodeIgniter\View\{closure}()
#1 C:\xampp\htdocs\perizinan-siswa\system\Common.php(1089): CodeIgniter\View\View->render('partial/side_me...', Array, true)
#2 C:\xampp\htdocs\perizinan-siswa\app\Controllers\Dashboard.php(20): view('partial/side_me...')
#3 C:\xampp\htdocs\perizinan-siswa\system\CodeIgniter.php(832): App\Controllers\Dashboard->index()
#4 C:\xampp\htdocs\perizinan-siswa\system\CodeIgniter.php(419): CodeIgniter\CodeIgniter->runController(Object(App\Controllers\Dashboard))
#5 C:\xampp\htdocs\perizinan-siswa\system\CodeIgniter.php(326): CodeIgniter\CodeIgniter->handleRequest(NULL, Object(Config\Cache), false)
#6 C:\xampp\htdocs\perizinan-siswa\public\index.php(37): CodeIgniter\CodeIgniter->run()
#7 C:\xampp\htdocs\perizinan-siswa\system\Commands\Server\rewrite.php(43): require_once('C:\\xampp\\htdocs...')
#8 {main}
CRITICAL - 2023-10-15 17:24:01 --> syntax error, unexpected end of file
#0 C:\xampp\htdocs\perizinan-siswa\system\View\View.php(213): CodeIgniter\View\View->CodeIgniter\View\{closure}()
#1 C:\xampp\htdocs\perizinan-siswa\system\Common.php(1089): CodeIgniter\View\View->render('partial/side_me...', Array, true)
#2 C:\xampp\htdocs\perizinan-siswa\app\Controllers\Dashboard.php(20): view('partial/side_me...')
#3 C:\xampp\htdocs\perizinan-siswa\system\CodeIgniter.php(832): App\Controllers\Dashboard->index()
#4 C:\xampp\htdocs\perizinan-siswa\system\CodeIgniter.php(419): CodeIgniter\CodeIgniter->runController(Object(App\Controllers\Dashboard))
#5 C:\xampp\htdocs\perizinan-siswa\system\CodeIgniter.php(326): CodeIgniter\CodeIgniter->handleRequest(NULL, Object(Config\Cache), false)
#6 C:\xampp\htdocs\perizinan-siswa\public\index.php(37): CodeIgniter\CodeIgniter->run()
#7 C:\xampp\htdocs\perizinan-siswa\system\Commands\Server\rewrite.php(43): require_once('C:\\xampp\\htdocs...')
#8 {main}
CRITICAL - 2023-10-15 17:24:40 --> syntax error, unexpected 'else' (T_ELSE)
#0 C:\xampp\htdocs\perizinan-siswa\system\View\View.php(213): CodeIgniter\View\View->CodeIgniter\View\{closure}()
#1 C:\xampp\htdocs\perizinan-siswa\system\Common.php(1089): CodeIgniter\View\View->render('partial/side_me...', Array, true)
#2 C:\xampp\htdocs\perizinan-siswa\app\Controllers\Dashboard.php(20): view('partial/side_me...')
#3 C:\xampp\htdocs\perizinan-siswa\system\CodeIgniter.php(832): App\Controllers\Dashboard->index()
#4 C:\xampp\htdocs\perizinan-siswa\system\CodeIgniter.php(419): CodeIgniter\CodeIgniter->runController(Object(App\Controllers\Dashboard))
#5 C:\xampp\htdocs\perizinan-siswa\system\CodeIgniter.php(326): CodeIgniter\CodeIgniter->handleRequest(NULL, Object(Config\Cache), false)
#6 C:\xampp\htdocs\perizinan-siswa\public\index.php(37): CodeIgniter\CodeIgniter->run()
#7 C:\xampp\htdocs\perizinan-siswa\system\Commands\Server\rewrite.php(43): require_once('C:\\xampp\\htdocs...')
#8 {main}
CRITICAL - 2023-10-15 17:29:36 --> Call to undefined method App\Models\amodel::getSiswaData
#0 C:\xampp\htdocs\perizinan-siswa\app\Controllers\Data_absensi_sekretaris.php(91): CodeIgniter\Model->__call('getSiswaData', Array)
#1 C:\xampp\htdocs\perizinan-siswa\system\CodeIgniter.php(832): App\Controllers\Data_absensi_sekretaris->index()
#2 C:\xampp\htdocs\perizinan-siswa\system\CodeIgniter.php(419): CodeIgniter\CodeIgniter->runController(Object(App\Controllers\Data_absensi_sekretaris))
#3 C:\xampp\htdocs\perizinan-siswa\system\CodeIgniter.php(326): CodeIgniter\CodeIgniter->handleRequest(NULL, Object(Config\Cache), false)
#4 C:\xampp\htdocs\perizinan-siswa\public\index.php(37): CodeIgniter\CodeIgniter->run()
#5 C:\xampp\htdocs\perizinan-siswa\system\Commands\Server\rewrite.php(43): require_once('C:\\xampp\\htdocs...')
#6 {main}
CRITICAL - 2023-10-15 17:30:46 --> Call to undefined method App\Models\amodel::getSekreData
#0 C:\xampp\htdocs\perizinan-siswa\app\Controllers\Data_absensi_sekretaris.php(91): CodeIgniter\Model->__call('getSekreData', Array)
#1 C:\xampp\htdocs\perizinan-siswa\system\CodeIgniter.php(832): App\Controllers\Data_absensi_sekretaris->index()
#2 C:\xampp\htdocs\perizinan-siswa\system\CodeIgniter.php(419): CodeIgniter\CodeIgniter->runController(Object(App\Controllers\Data_absensi_sekretaris))
#3 C:\xampp\htdocs\perizinan-siswa\system\CodeIgniter.php(326): CodeIgniter\CodeIgniter->handleRequest(NULL, Object(Config\Cache), false)
#4 C:\xampp\htdocs\perizinan-siswa\public\index.php(37): CodeIgniter\CodeIgniter->run()
#5 C:\xampp\htdocs\perizinan-siswa\system\Commands\Server\rewrite.php(43): require_once('C:\\xampp\\htdocs...')
#6 {main}
CRITICAL - 2023-10-15 17:30:58 --> Call to undefined method App\Models\amodel::getSekreData
#0 C:\xampp\htdocs\perizinan-siswa\app\Controllers\Data_absensi_sekretaris.php(91): CodeIgniter\Model->__call('getSekreData', Array)
#1 C:\xampp\htdocs\perizinan-siswa\system\CodeIgniter.php(832): App\Controllers\Data_absensi_sekretaris->index()
#2 C:\xampp\htdocs\perizinan-siswa\system\CodeIgniter.php(419): CodeIgniter\CodeIgniter->runController(Object(App\Controllers\Data_absensi_sekretaris))
#3 C:\xampp\htdocs\perizinan-siswa\system\CodeIgniter.php(326): CodeIgniter\CodeIgniter->handleRequest(NULL, Object(Config\Cache), false)
#4 C:\xampp\htdocs\perizinan-siswa\public\index.php(37): CodeIgniter\CodeIgniter->run()
#5 C:\xampp\htdocs\perizinan-siswa\system\Commands\Server\rewrite.php(43): require_once('C:\\xampp\\htdocs...')
#6 {main}
ERROR - 2023-10-15 22:54:59 --> Unknown column 'absen.siswa' in 'where clause'
CRITICAL - 2023-10-15 22:54:59 --> Call to a member function getResultArray() on bool
#0 C:\xampp\htdocs\perizinan-siswa\app\Controllers\Data_perizinan_guru.php(267): App\Models\M_perizinan->getDataByFilter('', '3', '', '', '3')
#1 C:\xampp\htdocs\perizinan-siswa\system\CodeIgniter.php(832): App\Controllers\Data_perizinan_guru->export_windows()
#2 C:\xampp\htdocs\perizinan-siswa\system\CodeIgniter.php(419): CodeIgniter\CodeIgniter->runController(Object(App\Controllers\Data_perizinan_guru))
#3 C:\xampp\htdocs\perizinan-siswa\system\CodeIgniter.php(326): CodeIgniter\CodeIgniter->handleRequest(NULL, Object(Config\Cache), false)
#4 C:\xampp\htdocs\perizinan-siswa\public\index.php(37): CodeIgniter\CodeIgniter->run()
#5 C:\xampp\htdocs\perizinan-siswa\system\Commands\Server\rewrite.php(43): require_once('C:\\xampp\\htdocs...')
#6 {main}
