CRITICAL - 2023-08-24 08:36:04 --> Invalid argument supplied for foreach()
#0 /Applications/XAMPP/xamppfiles/htdocs/pencatatanperjalanan-mazer/app/Views/data_pengguna/create.php(95): CodeIgniter\Debug\Exceptions->errorHandler(2, 'Invalid argumen...', '/Applications/X...', 95, Array)
#1 /Applications/XAMPP/xamppfiles/htdocs/pencatatanperjalanan-mazer/system/View/View.php(210): include('/Applications/X...')
#2 /Applications/XAMPP/xamppfiles/htdocs/pencatatanperjalanan-mazer/system/View/View.php(213): CodeIgniter\View\View->CodeIgniter\View\{closure}()
#3 /Applications/XAMPP/xamppfiles/htdocs/pencatatanperjalanan-mazer/system/Common.php(1089): CodeIgniter\View\View->render('data_pengguna/c...', Array, true)
#4 /Applications/XAMPP/xamppfiles/htdocs/pencatatanperjalanan-mazer/app/Controllers/Data_pengguna.php(47): view('data_pengguna/c...', Array)
#5 /Applications/XAMPP/xamppfiles/htdocs/pencatatanperjalanan-mazer/system/CodeIgniter.php(832): App\Controllers\Data_pengguna->sign_up()
#6 /Applications/XAMPP/xamppfiles/htdocs/pencatatanperjalanan-mazer/system/CodeIgniter.php(419): CodeIgniter\CodeIgniter->runController(Object(App\Controllers\Data_pengguna))
#7 /Applications/XAMPP/xamppfiles/htdocs/pencatatanperjalanan-mazer/system/CodeIgniter.php(326): CodeIgniter\CodeIgniter->handleRequest(NULL, Object(Config\Cache), false)
#8 /Applications/XAMPP/xamppfiles/htdocs/pencatatanperjalanan-mazer/public/index.php(37): CodeIgniter\CodeIgniter->run()
#9 /Applications/XAMPP/xamppfiles/htdocs/pencatatanperjalanan-mazer/system/Commands/Server/rewrite.php(43): require_once('/Applications/X...')
#10 {main}
CRITICAL - 2023-08-24 08:36:22 --> Invalid argument supplied for foreach()
#0 /Applications/XAMPP/xamppfiles/htdocs/pencatatanperjalanan-mazer/app/Views/data_pengguna/create.php(95): CodeIgniter\Debug\Exceptions->errorHandler(2, 'Invalid argumen...', '/Applications/X...', 95, Array)
#1 /Applications/XAMPP/xamppfiles/htdocs/pencatatanperjalanan-mazer/system/View/View.php(210): include('/Applications/X...')
#2 /Applications/XAMPP/xamppfiles/htdocs/pencatatanperjalanan-mazer/system/View/View.php(213): CodeIgniter\View\View->CodeIgniter\View\{closure}()
#3 /Applications/XAMPP/xamppfiles/htdocs/pencatatanperjalanan-mazer/system/Common.php(1089): CodeIgniter\View\View->render('data_pengguna/c...', Array, true)
#4 /Applications/XAMPP/xamppfiles/htdocs/pencatatanperjalanan-mazer/app/Controllers/Data_pengguna.php(45): view('data_pengguna/c...', Array)
#5 /Applications/XAMPP/xamppfiles/htdocs/pencatatanperjalanan-mazer/system/CodeIgniter.php(832): App\Controllers\Data_pengguna->sign_up()
#6 /Applications/XAMPP/xamppfiles/htdocs/pencatatanperjalanan-mazer/system/CodeIgniter.php(419): CodeIgniter\CodeIgniter->runController(Object(App\Controllers\Data_pengguna))
#7 /Applications/XAMPP/xamppfiles/htdocs/pencatatanperjalanan-mazer/system/CodeIgniter.php(326): CodeIgniter\CodeIgniter->handleRequest(NULL, Object(Config\Cache), false)
#8 /Applications/XAMPP/xamppfiles/htdocs/pencatatanperjalanan-mazer/public/index.php(37): CodeIgniter\CodeIgniter->run()
#9 /Applications/XAMPP/xamppfiles/htdocs/pencatatanperjalanan-mazer/system/Commands/Server/rewrite.php(43): require_once('/Applications/X...')
#10 {main}
