ERROR - 2023-11-19 22:44:07 --> Error connecting to the database: No connection could be made because the target machine actively refused it.

CRITICAL - 2023-11-19 22:44:07 --> Unable to connect to the database.
Main connection [MySQLi]: No connection could be made because the target machine actively refused it.

#0 C:\xampp\htdocs\perizinan-siswa\system\Database\BaseConnection.php(577): CodeIgniter\Database\BaseConnection->initialize()
#1 C:\xampp\htdocs\perizinan-siswa\system\Database\BaseBuilder.php(1455): CodeIgniter\Database\BaseConnection->query('SELECT `favicon...', Array, false)
#2 C:\xampp\htdocs\perizinan-siswa\app\Views\partial_login\header_login.php(14): CodeIgniter\Database\BaseBuilder->get()
#3 C:\xampp\htdocs\perizinan-siswa\system\View\View.php(210): include('C:\\xampp\\htdocs...')
#4 C:\xampp\htdocs\perizinan-siswa\system\View\View.php(213): CodeIgniter\View\View->CodeIgniter\View\{closure}()
#5 C:\xampp\htdocs\perizinan-siswa\system\Common.php(1089): CodeIgniter\View\View->render('partial_login/h...', Array, true)
#6 C:\xampp\htdocs\perizinan-siswa\app\Controllers\Login.php(21): view('partial_login/h...', Array)
#7 C:\xampp\htdocs\perizinan-siswa\system\CodeIgniter.php(832): App\Controllers\Login->index()
#8 C:\xampp\htdocs\perizinan-siswa\system\CodeIgniter.php(419): CodeIgniter\CodeIgniter->runController(Object(App\Controllers\Login))
#9 C:\xampp\htdocs\perizinan-siswa\system\CodeIgniter.php(326): CodeIgniter\CodeIgniter->handleRequest(NULL, Object(Config\Cache), false)
#10 C:\xampp\htdocs\perizinan-siswa\public\index.php(37): CodeIgniter\CodeIgniter->run()
#11 C:\xampp\htdocs\perizinan-siswa\system\Commands\Server\rewrite.php(43): require_once('C:\\xampp\\htdocs...')
#12 {main}
CRITICAL - 2023-11-19 23:35:14 --> Illegal string offset 'nama_siswa'
#0 C:\xampp\htdocs\perizinan-siswa\app\Views\nilai_blok.php(142): CodeIgniter\Debug\Exceptions->errorHandler(2, 'Illegal string ...', 'C:\\xampp\\htdocs...', 142, Array)
#1 C:\xampp\htdocs\perizinan-siswa\system\View\View.php(210): include('C:\\xampp\\htdocs...')
#2 C:\xampp\htdocs\perizinan-siswa\system\View\View.php(213): CodeIgniter\View\View->CodeIgniter\View\{closure}()
#3 C:\xampp\htdocs\perizinan-siswa\system\Common.php(1089): CodeIgniter\View\View->render('nilai_blok', Array, true)
#4 C:\xampp\htdocs\perizinan-siswa\app\Controllers\l_nilai.php(68): view('nilai_blok', Array)
#5 C:\xampp\htdocs\perizinan-siswa\system\CodeIgniter.php(832): App\Controllers\l_nilai->print_nilai()
#6 C:\xampp\htdocs\perizinan-siswa\system\CodeIgniter.php(419): CodeIgniter\CodeIgniter->runController(Object(App\Controllers\l_nilai))
#7 C:\xampp\htdocs\perizinan-siswa\system\CodeIgniter.php(326): CodeIgniter\CodeIgniter->handleRequest(NULL, Object(Config\Cache), false)
#8 C:\xampp\htdocs\perizinan-siswa\public\index.php(37): CodeIgniter\CodeIgniter->run()
#9 C:\xampp\htdocs\perizinan-siswa\system\Commands\Server\rewrite.php(43): require_once('C:\\xampp\\htdocs...')
#10 {main}
CRITICAL - 2023-11-19 23:36:03 --> Illegal string offset 'nama_siswa'
#0 C:\xampp\htdocs\perizinan-siswa\app\Views\nilai_blok.php(142): CodeIgniter\Debug\Exceptions->errorHandler(2, 'Illegal string ...', 'C:\\xampp\\htdocs...', 142, Array)
#1 C:\xampp\htdocs\perizinan-siswa\system\View\View.php(210): include('C:\\xampp\\htdocs...')
#2 C:\xampp\htdocs\perizinan-siswa\system\View\View.php(213): CodeIgniter\View\View->CodeIgniter\View\{closure}()
#3 C:\xampp\htdocs\perizinan-siswa\system\Common.php(1089): CodeIgniter\View\View->render('nilai_blok', Array, true)
#4 C:\xampp\htdocs\perizinan-siswa\app\Controllers\l_nilai.php(68): view('nilai_blok', Array)
#5 C:\xampp\htdocs\perizinan-siswa\system\CodeIgniter.php(832): App\Controllers\l_nilai->print_nilai()
#6 C:\xampp\htdocs\perizinan-siswa\system\CodeIgniter.php(419): CodeIgniter\CodeIgniter->runController(Object(App\Controllers\l_nilai))
#7 C:\xampp\htdocs\perizinan-siswa\system\CodeIgniter.php(326): CodeIgniter\CodeIgniter->handleRequest(NULL, Object(Config\Cache), false)
#8 C:\xampp\htdocs\perizinan-siswa\public\index.php(37): CodeIgniter\CodeIgniter->run()
#9 C:\xampp\htdocs\perizinan-siswa\system\Commands\Server\rewrite.php(43): require_once('C:\\xampp\\htdocs...')
#10 {main}
