CRITICAL - 2023-10-18 11:20:29 --> Class 'App\Controllers\M_siswa' not found
#0 /Applications/XAMPP/xamppfiles/htdocs/perizinan-siswa/system/CodeIgniter.php(832): App\Controllers\Data_guru->import_excel()
#1 /Applications/XAMPP/xamppfiles/htdocs/perizinan-siswa/system/CodeIgniter.php(419): CodeIgniter\CodeIgniter->runController(Object(App\Controllers\Data_guru))
#2 /Applications/XAMPP/xamppfiles/htdocs/perizinan-siswa/system/CodeIgniter.php(326): CodeIgniter\CodeIgniter->handleRequest(NULL, Object(Config\Cache), false)
#3 /Applications/XAMPP/xamppfiles/htdocs/perizinan-siswa/public/index.php(37): CodeIgniter\CodeIgniter->run()
#4 /Applications/XAMPP/xamppfiles/htdocs/perizinan-siswa/system/Commands/Server/rewrite.php(43): require_once('/Applications/X...')
#5 {main}
ERROR - 2023-10-18 11:22:56 --> Unknown column 'nama_siswa' in 'field list'
CRITICAL - 2023-10-18 11:25:31 --> syntax error, unexpected end of file
#0 /Applications/XAMPP/xamppfiles/htdocs/perizinan-siswa/system/View/View.php(213): CodeIgniter\View\View->CodeIgniter\View\{closure}()
#1 /Applications/XAMPP/xamppfiles/htdocs/perizinan-siswa/system/Common.php(1089): CodeIgniter\View\View->render('partial/side_me...', Array, true)
#2 /Applications/XAMPP/xamppfiles/htdocs/perizinan-siswa/app/Controllers/Dashboard.php(20): view('partial/side_me...')
#3 /Applications/XAMPP/xamppfiles/htdocs/perizinan-siswa/system/CodeIgniter.php(832): App\Controllers\Dashboard->index()
#4 /Applications/XAMPP/xamppfiles/htdocs/perizinan-siswa/system/CodeIgniter.php(419): CodeIgniter\CodeIgniter->runController(Object(App\Controllers\Dashboard))
#5 /Applications/XAMPP/xamppfiles/htdocs/perizinan-siswa/system/CodeIgniter.php(326): CodeIgniter\CodeIgniter->handleRequest(NULL, Object(Config\Cache), false)
#6 /Applications/XAMPP/xamppfiles/htdocs/perizinan-siswa/public/index.php(37): CodeIgniter\CodeIgniter->run()
#7 /Applications/XAMPP/xamppfiles/htdocs/perizinan-siswa/system/Commands/Server/rewrite.php(43): require_once('/Applications/X...')
#8 {main}
CRITICAL - 2023-10-18 11:25:55 --> syntax error, unexpected end of file
#0 /Applications/XAMPP/xamppfiles/htdocs/perizinan-siswa/system/View/View.php(213): CodeIgniter\View\View->CodeIgniter\View\{closure}()
#1 /Applications/XAMPP/xamppfiles/htdocs/perizinan-siswa/system/Common.php(1089): CodeIgniter\View\View->render('partial/side_me...', Array, true)
#2 /Applications/XAMPP/xamppfiles/htdocs/perizinan-siswa/app/Controllers/Dashboard.php(20): view('partial/side_me...')
#3 /Applications/XAMPP/xamppfiles/htdocs/perizinan-siswa/system/CodeIgniter.php(832): App\Controllers\Dashboard->index()
#4 /Applications/XAMPP/xamppfiles/htdocs/perizinan-siswa/system/CodeIgniter.php(419): CodeIgniter\CodeIgniter->runController(Object(App\Controllers\Dashboard))
#5 /Applications/XAMPP/xamppfiles/htdocs/perizinan-siswa/system/CodeIgniter.php(326): CodeIgniter\CodeIgniter->handleRequest(NULL, Object(Config\Cache), false)
#6 /Applications/XAMPP/xamppfiles/htdocs/perizinan-siswa/public/index.php(37): CodeIgniter\CodeIgniter->run()
#7 /Applications/XAMPP/xamppfiles/htdocs/perizinan-siswa/system/Commands/Server/rewrite.php(43): require_once('/Applications/X...')
#8 {main}
CRITICAL - 2023-10-18 11:26:28 --> syntax error, unexpected 'else' (T_ELSE)
#0 /Applications/XAMPP/xamppfiles/htdocs/perizinan-siswa/system/View/View.php(213): CodeIgniter\View\View->CodeIgniter\View\{closure}()
#1 /Applications/XAMPP/xamppfiles/htdocs/perizinan-siswa/system/Common.php(1089): CodeIgniter\View\View->render('partial/side_me...', Array, true)
#2 /Applications/XAMPP/xamppfiles/htdocs/perizinan-siswa/app/Controllers/Dashboard.php(20): view('partial/side_me...')
#3 /Applications/XAMPP/xamppfiles/htdocs/perizinan-siswa/system/CodeIgniter.php(832): App\Controllers\Dashboard->index()
#4 /Applications/XAMPP/xamppfiles/htdocs/perizinan-siswa/system/CodeIgniter.php(419): CodeIgniter\CodeIgniter->runController(Object(App\Controllers\Dashboard))
#5 /Applications/XAMPP/xamppfiles/htdocs/perizinan-siswa/system/CodeIgniter.php(326): CodeIgniter\CodeIgniter->handleRequest(NULL, Object(Config\Cache), false)
#6 /Applications/XAMPP/xamppfiles/htdocs/perizinan-siswa/public/index.php(37): CodeIgniter\CodeIgniter->run()
#7 /Applications/XAMPP/xamppfiles/htdocs/perizinan-siswa/system/Commands/Server/rewrite.php(43): require_once('/Applications/X...')
#8 {main}
CRITICAL - 2023-10-18 11:36:59 --> Call to undefined method App\Models\M_user::join2WithExcludedLevel
#0 /Applications/XAMPP/xamppfiles/htdocs/perizinan-siswa/app/Controllers/User.php(18): CodeIgniter\Model->__call('join2WithExclud...', Array)
#1 /Applications/XAMPP/xamppfiles/htdocs/perizinan-siswa/system/CodeIgniter.php(832): App\Controllers\User->index()
#2 /Applications/XAMPP/xamppfiles/htdocs/perizinan-siswa/system/CodeIgniter.php(419): CodeIgniter\CodeIgniter->runController(Object(App\Controllers\User))
#3 /Applications/XAMPP/xamppfiles/htdocs/perizinan-siswa/system/CodeIgniter.php(326): CodeIgniter\CodeIgniter->handleRequest(NULL, Object(Config\Cache), false)
#4 /Applications/XAMPP/xamppfiles/htdocs/perizinan-siswa/public/index.php(37): CodeIgniter\CodeIgniter->run()
#5 /Applications/XAMPP/xamppfiles/htdocs/perizinan-siswa/system/Commands/Server/rewrite.php(43): require_once('/Applications/X...')
#6 {main}
