ERROR - 2023-11-11 18:58:33 --> Error connecting to the database: No connection could be made because the target machine actively refused it.

CRITICAL - 2023-11-11 18:58:33 --> Unable to connect to the database.
Main connection [MySQLi]: No connection could be made because the target machine actively refused it.

#0 C:\xampp\htdocs\perizinan-siswa\system\Database\BaseConnection.php(577): CodeIgniter\Database\BaseConnection->initialize()
#1 C:\xampp\htdocs\perizinan-siswa\system\Database\BaseBuilder.php(1455): CodeIgniter\Database\BaseConnection->query('SELECT `favicon...', Array, false)
#2 C:\xampp\htdocs\perizinan-siswa\app\Views\partial_login\header_login.php(14): CodeIgniter\Database\BaseBuilder->get()
#3 C:\xampp\htdocs\perizinan-siswa\system\View\View.php(210): include('C:\\xampp\\htdocs...')
#4 C:\xampp\htdocs\perizinan-siswa\system\View\View.php(213): CodeIgniter\View\View->CodeIgniter\View\{closure}()
#5 C:\xampp\htdocs\perizinan-siswa\system\Common.php(1089): CodeIgniter\View\View->render('partial_login/h...', Array, true)
#6 C:\xampp\htdocs\perizinan-siswa\app\Controllers\Login.php(21): view('partial_login/h...', Array)
#7 C:\xampp\htdocs\perizinan-siswa\system\CodeIgniter.php(832): App\Controllers\Login->index()
#8 C:\xampp\htdocs\perizinan-siswa\system\CodeIgniter.php(419): CodeIgniter\CodeIgniter->runController(Object(App\Controllers\Login))
#9 C:\xampp\htdocs\perizinan-siswa\system\CodeIgniter.php(326): CodeIgniter\CodeIgniter->handleRequest(NULL, Object(Config\Cache), false)
#10 C:\xampp\htdocs\perizinan-siswa\public\index.php(37): CodeIgniter\CodeIgniter->run()
#11 C:\xampp\htdocs\perizinan-siswa\system\Commands\Server\rewrite.php(43): require_once('C:\\xampp\\htdocs...')
#12 {main}
ERROR - 2023-11-11 20:36:42 --> Table 'dbabsensi.mapel' doesn't exist
CRITICAL - 2023-11-11 20:36:42 --> Call to a member function getResult() on bool
#0 C:\xampp\htdocs\perizinan-siswa\app\Controllers\mapel.php(12): App\Models\M_model->tampil('mapel')
#1 C:\xampp\htdocs\perizinan-siswa\system\CodeIgniter.php(832): App\Controllers\mapel->index()
#2 C:\xampp\htdocs\perizinan-siswa\system\CodeIgniter.php(419): CodeIgniter\CodeIgniter->runController(Object(App\Controllers\mapel))
#3 C:\xampp\htdocs\perizinan-siswa\system\CodeIgniter.php(326): CodeIgniter\CodeIgniter->handleRequest(NULL, Object(Config\Cache), false)
#4 C:\xampp\htdocs\perizinan-siswa\public\index.php(37): CodeIgniter\CodeIgniter->run()
#5 C:\xampp\htdocs\perizinan-siswa\system\Commands\Server\rewrite.php(43): require_once('C:\\xampp\\htdocs...')
#6 {main}
ERROR - 2023-11-11 20:36:53 --> Table 'dbabsensi.mapel' doesn't exist
CRITICAL - 2023-11-11 20:36:53 --> Call to a member function getResult() on bool
#0 C:\xampp\htdocs\perizinan-siswa\app\Controllers\mapel.php(12): App\Models\M_model->tampil('mapel')
#1 C:\xampp\htdocs\perizinan-siswa\system\CodeIgniter.php(832): App\Controllers\mapel->index()
#2 C:\xampp\htdocs\perizinan-siswa\system\CodeIgniter.php(419): CodeIgniter\CodeIgniter->runController(Object(App\Controllers\mapel))
#3 C:\xampp\htdocs\perizinan-siswa\system\CodeIgniter.php(326): CodeIgniter\CodeIgniter->handleRequest(NULL, Object(Config\Cache), false)
#4 C:\xampp\htdocs\perizinan-siswa\public\index.php(37): CodeIgniter\CodeIgniter->run()
#5 C:\xampp\htdocs\perizinan-siswa\system\Commands\Server\rewrite.php(43): require_once('C:\\xampp\\htdocs...')
#6 {main}
CRITICAL - 2023-11-11 20:57:17 --> Invalid file: data_pendaftaran/create_user.php
#0 C:\xampp\htdocs\perizinan-siswa\system\View\View.php(198): CodeIgniter\Exceptions\FrameworkException::forInvalidFile('data_pendaftara...')
#1 C:\xampp\htdocs\perizinan-siswa\system\Common.php(1089): CodeIgniter\View\View->render('data_pendaftara...', Array, true)
#2 C:\xampp\htdocs\perizinan-siswa\app\Controllers\data_pendaftaran.php(174): view('data_pendaftara...', Array)
#3 C:\xampp\htdocs\perizinan-siswa\system\CodeIgniter.php(832): App\Controllers\Data_pendaftaran->pendaftaran_baru()
#4 C:\xampp\htdocs\perizinan-siswa\system\CodeIgniter.php(419): CodeIgniter\CodeIgniter->runController(Object(App\Controllers\Data_pendaftaran))
#5 C:\xampp\htdocs\perizinan-siswa\system\CodeIgniter.php(326): CodeIgniter\CodeIgniter->handleRequest(NULL, Object(Config\Cache), false)
#6 C:\xampp\htdocs\perizinan-siswa\public\index.php(37): CodeIgniter\CodeIgniter->run()
#7 C:\xampp\htdocs\perizinan-siswa\system\Commands\Server\rewrite.php(43): require_once('C:\\xampp\\htdocs...')
#8 {main}
CRITICAL - 2023-11-11 20:59:02 --> Invalid argument supplied for foreach()
#0 C:\xampp\htdocs\perizinan-siswa\app\Views\data_pendaftaran\pre_pendaftaran.php(46): CodeIgniter\Debug\Exceptions->errorHandler(2, 'Invalid argumen...', 'C:\\xampp\\htdocs...', 46, Array)
#1 C:\xampp\htdocs\perizinan-siswa\system\View\View.php(210): include('C:\\xampp\\htdocs...')
#2 C:\xampp\htdocs\perizinan-siswa\system\View\View.php(213): CodeIgniter\View\View->CodeIgniter\View\{closure}()
#3 C:\xampp\htdocs\perizinan-siswa\system\Common.php(1089): CodeIgniter\View\View->render('data_pendaftara...', Array, true)
#4 C:\xampp\htdocs\perizinan-siswa\app\Controllers\data_pendaftaran.php(223): view('data_pendaftara...', Array)
#5 C:\xampp\htdocs\perizinan-siswa\system\CodeIgniter.php(832): App\Controllers\Data_pendaftaran->pasca_pendaftaran()
#6 C:\xampp\htdocs\perizinan-siswa\system\CodeIgniter.php(419): CodeIgniter\CodeIgniter->runController(Object(App\Controllers\Data_pendaftaran))
#7 C:\xampp\htdocs\perizinan-siswa\system\CodeIgniter.php(326): CodeIgniter\CodeIgniter->handleRequest(NULL, Object(Config\Cache), false)
#8 C:\xampp\htdocs\perizinan-siswa\public\index.php(37): CodeIgniter\CodeIgniter->run()
#9 C:\xampp\htdocs\perizinan-siswa\system\Commands\Server\rewrite.php(43): require_once('C:\\xampp\\htdocs...')
#10 {main}
CRITICAL - 2023-11-11 20:59:19 --> Invalid argument supplied for foreach()
#0 C:\xampp\htdocs\perizinan-siswa\app\Views\data_pendaftaran\pre_pendaftaran.php(46): CodeIgniter\Debug\Exceptions->errorHandler(2, 'Invalid argumen...', 'C:\\xampp\\htdocs...', 46, Array)
#1 C:\xampp\htdocs\perizinan-siswa\system\View\View.php(210): include('C:\\xampp\\htdocs...')
#2 C:\xampp\htdocs\perizinan-siswa\system\View\View.php(213): CodeIgniter\View\View->CodeIgniter\View\{closure}()
#3 C:\xampp\htdocs\perizinan-siswa\system\Common.php(1089): CodeIgniter\View\View->render('data_pendaftara...', Array, true)
#4 C:\xampp\htdocs\perizinan-siswa\app\Controllers\data_pendaftaran.php(223): view('data_pendaftara...', Array)
#5 C:\xampp\htdocs\perizinan-siswa\system\CodeIgniter.php(832): App\Controllers\Data_pendaftaran->pasca_pendaftaran()
#6 C:\xampp\htdocs\perizinan-siswa\system\CodeIgniter.php(419): CodeIgniter\CodeIgniter->runController(Object(App\Controllers\Data_pendaftaran))
#7 C:\xampp\htdocs\perizinan-siswa\system\CodeIgniter.php(326): CodeIgniter\CodeIgniter->handleRequest(NULL, Object(Config\Cache), false)
#8 C:\xampp\htdocs\perizinan-siswa\public\index.php(37): CodeIgniter\CodeIgniter->run()
#9 C:\xampp\htdocs\perizinan-siswa\system\Commands\Server\rewrite.php(43): require_once('C:\\xampp\\htdocs...')
#10 {main}
CRITICAL - 2023-11-11 20:59:20 --> Invalid argument supplied for foreach()
#0 C:\xampp\htdocs\perizinan-siswa\app\Views\data_pendaftaran\pre_pendaftaran.php(46): CodeIgniter\Debug\Exceptions->errorHandler(2, 'Invalid argumen...', 'C:\\xampp\\htdocs...', 46, Array)
#1 C:\xampp\htdocs\perizinan-siswa\system\View\View.php(210): include('C:\\xampp\\htdocs...')
#2 C:\xampp\htdocs\perizinan-siswa\system\View\View.php(213): CodeIgniter\View\View->CodeIgniter\View\{closure}()
#3 C:\xampp\htdocs\perizinan-siswa\system\Common.php(1089): CodeIgniter\View\View->render('data_pendaftara...', Array, true)
#4 C:\xampp\htdocs\perizinan-siswa\app\Controllers\data_pendaftaran.php(223): view('data_pendaftara...', Array)
#5 C:\xampp\htdocs\perizinan-siswa\system\CodeIgniter.php(832): App\Controllers\Data_pendaftaran->pasca_pendaftaran()
#6 C:\xampp\htdocs\perizinan-siswa\system\CodeIgniter.php(419): CodeIgniter\CodeIgniter->runController(Object(App\Controllers\Data_pendaftaran))
#7 C:\xampp\htdocs\perizinan-siswa\system\CodeIgniter.php(326): CodeIgniter\CodeIgniter->handleRequest(NULL, Object(Config\Cache), false)
#8 C:\xampp\htdocs\perizinan-siswa\public\index.php(37): CodeIgniter\CodeIgniter->run()
#9 C:\xampp\htdocs\perizinan-siswa\system\Commands\Server\rewrite.php(43): require_once('C:\\xampp\\htdocs...')
#10 {main}
CRITICAL - 2023-11-11 20:59:20 --> Invalid argument supplied for foreach()
#0 C:\xampp\htdocs\perizinan-siswa\app\Views\data_pendaftaran\pre_pendaftaran.php(46): CodeIgniter\Debug\Exceptions->errorHandler(2, 'Invalid argumen...', 'C:\\xampp\\htdocs...', 46, Array)
#1 C:\xampp\htdocs\perizinan-siswa\system\View\View.php(210): include('C:\\xampp\\htdocs...')
#2 C:\xampp\htdocs\perizinan-siswa\system\View\View.php(213): CodeIgniter\View\View->CodeIgniter\View\{closure}()
#3 C:\xampp\htdocs\perizinan-siswa\system\Common.php(1089): CodeIgniter\View\View->render('data_pendaftara...', Array, true)
#4 C:\xampp\htdocs\perizinan-siswa\app\Controllers\data_pendaftaran.php(223): view('data_pendaftara...', Array)
#5 C:\xampp\htdocs\perizinan-siswa\system\CodeIgniter.php(832): App\Controllers\Data_pendaftaran->pasca_pendaftaran()
#6 C:\xampp\htdocs\perizinan-siswa\system\CodeIgniter.php(419): CodeIgniter\CodeIgniter->runController(Object(App\Controllers\Data_pendaftaran))
#7 C:\xampp\htdocs\perizinan-siswa\system\CodeIgniter.php(326): CodeIgniter\CodeIgniter->handleRequest(NULL, Object(Config\Cache), false)
#8 C:\xampp\htdocs\perizinan-siswa\public\index.php(37): CodeIgniter\CodeIgniter->run()
#9 C:\xampp\htdocs\perizinan-siswa\system\Commands\Server\rewrite.php(43): require_once('C:\\xampp\\htdocs...')
#10 {main}
CRITICAL - 2023-11-11 20:59:21 --> Invalid argument supplied for foreach()
#0 C:\xampp\htdocs\perizinan-siswa\app\Views\data_pendaftaran\pre_pendaftaran.php(46): CodeIgniter\Debug\Exceptions->errorHandler(2, 'Invalid argumen...', 'C:\\xampp\\htdocs...', 46, Array)
#1 C:\xampp\htdocs\perizinan-siswa\system\View\View.php(210): include('C:\\xampp\\htdocs...')
#2 C:\xampp\htdocs\perizinan-siswa\system\View\View.php(213): CodeIgniter\View\View->CodeIgniter\View\{closure}()
#3 C:\xampp\htdocs\perizinan-siswa\system\Common.php(1089): CodeIgniter\View\View->render('data_pendaftara...', Array, true)
#4 C:\xampp\htdocs\perizinan-siswa\app\Controllers\data_pendaftaran.php(223): view('data_pendaftara...', Array)
#5 C:\xampp\htdocs\perizinan-siswa\system\CodeIgniter.php(832): App\Controllers\Data_pendaftaran->pasca_pendaftaran()
#6 C:\xampp\htdocs\perizinan-siswa\system\CodeIgniter.php(419): CodeIgniter\CodeIgniter->runController(Object(App\Controllers\Data_pendaftaran))
#7 C:\xampp\htdocs\perizinan-siswa\system\CodeIgniter.php(326): CodeIgniter\CodeIgniter->handleRequest(NULL, Object(Config\Cache), false)
#8 C:\xampp\htdocs\perizinan-siswa\public\index.php(37): CodeIgniter\CodeIgniter->run()
#9 C:\xampp\htdocs\perizinan-siswa\system\Commands\Server\rewrite.php(43): require_once('C:\\xampp\\htdocs...')
#10 {main}
CRITICAL - 2023-11-11 21:07:24 --> syntax error, unexpected '{'
#0 C:\xampp\htdocs\perizinan-siswa\system\Router\Router.php(175): CodeIgniter\Router\Router->autoRoute('login_daftar')
#1 C:\xampp\htdocs\perizinan-siswa\system\CodeIgniter.php(726): CodeIgniter\Router\Router->handle('login_daftar')
#2 C:\xampp\htdocs\perizinan-siswa\system\CodeIgniter.php(368): CodeIgniter\CodeIgniter->tryToRouteIt(Object(CodeIgniter\Router\RouteCollection))
#3 C:\xampp\htdocs\perizinan-siswa\system\CodeIgniter.php(326): CodeIgniter\CodeIgniter->handleRequest(NULL, Object(Config\Cache), false)
#4 C:\xampp\htdocs\perizinan-siswa\public\index.php(37): CodeIgniter\CodeIgniter->run()
#5 C:\xampp\htdocs\perizinan-siswa\system\Commands\Server\rewrite.php(43): require_once('C:\\xampp\\htdocs...')
#6 {main}
CRITICAL - 2023-11-11 21:20:33 --> Invalid argument supplied for foreach()
#0 C:\xampp\htdocs\perizinan-siswa\app\Views\login\dashboard_pendaftaran.php(46): CodeIgniter\Debug\Exceptions->errorHandler(2, 'Invalid argumen...', 'C:\\xampp\\htdocs...', 46, Array)
#1 C:\xampp\htdocs\perizinan-siswa\system\View\View.php(210): include('C:\\xampp\\htdocs...')
#2 C:\xampp\htdocs\perizinan-siswa\system\View\View.php(213): CodeIgniter\View\View->CodeIgniter\View\{closure}()
#3 C:\xampp\htdocs\perizinan-siswa\system\Common.php(1089): CodeIgniter\View\View->render('login/dashboard...', Array, true)
#4 C:\xampp\htdocs\perizinan-siswa\app\Controllers\Dashboard_pendaftaran.php(20): view('login/dashboard...', Array)
#5 C:\xampp\htdocs\perizinan-siswa\system\CodeIgniter.php(832): App\Controllers\Dashboard_pendaftaran->index()
#6 C:\xampp\htdocs\perizinan-siswa\system\CodeIgniter.php(419): CodeIgniter\CodeIgniter->runController(Object(App\Controllers\Dashboard_pendaftaran))
#7 C:\xampp\htdocs\perizinan-siswa\system\CodeIgniter.php(326): CodeIgniter\CodeIgniter->handleRequest(NULL, Object(Config\Cache), false)
#8 C:\xampp\htdocs\perizinan-siswa\public\index.php(37): CodeIgniter\CodeIgniter->run()
#9 C:\xampp\htdocs\perizinan-siswa\system\Commands\Server\rewrite.php(43): require_once('C:\\xampp\\htdocs...')
#10 {main}
CRITICAL - 2023-11-11 21:39:07 --> Invalid argument supplied for foreach()
#0 C:\xampp\htdocs\perizinan-siswa\app\Views\login\dashboard_pendaftaran.php(80): CodeIgniter\Debug\Exceptions->errorHandler(2, 'Invalid argumen...', 'C:\\xampp\\htdocs...', 80, Array)
#1 C:\xampp\htdocs\perizinan-siswa\system\View\View.php(210): include('C:\\xampp\\htdocs...')
#2 C:\xampp\htdocs\perizinan-siswa\system\View\View.php(213): CodeIgniter\View\View->CodeIgniter\View\{closure}()
#3 C:\xampp\htdocs\perizinan-siswa\system\Common.php(1089): CodeIgniter\View\View->render('login/dashboard...', Array, true)
#4 C:\xampp\htdocs\perizinan-siswa\app\Controllers\Dashboard_pendaftaran.php(20): view('login/dashboard...', Array)
#5 C:\xampp\htdocs\perizinan-siswa\system\CodeIgniter.php(832): App\Controllers\Dashboard_pendaftaran->index()
#6 C:\xampp\htdocs\perizinan-siswa\system\CodeIgniter.php(419): CodeIgniter\CodeIgniter->runController(Object(App\Controllers\Dashboard_pendaftaran))
#7 C:\xampp\htdocs\perizinan-siswa\system\CodeIgniter.php(326): CodeIgniter\CodeIgniter->handleRequest(NULL, Object(Config\Cache), false)
#8 C:\xampp\htdocs\perizinan-siswa\public\index.php(37): CodeIgniter\CodeIgniter->run()
#9 C:\xampp\htdocs\perizinan-siswa\system\Commands\Server\rewrite.php(43): require_once('C:\\xampp\\htdocs...')
#10 {main}
CRITICAL - 2023-11-11 21:53:19 --> syntax error, unexpected 'public' (T_PUBLIC)
#0 C:\xampp\htdocs\perizinan-siswa\system\Router\Router.php(175): CodeIgniter\Router\Router->autoRoute('dashboard_penda...')
#1 C:\xampp\htdocs\perizinan-siswa\system\CodeIgniter.php(726): CodeIgniter\Router\Router->handle('dashboard_penda...')
#2 C:\xampp\htdocs\perizinan-siswa\system\CodeIgniter.php(368): CodeIgniter\CodeIgniter->tryToRouteIt(Object(CodeIgniter\Router\RouteCollection))
#3 C:\xampp\htdocs\perizinan-siswa\system\CodeIgniter.php(326): CodeIgniter\CodeIgniter->handleRequest(NULL, Object(Config\Cache), false)
#4 C:\xampp\htdocs\perizinan-siswa\public\index.php(37): CodeIgniter\CodeIgniter->run()
#5 C:\xampp\htdocs\perizinan-siswa\system\Commands\Server\rewrite.php(43): require_once('C:\\xampp\\htdocs...')
#6 {main}
CRITICAL - 2023-11-11 21:53:43 --> syntax error, unexpected 'date_default_timezone_set' (T_STRING)
#0 C:\xampp\htdocs\perizinan-siswa\system\Router\Router.php(175): CodeIgniter\Router\Router->autoRoute('dashboard_penda...')
#1 C:\xampp\htdocs\perizinan-siswa\system\CodeIgniter.php(726): CodeIgniter\Router\Router->handle('dashboard_penda...')
#2 C:\xampp\htdocs\perizinan-siswa\system\CodeIgniter.php(368): CodeIgniter\CodeIgniter->tryToRouteIt(Object(CodeIgniter\Router\RouteCollection))
#3 C:\xampp\htdocs\perizinan-siswa\system\CodeIgniter.php(326): CodeIgniter\CodeIgniter->handleRequest(NULL, Object(Config\Cache), false)
#4 C:\xampp\htdocs\perizinan-siswa\public\index.php(37): CodeIgniter\CodeIgniter->run()
#5 C:\xampp\htdocs\perizinan-siswa\system\Commands\Server\rewrite.php(43): require_once('C:\\xampp\\htdocs...')
#6 {main}
CRITICAL - 2023-11-11 21:53:47 --> syntax error, unexpected end of file
#0 C:\xampp\htdocs\perizinan-siswa\system\Router\Router.php(175): CodeIgniter\Router\Router->autoRoute('dashboard_penda...')
#1 C:\xampp\htdocs\perizinan-siswa\system\CodeIgniter.php(726): CodeIgniter\Router\Router->handle('dashboard_penda...')
#2 C:\xampp\htdocs\perizinan-siswa\system\CodeIgniter.php(368): CodeIgniter\CodeIgniter->tryToRouteIt(Object(CodeIgniter\Router\RouteCollection))
#3 C:\xampp\htdocs\perizinan-siswa\system\CodeIgniter.php(326): CodeIgniter\CodeIgniter->handleRequest(NULL, Object(Config\Cache), false)
#4 C:\xampp\htdocs\perizinan-siswa\public\index.php(37): CodeIgniter\CodeIgniter->run()
#5 C:\xampp\htdocs\perizinan-siswa\system\Commands\Server\rewrite.php(43): require_once('C:\\xampp\\htdocs...')
#6 {main}
CRITICAL - 2023-11-11 21:53:58 --> syntax error, unexpected end of file
#0 C:\xampp\htdocs\perizinan-siswa\system\Router\Router.php(175): CodeIgniter\Router\Router->autoRoute('dashboard_penda...')
#1 C:\xampp\htdocs\perizinan-siswa\system\CodeIgniter.php(726): CodeIgniter\Router\Router->handle('dashboard_penda...')
#2 C:\xampp\htdocs\perizinan-siswa\system\CodeIgniter.php(368): CodeIgniter\CodeIgniter->tryToRouteIt(Object(CodeIgniter\Router\RouteCollection))
#3 C:\xampp\htdocs\perizinan-siswa\system\CodeIgniter.php(326): CodeIgniter\CodeIgniter->handleRequest(NULL, Object(Config\Cache), false)
#4 C:\xampp\htdocs\perizinan-siswa\public\index.php(37): CodeIgniter\CodeIgniter->run()
#5 C:\xampp\htdocs\perizinan-siswa\system\Commands\Server\rewrite.php(43): require_once('C:\\xampp\\htdocs...')
#6 {main}
CRITICAL - 2023-11-11 22:10:43 --> Class 'App\Controllers\M_website' not found
#0 C:\xampp\htdocs\perizinan-siswa\system\CodeIgniter.php(832): App\Controllers\Dashboard_pendaftaran->aksi_create_dokumen()
#1 C:\xampp\htdocs\perizinan-siswa\system\CodeIgniter.php(419): CodeIgniter\CodeIgniter->runController(Object(App\Controllers\Dashboard_pendaftaran))
#2 C:\xampp\htdocs\perizinan-siswa\system\CodeIgniter.php(326): CodeIgniter\CodeIgniter->handleRequest(NULL, Object(Config\Cache), false)
#3 C:\xampp\htdocs\perizinan-siswa\public\index.php(37): CodeIgniter\CodeIgniter->run()
#4 C:\xampp\htdocs\perizinan-siswa\system\Commands\Server\rewrite.php(43): require_once('C:\\xampp\\htdocs...')
#5 {main}
CRITICAL - 2023-11-11 22:33:40 --> Cannot use empty array elements in arrays
#0 [internal function]: CodeIgniter\Debug\Exceptions->shutdownHandler()
#1 {main}
