ERROR - 2023-08-23 09:44:33 --> Unknown column 'username' in 'where clause'
CRITICAL - 2023-08-23 09:44:33 --> Call to a member function getRowArray() on bool
#0 /Applications/XAMPP/xamppfiles/htdocs/pencatatanperjalanan-mazer/app/Controllers/Login.php(74): App\Models\M_login->getLoginWithPassword('user', '21161062', 'Kevin Fernando')
#1 /Applications/XAMPP/xamppfiles/htdocs/pencatatanperjalanan-mazer/system/CodeIgniter.php(832): App\Controllers\Login->aksi_login()
#2 /Applications/XAMPP/xamppfiles/htdocs/pencatatanperjalanan-mazer/system/CodeIgniter.php(419): CodeIgniter\CodeIgniter->runController(Object(App\Controllers\Login))
#3 /Applications/XAMPP/xamppfiles/htdocs/pencatatanperjalanan-mazer/system/CodeIgniter.php(326): CodeIgniter\CodeIgniter->handleRequest(NULL, Object(Config\Cache), false)
#4 /Applications/XAMPP/xamppfiles/htdocs/pencatatanperjalanan-mazer/public/index.php(37): CodeIgniter\CodeIgniter->run()
#5 /Applications/XAMPP/xamppfiles/htdocs/pencatatanperjalanan-mazer/system/Commands/Server/rewrite.php(43): require_once('/Applications/X...')
#6 {main}
CRITICAL - 2023-08-23 20:44:46 --> syntax error, unexpected ''user_create'' (T_CONSTANT_ENCAPSED_STRING), expecting ']'
#0 C:\xampp\htdocs\pencatatanperjalanan-mazer\system\Router\Router.php(175): CodeIgniter\Router\Router->autoRoute('data_perjalanan')
#1 C:\xampp\htdocs\pencatatanperjalanan-mazer\system\CodeIgniter.php(726): CodeIgniter\Router\Router->handle('data_perjalanan')
#2 C:\xampp\htdocs\pencatatanperjalanan-mazer\system\CodeIgniter.php(368): CodeIgniter\CodeIgniter->tryToRouteIt(Object(CodeIgniter\Router\RouteCollection))
#3 C:\xampp\htdocs\pencatatanperjalanan-mazer\system\CodeIgniter.php(326): CodeIgniter\CodeIgniter->handleRequest(NULL, Object(Config\Cache), false)
#4 C:\xampp\htdocs\pencatatanperjalanan-mazer\public\index.php(37): CodeIgniter\CodeIgniter->run()
#5 C:\xampp\htdocs\pencatatanperjalanan-mazer\system\Commands\Server\rewrite.php(43): require_once('C:\\xampp\\htdocs...')
#6 {main}
CRITICAL - 2023-08-23 20:45:34 --> Argument 2 passed to CodeIgniter\Database\BaseBuilder::join() must be of the type string, null given, called in C:\xampp\htdocs\pencatatanperjalanan-mazer\app\Models\M_siswa.php on line 41
#0 C:\xampp\htdocs\pencatatanperjalanan-mazer\app\Models\M_siswa.php(41): CodeIgniter\Database\BaseBuilder->join('data_jurusan', NULL, 'left')
#1 C:\xampp\htdocs\pencatatanperjalanan-mazer\app\Controllers\Data_perjalanan.php(12): App\Models\M_siswa->join2('data_siswa', 'data_jurusan', NULL)
#2 C:\xampp\htdocs\pencatatanperjalanan-mazer\system\CodeIgniter.php(832): App\Controllers\Data_perjalanan->index()
#3 C:\xampp\htdocs\pencatatanperjalanan-mazer\system\CodeIgniter.php(419): CodeIgniter\CodeIgniter->runController(Object(App\Controllers\Data_perjalanan))
#4 C:\xampp\htdocs\pencatatanperjalanan-mazer\system\CodeIgniter.php(326): CodeIgniter\CodeIgniter->handleRequest(NULL, Object(Config\Cache), false)
#5 C:\xampp\htdocs\pencatatanperjalanan-mazer\public\index.php(37): CodeIgniter\CodeIgniter->run()
#6 C:\xampp\htdocs\pencatatanperjalanan-mazer\system\Commands\Server\rewrite.php(43): require_once('C:\\xampp\\htdocs...')
#7 {main}
CRITICAL - 2023-08-23 20:45:51 --> Class 'App\Models\M_perjalanan' not found
#0 C:\xampp\htdocs\pencatatanperjalanan-mazer\system\CodeIgniter.php(832): App\Controllers\Data_perjalanan->index()
#1 C:\xampp\htdocs\pencatatanperjalanan-mazer\system\CodeIgniter.php(419): CodeIgniter\CodeIgniter->runController(Object(App\Controllers\Data_perjalanan))
#2 C:\xampp\htdocs\pencatatanperjalanan-mazer\system\CodeIgniter.php(326): CodeIgniter\CodeIgniter->handleRequest(NULL, Object(Config\Cache), false)
#3 C:\xampp\htdocs\pencatatanperjalanan-mazer\public\index.php(37): CodeIgniter\CodeIgniter->run()
#4 C:\xampp\htdocs\pencatatanperjalanan-mazer\system\Commands\Server\rewrite.php(43): require_once('C:\\xampp\\htdocs...')
#5 {main}
CRITICAL - 2023-08-23 20:46:04 --> Argument 2 passed to CodeIgniter\Database\BaseBuilder::join() must be of the type string, null given, called in C:\xampp\htdocs\pencatatanperjalanan-mazer\app\Models\M_perjalanan.php on line 41
#0 C:\xampp\htdocs\pencatatanperjalanan-mazer\app\Models\M_perjalanan.php(41): CodeIgniter\Database\BaseBuilder->join('data_jurusan', NULL, 'left')
#1 C:\xampp\htdocs\pencatatanperjalanan-mazer\app\Controllers\Data_perjalanan.php(12): App\Models\M_perjalanan->join2('data_siswa', 'data_jurusan', NULL)
#2 C:\xampp\htdocs\pencatatanperjalanan-mazer\system\CodeIgniter.php(832): App\Controllers\Data_perjalanan->index()
#3 C:\xampp\htdocs\pencatatanperjalanan-mazer\system\CodeIgniter.php(419): CodeIgniter\CodeIgniter->runController(Object(App\Controllers\Data_perjalanan))
#4 C:\xampp\htdocs\pencatatanperjalanan-mazer\system\CodeIgniter.php(326): CodeIgniter\CodeIgniter->handleRequest(NULL, Object(Config\Cache), false)
#5 C:\xampp\htdocs\pencatatanperjalanan-mazer\public\index.php(37): CodeIgniter\CodeIgniter->run()
#6 C:\xampp\htdocs\pencatatanperjalanan-mazer\system\Commands\Server\rewrite.php(43): require_once('C:\\xampp\\htdocs...')
#7 {main}
CRITICAL - 2023-08-23 20:46:26 --> Argument 2 passed to CodeIgniter\Database\BaseBuilder::join() must be of the type string, null given, called in C:\xampp\htdocs\pencatatanperjalanan-mazer\app\Models\M_perjalanan.php on line 41
#0 C:\xampp\htdocs\pencatatanperjalanan-mazer\app\Models\M_perjalanan.php(41): CodeIgniter\Database\BaseBuilder->join('data_jurusan', NULL, 'left')
#1 C:\xampp\htdocs\pencatatanperjalanan-mazer\app\Controllers\Data_perjalanan.php(12): App\Models\M_perjalanan->join2('data_siswa', 'data_jurusan', NULL)
#2 C:\xampp\htdocs\pencatatanperjalanan-mazer\system\CodeIgniter.php(832): App\Controllers\Data_perjalanan->index()
#3 C:\xampp\htdocs\pencatatanperjalanan-mazer\system\CodeIgniter.php(419): CodeIgniter\CodeIgniter->runController(Object(App\Controllers\Data_perjalanan))
#4 C:\xampp\htdocs\pencatatanperjalanan-mazer\system\CodeIgniter.php(326): CodeIgniter\CodeIgniter->handleRequest(NULL, Object(Config\Cache), false)
#5 C:\xampp\htdocs\pencatatanperjalanan-mazer\public\index.php(37): CodeIgniter\CodeIgniter->run()
#6 C:\xampp\htdocs\pencatatanperjalanan-mazer\system\Commands\Server\rewrite.php(43): require_once('C:\\xampp\\htdocs...')
#7 {main}
CRITICAL - 2023-08-23 20:46:27 --> Argument 2 passed to CodeIgniter\Database\BaseBuilder::join() must be of the type string, null given, called in C:\xampp\htdocs\pencatatanperjalanan-mazer\app\Models\M_perjalanan.php on line 41
#0 C:\xampp\htdocs\pencatatanperjalanan-mazer\app\Models\M_perjalanan.php(41): CodeIgniter\Database\BaseBuilder->join('data_jurusan', NULL, 'left')
#1 C:\xampp\htdocs\pencatatanperjalanan-mazer\app\Controllers\Data_perjalanan.php(12): App\Models\M_perjalanan->join2('data_siswa', 'data_jurusan', NULL)
#2 C:\xampp\htdocs\pencatatanperjalanan-mazer\system\CodeIgniter.php(832): App\Controllers\Data_perjalanan->index()
#3 C:\xampp\htdocs\pencatatanperjalanan-mazer\system\CodeIgniter.php(419): CodeIgniter\CodeIgniter->runController(Object(App\Controllers\Data_perjalanan))
#4 C:\xampp\htdocs\pencatatanperjalanan-mazer\system\CodeIgniter.php(326): CodeIgniter\CodeIgniter->handleRequest(NULL, Object(Config\Cache), false)
#5 C:\xampp\htdocs\pencatatanperjalanan-mazer\public\index.php(37): CodeIgniter\CodeIgniter->run()
#6 C:\xampp\htdocs\pencatatanperjalanan-mazer\system\Commands\Server\rewrite.php(43): require_once('C:\\xampp\\htdocs...')
#7 {main}
CRITICAL - 2023-08-23 20:46:27 --> Argument 2 passed to CodeIgniter\Database\BaseBuilder::join() must be of the type string, null given, called in C:\xampp\htdocs\pencatatanperjalanan-mazer\app\Models\M_perjalanan.php on line 41
#0 C:\xampp\htdocs\pencatatanperjalanan-mazer\app\Models\M_perjalanan.php(41): CodeIgniter\Database\BaseBuilder->join('data_jurusan', NULL, 'left')
#1 C:\xampp\htdocs\pencatatanperjalanan-mazer\app\Controllers\Data_perjalanan.php(12): App\Models\M_perjalanan->join2('data_siswa', 'data_jurusan', NULL)
#2 C:\xampp\htdocs\pencatatanperjalanan-mazer\system\CodeIgniter.php(832): App\Controllers\Data_perjalanan->index()
#3 C:\xampp\htdocs\pencatatanperjalanan-mazer\system\CodeIgniter.php(419): CodeIgniter\CodeIgniter->runController(Object(App\Controllers\Data_perjalanan))
#4 C:\xampp\htdocs\pencatatanperjalanan-mazer\system\CodeIgniter.php(326): CodeIgniter\CodeIgniter->handleRequest(NULL, Object(Config\Cache), false)
#5 C:\xampp\htdocs\pencatatanperjalanan-mazer\public\index.php(37): CodeIgniter\CodeIgniter->run()
#6 C:\xampp\htdocs\pencatatanperjalanan-mazer\system\Commands\Server\rewrite.php(43): require_once('C:\\xampp\\htdocs...')
#7 {main}
CRITICAL - 2023-08-23 20:46:27 --> Argument 2 passed to CodeIgniter\Database\BaseBuilder::join() must be of the type string, null given, called in C:\xampp\htdocs\pencatatanperjalanan-mazer\app\Models\M_perjalanan.php on line 41
#0 C:\xampp\htdocs\pencatatanperjalanan-mazer\app\Models\M_perjalanan.php(41): CodeIgniter\Database\BaseBuilder->join('data_jurusan', NULL, 'left')
#1 C:\xampp\htdocs\pencatatanperjalanan-mazer\app\Controllers\Data_perjalanan.php(12): App\Models\M_perjalanan->join2('data_siswa', 'data_jurusan', NULL)
#2 C:\xampp\htdocs\pencatatanperjalanan-mazer\system\CodeIgniter.php(832): App\Controllers\Data_perjalanan->index()
#3 C:\xampp\htdocs\pencatatanperjalanan-mazer\system\CodeIgniter.php(419): CodeIgniter\CodeIgniter->runController(Object(App\Controllers\Data_perjalanan))
#4 C:\xampp\htdocs\pencatatanperjalanan-mazer\system\CodeIgniter.php(326): CodeIgniter\CodeIgniter->handleRequest(NULL, Object(Config\Cache), false)
#5 C:\xampp\htdocs\pencatatanperjalanan-mazer\public\index.php(37): CodeIgniter\CodeIgniter->run()
#6 C:\xampp\htdocs\pencatatanperjalanan-mazer\system\Commands\Server\rewrite.php(43): require_once('C:\\xampp\\htdocs...')
#7 {main}
CRITICAL - 2023-08-23 20:46:27 --> Argument 2 passed to CodeIgniter\Database\BaseBuilder::join() must be of the type string, null given, called in C:\xampp\htdocs\pencatatanperjalanan-mazer\app\Models\M_perjalanan.php on line 41
#0 C:\xampp\htdocs\pencatatanperjalanan-mazer\app\Models\M_perjalanan.php(41): CodeIgniter\Database\BaseBuilder->join('data_jurusan', NULL, 'left')
#1 C:\xampp\htdocs\pencatatanperjalanan-mazer\app\Controllers\Data_perjalanan.php(12): App\Models\M_perjalanan->join2('data_siswa', 'data_jurusan', NULL)
#2 C:\xampp\htdocs\pencatatanperjalanan-mazer\system\CodeIgniter.php(832): App\Controllers\Data_perjalanan->index()
#3 C:\xampp\htdocs\pencatatanperjalanan-mazer\system\CodeIgniter.php(419): CodeIgniter\CodeIgniter->runController(Object(App\Controllers\Data_perjalanan))
#4 C:\xampp\htdocs\pencatatanperjalanan-mazer\system\CodeIgniter.php(326): CodeIgniter\CodeIgniter->handleRequest(NULL, Object(Config\Cache), false)
#5 C:\xampp\htdocs\pencatatanperjalanan-mazer\public\index.php(37): CodeIgniter\CodeIgniter->run()
#6 C:\xampp\htdocs\pencatatanperjalanan-mazer\system\Commands\Server\rewrite.php(43): require_once('C:\\xampp\\htdocs...')
#7 {main}
CRITICAL - 2023-08-23 20:46:28 --> Argument 2 passed to CodeIgniter\Database\BaseBuilder::join() must be of the type string, null given, called in C:\xampp\htdocs\pencatatanperjalanan-mazer\app\Models\M_perjalanan.php on line 41
#0 C:\xampp\htdocs\pencatatanperjalanan-mazer\app\Models\M_perjalanan.php(41): CodeIgniter\Database\BaseBuilder->join('data_jurusan', NULL, 'left')
#1 C:\xampp\htdocs\pencatatanperjalanan-mazer\app\Controllers\Data_perjalanan.php(12): App\Models\M_perjalanan->join2('data_siswa', 'data_jurusan', NULL)
#2 C:\xampp\htdocs\pencatatanperjalanan-mazer\system\CodeIgniter.php(832): App\Controllers\Data_perjalanan->index()
#3 C:\xampp\htdocs\pencatatanperjalanan-mazer\system\CodeIgniter.php(419): CodeIgniter\CodeIgniter->runController(Object(App\Controllers\Data_perjalanan))
#4 C:\xampp\htdocs\pencatatanperjalanan-mazer\system\CodeIgniter.php(326): CodeIgniter\CodeIgniter->handleRequest(NULL, Object(Config\Cache), false)
#5 C:\xampp\htdocs\pencatatanperjalanan-mazer\public\index.php(37): CodeIgniter\CodeIgniter->run()
#6 C:\xampp\htdocs\pencatatanperjalanan-mazer\system\Commands\Server\rewrite.php(43): require_once('C:\\xampp\\htdocs...')
#7 {main}
CRITICAL - 2023-08-23 20:46:28 --> Argument 2 passed to CodeIgniter\Database\BaseBuilder::join() must be of the type string, null given, called in C:\xampp\htdocs\pencatatanperjalanan-mazer\app\Models\M_perjalanan.php on line 41
#0 C:\xampp\htdocs\pencatatanperjalanan-mazer\app\Models\M_perjalanan.php(41): CodeIgniter\Database\BaseBuilder->join('data_jurusan', NULL, 'left')
#1 C:\xampp\htdocs\pencatatanperjalanan-mazer\app\Controllers\Data_perjalanan.php(12): App\Models\M_perjalanan->join2('data_siswa', 'data_jurusan', NULL)
#2 C:\xampp\htdocs\pencatatanperjalanan-mazer\system\CodeIgniter.php(832): App\Controllers\Data_perjalanan->index()
#3 C:\xampp\htdocs\pencatatanperjalanan-mazer\system\CodeIgniter.php(419): CodeIgniter\CodeIgniter->runController(Object(App\Controllers\Data_perjalanan))
#4 C:\xampp\htdocs\pencatatanperjalanan-mazer\system\CodeIgniter.php(326): CodeIgniter\CodeIgniter->handleRequest(NULL, Object(Config\Cache), false)
#5 C:\xampp\htdocs\pencatatanperjalanan-mazer\public\index.php(37): CodeIgniter\CodeIgniter->run()
#6 C:\xampp\htdocs\pencatatanperjalanan-mazer\system\Commands\Server\rewrite.php(43): require_once('C:\\xampp\\htdocs...')
#7 {main}
CRITICAL - 2023-08-23 20:46:28 --> Argument 2 passed to CodeIgniter\Database\BaseBuilder::join() must be of the type string, null given, called in C:\xampp\htdocs\pencatatanperjalanan-mazer\app\Models\M_perjalanan.php on line 41
#0 C:\xampp\htdocs\pencatatanperjalanan-mazer\app\Models\M_perjalanan.php(41): CodeIgniter\Database\BaseBuilder->join('data_jurusan', NULL, 'left')
#1 C:\xampp\htdocs\pencatatanperjalanan-mazer\app\Controllers\Data_perjalanan.php(12): App\Models\M_perjalanan->join2('data_siswa', 'data_jurusan', NULL)
#2 C:\xampp\htdocs\pencatatanperjalanan-mazer\system\CodeIgniter.php(832): App\Controllers\Data_perjalanan->index()
#3 C:\xampp\htdocs\pencatatanperjalanan-mazer\system\CodeIgniter.php(419): CodeIgniter\CodeIgniter->runController(Object(App\Controllers\Data_perjalanan))
#4 C:\xampp\htdocs\pencatatanperjalanan-mazer\system\CodeIgniter.php(326): CodeIgniter\CodeIgniter->handleRequest(NULL, Object(Config\Cache), false)
#5 C:\xampp\htdocs\pencatatanperjalanan-mazer\public\index.php(37): CodeIgniter\CodeIgniter->run()
#6 C:\xampp\htdocs\pencatatanperjalanan-mazer\system\Commands\Server\rewrite.php(43): require_once('C:\\xampp\\htdocs...')
#7 {main}
CRITICAL - 2023-08-23 21:12:11 --> Invalid argument supplied for foreach()
#0 C:\xampp\htdocs\pencatatanperjalanan-mazer\app\Views\data_perjalanan\create.php(95): CodeIgniter\Debug\Exceptions->errorHandler(2, 'Invalid argumen...', 'C:\\xampp\\htdocs...', 95, Array)
#1 C:\xampp\htdocs\pencatatanperjalanan-mazer\system\View\View.php(210): include('C:\\xampp\\htdocs...')
#2 C:\xampp\htdocs\pencatatanperjalanan-mazer\system\View\View.php(213): CodeIgniter\View\View->CodeIgniter\View\{closure}()
#3 C:\xampp\htdocs\pencatatanperjalanan-mazer\system\Common.php(1089): CodeIgniter\View\View->render('data_perjalanan...', Array, true)
#4 C:\xampp\htdocs\pencatatanperjalanan-mazer\app\Controllers\Data_perjalanan.php(33): view('data_perjalanan...', Array)
#5 C:\xampp\htdocs\pencatatanperjalanan-mazer\system\CodeIgniter.php(832): App\Controllers\Data_perjalanan->create()
#6 C:\xampp\htdocs\pencatatanperjalanan-mazer\system\CodeIgniter.php(419): CodeIgniter\CodeIgniter->runController(Object(App\Controllers\Data_perjalanan))
#7 C:\xampp\htdocs\pencatatanperjalanan-mazer\system\CodeIgniter.php(326): CodeIgniter\CodeIgniter->handleRequest(NULL, Object(Config\Cache), false)
#8 C:\xampp\htdocs\pencatatanperjalanan-mazer\public\index.php(37): CodeIgniter\CodeIgniter->run()
#9 C:\xampp\htdocs\pencatatanperjalanan-mazer\system\Commands\Server\rewrite.php(43): require_once('C:\\xampp\\htdocs...')
#10 {main}
CRITICAL - 2023-08-23 21:12:30 --> Invalid argument supplied for foreach()
#0 C:\xampp\htdocs\pencatatanperjalanan-mazer\app\Views\data_perjalanan\create.php(95): CodeIgniter\Debug\Exceptions->errorHandler(2, 'Invalid argumen...', 'C:\\xampp\\htdocs...', 95, Array)
#1 C:\xampp\htdocs\pencatatanperjalanan-mazer\system\View\View.php(210): include('C:\\xampp\\htdocs...')
#2 C:\xampp\htdocs\pencatatanperjalanan-mazer\system\View\View.php(213): CodeIgniter\View\View->CodeIgniter\View\{closure}()
#3 C:\xampp\htdocs\pencatatanperjalanan-mazer\system\Common.php(1089): CodeIgniter\View\View->render('data_perjalanan...', Array, true)
#4 C:\xampp\htdocs\pencatatanperjalanan-mazer\app\Controllers\Data_perjalanan.php(33): view('data_perjalanan...', Array)
#5 C:\xampp\htdocs\pencatatanperjalanan-mazer\system\CodeIgniter.php(832): App\Controllers\Data_perjalanan->create()
#6 C:\xampp\htdocs\pencatatanperjalanan-mazer\system\CodeIgniter.php(419): CodeIgniter\CodeIgniter->runController(Object(App\Controllers\Data_perjalanan))
#7 C:\xampp\htdocs\pencatatanperjalanan-mazer\system\CodeIgniter.php(326): CodeIgniter\CodeIgniter->handleRequest(NULL, Object(Config\Cache), false)
#8 C:\xampp\htdocs\pencatatanperjalanan-mazer\public\index.php(37): CodeIgniter\CodeIgniter->run()
#9 C:\xampp\htdocs\pencatatanperjalanan-mazer\system\Commands\Server\rewrite.php(43): require_once('C:\\xampp\\htdocs...')
#10 {main}
ERROR - 2023-08-23 21:36:13 --> Unknown column 'user' in 'where clause'
CRITICAL - 2023-08-23 21:36:13 --> Call to a member function getRow() on bool
#0 C:\xampp\htdocs\pencatatanperjalanan-mazer\app\Controllers\Data_perjalanan.php(74): App\Models\M_perjalanan->getWhere('data_perjalanan', Array)
#1 C:\xampp\htdocs\pencatatanperjalanan-mazer\system\CodeIgniter.php(832): App\Controllers\Data_perjalanan->edit('2')
#2 C:\xampp\htdocs\pencatatanperjalanan-mazer\system\CodeIgniter.php(419): CodeIgniter\CodeIgniter->runController(Object(App\Controllers\Data_perjalanan))
#3 C:\xampp\htdocs\pencatatanperjalanan-mazer\system\CodeIgniter.php(326): CodeIgniter\CodeIgniter->handleRequest(NULL, Object(Config\Cache), false)
#4 C:\xampp\htdocs\pencatatanperjalanan-mazer\public\index.php(37): CodeIgniter\CodeIgniter->run()
#5 C:\xampp\htdocs\pencatatanperjalanan-mazer\system\Commands\Server\rewrite.php(43): require_once('C:\\xampp\\htdocs...')
#6 {main}
ERROR - 2023-08-23 21:47:54 --> Unknown column 'user_delete' in 'field list'
