CRITICAL - 2023-10-11 19:01:19 --> Class 'App\Controllers\M_perjalanan' not found
#0 C:\xampp\htdocs\perizinan-siswa\system\CodeIgniter.php(832): App\Controllers\Data_absensi_guru->menu_print()
#1 C:\xampp\htdocs\perizinan-siswa\system\CodeIgniter.php(419): CodeIgniter\CodeIgniter->runController(Object(App\Controllers\Data_absensi_guru))
#2 C:\xampp\htdocs\perizinan-siswa\system\CodeIgniter.php(326): CodeIgniter\CodeIgniter->handleRequest(NULL, Object(Config\Cache), false)
#3 C:\xampp\htdocs\perizinan-siswa\public\index.php(37): CodeIgniter\CodeIgniter->run()
#4 C:\xampp\htdocs\perizinan-siswa\system\Commands\Server\rewrite.php(43): require_once('C:\\xampp\\htdocs...')
#5 {main}
CRITICAL - 2023-10-11 19:01:52 --> Class 'App\Controllers\M_absensi' not found
#0 C:\xampp\htdocs\perizinan-siswa\system\CodeIgniter.php(832): App\Controllers\Data_absensi_guru->menu_print()
#1 C:\xampp\htdocs\perizinan-siswa\system\CodeIgniter.php(419): CodeIgniter\CodeIgniter->runController(Object(App\Controllers\Data_absensi_guru))
#2 C:\xampp\htdocs\perizinan-siswa\system\CodeIgniter.php(326): CodeIgniter\CodeIgniter->handleRequest(NULL, Object(Config\Cache), false)
#3 C:\xampp\htdocs\perizinan-siswa\public\index.php(37): CodeIgniter\CodeIgniter->run()
#4 C:\xampp\htdocs\perizinan-siswa\system\Commands\Server\rewrite.php(43): require_once('C:\\xampp\\htdocs...')
#5 {main}
ERROR - 2023-10-11 19:02:36 --> Table 'dbabsensi.data_perjalanan' doesn't exist
CRITICAL - 2023-10-11 19:02:37 --> Call to a member function getResult() on bool
#0 C:\xampp\htdocs\perizinan-siswa\app\Controllers\Data_absensi_guru.php(138): App\Models\amodel->tampil('data_perjalanan')
#1 C:\xampp\htdocs\perizinan-siswa\system\CodeIgniter.php(832): App\Controllers\Data_absensi_guru->menu_print()
#2 C:\xampp\htdocs\perizinan-siswa\system\CodeIgniter.php(419): CodeIgniter\CodeIgniter->runController(Object(App\Controllers\Data_absensi_guru))
#3 C:\xampp\htdocs\perizinan-siswa\system\CodeIgniter.php(326): CodeIgniter\CodeIgniter->handleRequest(NULL, Object(Config\Cache), false)
#4 C:\xampp\htdocs\perizinan-siswa\public\index.php(37): CodeIgniter\CodeIgniter->run()
#5 C:\xampp\htdocs\perizinan-siswa\system\Commands\Server\rewrite.php(43): require_once('C:\\xampp\\htdocs...')
#6 {main}
ERROR - 2023-10-11 19:02:53 --> Table 'dbabsensi.data_perjalanan' doesn't exist
CRITICAL - 2023-10-11 19:02:53 --> Call to a member function getResult() on bool
#0 C:\xampp\htdocs\perizinan-siswa\app\Controllers\Data_absensi_guru.php(138): App\Models\amodel->tampil('data_perjalanan')
#1 C:\xampp\htdocs\perizinan-siswa\system\CodeIgniter.php(832): App\Controllers\Data_absensi_guru->menu_print()
#2 C:\xampp\htdocs\perizinan-siswa\system\CodeIgniter.php(419): CodeIgniter\CodeIgniter->runController(Object(App\Controllers\Data_absensi_guru))
#3 C:\xampp\htdocs\perizinan-siswa\system\CodeIgniter.php(326): CodeIgniter\CodeIgniter->handleRequest(NULL, Object(Config\Cache), false)
#4 C:\xampp\htdocs\perizinan-siswa\public\index.php(37): CodeIgniter\CodeIgniter->run()
#5 C:\xampp\htdocs\perizinan-siswa\system\Commands\Server\rewrite.php(43): require_once('C:\\xampp\\htdocs...')
#6 {main}
CRITICAL - 2023-10-11 19:03:07 --> Invalid file: data_perjalanan/menu_print.php
#0 C:\xampp\htdocs\perizinan-siswa\system\View\View.php(198): CodeIgniter\Exceptions\FrameworkException::forInvalidFile('data_perjalanan...')
#1 C:\xampp\htdocs\perizinan-siswa\system\Common.php(1089): CodeIgniter\View\View->render('data_perjalanan...', Array, true)
#2 C:\xampp\htdocs\perizinan-siswa\app\Controllers\Data_absensi_guru.php(144): view('data_perjalanan...', Array)
#3 C:\xampp\htdocs\perizinan-siswa\system\CodeIgniter.php(832): App\Controllers\Data_absensi_guru->menu_print()
#4 C:\xampp\htdocs\perizinan-siswa\system\CodeIgniter.php(419): CodeIgniter\CodeIgniter->runController(Object(App\Controllers\Data_absensi_guru))
#5 C:\xampp\htdocs\perizinan-siswa\system\CodeIgniter.php(326): CodeIgniter\CodeIgniter->handleRequest(NULL, Object(Config\Cache), false)
#6 C:\xampp\htdocs\perizinan-siswa\public\index.php(37): CodeIgniter\CodeIgniter->run()
#7 C:\xampp\htdocs\perizinan-siswa\system\Commands\Server\rewrite.php(43): require_once('C:\\xampp\\htdocs...')
#8 {main}
CRITICAL - 2023-10-11 20:16:44 --> syntax error, unexpected ''rombel'' (T_CONSTANT_ENCAPSED_STRING), expecting ')'
#0 C:\xampp\htdocs\perizinan-siswa\system\Router\Router.php(175): CodeIgniter\Router\Router->autoRoute('data_perizinan')
#1 C:\xampp\htdocs\perizinan-siswa\system\CodeIgniter.php(726): CodeIgniter\Router\Router->handle('data_perizinan')
#2 C:\xampp\htdocs\perizinan-siswa\system\CodeIgniter.php(368): CodeIgniter\CodeIgniter->tryToRouteIt(Object(CodeIgniter\Router\RouteCollection))
#3 C:\xampp\htdocs\perizinan-siswa\system\CodeIgniter.php(326): CodeIgniter\CodeIgniter->handleRequest(NULL, Object(Config\Cache), false)
#4 C:\xampp\htdocs\perizinan-siswa\public\index.php(37): CodeIgniter\CodeIgniter->run()
#5 C:\xampp\htdocs\perizinan-siswa\system\Commands\Server\rewrite.php(43): require_once('C:\\xampp\\htdocs...')
#6 {main}
ERROR - 2023-10-11 20:42:22 --> Unknown column 'deleted_at' in 'where clause'
CRITICAL - 2023-10-11 20:42:22 --> Call to a member function getResult() on bool
#0 C:\xampp\htdocs\perizinan-siswa\app\Controllers\Data_perizinan_guru.php(223): App\Models\M_perizinan->tampil('blok')
#1 C:\xampp\htdocs\perizinan-siswa\system\CodeIgniter.php(832): App\Controllers\Data_perizinan_guru->menu_print()
#2 C:\xampp\htdocs\perizinan-siswa\system\CodeIgniter.php(419): CodeIgniter\CodeIgniter->runController(Object(App\Controllers\Data_perizinan_guru))
#3 C:\xampp\htdocs\perizinan-siswa\system\CodeIgniter.php(326): CodeIgniter\CodeIgniter->handleRequest(NULL, Object(Config\Cache), false)
#4 C:\xampp\htdocs\perizinan-siswa\public\index.php(37): CodeIgniter\CodeIgniter->run()
#5 C:\xampp\htdocs\perizinan-siswa\system\Commands\Server\rewrite.php(43): require_once('C:\\xampp\\htdocs...')
#6 {main}
ERROR - 2023-10-11 20:43:17 --> Unknown column 'deleted_at' in 'where clause'
CRITICAL - 2023-10-11 20:43:17 --> Call to a member function getResult() on bool
#0 C:\xampp\htdocs\perizinan-siswa\app\Controllers\Data_perizinan_guru.php(223): App\Models\M_perizinan->tampil2('blok')
#1 C:\xampp\htdocs\perizinan-siswa\system\CodeIgniter.php(832): App\Controllers\Data_perizinan_guru->menu_print()
#2 C:\xampp\htdocs\perizinan-siswa\system\CodeIgniter.php(419): CodeIgniter\CodeIgniter->runController(Object(App\Controllers\Data_perizinan_guru))
#3 C:\xampp\htdocs\perizinan-siswa\system\CodeIgniter.php(326): CodeIgniter\CodeIgniter->handleRequest(NULL, Object(Config\Cache), false)
#4 C:\xampp\htdocs\perizinan-siswa\public\index.php(37): CodeIgniter\CodeIgniter->run()
#5 C:\xampp\htdocs\perizinan-siswa\system\Commands\Server\rewrite.php(43): require_once('C:\\xampp\\htdocs...')
#6 {main}
CRITICAL - 2023-10-11 20:43:24 --> Invalid argument supplied for foreach()
#0 C:\xampp\htdocs\perizinan-siswa\app\Views\data_perizinan\menu_print.php(42): CodeIgniter\Debug\Exceptions->errorHandler(2, 'Invalid argumen...', 'C:\\xampp\\htdocs...', 42, Array)
#1 C:\xampp\htdocs\perizinan-siswa\system\View\View.php(210): include('C:\\xampp\\htdocs...')
#2 C:\xampp\htdocs\perizinan-siswa\system\View\View.php(213): CodeIgniter\View\View->CodeIgniter\View\{closure}()
#3 C:\xampp\htdocs\perizinan-siswa\system\Common.php(1089): CodeIgniter\View\View->render('data_perizinan/...', Array, true)
#4 C:\xampp\htdocs\perizinan-siswa\app\Controllers\Data_perizinan_guru.php(231): view('data_perizinan/...', Array)
#5 C:\xampp\htdocs\perizinan-siswa\system\CodeIgniter.php(832): App\Controllers\Data_perizinan_guru->menu_print()
#6 C:\xampp\htdocs\perizinan-siswa\system\CodeIgniter.php(419): CodeIgniter\CodeIgniter->runController(Object(App\Controllers\Data_perizinan_guru))
#7 C:\xampp\htdocs\perizinan-siswa\system\CodeIgniter.php(326): CodeIgniter\CodeIgniter->handleRequest(NULL, Object(Config\Cache), false)
#8 C:\xampp\htdocs\perizinan-siswa\public\index.php(37): CodeIgniter\CodeIgniter->run()
#9 C:\xampp\htdocs\perizinan-siswa\system\Commands\Server\rewrite.php(43): require_once('C:\\xampp\\htdocs...')
#10 {main}
CRITICAL - 2023-10-11 21:01:29 --> Invalid argument supplied for foreach()
#0 C:\xampp\htdocs\perizinan-siswa\app\Views\data_perizinan\menu_print.php(71): CodeIgniter\Debug\Exceptions->errorHandler(2, 'Invalid argumen...', 'C:\\xampp\\htdocs...', 71, Array)
#1 C:\xampp\htdocs\perizinan-siswa\system\View\View.php(210): include('C:\\xampp\\htdocs...')
#2 C:\xampp\htdocs\perizinan-siswa\system\View\View.php(213): CodeIgniter\View\View->CodeIgniter\View\{closure}()
#3 C:\xampp\htdocs\perizinan-siswa\system\Common.php(1089): CodeIgniter\View\View->render('data_perizinan/...', Array, true)
#4 C:\xampp\htdocs\perizinan-siswa\app\Controllers\Data_perizinan_guru.php(234): view('data_perizinan/...', Array)
#5 C:\xampp\htdocs\perizinan-siswa\system\CodeIgniter.php(832): App\Controllers\Data_perizinan_guru->menu_print()
#6 C:\xampp\htdocs\perizinan-siswa\system\CodeIgniter.php(419): CodeIgniter\CodeIgniter->runController(Object(App\Controllers\Data_perizinan_guru))
#7 C:\xampp\htdocs\perizinan-siswa\system\CodeIgniter.php(326): CodeIgniter\CodeIgniter->handleRequest(NULL, Object(Config\Cache), false)
#8 C:\xampp\htdocs\perizinan-siswa\public\index.php(37): CodeIgniter\CodeIgniter->run()
#9 C:\xampp\htdocs\perizinan-siswa\system\Commands\Server\rewrite.php(43): require_once('C:\\xampp\\htdocs...')
#10 {main}
ERROR - 2023-10-11 22:00:13 --> Table 'dbabsensi.data_perizinan' doesn't exist
CRITICAL - 2023-10-11 22:00:13 --> Call to a member function getResultArray() on bool
#0 C:\xampp\htdocs\perizinan-siswa\app\Controllers\Data_perizinan_guru.php(252): App\Models\M_perizinan->getDataByFilter('2', '', NULL)
#1 C:\xampp\htdocs\perizinan-siswa\system\CodeIgniter.php(832): App\Controllers\Data_perizinan_guru->export_pdf()
#2 C:\xampp\htdocs\perizinan-siswa\system\CodeIgniter.php(419): CodeIgniter\CodeIgniter->runController(Object(App\Controllers\Data_perizinan_guru))
#3 C:\xampp\htdocs\perizinan-siswa\system\CodeIgniter.php(326): CodeIgniter\CodeIgniter->handleRequest(NULL, Object(Config\Cache), false)
#4 C:\xampp\htdocs\perizinan-siswa\public\index.php(37): CodeIgniter\CodeIgniter->run()
#5 C:\xampp\htdocs\perizinan-siswa\system\Commands\Server\rewrite.php(43): require_once('C:\\xampp\\htdocs...')
#6 {main}
ERROR - 2023-10-11 22:01:19 --> Table 'dbabsensi.data_perizinan' doesn't exist
CRITICAL - 2023-10-11 22:01:19 --> Call to a member function getResultArray() on bool
#0 C:\xampp\htdocs\perizinan-siswa\app\Controllers\Data_perizinan_guru.php(252): App\Models\M_perizinan->getDataByFilter('2')
#1 C:\xampp\htdocs\perizinan-siswa\system\CodeIgniter.php(832): App\Controllers\Data_perizinan_guru->export_pdf()
#2 C:\xampp\htdocs\perizinan-siswa\system\CodeIgniter.php(419): CodeIgniter\CodeIgniter->runController(Object(App\Controllers\Data_perizinan_guru))
#3 C:\xampp\htdocs\perizinan-siswa\system\CodeIgniter.php(326): CodeIgniter\CodeIgniter->handleRequest(NULL, Object(Config\Cache), false)
#4 C:\xampp\htdocs\perizinan-siswa\public\index.php(37): CodeIgniter\CodeIgniter->run()
#5 C:\xampp\htdocs\perizinan-siswa\system\Commands\Server\rewrite.php(43): require_once('C:\\xampp\\htdocs...')
#6 {main}
ERROR - 2023-10-11 22:01:44 --> Table 'dbabsensi.data_perizinan' doesn't exist
CRITICAL - 2023-10-11 22:01:44 --> Call to a member function getResultArray() on bool
#0 C:\xampp\htdocs\perizinan-siswa\app\Controllers\Data_perizinan_guru.php(252): App\Models\M_perizinan->getDataByFilter('2', '', '')
#1 C:\xampp\htdocs\perizinan-siswa\system\CodeIgniter.php(832): App\Controllers\Data_perizinan_guru->export_pdf()
#2 C:\xampp\htdocs\perizinan-siswa\system\CodeIgniter.php(419): CodeIgniter\CodeIgniter->runController(Object(App\Controllers\Data_perizinan_guru))
#3 C:\xampp\htdocs\perizinan-siswa\system\CodeIgniter.php(326): CodeIgniter\CodeIgniter->handleRequest(NULL, Object(Config\Cache), false)
#4 C:\xampp\htdocs\perizinan-siswa\public\index.php(37): CodeIgniter\CodeIgniter->run()
#5 C:\xampp\htdocs\perizinan-siswa\system\Commands\Server\rewrite.php(43): require_once('C:\\xampp\\htdocs...')
#6 {main}
CRITICAL - 2023-10-11 22:04:29 --> Class 'App\Controllers\Dompdf' not found
#0 C:\xampp\htdocs\perizinan-siswa\system\CodeIgniter.php(832): App\Controllers\Data_perizinan_guru->export_pdf()
#1 C:\xampp\htdocs\perizinan-siswa\system\CodeIgniter.php(419): CodeIgniter\CodeIgniter->runController(Object(App\Controllers\Data_perizinan_guru))
#2 C:\xampp\htdocs\perizinan-siswa\system\CodeIgniter.php(326): CodeIgniter\CodeIgniter->handleRequest(NULL, Object(Config\Cache), false)
#3 C:\xampp\htdocs\perizinan-siswa\public\index.php(37): CodeIgniter\CodeIgniter->run()
#4 C:\xampp\htdocs\perizinan-siswa\system\Commands\Server\rewrite.php(43): require_once('C:\\xampp\\htdocs...')
#5 {main}
CRITICAL - 2023-10-11 22:55:43 --> Argument 2 passed to view() must be of the type array, null given, called in C:\xampp\htdocs\perizinan-siswa\app\Controllers\Data_perizinan_guru.php on line 257
#0 C:\xampp\htdocs\perizinan-siswa\app\Controllers\Data_perizinan_guru.php(257): view('partial/header_...', NULL)
#1 C:\xampp\htdocs\perizinan-siswa\system\CodeIgniter.php(832): App\Controllers\Data_perizinan_guru->export_windows()
#2 C:\xampp\htdocs\perizinan-siswa\system\CodeIgniter.php(419): CodeIgniter\CodeIgniter->runController(Object(App\Controllers\Data_perizinan_guru))
#3 C:\xampp\htdocs\perizinan-siswa\system\CodeIgniter.php(326): CodeIgniter\CodeIgniter->handleRequest(NULL, Object(Config\Cache), false)
#4 C:\xampp\htdocs\perizinan-siswa\public\index.php(37): CodeIgniter\CodeIgniter->run()
#5 C:\xampp\htdocs\perizinan-siswa\system\Commands\Server\rewrite.php(43): require_once('C:\\xampp\\htdocs...')
#6 {main}
CRITICAL - 2023-10-11 22:56:29 --> Argument 2 passed to view() must be of the type array, null given, called in C:\xampp\htdocs\perizinan-siswa\app\Controllers\Data_perizinan_guru.php on line 257
#0 C:\xampp\htdocs\perizinan-siswa\app\Controllers\Data_perizinan_guru.php(257): view('partial/header_...', NULL)
#1 C:\xampp\htdocs\perizinan-siswa\system\CodeIgniter.php(832): App\Controllers\Data_perizinan_guru->export_windows()
#2 C:\xampp\htdocs\perizinan-siswa\system\CodeIgniter.php(419): CodeIgniter\CodeIgniter->runController(Object(App\Controllers\Data_perizinan_guru))
#3 C:\xampp\htdocs\perizinan-siswa\system\CodeIgniter.php(326): CodeIgniter\CodeIgniter->handleRequest(NULL, Object(Config\Cache), false)
#4 C:\xampp\htdocs\perizinan-siswa\public\index.php(37): CodeIgniter\CodeIgniter->run()
#5 C:\xampp\htdocs\perizinan-siswa\system\Commands\Server\rewrite.php(43): require_once('C:\\xampp\\htdocs...')
#6 {main}
CRITICAL - 2023-10-11 22:56:59 --> Argument 2 passed to view() must be of the type array, string given, called in C:\xampp\htdocs\perizinan-siswa\app\Controllers\Data_perizinan_guru.php on line 257
#0 C:\xampp\htdocs\perizinan-siswa\app\Controllers\Data_perizinan_guru.php(257): view('partial/header_...', 'Data Perizinan')
#1 C:\xampp\htdocs\perizinan-siswa\system\CodeIgniter.php(832): App\Controllers\Data_perizinan_guru->export_windows()
#2 C:\xampp\htdocs\perizinan-siswa\system\CodeIgniter.php(419): CodeIgniter\CodeIgniter->runController(Object(App\Controllers\Data_perizinan_guru))
#3 C:\xampp\htdocs\perizinan-siswa\system\CodeIgniter.php(326): CodeIgniter\CodeIgniter->handleRequest(NULL, Object(Config\Cache), false)
#4 C:\xampp\htdocs\perizinan-siswa\public\index.php(37): CodeIgniter\CodeIgniter->run()
#5 C:\xampp\htdocs\perizinan-siswa\system\Commands\Server\rewrite.php(43): require_once('C:\\xampp\\htdocs...')
#6 {main}
CRITICAL - 2023-10-11 23:01:36 --> Invalid argument supplied for foreach()
#0 C:\xampp\htdocs\perizinan-siswa\app\Views\data_perizinan\menu_print.php(56): CodeIgniter\Debug\Exceptions->errorHandler(2, 'Invalid argumen...', 'C:\\xampp\\htdocs...', 56, Array)
#1 C:\xampp\htdocs\perizinan-siswa\system\View\View.php(210): include('C:\\xampp\\htdocs...')
#2 C:\xampp\htdocs\perizinan-siswa\system\View\View.php(213): CodeIgniter\View\View->CodeIgniter\View\{closure}()
#3 C:\xampp\htdocs\perizinan-siswa\system\Common.php(1089): CodeIgniter\View\View->render('data_perizinan/...', Array, true)
#4 C:\xampp\htdocs\perizinan-siswa\app\Controllers\Data_perizinan_guru.php(237): view('data_perizinan/...', Array)
#5 C:\xampp\htdocs\perizinan-siswa\system\CodeIgniter.php(832): App\Controllers\Data_perizinan_guru->menu_print()
#6 C:\xampp\htdocs\perizinan-siswa\system\CodeIgniter.php(419): CodeIgniter\CodeIgniter->runController(Object(App\Controllers\Data_perizinan_guru))
#7 C:\xampp\htdocs\perizinan-siswa\system\CodeIgniter.php(326): CodeIgniter\CodeIgniter->handleRequest(NULL, Object(Config\Cache), false)
#8 C:\xampp\htdocs\perizinan-siswa\public\index.php(37): CodeIgniter\CodeIgniter->run()
#9 C:\xampp\htdocs\perizinan-siswa\system\Commands\Server\rewrite.php(43): require_once('C:\\xampp\\htdocs...')
#10 {main}
CRITICAL - 2023-10-11 23:02:03 --> Invalid argument supplied for foreach()
#0 C:\xampp\htdocs\perizinan-siswa\app\Views\data_perizinan\menu_print.php(56): CodeIgniter\Debug\Exceptions->errorHandler(2, 'Invalid argumen...', 'C:\\xampp\\htdocs...', 56, Array)
#1 C:\xampp\htdocs\perizinan-siswa\system\View\View.php(210): include('C:\\xampp\\htdocs...')
#2 C:\xampp\htdocs\perizinan-siswa\system\View\View.php(213): CodeIgniter\View\View->CodeIgniter\View\{closure}()
#3 C:\xampp\htdocs\perizinan-siswa\system\Common.php(1089): CodeIgniter\View\View->render('data_perizinan/...', Array, true)
#4 C:\xampp\htdocs\perizinan-siswa\app\Controllers\Data_perizinan_guru.php(237): view('data_perizinan/...', Array)
#5 C:\xampp\htdocs\perizinan-siswa\system\CodeIgniter.php(832): App\Controllers\Data_perizinan_guru->menu_print()
#6 C:\xampp\htdocs\perizinan-siswa\system\CodeIgniter.php(419): CodeIgniter\CodeIgniter->runController(Object(App\Controllers\Data_perizinan_guru))
#7 C:\xampp\htdocs\perizinan-siswa\system\CodeIgniter.php(326): CodeIgniter\CodeIgniter->handleRequest(NULL, Object(Config\Cache), false)
#8 C:\xampp\htdocs\perizinan-siswa\public\index.php(37): CodeIgniter\CodeIgniter->run()
#9 C:\xampp\htdocs\perizinan-siswa\system\Commands\Server\rewrite.php(43): require_once('C:\\xampp\\htdocs...')
#10 {main}
CRITICAL - 2023-10-11 23:21:57 --> Too few arguments to function App\Models\M_perizinan::getDataByFilter(), 3 passed in C:\xampp\htdocs\perizinan-siswa\app\Controllers\Data_perizinan_guru.php on line 281 and exactly 4 expected
#0 C:\xampp\htdocs\perizinan-siswa\app\Controllers\Data_perizinan_guru.php(281): App\Models\M_perizinan->getDataByFilter('Ganjil', '', '')
#1 C:\xampp\htdocs\perizinan-siswa\system\CodeIgniter.php(832): App\Controllers\Data_perizinan_guru->export_pdf()
#2 C:\xampp\htdocs\perizinan-siswa\system\CodeIgniter.php(419): CodeIgniter\CodeIgniter->runController(Object(App\Controllers\Data_perizinan_guru))
#3 C:\xampp\htdocs\perizinan-siswa\system\CodeIgniter.php(326): CodeIgniter\CodeIgniter->handleRequest(NULL, Object(Config\Cache), false)
#4 C:\xampp\htdocs\perizinan-siswa\public\index.php(37): CodeIgniter\CodeIgniter->run()
#5 C:\xampp\htdocs\perizinan-siswa\system\Commands\Server\rewrite.php(43): require_once('C:\\xampp\\htdocs...')
#6 {main}
CRITICAL - 2023-10-11 23:31:01 --> Call to a member function getIdSemesterBlok() on null
#0 C:\xampp\htdocs\perizinan-siswa\app\Controllers\Data_perizinan_guru.php(278): App\Models\M_perizinan->getDataByFilter('', '', '', '1')
#1 C:\xampp\htdocs\perizinan-siswa\system\CodeIgniter.php(832): App\Controllers\Data_perizinan_guru->export_pdf()
#2 C:\xampp\htdocs\perizinan-siswa\system\CodeIgniter.php(419): CodeIgniter\CodeIgniter->runController(Object(App\Controllers\Data_perizinan_guru))
#3 C:\xampp\htdocs\perizinan-siswa\system\CodeIgniter.php(326): CodeIgniter\CodeIgniter->handleRequest(NULL, Object(Config\Cache), false)
#4 C:\xampp\htdocs\perizinan-siswa\public\index.php(37): CodeIgniter\CodeIgniter->run()
#5 C:\xampp\htdocs\perizinan-siswa\system\Commands\Server\rewrite.php(43): require_once('C:\\xampp\\htdocs...')
#6 {main}
ERROR - 2023-10-11 23:31:58 --> Unknown column 'blok.id_semester' in 'where clause'
CRITICAL - 2023-10-11 23:31:58 --> Call to a member function getResultArray() on bool
#0 C:\xampp\htdocs\perizinan-siswa\app\Controllers\Data_perizinan_guru.php(278): App\Models\M_perizinan->getDataByFilter('', '', '', '1')
#1 C:\xampp\htdocs\perizinan-siswa\system\CodeIgniter.php(832): App\Controllers\Data_perizinan_guru->export_pdf()
#2 C:\xampp\htdocs\perizinan-siswa\system\CodeIgniter.php(419): CodeIgniter\CodeIgniter->runController(Object(App\Controllers\Data_perizinan_guru))
#3 C:\xampp\htdocs\perizinan-siswa\system\CodeIgniter.php(326): CodeIgniter\CodeIgniter->handleRequest(NULL, Object(Config\Cache), false)
#4 C:\xampp\htdocs\perizinan-siswa\public\index.php(37): CodeIgniter\CodeIgniter->run()
#5 C:\xampp\htdocs\perizinan-siswa\system\Commands\Server\rewrite.php(43): require_once('C:\\xampp\\htdocs...')
#6 {main}
CRITICAL - 2023-10-11 23:36:21 --> Object of class stdClass could not be converted to string
#0 C:\xampp\htdocs\perizinan-siswa\system\Database\Query.php(312): implode(',', Array)
#1 C:\xampp\htdocs\perizinan-siswa\system\Database\Query.php(293): CodeIgniter\Database\Query->matchNamedBinds('SELECT *\nFROM `...', Array)
#2 C:\xampp\htdocs\perizinan-siswa\system\Database\Query.php(150): CodeIgniter\Database\Query->compileBinds()
#3 C:\xampp\htdocs\perizinan-siswa\system\Database\BaseConnection.php(598): CodeIgniter\Database\Query->getQuery()
#4 C:\xampp\htdocs\perizinan-siswa\system\Database\BaseBuilder.php(1455): CodeIgniter\Database\BaseConnection->query('SELECT *\nFROM `...', Array, false)
#5 C:\xampp\htdocs\perizinan-siswa\app\Models\M_perizinan.php(135): CodeIgniter\Database\BaseBuilder->get()
#6 C:\xampp\htdocs\perizinan-siswa\app\Controllers\Data_perizinan_guru.php(278): App\Models\M_perizinan->getDataByFilter('', '', '', '1')
#7 C:\xampp\htdocs\perizinan-siswa\system\CodeIgniter.php(832): App\Controllers\Data_perizinan_guru->export_pdf()
#8 C:\xampp\htdocs\perizinan-siswa\system\CodeIgniter.php(419): CodeIgniter\CodeIgniter->runController(Object(App\Controllers\Data_perizinan_guru))
#9 C:\xampp\htdocs\perizinan-siswa\system\CodeIgniter.php(326): CodeIgniter\CodeIgniter->handleRequest(NULL, Object(Config\Cache), false)
#10 C:\xampp\htdocs\perizinan-siswa\public\index.php(37): CodeIgniter\CodeIgniter->run()
#11 C:\xampp\htdocs\perizinan-siswa\system\Commands\Server\rewrite.php(43): require_once('C:\\xampp\\htdocs...')
#12 {main}
ERROR - 2023-10-11 23:36:30 --> Unknown column 'Array' in 'where clause'
CRITICAL - 2023-10-11 23:36:30 --> Call to a member function getResultArray() on bool
#0 C:\xampp\htdocs\perizinan-siswa\app\Controllers\Data_perizinan_guru.php(278): App\Models\M_perizinan->getDataByFilter('', '', '', '1')
#1 C:\xampp\htdocs\perizinan-siswa\system\CodeIgniter.php(832): App\Controllers\Data_perizinan_guru->export_pdf()
#2 C:\xampp\htdocs\perizinan-siswa\system\CodeIgniter.php(419): CodeIgniter\CodeIgniter->runController(Object(App\Controllers\Data_perizinan_guru))
#3 C:\xampp\htdocs\perizinan-siswa\system\CodeIgniter.php(326): CodeIgniter\CodeIgniter->handleRequest(NULL, Object(Config\Cache), false)
#4 C:\xampp\htdocs\perizinan-siswa\public\index.php(37): CodeIgniter\CodeIgniter->run()
#5 C:\xampp\htdocs\perizinan-siswa\system\Commands\Server\rewrite.php(43): require_once('C:\\xampp\\htdocs...')
#6 {main}
