ERROR - 2023-08-02 20:54:12 --> Unknown column 'data_agenda.keterangan' in 'on clause'
CRITICAL - 2023-08-02 20:54:12 --> Call to a member function getResultArray() on bool
#0 C:\xampp\htdocs\agendapkl-mazer\app\Controllers\Data_absensi_guru.php(60): App\Models\M_absensi_sekolah->getDataByFilter('12', '2023-07-01', '2023-08-02')
#1 C:\xampp\htdocs\agendapkl-mazer\system\CodeIgniter.php(832): App\Controllers\Data_absensi_guru->export_windows()
#2 C:\xampp\htdocs\agendapkl-mazer\system\CodeIgniter.php(419): CodeIgniter\CodeIgniter->runController(Object(App\Controllers\Data_absensi_guru))
#3 C:\xampp\htdocs\agendapkl-mazer\system\CodeIgniter.php(326): CodeIgniter\CodeIgniter->handleRequest(NULL, Object(Config\Cache), false)
#4 C:\xampp\htdocs\agendapkl-mazer\public\index.php(37): CodeIgniter\CodeIgniter->run()
#5 C:\xampp\htdocs\agendapkl-mazer\system\Commands\Server\rewrite.php(43): require_once('C:\\xampp\\htdocs...')
#6 {main}
CRITICAL - 2023-08-02 20:55:34 --> Invalid argument supplied for foreach()
#0 C:\xampp\htdocs\agendapkl-mazer\app\Views\data_absensi_guru\print_windows_view.php(67): CodeIgniter\Debug\Exceptions->errorHandler(2, 'Invalid argumen...', 'C:\\xampp\\htdocs...', 67, Array)
#1 C:\xampp\htdocs\agendapkl-mazer\system\View\View.php(210): include('C:\\xampp\\htdocs...')
#2 C:\xampp\htdocs\agendapkl-mazer\system\View\View.php(213): CodeIgniter\View\View->CodeIgniter\View\{closure}()
#3 C:\xampp\htdocs\agendapkl-mazer\system\Common.php(1089): CodeIgniter\View\View->render('data_absensi_gu...', Array, true)
#4 C:\xampp\htdocs\agendapkl-mazer\app\Controllers\Data_absensi_guru.php(63): view('data_absensi_gu...', Array)
#5 C:\xampp\htdocs\agendapkl-mazer\system\CodeIgniter.php(832): App\Controllers\Data_absensi_guru->export_windows()
#6 C:\xampp\htdocs\agendapkl-mazer\system\CodeIgniter.php(419): CodeIgniter\CodeIgniter->runController(Object(App\Controllers\Data_absensi_guru))
#7 C:\xampp\htdocs\agendapkl-mazer\system\CodeIgniter.php(326): CodeIgniter\CodeIgniter->handleRequest(NULL, Object(Config\Cache), false)
#8 C:\xampp\htdocs\agendapkl-mazer\public\index.php(37): CodeIgniter\CodeIgniter->run()
#9 C:\xampp\htdocs\agendapkl-mazer\system\Commands\Server\rewrite.php(43): require_once('C:\\xampp\\htdocs...')
#10 {main}
CRITICAL - 2023-08-02 21:29:30 --> Invalid argument supplied for foreach()
#0 C:\xampp\htdocs\agendapkl-mazer\app\Controllers\Data_agenda_guru.php(261): CodeIgniter\Debug\Exceptions->errorHandler(2, 'Invalid argumen...', 'C:\\xampp\\htdocs...', 261, Array)
#1 C:\xampp\htdocs\agendapkl-mazer\system\CodeIgniter.php(832): App\Controllers\Data_agenda_guru->export_excel()
#2 C:\xampp\htdocs\agendapkl-mazer\system\CodeIgniter.php(419): CodeIgniter\CodeIgniter->runController(Object(App\Controllers\Data_agenda_guru))
#3 C:\xampp\htdocs\agendapkl-mazer\system\CodeIgniter.php(326): CodeIgniter\CodeIgniter->handleRequest(NULL, Object(Config\Cache), false)
#4 C:\xampp\htdocs\agendapkl-mazer\public\index.php(37): CodeIgniter\CodeIgniter->run()
#5 C:\xampp\htdocs\agendapkl-mazer\system\Commands\Server\rewrite.php(43): require_once('C:\\xampp\\htdocs...')
#6 {main}
CRITICAL - 2023-08-02 21:57:47 --> Invalid cell coordinate CATATAN UNTUK DIINGAT
#0 C:\xampp\htdocs\agendapkl-mazer\vendor\phpoffice\phpspreadsheet\src\PhpSpreadsheet\Style\Style.php(228): PhpOffice\PhpSpreadsheet\Cell\Coordinate::coordinateFromString('CATATAN UNTUK D...')
#1 C:\xampp\htdocs\agendapkl-mazer\app\Controllers\Data_agenda_guru.php(323): PhpOffice\PhpSpreadsheet\Style\Style->applyFromArray(Array)
#2 C:\xampp\htdocs\agendapkl-mazer\system\CodeIgniter.php(832): App\Controllers\Data_agenda_guru->export_excel()
#3 C:\xampp\htdocs\agendapkl-mazer\system\CodeIgniter.php(419): CodeIgniter\CodeIgniter->runController(Object(App\Controllers\Data_agenda_guru))
#4 C:\xampp\htdocs\agendapkl-mazer\system\CodeIgniter.php(326): CodeIgniter\CodeIgniter->handleRequest(NULL, Object(Config\Cache), false)
#5 C:\xampp\htdocs\agendapkl-mazer\public\index.php(37): CodeIgniter\CodeIgniter->run()
#6 C:\xampp\htdocs\agendapkl-mazer\system\Commands\Server\rewrite.php(43): require_once('C:\\xampp\\htdocs...')
#7 {main}
