ERROR - 2023-11-20 20:28:02 --> Error connecting to the database: Unknown database 'dbabsensi'
CRITICAL - 2023-11-20 20:28:02 --> Unable to connect to the database.
Main connection [MySQLi]: Unknown database 'dbabsensi'
#0 C:\xampp\htdocs\perizinan-siswa\system\Database\BaseConnection.php(577): CodeIgniter\Database\BaseConnection->initialize()
#1 C:\xampp\htdocs\perizinan-siswa\system\Database\BaseBuilder.php(1455): CodeIgniter\Database\BaseConnection->query('SELECT `favicon...', Array, false)
#2 C:\xampp\htdocs\perizinan-siswa\app\Views\partial_login\header_login.php(14): CodeIgniter\Database\BaseBuilder->get()
#3 C:\xampp\htdocs\perizinan-siswa\system\View\View.php(210): include('C:\\xampp\\htdocs...')
#4 C:\xampp\htdocs\perizinan-siswa\system\View\View.php(213): CodeIgniter\View\View->CodeIgniter\View\{closure}()
#5 C:\xampp\htdocs\perizinan-siswa\system\Common.php(1089): CodeIgniter\View\View->render('partial_login/h...', Array, true)
#6 C:\xampp\htdocs\perizinan-siswa\app\Controllers\Login.php(21): view('partial_login/h...', Array)
#7 C:\xampp\htdocs\perizinan-siswa\system\CodeIgniter.php(832): App\Controllers\Login->index()
#8 C:\xampp\htdocs\perizinan-siswa\system\CodeIgniter.php(419): CodeIgniter\CodeIgniter->runController(Object(App\Controllers\Login))
#9 C:\xampp\htdocs\perizinan-siswa\system\CodeIgniter.php(326): CodeIgniter\CodeIgniter->handleRequest(NULL, Object(Config\Cache), false)
#10 C:\xampp\htdocs\perizinan-siswa\public\index.php(37): CodeIgniter\CodeIgniter->run()
#11 C:\xampp\htdocs\perizinan-siswa\system\Commands\Server\rewrite.php(43): require_once('C:\\xampp\\htdocs...')
#12 {main}
ERROR - 2023-11-20 20:28:03 --> Error connecting to the database: Unknown database 'dbabsensi'
CRITICAL - 2023-11-20 20:28:03 --> Unable to connect to the database.
Main connection [MySQLi]: Unknown database 'dbabsensi'
#0 C:\xampp\htdocs\perizinan-siswa\system\Database\BaseConnection.php(577): CodeIgniter\Database\BaseConnection->initialize()
#1 C:\xampp\htdocs\perizinan-siswa\system\Database\BaseBuilder.php(1455): CodeIgniter\Database\BaseConnection->query('SELECT `favicon...', Array, false)
#2 C:\xampp\htdocs\perizinan-siswa\app\Views\partial_login\header_login.php(14): CodeIgniter\Database\BaseBuilder->get()
#3 C:\xampp\htdocs\perizinan-siswa\system\View\View.php(210): include('C:\\xampp\\htdocs...')
#4 C:\xampp\htdocs\perizinan-siswa\system\View\View.php(213): CodeIgniter\View\View->CodeIgniter\View\{closure}()
#5 C:\xampp\htdocs\perizinan-siswa\system\Common.php(1089): CodeIgniter\View\View->render('partial_login/h...', Array, true)
#6 C:\xampp\htdocs\perizinan-siswa\app\Controllers\Login.php(21): view('partial_login/h...', Array)
#7 C:\xampp\htdocs\perizinan-siswa\system\CodeIgniter.php(832): App\Controllers\Login->index()
#8 C:\xampp\htdocs\perizinan-siswa\system\CodeIgniter.php(419): CodeIgniter\CodeIgniter->runController(Object(App\Controllers\Login))
#9 C:\xampp\htdocs\perizinan-siswa\system\CodeIgniter.php(326): CodeIgniter\CodeIgniter->handleRequest(NULL, Object(Config\Cache), false)
#10 C:\xampp\htdocs\perizinan-siswa\public\index.php(37): CodeIgniter\CodeIgniter->run()
#11 C:\xampp\htdocs\perizinan-siswa\system\Commands\Server\rewrite.php(43): require_once('C:\\xampp\\htdocs...')
#12 {main}
CRITICAL - 2023-11-20 20:50:11 --> syntax error, unexpected 'public' (T_PUBLIC)
#0 C:\xampp\htdocs\perizinan-siswa\system\Router\Router.php(175): CodeIgniter\Router\Router->autoRoute('dashboard_penda...')
#1 C:\xampp\htdocs\perizinan-siswa\system\CodeIgniter.php(726): CodeIgniter\Router\Router->handle('dashboard_penda...')
#2 C:\xampp\htdocs\perizinan-siswa\system\CodeIgniter.php(368): CodeIgniter\CodeIgniter->tryToRouteIt(Object(CodeIgniter\Router\RouteCollection))
#3 C:\xampp\htdocs\perizinan-siswa\system\CodeIgniter.php(326): CodeIgniter\CodeIgniter->handleRequest(NULL, Object(Config\Cache), false)
#4 C:\xampp\htdocs\perizinan-siswa\public\index.php(37): CodeIgniter\CodeIgniter->run()
#5 C:\xampp\htdocs\perizinan-siswa\system\Commands\Server\rewrite.php(43): require_once('C:\\xampp\\htdocs...')
#6 {main}
CRITICAL - 2023-11-20 20:50:20 --> syntax error, unexpected 'public' (T_PUBLIC)
#0 C:\xampp\htdocs\perizinan-siswa\system\Router\Router.php(175): CodeIgniter\Router\Router->autoRoute('dashboard_penda...')
#1 C:\xampp\htdocs\perizinan-siswa\system\CodeIgniter.php(726): CodeIgniter\Router\Router->handle('dashboard_penda...')
#2 C:\xampp\htdocs\perizinan-siswa\system\CodeIgniter.php(368): CodeIgniter\CodeIgniter->tryToRouteIt(Object(CodeIgniter\Router\RouteCollection))
#3 C:\xampp\htdocs\perizinan-siswa\system\CodeIgniter.php(326): CodeIgniter\CodeIgniter->handleRequest(NULL, Object(Config\Cache), false)
#4 C:\xampp\htdocs\perizinan-siswa\public\index.php(37): CodeIgniter\CodeIgniter->run()
#5 C:\xampp\htdocs\perizinan-siswa\system\Commands\Server\rewrite.php(43): require_once('C:\\xampp\\htdocs...')
#6 {main}
